[20:21:01] [ServerMain/INFO]: Environment: authHost='https://authserver.mojang.com', accountsHost='https://api.mojang.com', sessionHost='https://sessionserver.mojang.com', servicesHost='https://api.minecraftservices.com', name='PROD'
[20:21:10] [Worker-Main-7/INFO]: Loaded 7 recipes
[20:21:14] [Server thread/INFO]: Starting minecraft server version 1.18.2
[20:21:14] [Server thread/INFO]: Loading properties
[20:21:15] [Server thread/INFO]: This server is running CraftBukkit version 3491-Spigot-b081915-95d233d (MC: 1.18.2) (Implementing API version 1.18.2-R0.1-SNAPSHOT)
[20:21:15] [Server thread/INFO]: Debug logging is disabled
[20:21:15] [Server thread/INFO]: Server Ping Player Sample Count: 12
[20:21:15] [Server thread/INFO]: Using 4 threads for Netty based IO
[20:21:15] [Server thread/INFO]: Default game type: SURVIVAL
[20:21:15] [Server thread/INFO]: Generating keypair
[20:21:15] [Server thread/INFO]: Starting Minecraft server on 88.99.11.184:25565
[20:21:16] [Server thread/INFO]: Using epoll channel type
[20:21:17] [Server thread/WARN]: Initializing Legacy Material Support. Unless you have legacy plugins and/or data this is a bug!
[20:21:26] [Server thread/WARN]: Legacy plugin SimpleTpa v6.0 does not specify an api-version.
[20:21:27] [Server thread/INFO]: [SimpleTpa] Loading SimpleTpa v6.0
[20:21:27] [Server thread/INFO]: [LuckPerms] Loading LuckPerms v5.4.25
[20:21:28] [Server thread/INFO]: [OpenInv] Loading OpenInv v4.1.10
[20:21:28] [Server thread/INFO]: [VeinMiner] Loading VeinMiner v1.17.10
[20:21:28] [Server thread/INFO]: [ProtocolLib] Loading ProtocolLib v4.8.0
[20:21:34] [Server thread/INFO]: [Orebfuscator] Loading Orebfuscator v5.2.6
[20:21:35] [Server thread/INFO]: [SuperVanish] Loading SuperVanish v6.2.7
[20:21:35] [Server thread/INFO]: [LuckPerms] Enabling LuckPerms v5.4.25
[20:21:36] [Server thread/INFO]:         __    
[20:21:36] [Server thread/INFO]:   |    |__)   LuckPerms v5.4.25
[20:21:36] [Server thread/INFO]:   |___ |      Running on Bukkit - CraftBukkit
[20:21:36] [Server thread/INFO]: 
[20:21:36] [Server thread/INFO]: [LuckPerms] Loading configuration...
[20:21:37] [Server thread/INFO]: [LuckPerms] Loading storage provider... [H2]
[20:21:39] [Server thread/INFO]: [LuckPerms] Loading internal permission managers...
[20:21:39] [Server thread/INFO]: [LuckPerms] Performing initial data load...
[20:21:40] [Server thread/INFO]: [LuckPerms] Successfully enabled. (took 5123ms)
[20:21:40] [Server thread/INFO]: [ProtocolLib] Enabling ProtocolLib v4.8.0
[20:21:40] [Server thread/INFO]: [ProtocolLib] Started structure compiler thread.
[20:21:40] [Server thread/INFO]: Preparing level "world"
[20:21:43] [Server thread/INFO]: -------- World Settings For [world] --------
[20:21:43] [Server thread/INFO]: Experience Merge Radius: 3.0
[20:21:43] [Server thread/INFO]: Mob Spawn Range: 6
[20:21:43] [Server thread/INFO]: Cactus Growth Modifier: 100%
[20:21:43] [Server thread/INFO]: Cane Growth Modifier: 100%
[20:21:43] [Server thread/INFO]: Melon Growth Modifier: 100%
[20:21:43] [Server thread/INFO]: Mushroom Growth Modifier: 100%
[20:21:43] [Server thread/INFO]: Pumpkin Growth Modifier: 100%
[20:21:43] [Server thread/INFO]: Sapling Growth Modifier: 100%
[20:21:43] [Server thread/INFO]: Beetroot Growth Modifier: 100%
[20:21:43] [Server thread/INFO]: Carrot Growth Modifier: 100%
[20:21:43] [Server thread/INFO]: Potato Growth Modifier: 100%
[20:21:43] [Server thread/INFO]: Wheat Growth Modifier: 100%
[20:21:43] [Server thread/INFO]: NetherWart Growth Modifier: 100%
[20:21:43] [Server thread/INFO]: Vine Growth Modifier: 100%
[20:21:43] [Server thread/INFO]: Cocoa Growth Modifier: 100%
[20:21:43] [Server thread/INFO]: Bamboo Growth Modifier: 100%
[20:21:43] [Server thread/INFO]: SweetBerry Growth Modifier: 100%
[20:21:43] [Server thread/INFO]: Kelp Growth Modifier: 100%
[20:21:43] [Server thread/INFO]: Entity Activation Range: An 32 / Mo 32 / Ra 48 / Mi 16 / Tiv true / Isa false
[20:21:43] [Server thread/INFO]: Entity Tracking Range: Pl 48 / An 48 / Mo 48 / Mi 32 / Other 64
[20:21:43] [Server thread/INFO]: Hopper Transfer: 8 Hopper Check: 1 Hopper Amount: 1
[20:21:43] [Server thread/INFO]: Custom Map Seeds:  Village: 10387312 Desert: 14357617 Igloo: 14357618 Jungle: 14357619 Swamp: 14357620 Monument: 10387313 Ocean: 14357621 Shipwreck: 165745295 End City: 10387313 Slime: 987234911 Nether: 30084232 Mansion: 10387319 Fossil: 14357921 Portal: 34222645
[20:21:43] [Server thread/INFO]: Max TNT Explosions: 100
[20:21:43] [Server thread/INFO]: Tile Max Tick Time: 50ms Entity max Tick Time: 50ms
[20:21:43] [Server thread/INFO]: Item Despawn Rate: 6000
[20:21:43] [Server thread/INFO]: Item Merge Radius: 2.5
[20:21:43] [Server thread/INFO]: View Distance: 10
[20:21:43] [Server thread/INFO]: Simulation Distance: 10
[20:21:43] [Server thread/INFO]: Allow Zombie Pigmen to spawn from portal blocks: true
[20:21:43] [Server thread/INFO]: Arrow Despawn Rate: 1200 Trident Respawn Rate:1200
[20:21:43] [Server thread/INFO]: Zombie Aggressive Towards Villager: true
[20:21:43] [Server thread/INFO]: Nerfing mobs spawned from spawners: false
[20:21:43] [Server thread/INFO]: -------- World Settings For [world_nether] --------
[20:21:43] [Server thread/INFO]: Experience Merge Radius: 3.0
[20:21:43] [Server thread/INFO]: Mob Spawn Range: 6
[20:21:43] [Server thread/INFO]: Cactus Growth Modifier: 100%
[20:21:43] [Server thread/INFO]: Cane Growth Modifier: 100%
[20:21:43] [Server thread/INFO]: Melon Growth Modifier: 100%
[20:21:43] [Server thread/INFO]: Mushroom Growth Modifier: 100%
[20:21:43] [Server thread/INFO]: Pumpkin Growth Modifier: 100%
[20:21:43] [Server thread/INFO]: Sapling Growth Modifier: 100%
[20:21:43] [Server thread/INFO]: Beetroot Growth Modifier: 100%
[20:21:43] [Server thread/INFO]: Carrot Growth Modifier: 100%
[20:21:43] [Server thread/INFO]: Potato Growth Modifier: 100%
[20:21:43] [Server thread/INFO]: Wheat Growth Modifier: 100%
[20:21:43] [Server thread/INFO]: NetherWart Growth Modifier: 100%
[20:21:43] [Server thread/INFO]: Vine Growth Modifier: 100%
[20:21:43] [Server thread/INFO]: Cocoa Growth Modifier: 100%
[20:21:43] [Server thread/INFO]: Bamboo Growth Modifier: 100%
[20:21:43] [Server thread/INFO]: SweetBerry Growth Modifier: 100%
[20:21:43] [Server thread/INFO]: Kelp Growth Modifier: 100%
[20:21:43] [Server thread/INFO]: Entity Activation Range: An 32 / Mo 32 / Ra 48 / Mi 16 / Tiv true / Isa false
[20:21:43] [Server thread/INFO]: Entity Tracking Range: Pl 48 / An 48 / Mo 48 / Mi 32 / Other 64
[20:21:43] [Server thread/INFO]: Hopper Transfer: 8 Hopper Check: 1 Hopper Amount: 1
[20:21:43] [Server thread/INFO]: Custom Map Seeds:  Village: 10387312 Desert: 14357617 Igloo: 14357618 Jungle: 14357619 Swamp: 14357620 Monument: 10387313 Ocean: 14357621 Shipwreck: 165745295 End City: 10387313 Slime: 987234911 Nether: 30084232 Mansion: 10387319 Fossil: 14357921 Portal: 34222645
[20:21:43] [Server thread/INFO]: Max TNT Explosions: 100
[20:21:43] [Server thread/INFO]: Tile Max Tick Time: 50ms Entity max Tick Time: 50ms
[20:21:43] [Server thread/INFO]: Item Despawn Rate: 6000
[20:21:43] [Server thread/INFO]: Item Merge Radius: 2.5
[20:21:43] [Server thread/INFO]: View Distance: 10
[20:21:43] [Server thread/INFO]: Simulation Distance: 10
[20:21:43] [Server thread/INFO]: Allow Zombie Pigmen to spawn from portal blocks: true
[20:21:43] [Server thread/INFO]: Arrow Despawn Rate: 1200 Trident Respawn Rate:1200
[20:21:43] [Server thread/INFO]: Zombie Aggressive Towards Villager: true
[20:21:43] [Server thread/INFO]: Nerfing mobs spawned from spawners: false
[20:21:44] [Server thread/INFO]: -------- World Settings For [world_the_end] --------
[20:21:44] [Server thread/INFO]: Experience Merge Radius: 3.0
[20:21:44] [Server thread/INFO]: Mob Spawn Range: 6
[20:21:44] [Server thread/INFO]: Cactus Growth Modifier: 100%
[20:21:44] [Server thread/INFO]: Cane Growth Modifier: 100%
[20:21:44] [Server thread/INFO]: Melon Growth Modifier: 100%
[20:21:44] [Server thread/INFO]: Mushroom Growth Modifier: 100%
[20:21:44] [Server thread/INFO]: Pumpkin Growth Modifier: 100%
[20:21:44] [Server thread/INFO]: Sapling Growth Modifier: 100%
[20:21:44] [Server thread/INFO]: Beetroot Growth Modifier: 100%
[20:21:44] [Server thread/INFO]: Carrot Growth Modifier: 100%
[20:21:44] [Server thread/INFO]: Potato Growth Modifier: 100%
[20:21:44] [Server thread/INFO]: Wheat Growth Modifier: 100%
[20:21:44] [Server thread/INFO]: NetherWart Growth Modifier: 100%
[20:21:44] [Server thread/INFO]: Vine Growth Modifier: 100%
[20:21:44] [Server thread/INFO]: Cocoa Growth Modifier: 100%
[20:21:44] [Server thread/INFO]: Bamboo Growth Modifier: 100%
[20:21:44] [Server thread/INFO]: SweetBerry Growth Modifier: 100%
[20:21:44] [Server thread/INFO]: Kelp Growth Modifier: 100%
[20:21:44] [Server thread/INFO]: Entity Activation Range: An 32 / Mo 32 / Ra 48 / Mi 16 / Tiv true / Isa false
[20:21:44] [Server thread/INFO]: Entity Tracking Range: Pl 48 / An 48 / Mo 48 / Mi 32 / Other 64
[20:21:44] [Server thread/INFO]: Hopper Transfer: 8 Hopper Check: 1 Hopper Amount: 1
[20:21:44] [Server thread/INFO]: Custom Map Seeds:  Village: 10387312 Desert: 14357617 Igloo: 14357618 Jungle: 14357619 Swamp: 14357620 Monument: 10387313 Ocean: 14357621 Shipwreck: 165745295 End City: 10387313 Slime: 987234911 Nether: 30084232 Mansion: 10387319 Fossil: 14357921 Portal: 34222645
[20:21:44] [Server thread/INFO]: Max TNT Explosions: 100
[20:21:44] [Server thread/INFO]: Tile Max Tick Time: 50ms Entity max Tick Time: 50ms
[20:21:44] [Server thread/INFO]: Item Despawn Rate: 6000
[20:21:44] [Server thread/INFO]: Item Merge Radius: 2.5
[20:21:44] [Server thread/INFO]: View Distance: 10
[20:21:44] [Server thread/INFO]: Simulation Distance: 10
[20:21:44] [Server thread/INFO]: Allow Zombie Pigmen to spawn from portal blocks: true
[20:21:44] [Server thread/INFO]: Arrow Despawn Rate: 1200 Trident Respawn Rate:1200
[20:21:44] [Server thread/INFO]: Zombie Aggressive Towards Villager: true
[20:21:44] [Server thread/INFO]: Nerfing mobs spawned from spawners: false
[20:21:44] [Server thread/INFO]: Preparing start region for dimension minecraft:overworld
[20:21:48] [Worker-Main-9/INFO]: Preparing spawn area: 0%
[20:21:48] [Worker-Main-6/INFO]: Preparing spawn area: 0%
[20:21:48] [Worker-Main-9/INFO]: Preparing spawn area: 0%
[20:21:48] [Worker-Main-6/INFO]: Preparing spawn area: 0%
[20:21:48] [Worker-Main-6/INFO]: Preparing spawn area: 0%
[20:21:48] [Worker-Main-9/INFO]: Preparing spawn area: 0%
[20:21:48] [Worker-Main-6/INFO]: Preparing spawn area: 0%
[20:21:48] [Worker-Main-6/INFO]: Preparing spawn area: 0%
[20:21:48] [Worker-Main-8/INFO]: Preparing spawn area: 0%
[20:21:48] [Worker-Main-9/INFO]: Preparing spawn area: 0%
[20:21:49] [Worker-Main-9/INFO]: Preparing spawn area: 0%
[20:21:49] [Worker-Main-8/INFO]: Preparing spawn area: 0%
[20:21:50] [Worker-Main-10/INFO]: Preparing spawn area: 0%
[20:21:50] [Worker-Main-10/INFO]: Preparing spawn area: 0%
[20:21:51] [Worker-Main-10/INFO]: Preparing spawn area: 0%
[20:21:51] [Worker-Main-6/INFO]: Preparing spawn area: 0%
[20:21:52] [Worker-Main-9/INFO]: Preparing spawn area: 0%
[20:21:52] [Worker-Main-10/INFO]: Preparing spawn area: 0%
[20:21:53] [Worker-Main-10/INFO]: Preparing spawn area: 0%
[20:21:53] [Worker-Main-6/INFO]: Preparing spawn area: 0%
[20:21:54] [Worker-Main-10/INFO]: Preparing spawn area: 0%
[20:21:54] [Worker-Main-6/INFO]: Preparing spawn area: 1%
[20:21:55] [Worker-Main-9/INFO]: Preparing spawn area: 2%
[20:21:55] [Worker-Main-10/INFO]: Preparing spawn area: 4%
[20:21:56] [Worker-Main-8/INFO]: Preparing spawn area: 4%
[20:21:56] [Worker-Main-10/INFO]: Preparing spawn area: 4%
[20:21:57] [Worker-Main-9/INFO]: Preparing spawn area: 4%
[20:21:57] [Worker-Main-8/INFO]: Preparing spawn area: 4%
[20:21:58] [Worker-Main-8/INFO]: Preparing spawn area: 4%
[20:21:58] [Worker-Main-10/INFO]: Preparing spawn area: 4%
[20:21:59] [Worker-Main-9/INFO]: Preparing spawn area: 4%
[20:21:59] [Worker-Main-8/INFO]: Preparing spawn area: 8%
[20:22:00] [Worker-Main-8/INFO]: Preparing spawn area: 11%
[20:22:00] [Worker-Main-6/INFO]: Preparing spawn area: 24%
[20:22:01] [Worker-Main-6/INFO]: Preparing spawn area: 26%
[20:22:01] [Worker-Main-9/INFO]: Preparing spawn area: 29%
[20:22:02] [Worker-Main-6/INFO]: Preparing spawn area: 31%
[20:22:02] [Worker-Main-6/INFO]: Preparing spawn area: 35%
[20:22:03] [Worker-Main-10/INFO]: Preparing spawn area: 40%
[20:22:03] [Worker-Main-6/INFO]: Preparing spawn area: 44%
[20:22:04] [Worker-Main-8/INFO]: Preparing spawn area: 48%
[20:22:04] [Worker-Main-8/INFO]: Preparing spawn area: 51%
[20:22:05] [Worker-Main-10/INFO]: Preparing spawn area: 54%
[20:22:05] [Worker-Main-9/INFO]: Preparing spawn area: 57%
[20:22:06] [Worker-Main-10/INFO]: Preparing spawn area: 58%
[20:22:06] [Worker-Main-8/INFO]: Preparing spawn area: 66%
[20:22:07] [Worker-Main-9/INFO]: Preparing spawn area: 74%
[20:22:07] [Worker-Main-10/INFO]: Preparing spawn area: 86%
[20:22:08] [Worker-Main-8/INFO]: Preparing spawn area: 90%
[20:22:10] [Server thread/INFO]: Time elapsed: 26148 ms
[20:22:29] [ServerMain/INFO]: Environment: authHost='https://authserver.mojang.com', accountsHost='https://api.mojang.com', sessionHost='https://sessionserver.mojang.com', servicesHost='https://api.minecraftservices.com', name='PROD'
[20:22:29] [ServerMain/ERROR]: Failed to start the minecraft server
net.minecraft.util.SessionLock$ExceptionWorldConflict: /root/newmine/minecraft/./world/session.lock: already locked (possibly by other Minecraft instance?)
	at net.minecraft.util.SessionLock$ExceptionWorldConflict.a(SourceFile:98) ~[spigot-1.18.2-R0.1-SNAPSHOT.jar:3491-Spigot-b081915-95d233d]
	at net.minecraft.util.SessionLock.a(SourceFile:44) ~[spigot-1.18.2-R0.1-SNAPSHOT.jar:3491-Spigot-b081915-95d233d]
	at net.minecraft.world.level.storage.Convertable$ConversionSession.<init>(Convertable.java:348) ~[spigot-1.18.2-R0.1-SNAPSHOT.jar:3491-Spigot-b081915-95d233d]
	at net.minecraft.world.level.storage.Convertable.createAccess(Convertable.java:318) ~[spigot-1.18.2-R0.1-SNAPSHOT.jar:3491-Spigot-b081915-95d233d]
	at net.minecraft.server.Main.main(Main.java:146) ~[spigot-1.18.2-R0.1-SNAPSHOT.jar:3491-Spigot-b081915-95d233d]
	at org.bukkit.craftbukkit.Main.main(Main.java:206) ~[spigot-1.18.2-R0.1-SNAPSHOT.jar:3491-Spigot-b081915-95d233d]
	at org.bukkit.craftbukkit.bootstrap.Main.lambda$1(Main.java:60) ~[server.jar:?]
	at java.lang.Thread.run(Thread.java:833) [?:?]
reparing spawn area: 0%
[20:22:21] [Worker-Main-10/INFO]: Preparing spawn area: 0%
[20:22:21] [Worker-Main-7/INFO]: Preparing spawn area: 0%
[20:22:21] [Worker-Main-6/INFO]: Preparing spawn area: 0%
[20:22:22] [Worker-Main-8/INFO]: Preparing spawn area: 0%
[20:22:23] [Worker-Main-6/INFO]: Preparing spawn area: 4%
[20:22:23] [Worker-Main-8/INFO]: Preparing spawn area: 4%
[20:22:23] [Worker-Main-9/INFO]: Preparing spawn area: 9%
[20:22:24] [Worker-Main-6/INFO]: Preparing spawn area: 10%
[20:22:24] [Worker-Main-8/INFO]: Preparing spawn area: 30%
[20:22:25] [Worker-Main-6/INFO]: Preparing spawn area: 81%
[20:22:25] [Worker-Main-7/INFO]: Preparing spawn area: 97%
[20:22:26] [Server thread/INFO]: Time elapsed: 8105 ms
[20:22:26] [Server thread/INFO]: [SimpleTpa] Enabling SimpleTpa v6.0
[20:22:26] [Server thread/INFO]: [SimpleTpa] If you need support contact me at https://discord.gg/SZUkza9
[20:22:26] [Server thread/INFO]: [SimpleTpa] Simple Tpa has been enabled on version 6.0
[20:22:26] [Server thread/INFO]: Enabled metrics. You may opt-out by changing plugins/bStats/config.yml
[20:22:27] [Server thread/INFO]: [OpenInv] Enabling OpenInv v4.1.10
[20:22:27] [Server thread/INFO]: [VeinMiner] Enabling VeinMiner v1.17.10
[20:22:27] [Server thread/INFO]: [VeinMiner] Registering events
[20:22:27] [Server thread/INFO]: [VeinMiner] Registering commands
[20:22:27] [Server thread/INFO]: [VeinMiner] Vault not found. Economy support suspended
[20:22:27] [Server thread/INFO]: [VeinMiner] Enabling Plugin Metrics
[20:22:27] [Server thread/INFO]: [VeinMiner] Thanks for enabling Metrics! The anonymous stats are appreciated
[20:22:27] [Server thread/INFO]: [VeinMiner] Loading configuration options to local memory
[20:22:28] [Server thread/INFO]: [VeinMiner] Performing an update check!
[20:22:28] [Server thread/INFO]: [Orebfuscator] Enabling Orebfuscator v5.2.6
[20:22:29] [ForkJoinPool.commonPool-worker-1/INFO]: [VeinMiner] Your version of VeinMiner (1.17.10) is up to date!
[20:22:29] [Server thread/INFO]: [SuperVanish] Enabling SuperVanish v6.2.7
[20:22:30] [Server thread/INFO]: Server permissions file permissions.yml is empty, ignoring it
[20:22:30] [Server thread/INFO]: Done (50.443s)! For help, type "help"
[20:22:31] [Server thread/INFO]: com.mojang.authlib.GameProfile@2667c751[id=<null>,name=xoTommy,properties={},legacy=false] (/83.233.246.209:29798) lost connection: Disconnected
[20:22:44] [User Authenticator #1/INFO]: UUID of player xsisorm is 41d5215b-11d3-4aeb-aad6-7aac06ec096b
[20:22:46] [Server thread/INFO]: xsisorm[/81.226.224.168:51016] logged in with entity id 264 at ([world]3.5, 69.0, -9.5)
[20:22:51] [Server thread/WARN]: Can't keep up! Is the server overloaded? Running 5005ms or 100 ticks behind
