[15:08:53] [ServerMain/INFO]: Environment: authHost='https://authserver.mojang.com', accountsHost='https://api.mojang.com', sessionHost='https://sessionserver.mojang.com', servicesHost='https://api.minecraftservices.com', name='PROD'
[15:09:02] [Worker-Main-8/INFO]: Loaded 7 recipes
[15:09:06] [Server thread/INFO]: Starting minecraft server version 1.18.2
[15:09:06] [Server thread/INFO]: Loading properties
[15:09:07] [Server thread/INFO]: This server is running CraftBukkit version 3491-Spigot-b081915-95d233d (MC: 1.18.2) (Implementing API version 1.18.2-R0.1-SNAPSHOT)
[15:09:07] [Server thread/INFO]: Debug logging is disabled
[15:09:07] [Server thread/INFO]: Server Ping Player Sample Count: 12
[15:09:07] [Server thread/INFO]: Using 4 threads for Netty based IO
[15:09:07] [Server thread/INFO]: Default game type: SURVIVAL
[15:09:07] [Server thread/INFO]: Generating keypair
[15:09:08] [Server thread/INFO]: Starting Minecraft server on 88.99.11.184:25565
[15:09:08] [Server thread/INFO]: Using epoll channel type
[15:09:10] [Server thread/ERROR]: Could not load 'plugins/CombatLogX.jar' in folder 'plugins'
org.bukkit.plugin.UnknownDependencyException: Unknown dependency SirBlobmanCore. Please download and install SirBlobmanCore to run this plugin.
	at org.bukkit.plugin.SimplePluginManager.loadPlugins(SimplePluginManager.java:269) ~[spigot-api-1.18.2-R0.1-SNAPSHOT.jar:?]
	at org.bukkit.craftbukkit.v1_18_R2.CraftServer.loadPlugins(CraftServer.java:407) ~[spigot-1.18.2-R0.1-SNAPSHOT.jar:3491-Spigot-b081915-95d233d]
	at net.minecraft.server.dedicated.DedicatedServer.e(DedicatedServer.java:232) ~[spigot-1.18.2-R0.1-SNAPSHOT.jar:3491-Spigot-b081915-95d233d]
	at net.minecraft.server.MinecraftServer.w(MinecraftServer.java:1007) ~[spigot-1.18.2-R0.1-SNAPSHOT.jar:3491-Spigot-b081915-95d233d]
	at net.minecraft.server.MinecraftServer.lambda$0(MinecraftServer.java:304) ~[spigot-1.18.2-R0.1-SNAPSHOT.jar:3491-Spigot-b081915-95d233d]
	at java.lang.Thread.run(Thread.java:833) [?:?]
[15:09:10] [Server thread/INFO]: [LifeSteal-Smp-Plugin] Loading LifeSteal-Smp-Plugin v1.0
[15:09:10] [Server thread/WARN]: [LifeSteal-Smp-Plugin] Could not save heartRecipe.yml to plugins/LifeSteal-Smp-Plugin/heartRecipe.yml because heartRecipe.yml already exists.
[15:09:10] [Server thread/WARN]: [LifeSteal-Smp-Plugin] Could not save beaconRecipe.yml to plugins/LifeSteal-Smp-Plugin/beaconRecipe.yml because beaconRecipe.yml already exists.
[15:09:11] [Server thread/INFO]: Preparing level "world"
[15:09:12] [Server thread/INFO]: -------- World Settings For [world] --------
[15:09:12] [Server thread/INFO]: Cactus Growth Modifier: 100%
[15:09:12] [Server thread/INFO]: Cane Growth Modifier: 100%
[15:09:12] [Server thread/INFO]: Melon Growth Modifier: 100%
[15:09:12] [Server thread/INFO]: Mushroom Growth Modifier: 100%
[15:09:12] [Server thread/INFO]: Pumpkin Growth Modifier: 100%
[15:09:12] [Server thread/INFO]: Sapling Growth Modifier: 100%
[15:09:12] [Server thread/INFO]: Beetroot Growth Modifier: 100%
[15:09:12] [Server thread/INFO]: Carrot Growth Modifier: 100%
[15:09:12] [Server thread/INFO]: Potato Growth Modifier: 100%
[15:09:12] [Server thread/INFO]: Wheat Growth Modifier: 100%
[15:09:12] [Server thread/INFO]: NetherWart Growth Modifier: 100%
[15:09:12] [Server thread/INFO]: Vine Growth Modifier: 100%
[15:09:12] [Server thread/INFO]: Cocoa Growth Modifier: 100%
[15:09:12] [Server thread/INFO]: Bamboo Growth Modifier: 100%
[15:09:12] [Server thread/INFO]: SweetBerry Growth Modifier: 100%
[15:09:12] [Server thread/INFO]: Kelp Growth Modifier: 100%
[15:09:12] [Server thread/INFO]: Experience Merge Radius: 3.0
[15:09:12] [Server thread/INFO]: Mob Spawn Range: 6
[15:09:12] [Server thread/INFO]: Entity Activation Range: An 32 / Mo 32 / Ra 48 / Mi 16 / Tiv true / Isa false
[15:09:12] [Server thread/INFO]: Entity Tracking Range: Pl 48 / An 48 / Mo 48 / Mi 32 / Other 64
[15:09:12] [Server thread/INFO]: Hopper Transfer: 8 Hopper Check: 1 Hopper Amount: 1
[15:09:12] [Server thread/INFO]: Custom Map Seeds:  Village: 10387312 Desert: 14357617 Igloo: 14357618 Jungle: 14357619 Swamp: 14357620 Monument: 10387313 Ocean: 14357621 Shipwreck: 165745295 End City: 10387313 Slime: 987234911 Nether: 30084232 Mansion: 10387319 Fossil: 14357921 Portal: 34222645
[15:09:12] [Server thread/INFO]: Max TNT Explosions: 100
[15:09:12] [Server thread/INFO]: Tile Max Tick Time: 50ms Entity max Tick Time: 50ms
[15:09:12] [Server thread/INFO]: Item Despawn Rate: 6000
[15:09:12] [Server thread/INFO]: Item Merge Radius: 2.5
[15:09:12] [Server thread/INFO]: View Distance: 10
[15:09:12] [Server thread/INFO]: Simulation Distance: 10
[15:09:12] [Server thread/INFO]: Allow Zombie Pigmen to spawn from portal blocks: true
[15:09:12] [Server thread/INFO]: Arrow Despawn Rate: 1200 Trident Respawn Rate:1200
[15:09:12] [Server thread/INFO]: Zombie Aggressive Towards Villager: true
[15:09:12] [Server thread/INFO]: Nerfing mobs spawned from spawners: false
[15:09:14] [Server thread/INFO]: -------- World Settings For [world_nether] --------
[15:09:14] [Server thread/INFO]: Cactus Growth Modifier: 100%
[15:09:14] [Server thread/INFO]: Cane Growth Modifier: 100%
[15:09:14] [Server thread/INFO]: Melon Growth Modifier: 100%
[15:09:14] [Server thread/INFO]: Mushroom Growth Modifier: 100%
[15:09:14] [Server thread/INFO]: Pumpkin Growth Modifier: 100%
[15:09:14] [Server thread/INFO]: Sapling Growth Modifier: 100%
[15:09:14] [Server thread/INFO]: Beetroot Growth Modifier: 100%
[15:09:14] [Server thread/INFO]: Carrot Growth Modifier: 100%
[15:09:14] [Server thread/INFO]: Potato Growth Modifier: 100%
[15:09:14] [Server thread/INFO]: Wheat Growth Modifier: 100%
[15:09:14] [Server thread/INFO]: NetherWart Growth Modifier: 100%
[15:09:14] [Server thread/INFO]: Vine Growth Modifier: 100%
[15:09:14] [Server thread/INFO]: Cocoa Growth Modifier: 100%
[15:09:14] [Server thread/INFO]: Bamboo Growth Modifier: 100%
[15:09:14] [Server thread/INFO]: SweetBerry Growth Modifier: 100%
[15:09:14] [Server thread/INFO]: Kelp Growth Modifier: 100%
[15:09:14] [Server thread/INFO]: Experience Merge Radius: 3.0
[15:09:14] [Server thread/INFO]: Mob Spawn Range: 6
[15:09:14] [Server thread/INFO]: Entity Activation Range: An 32 / Mo 32 / Ra 48 / Mi 16 / Tiv true / Isa false
[15:09:14] [Server thread/INFO]: Entity Tracking Range: Pl 48 / An 48 / Mo 48 / Mi 32 / Other 64
[15:09:14] [Server thread/INFO]: Hopper Transfer: 8 Hopper Check: 1 Hopper Amount: 1
[15:09:14] [Server thread/INFO]: Custom Map Seeds:  Village: 10387312 Desert: 14357617 Igloo: 14357618 Jungle: 14357619 Swamp: 14357620 Monument: 10387313 Ocean: 14357621 Shipwreck: 165745295 End City: 10387313 Slime: 987234911 Nether: 30084232 Mansion: 10387319 Fossil: 14357921 Portal: 34222645
[15:09:14] [Server thread/INFO]: Max TNT Explosions: 100
[15:09:14] [Server thread/INFO]: Tile Max Tick Time: 50ms Entity max Tick Time: 50ms
[15:09:14] [Server thread/INFO]: Item Despawn Rate: 6000
[15:09:14] [Server thread/INFO]: Item Merge Radius: 2.5
[15:09:14] [Server thread/INFO]: View Distance: 10
[15:09:14] [Server thread/INFO]: Simulation Distance: 10
[15:09:14] [Server thread/INFO]: Allow Zombie Pigmen to spawn from portal blocks: true
[15:09:14] [Server thread/INFO]: Arrow Despawn Rate: 1200 Trident Respawn Rate:1200
[15:09:14] [Server thread/INFO]: Zombie Aggressive Towards Villager: true
[15:09:14] [Server thread/INFO]: Nerfing mobs spawned from spawners: false
[15:09:15] [Server thread/INFO]: -------- World Settings For [world_the_end] --------
[15:09:15] [Server thread/INFO]: Cactus Growth Modifier: 100%
[15:09:15] [Server thread/INFO]: Cane Growth Modifier: 100%
[15:09:15] [Server thread/INFO]: Melon Growth Modifier: 100%
[15:09:15] [Server thread/INFO]: Mushroom Growth Modifier: 100%
[15:09:15] [Server thread/INFO]: Pumpkin Growth Modifier: 100%
[15:09:15] [Server thread/INFO]: Sapling Growth Modifier: 100%
[15:09:15] [Server thread/INFO]: Beetroot Growth Modifier: 100%
[15:09:15] [Server thread/INFO]: Carrot Growth Modifier: 100%
[15:09:15] [Server thread/INFO]: Potato Growth Modifier: 100%
[15:09:15] [Server thread/INFO]: Wheat Growth Modifier: 100%
[15:09:15] [Server thread/INFO]: NetherWart Growth Modifier: 100%
[15:09:15] [Server thread/INFO]: Vine Growth Modifier: 100%
[15:09:15] [Server thread/INFO]: Cocoa Growth Modifier: 100%
[15:09:15] [Server thread/INFO]: Bamboo Growth Modifier: 100%
[15:09:15] [Server thread/INFO]: SweetBerry Growth Modifier: 100%
[15:09:15] [Server thread/INFO]: Kelp Growth Modifier: 100%
[15:09:15] [Server thread/INFO]: Experience Merge Radius: 3.0
[15:09:15] [Server thread/INFO]: Mob Spawn Range: 6
[15:09:15] [Server thread/INFO]: Entity Activation Range: An 32 / Mo 32 / Ra 48 / Mi 16 / Tiv true / Isa false
[15:09:15] [Server thread/INFO]: Entity Tracking Range: Pl 48 / An 48 / Mo 48 / Mi 32 / Other 64
[15:09:15] [Server thread/INFO]: Hopper Transfer: 8 Hopper Check: 1 Hopper Amount: 1
[15:09:15] [Server thread/INFO]: Custom Map Seeds:  Village: 10387312 Desert: 14357617 Igloo: 14357618 Jungle: 14357619 Swamp: 14357620 Monument: 10387313 Ocean: 14357621 Shipwreck: 165745295 End City: 10387313 Slime: 987234911 Nether: 30084232 Mansion: 10387319 Fossil: 14357921 Portal: 34222645
[15:09:15] [Server thread/INFO]: Max TNT Explosions: 100
[15:09:15] [Server thread/INFO]: Tile Max Tick Time: 50ms Entity max Tick Time: 50ms
[15:09:15] [Server thread/INFO]: Item Despawn Rate: 6000
[15:09:15] [Server thread/INFO]: Item Merge Radius: 2.5
[15:09:15] [Server thread/INFO]: View Distance: 10
[15:09:15] [Server thread/INFO]: Simulation Distance: 10
[15:09:15] [Server thread/INFO]: Allow Zombie Pigmen to spawn from portal blocks: true
[15:09:15] [Server thread/INFO]: Arrow Despawn Rate: 1200 Trident Respawn Rate:1200
[15:09:15] [Server thread/INFO]: Zombie Aggressive Towards Villager: true
[15:09:15] [Server thread/INFO]: Nerfing mobs spawned from spawners: false
[15:09:15] [Server thread/INFO]: Preparing start region for dimension minecraft:overworld
[15:09:18] [Worker-Main-9/INFO]: Preparing spawn area: 0%
[15:09:18] [Worker-Main-9/INFO]: Preparing spawn area: 0%
[15:09:18] [Worker-Main-10/INFO]: Preparing spawn area: 0%
[15:09:18] [Worker-Main-9/INFO]: Preparing spawn area: 0%
[15:09:18] [Worker-Main-7/INFO]: Preparing spawn area: 0%
[15:09:18] [Worker-Main-6/INFO]: Preparing spawn area: 0%
[15:09:18] [Worker-Main-7/INFO]: Preparing spawn area: 0%
[15:09:19] [Worker-Main-7/INFO]: Preparing spawn area: 0%
[15:09:19] [Worker-Main-6/INFO]: Preparing spawn area: 0%
[15:09:20] [Worker-Main-7/INFO]: Preparing spawn area: 0%
[15:09:20] [Worker-Main-10/INFO]: Preparing spawn area: 0%
[15:09:21] [Worker-Main-6/INFO]: Preparing spawn area: 0%
[15:09:22] [Worker-Main-6/INFO]: Preparing spawn area: 0%
[15:09:22] [Worker-Main-6/INFO]: Preparing spawn area: 0%
[15:09:22] [Worker-Main-6/INFO]: Preparing spawn area: 0%
[15:09:23] [Worker-Main-10/INFO]: Preparing spawn area: 0%
[15:09:23] [Worker-Main-9/INFO]: Preparing spawn area: 0%
[15:09:24] [Worker-Main-6/INFO]: Preparing spawn area: 0%
[15:09:24] [Worker-Main-9/INFO]: Preparing spawn area: 0%
[15:09:25] [Worker-Main-10/INFO]: Preparing spawn area: 0%
[15:09:25] [Worker-Main-9/INFO]: Preparing spawn area: 0%
[15:09:26] [Worker-Main-7/INFO]: Preparing spawn area: 0%
[15:09:26] [Worker-Main-9/INFO]: Preparing spawn area: 0%
[15:09:27] [Worker-Main-10/INFO]: Preparing spawn area: 0%
[15:09:27] [Worker-Main-6/INFO]: Preparing spawn area: 1%
[15:09:28] [Worker-Main-10/INFO]: Preparing spawn area: 4%
[15:09:28] [Worker-Main-9/INFO]: Preparing spawn area: 4%
[15:09:29] [Worker-Main-10/INFO]: Preparing spawn area: 5%
[15:09:29] [Worker-Main-7/INFO]: Preparing spawn area: 9%
[15:09:30] [Worker-Main-9/INFO]: Preparing spawn area: 11%
[15:09:30] [Worker-Main-10/INFO]: Preparing spawn area: 17%
[15:09:31] [Worker-Main-9/INFO]: Preparing spawn area: 19%
[15:09:31] [Worker-Main-9/INFO]: Preparing spawn area: 23%
[15:09:32] [Worker-Main-9/INFO]: Preparing spawn area: 25%
[15:09:32] [Worker-Main-7/INFO]: Preparing spawn area: 31%
[15:09:33] [Worker-Main-9/INFO]: Preparing spawn area: 32%
[15:09:33] [Worker-Main-9/INFO]: Preparing spawn area: 33%
[15:09:34] [Worker-Main-7/INFO]: Preparing spawn area: 39%
[15:09:34] [Worker-Main-7/INFO]: Preparing spawn area: 43%
[15:09:35] [Worker-Main-10/INFO]: Preparing spawn area: 45%
[15:09:35] [Worker-Main-7/INFO]: Preparing spawn area: 53%
[15:09:36] [Worker-Main-10/INFO]: Preparing spawn area: 61%
[15:09:36] [Worker-Main-6/INFO]: Preparing spawn area: 73%
[15:09:37] [Worker-Main-6/INFO]: Preparing spawn area: 85%
[15:09:37] [Worker-Main-10/INFO]: Preparing spawn area: 92%
[15:09:38] [Server thread/INFO]: Time elapsed: 23201 ms
[15:09:39] [Server thread/INFO]: Preparing start region for dimension minecraft:the_nether
[15:09:41] [Worker-Main-6/INFO]: Preparing spawn area: 0%
[15:09:41] [Worker-Main-7/INFO]: Preparing spawn area: 0%
[15:09:41] [Worker-Main-6/INFO]: Preparing spawn area: 0%
[15:09:41] [Worker-Main-9/INFO]: Preparing spawn area: 0%
[15:09:41] [Worker-Main-7/INFO]: Preparing spawn area: 0%
[15:09:41] [Worker-Main-8/INFO]: Preparing spawn area: 0%
[15:09:42] [Worker-Main-8/INFO]: Preparing spawn area: 0%
[15:09:42] [Worker-Main-10/INFO]: Preparing spawn area: 0%
[15:09:43] [Worker-Main-10/INFO]: Preparing spawn area: 1%
[15:09:43] [Worker-Main-8/INFO]: Preparing spawn area: 4%
[15:09:44] [Worker-Main-6/INFO]: Preparing spawn area: 6%
[15:09:44] [Worker-Main-7/INFO]: Preparing spawn area: 13%
[15:09:45] [Worker-Main-6/INFO]: Preparing spawn area: 31%
[15:09:45] [Worker-Main-7/INFO]: Preparing spawn area: 50%
[15:09:46] [Worker-Main-10/INFO]: Preparing spawn area: 86%
[15:09:46] [Server thread/INFO]: Time elapsed: 7765 ms
[15:09:46] [Server thread/INFO]: Preparing start region for dimension minecraft:the_end
[15:09:48] [Worker-Main-7/INFO]: Preparing spawn area: 0%
[15:09:48] [Worker-Main-10/INFO]: Preparing spawn area: 0%
[15:09:48] [Worker-Main-7/INFO]: Preparing spawn area: 0%
[15:09:48] [Worker-Main-10/INFO]: Preparing spawn area: 0%
[15:09:49] [Worker-Main-9/INFO]: Preparing spawn area: 0%
[15:09:49] [Worker-Main-10/INFO]: Preparing spawn area: 0%
[15:09:49] [Worker-Main-8/INFO]: Preparing spawn area: 1%
[15:09:50] [Worker-Main-9/INFO]: Preparing spawn area: 1%
[15:09:50] [Worker-Main-8/INFO]: Preparing spawn area: 35%
[15:09:51] [Server thread/INFO]: Time elapsed: 4518 ms
[15:09:51] [Server thread/INFO]: [LifeSteal-Smp-Plugin] Enabling LifeSteal-Smp-Plugin v1.0
[15:09:52] [Server thread/INFO]: Server permissions file permissions.yml is empty, ignoring it
[15:09:52] [Server thread/INFO]: Done (41.191s)! For help, type "help"
[15:10:01] [Server thread/INFO]: Unknown command. Type "/help" for help.[m
[15:10:07] [Thread-1/INFO]: Stopping server
[15:10:07] [Thread-1/INFO]: Saving players
