[11:47:27] [ServerMain/INFO]: Environment: authHost='https://authserver.mojang.com', accountsHost='https://api.mojang.com', sessionHost='https://sessionserver.mojang.com', servicesHost='https://api.minecraftservices.com', name='PROD'
[11:47:33] [Worker-Main-9/INFO]: Loaded 7 recipes
[11:47:37] [Server thread/INFO]: Starting minecraft server version 1.18.2
[11:47:37] [Server thread/INFO]: Loading properties
[11:47:38] [Server thread/INFO]: This server is running CraftBukkit version 3491-Spigot-b081915-95d233d (MC: 1.18.2) (Implementing API version 1.18.2-R0.1-SNAPSHOT)
[11:47:38] [Server thread/INFO]: Debug logging is disabled
[11:47:38] [Server thread/INFO]: Server Ping Player Sample Count: 12
[11:47:38] [Server thread/INFO]: Using 4 threads for Netty based IO
[11:47:38] [Server thread/INFO]: Default game type: SURVIVAL
[11:47:38] [Server thread/INFO]: Generating keypair
[11:47:38] [Server thread/INFO]: Starting Minecraft server on 88.99.11.184:25565
[11:47:39] [Server thread/INFO]: Using epoll channel type
[11:47:40] [Server thread/ERROR]: Could not load 'plugins/CombatLogX.jar' in folder 'plugins'
org.bukkit.plugin.UnknownDependencyException: Unknown dependency SirBlobmanCore. Please download and install SirBlobmanCore to run this plugin.
	at org.bukkit.plugin.SimplePluginManager.loadPlugins(SimplePluginManager.java:269) ~[spigot-api-1.18.2-R0.1-SNAPSHOT.jar:?]
	at org.bukkit.craftbukkit.v1_18_R2.CraftServer.loadPlugins(CraftServer.java:407) ~[spigot-1.18.2-R0.1-SNAPSHOT.jar:3491-Spigot-b081915-95d233d]
	at net.minecraft.server.dedicated.DedicatedServer.e(DedicatedServer.java:232) ~[spigot-1.18.2-R0.1-SNAPSHOT.jar:3491-Spigot-b081915-95d233d]
	at net.minecraft.server.MinecraftServer.w(MinecraftServer.java:1007) ~[spigot-1.18.2-R0.1-SNAPSHOT.jar:3491-Spigot-b081915-95d233d]
	at net.minecraft.server.MinecraftServer.lambda$0(MinecraftServer.java:304) ~[spigot-1.18.2-R0.1-SNAPSHOT.jar:3491-Spigot-b081915-95d233d]
	at java.lang.Thread.run(Thread.java:833) [?:?]
[11:47:40] [Server thread/INFO]: [LifeSteal-Smp-Plugin] Loading LifeSteal-Smp-Plugin v1.0
[11:47:40] [Server thread/WARN]: [LifeSteal-Smp-Plugin] Could not save heartRecipe.yml to plugins/LifeSteal-Smp-Plugin/heartRecipe.yml because heartRecipe.yml already exists.
[11:47:40] [Server thread/WARN]: [LifeSteal-Smp-Plugin] Could not save beaconRecipe.yml to plugins/LifeSteal-Smp-Plugin/beaconRecipe.yml because beaconRecipe.yml already exists.
[11:47:40] [Server thread/INFO]: Preparing level "world"
[11:47:42] [Server thread/INFO]: -------- World Settings For [world] --------
[11:47:42] [Server thread/INFO]: Cactus Growth Modifier: 100%
[11:47:42] [Server thread/INFO]: Cane Growth Modifier: 100%
[11:47:42] [Server thread/INFO]: Melon Growth Modifier: 100%
[11:47:42] [Server thread/INFO]: Mushroom Growth Modifier: 100%
[11:47:42] [Server thread/INFO]: Pumpkin Growth Modifier: 100%
[11:47:42] [Server thread/INFO]: Sapling Growth Modifier: 100%
[11:47:42] [Server thread/INFO]: Beetroot Growth Modifier: 100%
[11:47:42] [Server thread/INFO]: Carrot Growth Modifier: 100%
[11:47:42] [Server thread/INFO]: Potato Growth Modifier: 100%
[11:47:42] [Server thread/INFO]: Wheat Growth Modifier: 100%
[11:47:42] [Server thread/INFO]: NetherWart Growth Modifier: 100%
[11:47:42] [Server thread/INFO]: Vine Growth Modifier: 100%
[11:47:42] [Server thread/INFO]: Cocoa Growth Modifier: 100%
[11:47:42] [Server thread/INFO]: Bamboo Growth Modifier: 100%
[11:47:42] [Server thread/INFO]: SweetBerry Growth Modifier: 100%
[11:47:42] [Server thread/INFO]: Kelp Growth Modifier: 100%
[11:47:42] [Server thread/INFO]: Experience Merge Radius: 3.0
[11:47:42] [Server thread/INFO]: Mob Spawn Range: 6
[11:47:42] [Server thread/INFO]: Entity Activation Range: An 32 / Mo 32 / Ra 48 / Mi 16 / Tiv true / Isa false
[11:47:42] [Server thread/INFO]: Entity Tracking Range: Pl 48 / An 48 / Mo 48 / Mi 32 / Other 64
[11:47:42] [Server thread/INFO]: Hopper Transfer: 8 Hopper Check: 1 Hopper Amount: 1
[11:47:42] [Server thread/INFO]: Custom Map Seeds:  Village: 10387312 Desert: 14357617 Igloo: 14357618 Jungle: 14357619 Swamp: 14357620 Monument: 10387313 Ocean: 14357621 Shipwreck: 165745295 End City: 10387313 Slime: 987234911 Nether: 30084232 Mansion: 10387319 Fossil: 14357921 Portal: 34222645
[11:47:42] [Server thread/INFO]: Max TNT Explosions: 100
[11:47:42] [Server thread/INFO]: Tile Max Tick Time: 50ms Entity max Tick Time: 50ms
[11:47:42] [Server thread/INFO]: Item Despawn Rate: 6000
[11:47:42] [Server thread/INFO]: Item Merge Radius: 2.5
[11:47:42] [Server thread/INFO]: View Distance: 10
[11:47:42] [Server thread/INFO]: Simulation Distance: 10
[11:47:42] [Server thread/INFO]: Allow Zombie Pigmen to spawn from portal blocks: true
[11:47:42] [Server thread/INFO]: Arrow Despawn Rate: 1200 Trident Respawn Rate:1200
[11:47:42] [Server thread/INFO]: Zombie Aggressive Towards Villager: true
[11:47:42] [Server thread/INFO]: Nerfing mobs spawned from spawners: false
[11:47:44] [Server thread/INFO]: -------- World Settings For [world_nether] --------
[11:47:44] [Server thread/INFO]: Cactus Growth Modifier: 100%
[11:47:44] [Server thread/INFO]: Cane Growth Modifier: 100%
[11:47:44] [Server thread/INFO]: Melon Growth Modifier: 100%
[11:47:44] [Server thread/INFO]: Mushroom Growth Modifier: 100%
[11:47:44] [Server thread/INFO]: Pumpkin Growth Modifier: 100%
[11:47:44] [Server thread/INFO]: Sapling Growth Modifier: 100%
[11:47:44] [Server thread/INFO]: Beetroot Growth Modifier: 100%
[11:47:44] [Server thread/INFO]: Carrot Growth Modifier: 100%
[11:47:44] [Server thread/INFO]: Potato Growth Modifier: 100%
[11:47:44] [Server thread/INFO]: Wheat Growth Modifier: 100%
[11:47:44] [Server thread/INFO]: NetherWart Growth Modifier: 100%
[11:47:44] [Server thread/INFO]: Vine Growth Modifier: 100%
[11:47:44] [Server thread/INFO]: Cocoa Growth Modifier: 100%
[11:47:44] [Server thread/INFO]: Bamboo Growth Modifier: 100%
[11:47:44] [Server thread/INFO]: SweetBerry Growth Modifier: 100%
[11:47:44] [Server thread/INFO]: Kelp Growth Modifier: 100%
[11:47:44] [Server thread/INFO]: Experience Merge Radius: 3.0
[11:47:44] [Server thread/INFO]: Mob Spawn Range: 6
[11:47:44] [Server thread/INFO]: Entity Activation Range: An 32 / Mo 32 / Ra 48 / Mi 16 / Tiv true / Isa false
[11:47:44] [Server thread/INFO]: Entity Tracking Range: Pl 48 / An 48 / Mo 48 / Mi 32 / Other 64
[11:47:44] [Server thread/INFO]: Hopper Transfer: 8 Hopper Check: 1 Hopper Amount: 1
[11:47:44] [Server thread/INFO]: Custom Map Seeds:  Village: 10387312 Desert: 14357617 Igloo: 14357618 Jungle: 14357619 Swamp: 14357620 Monument: 10387313 Ocean: 14357621 Shipwreck: 165745295 End City: 10387313 Slime: 987234911 Nether: 30084232 Mansion: 10387319 Fossil: 14357921 Portal: 34222645
[11:47:44] [Server thread/INFO]: Max TNT Explosions: 100
[11:47:44] [Server thread/INFO]: Tile Max Tick Time: 50ms Entity max Tick Time: 50ms
[11:47:44] [Server thread/INFO]: Item Despawn Rate: 6000
[11:47:44] [Server thread/INFO]: Item Merge Radius: 2.5
[11:47:44] [Server thread/INFO]: View Distance: 10
[11:47:44] [Server thread/INFO]: Simulation Distance: 10
[11:47:44] [Server thread/INFO]: Allow Zombie Pigmen to spawn from portal blocks: true
[11:47:44] [Server thread/INFO]: Arrow Despawn Rate: 1200 Trident Respawn Rate:1200
[11:47:44] [Server thread/INFO]: Zombie Aggressive Towards Villager: true
[11:47:44] [Server thread/INFO]: Nerfing mobs spawned from spawners: false
[11:47:45] [Server thread/INFO]: -------- World Settings For [world_the_end] --------
[11:47:45] [Server thread/INFO]: Cactus Growth Modifier: 100%
[11:47:45] [Server thread/INFO]: Cane Growth Modifier: 100%
[11:47:45] [Server thread/INFO]: Melon Growth Modifier: 100%
[11:47:45] [Server thread/INFO]: Mushroom Growth Modifier: 100%
[11:47:45] [Server thread/INFO]: Pumpkin Growth Modifier: 100%
[11:47:45] [Server thread/INFO]: Sapling Growth Modifier: 100%
[11:47:45] [Server thread/INFO]: Beetroot Growth Modifier: 100%
[11:47:45] [Server thread/INFO]: Carrot Growth Modifier: 100%
[11:47:45] [Server thread/INFO]: Potato Growth Modifier: 100%
[11:47:45] [Server thread/INFO]: Wheat Growth Modifier: 100%
[11:47:45] [Server thread/INFO]: NetherWart Growth Modifier: 100%
[11:47:45] [Server thread/INFO]: Vine Growth Modifier: 100%
[11:47:45] [Server thread/INFO]: Cocoa Growth Modifier: 100%
[11:47:45] [Server thread/INFO]: Bamboo Growth Modifier: 100%
[11:47:45] [Server thread/INFO]: SweetBerry Growth Modifier: 100%
[11:47:45] [Server thread/INFO]: Kelp Growth Modifier: 100%
[11:47:45] [Server thread/INFO]: Experience Merge Radius: 3.0
[11:47:45] [Server thread/INFO]: Mob Spawn Range: 6
[11:47:45] [Server thread/INFO]: Entity Activation Range: An 32 / Mo 32 / Ra 48 / Mi 16 / Tiv true / Isa false
[11:47:45] [Server thread/INFO]: Entity Tracking Range: Pl 48 / An 48 / Mo 48 / Mi 32 / Other 64
[11:47:45] [Server thread/INFO]: Hopper Transfer: 8 Hopper Check: 1 Hopper Amount: 1
[11:47:45] [Server thread/INFO]: Custom Map Seeds:  Village: 10387312 Desert: 14357617 Igloo: 14357618 Jungle: 14357619 Swamp: 14357620 Monument: 10387313 Ocean: 14357621 Shipwreck: 165745295 End City: 10387313 Slime: 987234911 Nether: 30084232 Mansion: 10387319 Fossil: 14357921 Portal: 34222645
[11:47:45] [Server thread/INFO]: Max TNT Explosions: 100
[11:47:45] [Server thread/INFO]: Tile Max Tick Time: 50ms Entity max Tick Time: 50ms
[11:47:45] [Server thread/INFO]: Item Despawn Rate: 6000
[11:47:45] [Server thread/INFO]: Item Merge Radius: 2.5
[11:47:45] [Server thread/INFO]: View Distance: 10
[11:47:45] [Server thread/INFO]: Simulation Distance: 10
[11:47:45] [Server thread/INFO]: Allow Zombie Pigmen to spawn from portal blocks: true
[11:47:45] [Server thread/INFO]: Arrow Despawn Rate: 1200 Trident Respawn Rate:1200
[11:47:45] [Server thread/INFO]: Zombie Aggressive Towards Villager: true
[11:47:45] [Server thread/INFO]: Nerfing mobs spawned from spawners: false
[11:47:45] [Server thread/INFO]: Preparing start region for dimension minecraft:overworld
[11:47:50] [Worker-Main-8/INFO]: Preparing spawn area: 0%
[11:47:50] [Worker-Main-10/INFO]: Preparing spawn area: 0%
[11:47:50] [Worker-Main-7/INFO]: Preparing spawn area: 0%
[11:47:50] [Worker-Main-7/INFO]: Preparing spawn area: 0%
[11:47:50] [Worker-Main-8/INFO]: Preparing spawn area: 0%
[11:47:50] [Worker-Main-10/INFO]: Preparing spawn area: 0%
[11:47:50] [Worker-Main-10/INFO]: Preparing spawn area: 0%
[11:47:50] [Worker-Main-10/INFO]: Preparing spawn area: 0%
[11:47:50] [Worker-Main-10/INFO]: Preparing spawn area: 0%
[11:47:51] [Worker-Main-8/INFO]: Preparing spawn area: 0%
[11:47:51] [Worker-Main-8/INFO]: Preparing spawn area: 0%
[11:47:51] [Worker-Main-10/INFO]: Preparing spawn area: 0%
[11:47:51] [Worker-Main-7/INFO]: Preparing spawn area: 0%
[11:47:51] [Worker-Main-7/INFO]: Preparing spawn area: 0%
[11:47:52] [Worker-Main-6/INFO]: Preparing spawn area: 0%
[11:47:52] [Worker-Main-7/INFO]: Preparing spawn area: 0%
[11:47:53] [Worker-Main-8/INFO]: Preparing spawn area: 0%
[11:47:53] [Worker-Main-6/INFO]: Preparing spawn area: 0%
[11:47:54] [Worker-Main-8/INFO]: Preparing spawn area: 0%
[11:47:54] [Worker-Main-8/INFO]: Preparing spawn area: 0%
[11:47:55] [Worker-Main-7/INFO]: Preparing spawn area: 0%
[11:47:55] [Worker-Main-6/INFO]: Preparing spawn area: 1%
[11:47:56] [Worker-Main-7/INFO]: Preparing spawn area: 1%
[11:47:56] [Worker-Main-6/INFO]: Preparing spawn area: 4%
[11:47:57] [Worker-Main-6/INFO]: Preparing spawn area: 6%
[11:47:57] [Worker-Main-7/INFO]: Preparing spawn area: 10%
[11:47:58] [Worker-Main-7/INFO]: Preparing spawn area: 12%
[11:47:58] [Worker-Main-7/INFO]: Preparing spawn area: 12%
[11:47:59] [Worker-Main-7/INFO]: Preparing spawn area: 12%
[11:47:59] [Worker-Main-10/INFO]: Preparing spawn area: 12%
[11:48:00] [Worker-Main-8/INFO]: Preparing spawn area: 13%
[11:48:01] [Worker-Main-7/INFO]: Preparing spawn area: 15%
[11:48:01] [Worker-Main-7/INFO]: Preparing spawn area: 17%
[11:48:02] [Worker-Main-6/INFO]: Preparing spawn area: 26%
[11:48:02] [Worker-Main-6/INFO]: Preparing spawn area: 31%
[11:48:02] [Worker-Main-10/INFO]: Preparing spawn area: 31%
[11:48:03] [Worker-Main-7/INFO]: Preparing spawn area: 35%
[11:48:04] [Worker-Main-6/INFO]: Preparing spawn area: 39%
[11:48:04] [Worker-Main-10/INFO]: Preparing spawn area: 43%
[11:48:04] [Worker-Main-7/INFO]: Preparing spawn area: 51%
[11:48:05] [Worker-Main-8/INFO]: Preparing spawn area: 65%
[11:48:05] [Worker-Main-9/INFO]: Preparing spawn area: 66%
[11:48:06] [Worker-Main-10/INFO]: Preparing spawn area: 82%
[11:48:08] [Server thread/INFO]: Time elapsed: 22547 ms
[11:48:08] [Server thread/INFO]: Preparing start region for dimension minecraft:the_nether
[11:48:09] [Worker-Main-10/INFO]: Preparing spawn area: 0%
[11:48:09] [Worker-Main-10/INFO]: Preparing spawn area: 0%
[11:48:09] [Worker-Main-7/INFO]: Preparing spawn area: 0%
[11:48:09] [Worker-Main-6/INFO]: Preparing spawn area: 0%
[11:48:10] [Worker-Main-10/INFO]: Preparing spawn area: 0%
[11:48:11] [Worker-Main-6/INFO]: Preparing spawn area: 0%
[11:48:11] [Worker-Main-9/INFO]: Preparing spawn area: 0%
[11:48:11] [Worker-Main-9/INFO]: Preparing spawn area: 1%
[11:48:12] [Worker-Main-6/INFO]: Preparing spawn area: 6%
[11:48:12] [Worker-Main-7/INFO]: Preparing spawn area: 15%
[11:48:13] [Worker-Main-7/INFO]: Preparing spawn area: 45%
[11:48:13] [Worker-Main-6/INFO]: Preparing spawn area: 78%
[11:48:14] [Server thread/INFO]: Time elapsed: 6107 ms
[11:48:14] [Server thread/INFO]: Preparing start region for dimension minecraft:the_end
[11:48:15] [Worker-Main-9/INFO]: Preparing spawn area: 0%
[11:48:15] [Worker-Main-7/INFO]: Preparing spawn area: 0%
[11:48:15] [Worker-Main-6/INFO]: Preparing spawn area: 0%
[11:48:16] [Worker-Main-6/INFO]: Preparing spawn area: 0%
[11:48:16] [Worker-Main-8/INFO]: Preparing spawn area: 0%
[11:48:17] [Worker-Main-8/INFO]: Preparing spawn area: 0%
[11:48:17] [Worker-Main-6/INFO]: Preparing spawn area: 0%
[11:48:18] [Worker-Main-6/INFO]: Preparing spawn area: 1%
[11:48:18] [Worker-Main-6/INFO]: Preparing spawn area: 3%
[11:48:19] [Worker-Main-6/INFO]: Preparing spawn area: 3%
[11:48:19] [Worker-Main-9/INFO]: Preparing spawn area: 4%
[11:48:20] [Worker-Main-9/INFO]: Preparing spawn area: 54%
[11:48:20] [Server thread/INFO]: Time elapsed: 5989 ms
[11:48:20] [Server thread/INFO]: [LifeSteal-Smp-Plugin] Enabling LifeSteal-Smp-Plugin v1.0
[11:48:21] [Server thread/INFO]: Server permissions file permissions.yml is empty, ignoring it
[11:48:21] [Server thread/INFO]: Done (40.939s)! For help, type "help"
[11:48:55] [Server thread/INFO]: Stopping the server
[11:48:55] [Server thread/INFO]: Stopping server
[11:48:55] [Server thread/INFO]: [LifeSteal-Smp-Plugin] Disabling LifeSteal-Smp-Plugin v1.0
[11:48:55] [Server thread/INFO]: Saving players
[11:48:55] [Server thread/INFO]: Saving worlds
[11:49:02] [Server thread/INFO]: Saving chunks for level 'ServerLevel[world]'/minecraft:overworld
[11:49:04] [Server thread/INFO]: Saving chunks for level 'ServerLevel[world_nether]'/minecraft:the_nether
[11:49:07] [Server thread/INFO]: Saving chunks for level 'ServerLevel[world_the_end]'/minecraft:the_end
[11:49:07] [Server thread/INFO]: ThreadedAnvilChunkStorage (world): All chunks are saved
[11:49:07] [Server thread/INFO]: ThreadedAnvilChunkStorage (DIM-1): All chunks are saved
[11:49:07] [Server thread/INFO]: ThreadedAnvilChunkStorage (DIM1): All chunks are saved
[11:49:07] [Server thread/INFO]: ThreadedAnvilChunkStorage: All dimensions are saved
