[10:07:55] [ServerMain/INFO]: Environment: authHost='https://authserver.mojang.com', accountsHost='https://api.mojang.com', sessionHost='https://sessionserver.mojang.com', servicesHost='https://api.minecraftservices.com', name='PROD'
[10:08:02] [Worker-Main-6/INFO]: Loaded 7 recipes
[10:08:07] [Server thread/INFO]: Starting minecraft server version 1.18.2
[10:08:07] [Server thread/INFO]: Loading properties
[10:08:08] [Server thread/INFO]: This server is running CraftBukkit version 3491-Spigot-b081915-95d233d (MC: 1.18.2) (Implementing API version 1.18.2-R0.1-SNAPSHOT)
[10:08:08] [Server thread/INFO]: Debug logging is disabled
[10:08:08] [Server thread/INFO]: Server Ping Player Sample Count: 12
[10:08:08] [Server thread/INFO]: Using 4 threads for Netty based IO
[10:08:08] [Server thread/INFO]: Default game type: SURVIVAL
[10:08:08] [Server thread/INFO]: Generating keypair
[10:08:09] [Server thread/INFO]: Starting Minecraft server on 88.99.11.184:25565
[10:08:09] [Server thread/INFO]: Using epoll channel type
[10:08:10] [Server thread/INFO]: [OpenInv] Loading OpenInv v4.1.10
[10:08:10] [Server thread/INFO]: [Vault] Loading Vault v1.7.3-b131
[10:08:10] [Server thread/INFO]: [PVPControl] Loading PVPControl v1.4.2
[10:08:10] [Server thread/INFO]: [TabList] Loading TabList v5.6.2
[10:08:10] [Server thread/INFO]: [Vault] Enabling Vault v1.7.3-b131
[10:08:11] [Server thread/INFO]: [Vault] [Permission] SuperPermissions loaded as backup permission system.
[10:08:11] [Server thread/INFO]: [Vault] Enabled Version 1.7.3-b131
[10:08:11] [Server thread/INFO]: Preparing level "world"
[10:08:12] [Server thread/INFO]: -------- World Settings For [world] --------
[10:08:12] [Server thread/INFO]: Experience Merge Radius: 3.0
[10:08:12] [Server thread/INFO]: Mob Spawn Range: 6
[10:08:12] [Server thread/INFO]: Cactus Growth Modifier: 100%
[10:08:12] [Server thread/INFO]: Cane Growth Modifier: 100%
[10:08:12] [Server thread/INFO]: Melon Growth Modifier: 100%
[10:08:12] [Server thread/INFO]: Mushroom Growth Modifier: 100%
[10:08:12] [Server thread/INFO]: Pumpkin Growth Modifier: 100%
[10:08:12] [Server thread/INFO]: Sapling Growth Modifier: 100%
[10:08:12] [Server thread/INFO]: Beetroot Growth Modifier: 100%
[10:08:12] [Server thread/INFO]: Carrot Growth Modifier: 100%
[10:08:12] [Server thread/INFO]: Potato Growth Modifier: 100%
[10:08:12] [Server thread/INFO]: Wheat Growth Modifier: 100%
[10:08:12] [Server thread/INFO]: NetherWart Growth Modifier: 100%
[10:08:12] [Server thread/INFO]: Vine Growth Modifier: 100%
[10:08:12] [Server thread/INFO]: Cocoa Growth Modifier: 100%
[10:08:12] [Server thread/INFO]: Bamboo Growth Modifier: 100%
[10:08:12] [Server thread/INFO]: SweetBerry Growth Modifier: 100%
[10:08:12] [Server thread/INFO]: Kelp Growth Modifier: 100%
[10:08:12] [Server thread/INFO]: Entity Activation Range: An 32 / Mo 32 / Ra 48 / Mi 16 / Tiv true / Isa false
[10:08:12] [Server thread/INFO]: Entity Tracking Range: Pl 48 / An 48 / Mo 48 / Mi 32 / Other 64
[10:08:12] [Server thread/INFO]: Hopper Transfer: 8 Hopper Check: 1 Hopper Amount: 1
[10:08:12] [Server thread/INFO]: Custom Map Seeds:  Village: 10387312 Desert: 14357617 Igloo: 14357618 Jungle: 14357619 Swamp: 14357620 Monument: 10387313 Ocean: 14357621 Shipwreck: 165745295 End City: 10387313 Slime: 987234911 Nether: 30084232 Mansion: 10387319 Fossil: 14357921 Portal: 34222645
[10:08:12] [Server thread/INFO]: Max TNT Explosions: 100
[10:08:12] [Server thread/INFO]: Tile Max Tick Time: 50ms Entity max Tick Time: 50ms
[10:08:12] [Server thread/INFO]: Item Despawn Rate: 6000
[10:08:12] [Server thread/INFO]: Item Merge Radius: 2.5
[10:08:12] [Server thread/INFO]: View Distance: 10
[10:08:12] [Server thread/INFO]: Simulation Distance: 10
[10:08:12] [Server thread/INFO]: Allow Zombie Pigmen to spawn from portal blocks: true
[10:08:12] [Server thread/INFO]: Arrow Despawn Rate: 1200 Trident Respawn Rate:1200
[10:08:12] [Server thread/INFO]: Zombie Aggressive Towards Villager: true
[10:08:12] [Server thread/INFO]: Nerfing mobs spawned from spawners: false
[10:08:13] [Server thread/INFO]: -------- World Settings For [world_nether] --------
[10:08:13] [Server thread/INFO]: Experience Merge Radius: 3.0
[10:08:13] [Server thread/INFO]: Mob Spawn Range: 6
[10:08:13] [Server thread/INFO]: Cactus Growth Modifier: 100%
[10:08:13] [Server thread/INFO]: Cane Growth Modifier: 100%
[10:08:13] [Server thread/INFO]: Melon Growth Modifier: 100%
[10:08:13] [Server thread/INFO]: Mushroom Growth Modifier: 100%
[10:08:13] [Server thread/INFO]: Pumpkin Growth Modifier: 100%
[10:08:13] [Server thread/INFO]: Sapling Growth Modifier: 100%
[10:08:13] [Server thread/INFO]: Beetroot Growth Modifier: 100%
[10:08:13] [Server thread/INFO]: Carrot Growth Modifier: 100%
[10:08:13] [Server thread/INFO]: Potato Growth Modifier: 100%
[10:08:13] [Server thread/INFO]: Wheat Growth Modifier: 100%
[10:08:13] [Server thread/INFO]: NetherWart Growth Modifier: 100%
[10:08:13] [Server thread/INFO]: Vine Growth Modifier: 100%
[10:08:13] [Server thread/INFO]: Cocoa Growth Modifier: 100%
[10:08:13] [Server thread/INFO]: Bamboo Growth Modifier: 100%
[10:08:13] [Server thread/INFO]: SweetBerry Growth Modifier: 100%
[10:08:13] [Server thread/INFO]: Kelp Growth Modifier: 100%
[10:08:13] [Server thread/INFO]: Entity Activation Range: An 32 / Mo 32 / Ra 48 / Mi 16 / Tiv true / Isa false
[10:08:13] [Server thread/INFO]: Entity Tracking Range: Pl 48 / An 48 / Mo 48 / Mi 32 / Other 64
[10:08:13] [Server thread/INFO]: Hopper Transfer: 8 Hopper Check: 1 Hopper Amount: 1
[10:08:13] [Server thread/INFO]: Custom Map Seeds:  Village: 10387312 Desert: 14357617 Igloo: 14357618 Jungle: 14357619 Swamp: 14357620 Monument: 10387313 Ocean: 14357621 Shipwreck: 165745295 End City: 10387313 Slime: 987234911 Nether: 30084232 Mansion: 10387319 Fossil: 14357921 Portal: 34222645
[10:08:13] [Server thread/INFO]: Max TNT Explosions: 100
[10:08:13] [Server thread/INFO]: Tile Max Tick Time: 50ms Entity max Tick Time: 50ms
[10:08:13] [Server thread/INFO]: Item Despawn Rate: 6000
[10:08:13] [Server thread/INFO]: Item Merge Radius: 2.5
[10:08:13] [Server thread/INFO]: View Distance: 10
[10:08:13] [Server thread/INFO]: Simulation Distance: 10
[10:08:13] [Server thread/INFO]: Allow Zombie Pigmen to spawn from portal blocks: true
[10:08:13] [Server thread/INFO]: Arrow Despawn Rate: 1200 Trident Respawn Rate:1200
[10:08:13] [Server thread/INFO]: Zombie Aggressive Towards Villager: true
[10:08:13] [Server thread/INFO]: Nerfing mobs spawned from spawners: false
[10:08:14] [Server thread/INFO]: -------- World Settings For [world_the_end] --------
[10:08:14] [Server thread/INFO]: Experience Merge Radius: 3.0
[10:08:14] [Server thread/INFO]: Mob Spawn Range: 6
[10:08:14] [Server thread/INFO]: Cactus Growth Modifier: 100%
[10:08:14] [Server thread/INFO]: Cane Growth Modifier: 100%
[10:08:14] [Server thread/INFO]: Melon Growth Modifier: 100%
[10:08:14] [Server thread/INFO]: Mushroom Growth Modifier: 100%
[10:08:14] [Server thread/INFO]: Pumpkin Growth Modifier: 100%
[10:08:14] [Server thread/INFO]: Sapling Growth Modifier: 100%
[10:08:14] [Server thread/INFO]: Beetroot Growth Modifier: 100%
[10:08:14] [Server thread/INFO]: Carrot Growth Modifier: 100%
[10:08:14] [Server thread/INFO]: Potato Growth Modifier: 100%
[10:08:14] [Server thread/INFO]: Wheat Growth Modifier: 100%
[10:08:14] [Server thread/INFO]: NetherWart Growth Modifier: 100%
[10:08:14] [Server thread/INFO]: Vine Growth Modifier: 100%
[10:08:14] [Server thread/INFO]: Cocoa Growth Modifier: 100%
[10:08:14] [Server thread/INFO]: Bamboo Growth Modifier: 100%
[10:08:14] [Server thread/INFO]: SweetBerry Growth Modifier: 100%
[10:08:14] [Server thread/INFO]: Kelp Growth Modifier: 100%
[10:08:14] [Server thread/INFO]: Entity Activation Range: An 32 / Mo 32 / Ra 48 / Mi 16 / Tiv true / Isa false
[10:08:14] [Server thread/INFO]: Entity Tracking Range: Pl 48 / An 48 / Mo 48 / Mi 32 / Other 64
[10:08:14] [Server thread/INFO]: Hopper Transfer: 8 Hopper Check: 1 Hopper Amount: 1
[10:08:14] [Server thread/INFO]: Custom Map Seeds:  Village: 10387312 Desert: 14357617 Igloo: 14357618 Jungle: 14357619 Swamp: 14357620 Monument: 10387313 Ocean: 14357621 Shipwreck: 165745295 End City: 10387313 Slime: 987234911 Nether: 30084232 Mansion: 10387319 Fossil: 14357921 Portal: 34222645
[10:08:14] [Server thread/INFO]: Max TNT Explosions: 100
[10:08:14] [Server thread/INFO]: Tile Max Tick Time: 50ms Entity max Tick Time: 50ms
[10:08:14] [Server thread/INFO]: Item Despawn Rate: 6000
[10:08:14] [Server thread/INFO]: Item Merge Radius: 2.5
[10:08:14] [Server thread/INFO]: View Distance: 10
[10:08:14] [Server thread/INFO]: Simulation Distance: 10
[10:08:14] [Server thread/INFO]: Allow Zombie Pigmen to spawn from portal blocks: true
[10:08:14] [Server thread/INFO]: Arrow Despawn Rate: 1200 Trident Respawn Rate:1200
[10:08:14] [Server thread/INFO]: Zombie Aggressive Towards Villager: true
[10:08:14] [Server thread/INFO]: Nerfing mobs spawned from spawners: false
[10:08:14] [Server thread/INFO]: Preparing start region for dimension minecraft:overworld
[10:08:16] [Worker-Main-10/INFO]: Preparing spawn area: 0%
[10:08:16] [Worker-Main-8/INFO]: Preparing spawn area: 0%
[10:08:16] [Worker-Main-9/INFO]: Preparing spawn area: 0%
[10:08:16] [Worker-Main-9/INFO]: Preparing spawn area: 0%
[10:08:16] [Worker-Main-10/INFO]: Preparing spawn area: 0%
[10:08:16] [Worker-Main-10/INFO]: Preparing spawn area: 0%
[10:08:17] [Worker-Main-9/INFO]: Preparing spawn area: 0%
[10:08:18] [Worker-Main-9/INFO]: Preparing spawn area: 0%
[10:08:18] [Worker-Main-9/INFO]: Preparing spawn area: 0%
[10:08:18] [Worker-Main-9/INFO]: Preparing spawn area: 0%
[10:08:19] [Worker-Main-9/INFO]: Preparing spawn area: 0%
[10:08:19] [Worker-Main-8/INFO]: Preparing spawn area: 0%
[10:08:20] [Worker-Main-8/INFO]: Preparing spawn area: 0%
[10:08:20] [Worker-Main-7/INFO]: Preparing spawn area: 0%
[10:08:21] [Worker-Main-10/INFO]: Preparing spawn area: 0%
[10:08:21] [Worker-Main-8/INFO]: Preparing spawn area: 0%
[10:08:22] [Worker-Main-9/INFO]: Preparing spawn area: 0%
[10:08:22] [Worker-Main-7/INFO]: Preparing spawn area: 3%
[10:08:23] [Worker-Main-8/INFO]: Preparing spawn area: 5%
[10:08:23] [Worker-Main-10/INFO]: Preparing spawn area: 8%
[10:08:24] [Worker-Main-8/INFO]: Preparing spawn area: 8%
[10:08:24] [Worker-Main-9/INFO]: Preparing spawn area: 15%
[10:08:25] [Worker-Main-10/INFO]: Preparing spawn area: 15%
[10:08:25] [Worker-Main-8/INFO]: Preparing spawn area: 18%
[10:08:26] [Worker-Main-9/INFO]: Preparing spawn area: 48%
[10:08:26] [Worker-Main-7/INFO]: Preparing spawn area: 86%
[10:08:27] [Server thread/INFO]: Time elapsed: 13530 ms
[10:08:27] [Server thread/INFO]: Preparing start region for dimension minecraft:the_nether
[10:08:28] [Worker-Main-8/INFO]: Preparing spawn area: 0%
[10:08:28] [Worker-Main-7/INFO]: Preparing spawn area: 0%
[10:08:28] [Worker-Main-6/INFO]: Preparing spawn area: 0%
[10:08:29] [Worker-Main-10/INFO]: Preparing spawn area: 0%
[10:08:29] [Worker-Main-7/INFO]: Preparing spawn area: 0%
[10:08:30] [Worker-Main-7/INFO]: Preparing spawn area: 0%
[10:08:30] [Worker-Main-8/INFO]: Preparing spawn area: 2%
[10:08:31] [Worker-Main-8/INFO]: Preparing spawn area: 4%
[10:08:32] [Worker-Main-10/INFO]: Preparing spawn area: 14%
[10:08:32] [Worker-Main-6/INFO]: Preparing spawn area: 21%
[10:08:32] [Worker-Main-9/INFO]: Preparing spawn area: 28%
[10:08:33] [Server thread/INFO]: Time elapsed: 5551 ms
[10:08:33] [Server thread/INFO]: Preparing start region for dimension minecraft:the_end
[10:08:34] [Worker-Main-6/INFO]: Preparing spawn area: 0%
[10:08:34] [Worker-Main-6/INFO]: Preparing spawn area: 0%
[10:08:34] [Worker-Main-6/INFO]: Preparing spawn area: 0%
[10:08:35] [Worker-Main-6/INFO]: Preparing spawn area: 0%
[10:08:35] [Worker-Main-7/INFO]: Preparing spawn area: 5%
[10:08:36] [Worker-Main-10/INFO]: Preparing spawn area: 40%
[10:08:36] [Server thread/INFO]: Time elapsed: 2937 ms
[10:08:36] [Server thread/INFO]: [OpenInv] Enabling OpenInv v4.1.10
[10:08:36] [Server thread/INFO]: [PVPControl] Enabling PVPControl v1.4.2
[10:08:36] [Server thread/INFO]: [0;37;22m[[0;32;22mPVP[0;32;1mControl[0;37;22m] [0;31;22m[0;32;1m47 [0;32;22mlanguage statements loaded.[m
[10:08:36] [Server thread/INFO]: [0;37;22m[[0;32;22mPVP[0;32;1mControl[0;37;22m] [0;37;22mChecking dependencies..[m
[10:08:36] [Server thread/INFO]: [0;37;22m[[0;32;22mPVP[0;32;1mControl[0;37;22m] [0;32;1m[0;32;1mPVP[0;32;22mControll [0;36;22mby IdkMan enabled![m
[10:08:36] [Server thread/INFO]: [TabList] Enabling TabList v5.6.2
[10:08:37] [Server thread/INFO]: [0;33;22m[[0;35;22mTab[0;31;1mList[0;33;22m][0;37;22m >[0;32;1m Enabled[0;33;22m v5.6.2[0;32;1m (316ms)[m
[10:08:37] [Server thread/INFO]: Server permissions file permissions.yml is empty, ignoring it
[10:08:37] [Server thread/INFO]: Done (25.848s)! For help, type "help"
[10:08:37] [Craft Scheduler Thread - 0/INFO]: [Vault] Checking for Updates ... 
[10:08:37] [Craft Scheduler Thread - 0/INFO]: [Vault] No new version available
[10:10:03] [Server thread/INFO]: Stopping the server
[10:10:03] [Server thread/INFO]: Stopping server
[10:10:03] [Server thread/INFO]: [TabList] Disabling TabList v5.6.2
[10:10:03] [Server thread/INFO]: [PVPControl] Disabling PVPControl v1.4.2
[10:10:03] [Server thread/INFO]: [0;37;22m[[0;32;22mPVP[0;32;1mControl[0;37;22m] [0;37;22m[0;37;22mPVPControl disabled.[m
[10:10:03] [Server thread/INFO]: [Vault] Disabling Vault v1.7.3-b131
[10:10:03] [Server thread/INFO]: [OpenInv] Disabling OpenInv v4.1.10
[10:10:03] [Server thread/INFO]: Saving players
[10:10:03] [Server thread/INFO]: Saving worlds
[10:10:07] [Server thread/INFO]: Saving chunks for level 'ServerLevel[world]'/minecraft:overworld
[10:10:11] [Server thread/INFO]: Saving chunks for level 'ServerLevel[world_nether]'/minecraft:the_nether
[10:10:12] [Server thread/INFO]: Saving chunks for level 'ServerLevel[world_the_end]'/minecraft:the_end
[10:10:12] [Server thread/INFO]: ThreadedAnvilChunkStorage (world): All chunks are saved
[10:10:12] [Server thread/INFO]: ThreadedAnvilChunkStorage (DIM-1): All chunks are saved
[10:10:12] [Server thread/INFO]: ThreadedAnvilChunkStorage (DIM1): All chunks are saved
[10:10:12] [Server thread/INFO]: ThreadedAnvilChunkStorage: All dimensions are saved
