[10:11:04] [ServerMain/INFO]: Environment: authHost='https://authserver.mojang.com', accountsHost='https://api.mojang.com', sessionHost='https://sessionserver.mojang.com', servicesHost='https://api.minecraftservices.com', name='PROD'
[10:11:08] [Worker-Main-6/INFO]: Loaded 7 recipes
[10:11:11] [Server thread/INFO]: Starting minecraft server version 1.18.2
[10:11:11] [Server thread/INFO]: Loading properties
[10:11:12] [Server thread/INFO]: This server is running CraftBukkit version 3491-Spigot-b081915-95d233d (MC: 1.18.2) (Implementing API version 1.18.2-R0.1-SNAPSHOT)
[10:11:12] [Server thread/INFO]: Debug logging is disabled
[10:11:12] [Server thread/INFO]: Server Ping Player Sample Count: 12
[10:11:12] [Server thread/INFO]: Using 4 threads for Netty based IO
[10:11:12] [Server thread/INFO]: Default game type: SURVIVAL
[10:11:12] [Server thread/INFO]: Generating keypair
[10:11:13] [Server thread/INFO]: Starting Minecraft server on 88.99.11.184:25565
[10:11:13] [Server thread/INFO]: Using epoll channel type
[10:11:15] [Server thread/INFO]: [OpenInv] Loading OpenInv v4.1.10
[10:11:15] [Server thread/INFO]: [Vault] Loading Vault v1.7.3-b131
[10:11:15] [Server thread/INFO]: [PVPControl] Loading PVPControl v1.4.2
[10:11:15] [Server thread/INFO]: [Essentials] Loading Essentials v2.19.4
[10:11:15] [Server thread/INFO]: [TabList] Loading TabList v5.6.2
[10:11:15] [Server thread/INFO]: [Vault] Enabling Vault v1.7.3-b131
[10:11:15] [Server thread/WARN]: [Vault] Loaded class com.earth2me.essentials.api.Economy from Essentials v2.19.4 which is not a depend or softdepend of this plugin.
[10:11:15] [Server thread/INFO]: [Vault] [Economy] Essentials Economy found: Waiting
[10:11:15] [Server thread/INFO]: [Vault] [Permission] SuperPermissions loaded as backup permission system.
[10:11:15] [Server thread/INFO]: [Vault] Enabled Version 1.7.3-b131
[10:11:15] [Server thread/INFO]: Preparing level "world"
[10:11:17] [Server thread/INFO]: -------- World Settings For [world] --------
[10:11:17] [Server thread/INFO]: Cactus Growth Modifier: 100%
[10:11:17] [Server thread/INFO]: Cane Growth Modifier: 100%
[10:11:17] [Server thread/INFO]: Melon Growth Modifier: 100%
[10:11:17] [Server thread/INFO]: Mushroom Growth Modifier: 100%
[10:11:17] [Server thread/INFO]: Pumpkin Growth Modifier: 100%
[10:11:17] [Server thread/INFO]: Sapling Growth Modifier: 100%
[10:11:17] [Server thread/INFO]: Beetroot Growth Modifier: 100%
[10:11:17] [Server thread/INFO]: Carrot Growth Modifier: 100%
[10:11:17] [Server thread/INFO]: Potato Growth Modifier: 100%
[10:11:17] [Server thread/INFO]: Wheat Growth Modifier: 100%
[10:11:17] [Server thread/INFO]: NetherWart Growth Modifier: 100%
[10:11:17] [Server thread/INFO]: Vine Growth Modifier: 100%
[10:11:17] [Server thread/INFO]: Cocoa Growth Modifier: 100%
[10:11:17] [Server thread/INFO]: Bamboo Growth Modifier: 100%
[10:11:17] [Server thread/INFO]: SweetBerry Growth Modifier: 100%
[10:11:17] [Server thread/INFO]: Kelp Growth Modifier: 100%
[10:11:17] [Server thread/INFO]: Experience Merge Radius: 3.0
[10:11:17] [Server thread/INFO]: Mob Spawn Range: 6
[10:11:17] [Server thread/INFO]: Max TNT Explosions: 100
[10:11:17] [Server thread/INFO]: Tile Max Tick Time: 50ms Entity max Tick Time: 50ms
[10:11:17] [Server thread/INFO]: Entity Activation Range: An 32 / Mo 32 / Ra 48 / Mi 16 / Tiv true / Isa false
[10:11:17] [Server thread/INFO]: Entity Tracking Range: Pl 48 / An 48 / Mo 48 / Mi 32 / Other 64
[10:11:17] [Server thread/INFO]: Hopper Transfer: 8 Hopper Check: 1 Hopper Amount: 1
[10:11:17] [Server thread/INFO]: Custom Map Seeds:  Village: 10387312 Desert: 14357617 Igloo: 14357618 Jungle: 14357619 Swamp: 14357620 Monument: 10387313 Ocean: 14357621 Shipwreck: 165745295 End City: 10387313 Slime: 987234911 Nether: 30084232 Mansion: 10387319 Fossil: 14357921 Portal: 34222645
[10:11:17] [Server thread/INFO]: Item Despawn Rate: 6000
[10:11:17] [Server thread/INFO]: Item Merge Radius: 2.5
[10:11:17] [Server thread/INFO]: View Distance: 10
[10:11:17] [Server thread/INFO]: Simulation Distance: 10
[10:11:17] [Server thread/INFO]: Allow Zombie Pigmen to spawn from portal blocks: true
[10:11:17] [Server thread/INFO]: Arrow Despawn Rate: 1200 Trident Respawn Rate:1200
[10:11:17] [Server thread/INFO]: Zombie Aggressive Towards Villager: true
[10:11:17] [Server thread/INFO]: Nerfing mobs spawned from spawners: false
[10:11:18] [Server thread/INFO]: -------- World Settings For [world_nether] --------
[10:11:18] [Server thread/INFO]: Cactus Growth Modifier: 100%
[10:11:18] [Server thread/INFO]: Cane Growth Modifier: 100%
[10:11:18] [Server thread/INFO]: Melon Growth Modifier: 100%
[10:11:18] [Server thread/INFO]: Mushroom Growth Modifier: 100%
[10:11:18] [Server thread/INFO]: Pumpkin Growth Modifier: 100%
[10:11:18] [Server thread/INFO]: Sapling Growth Modifier: 100%
[10:11:18] [Server thread/INFO]: Beetroot Growth Modifier: 100%
[10:11:18] [Server thread/INFO]: Carrot Growth Modifier: 100%
[10:11:18] [Server thread/INFO]: Potato Growth Modifier: 100%
[10:11:18] [Server thread/INFO]: Wheat Growth Modifier: 100%
[10:11:18] [Server thread/INFO]: NetherWart Growth Modifier: 100%
[10:11:18] [Server thread/INFO]: Vine Growth Modifier: 100%
[10:11:18] [Server thread/INFO]: Cocoa Growth Modifier: 100%
[10:11:18] [Server thread/INFO]: Bamboo Growth Modifier: 100%
[10:11:18] [Server thread/INFO]: SweetBerry Growth Modifier: 100%
[10:11:18] [Server thread/INFO]: Kelp Growth Modifier: 100%
[10:11:18] [Server thread/INFO]: Experience Merge Radius: 3.0
[10:11:18] [Server thread/INFO]: Mob Spawn Range: 6
[10:11:18] [Server thread/INFO]: Max TNT Explosions: 100
[10:11:18] [Server thread/INFO]: Tile Max Tick Time: 50ms Entity max Tick Time: 50ms
[10:11:18] [Server thread/INFO]: Entity Activation Range: An 32 / Mo 32 / Ra 48 / Mi 16 / Tiv true / Isa false
[10:11:18] [Server thread/INFO]: Entity Tracking Range: Pl 48 / An 48 / Mo 48 / Mi 32 / Other 64
[10:11:18] [Server thread/INFO]: Hopper Transfer: 8 Hopper Check: 1 Hopper Amount: 1
[10:11:18] [Server thread/INFO]: Custom Map Seeds:  Village: 10387312 Desert: 14357617 Igloo: 14357618 Jungle: 14357619 Swamp: 14357620 Monument: 10387313 Ocean: 14357621 Shipwreck: 165745295 End City: 10387313 Slime: 987234911 Nether: 30084232 Mansion: 10387319 Fossil: 14357921 Portal: 34222645
[10:11:18] [Server thread/INFO]: Item Despawn Rate: 6000
[10:11:18] [Server thread/INFO]: Item Merge Radius: 2.5
[10:11:18] [Server thread/INFO]: View Distance: 10
[10:11:18] [Server thread/INFO]: Simulation Distance: 10
[10:11:18] [Server thread/INFO]: Allow Zombie Pigmen to spawn from portal blocks: true
[10:11:18] [Server thread/INFO]: Arrow Despawn Rate: 1200 Trident Respawn Rate:1200
[10:11:18] [Server thread/INFO]: Zombie Aggressive Towards Villager: true
[10:11:18] [Server thread/INFO]: Nerfing mobs spawned from spawners: false
[10:11:19] [Server thread/INFO]: -------- World Settings For [world_the_end] --------
[10:11:19] [Server thread/INFO]: Cactus Growth Modifier: 100%
[10:11:19] [Server thread/INFO]: Cane Growth Modifier: 100%
[10:11:19] [Server thread/INFO]: Melon Growth Modifier: 100%
[10:11:19] [Server thread/INFO]: Mushroom Growth Modifier: 100%
[10:11:19] [Server thread/INFO]: Pumpkin Growth Modifier: 100%
[10:11:19] [Server thread/INFO]: Sapling Growth Modifier: 100%
[10:11:19] [Server thread/INFO]: Beetroot Growth Modifier: 100%
[10:11:19] [Server thread/INFO]: Carrot Growth Modifier: 100%
[10:11:19] [Server thread/INFO]: Potato Growth Modifier: 100%
[10:11:19] [Server thread/INFO]: Wheat Growth Modifier: 100%
[10:11:19] [Server thread/INFO]: NetherWart Growth Modifier: 100%
[10:11:19] [Server thread/INFO]: Vine Growth Modifier: 100%
[10:11:19] [Server thread/INFO]: Cocoa Growth Modifier: 100%
[10:11:19] [Server thread/INFO]: Bamboo Growth Modifier: 100%
[10:11:19] [Server thread/INFO]: SweetBerry Growth Modifier: 100%
[10:11:19] [Server thread/INFO]: Kelp Growth Modifier: 100%
[10:11:19] [Server thread/INFO]: Experience Merge Radius: 3.0
[10:11:19] [Server thread/INFO]: Mob Spawn Range: 6
[10:11:19] [Server thread/INFO]: Max TNT Explosions: 100
[10:11:19] [Server thread/INFO]: Tile Max Tick Time: 50ms Entity max Tick Time: 50ms
[10:11:19] [Server thread/INFO]: Entity Activation Range: An 32 / Mo 32 / Ra 48 / Mi 16 / Tiv true / Isa false
[10:11:19] [Server thread/INFO]: Entity Tracking Range: Pl 48 / An 48 / Mo 48 / Mi 32 / Other 64
[10:11:19] [Server thread/INFO]: Hopper Transfer: 8 Hopper Check: 1 Hopper Amount: 1
[10:11:19] [Server thread/INFO]: Custom Map Seeds:  Village: 10387312 Desert: 14357617 Igloo: 14357618 Jungle: 14357619 Swamp: 14357620 Monument: 10387313 Ocean: 14357621 Shipwreck: 165745295 End City: 10387313 Slime: 987234911 Nether: 30084232 Mansion: 10387319 Fossil: 14357921 Portal: 34222645
[10:11:19] [Server thread/INFO]: Item Despawn Rate: 6000
[10:11:19] [Server thread/INFO]: Item Merge Radius: 2.5
[10:11:19] [Server thread/INFO]: View Distance: 10
[10:11:19] [Server thread/INFO]: Simulation Distance: 10
[10:11:19] [Server thread/INFO]: Allow Zombie Pigmen to spawn from portal blocks: true
[10:11:19] [Server thread/INFO]: Arrow Despawn Rate: 1200 Trident Respawn Rate:1200
[10:11:19] [Server thread/INFO]: Zombie Aggressive Towards Villager: true
[10:11:19] [Server thread/INFO]: Nerfing mobs spawned from spawners: false
[10:11:19] [Server thread/INFO]: Preparing start region for dimension minecraft:overworld
[10:11:21] [Worker-Main-8/INFO]: Preparing spawn area: 0%
[10:11:21] [Worker-Main-9/INFO]: Preparing spawn area: 0%
[10:11:21] [Worker-Main-8/INFO]: Preparing spawn area: 0%
[10:11:21] [Worker-Main-9/INFO]: Preparing spawn area: 0%
[10:11:21] [Worker-Main-8/INFO]: Preparing spawn area: 0%
[10:11:22] [Worker-Main-7/INFO]: Preparing spawn area: 0%
[10:11:22] [Worker-Main-8/INFO]: Preparing spawn area: 0%
[10:11:23] [Worker-Main-10/INFO]: Preparing spawn area: 0%
[10:11:23] [Worker-Main-8/INFO]: Preparing spawn area: 0%
[10:11:24] [Worker-Main-10/INFO]: Preparing spawn area: 0%
[10:11:24] [Worker-Main-7/INFO]: Preparing spawn area: 0%
[10:11:25] [Worker-Main-8/INFO]: Preparing spawn area: 0%
[10:11:25] [Worker-Main-9/INFO]: Preparing spawn area: 0%
[10:11:26] [Worker-Main-9/INFO]: Preparing spawn area: 0%
[10:11:26] [Worker-Main-7/INFO]: Preparing spawn area: 0%
[10:11:27] [Worker-Main-8/INFO]: Preparing spawn area: 0%
[10:11:27] [Worker-Main-7/INFO]: Preparing spawn area: 2%
[10:11:28] [Worker-Main-7/INFO]: Preparing spawn area: 4%
[10:11:28] [Worker-Main-10/INFO]: Preparing spawn area: 4%
[10:11:29] [Worker-Main-8/INFO]: Preparing spawn area: 7%
[10:11:29] [Worker-Main-7/INFO]: Preparing spawn area: 12%
[10:11:30] [Worker-Main-9/INFO]: Preparing spawn area: 13%
[10:11:30] [Worker-Main-9/INFO]: Preparing spawn area: 32%
[10:11:31] [Worker-Main-9/INFO]: Preparing spawn area: 43%
[10:11:31] [Worker-Main-7/INFO]: Preparing spawn area: 51%
[10:11:33] [Worker-Main-7/INFO]: Preparing spawn area: 51%
[10:11:33] [Worker-Main-9/INFO]: Preparing spawn area: 51%
[10:11:33] [Worker-Main-10/INFO]: Preparing spawn area: 54%
[10:11:33] [Server thread/INFO]: Time elapsed: 13697 ms
[10:11:33] [Server thread/INFO]: Preparing start region for dimension minecraft:the_nether
[10:11:34] [Worker-Main-10/INFO]: Preparing spawn area: 0%
[10:11:34] [Worker-Main-6/INFO]: Preparing spawn area: 0%
[10:11:34] [Worker-Main-8/INFO]: Preparing spawn area: 0%
[10:11:35] [Worker-Main-8/INFO]: Preparing spawn area: 0%
[10:11:35] [Worker-Main-7/INFO]: Preparing spawn area: 0%
[10:11:36] [Worker-Main-9/INFO]: Preparing spawn area: 0%
[10:11:36] [Worker-Main-8/INFO]: Preparing spawn area: 0%
[10:11:37] [Worker-Main-9/INFO]: Preparing spawn area: 0%
[10:11:37] [Worker-Main-7/INFO]: Preparing spawn area: 1%
[10:11:38] [Worker-Main-9/INFO]: Preparing spawn area: 1%
[10:11:38] [Worker-Main-7/INFO]: Preparing spawn area: 1%
[10:11:39] [Worker-Main-6/INFO]: Preparing spawn area: 9%
[10:11:39] [Worker-Main-7/INFO]: Preparing spawn area: 52%
[10:11:40] [Server thread/INFO]: Time elapsed: 6672 ms
[10:11:40] [Server thread/INFO]: Preparing start region for dimension minecraft:the_end
[10:11:41] [Worker-Main-9/INFO]: Preparing spawn area: 0%
[10:11:41] [Worker-Main-8/INFO]: Preparing spawn area: 0%
[10:11:41] [Worker-Main-8/INFO]: Preparing spawn area: 0%
[10:11:41] [Worker-Main-9/INFO]: Preparing spawn area: 0%
[10:11:42] [Worker-Main-6/INFO]: Preparing spawn area: 0%
[10:11:42] [Worker-Main-8/INFO]: Preparing spawn area: 1%
[10:11:43] [Worker-Main-7/INFO]: Preparing spawn area: 10%
[10:11:43] [Worker-Main-7/INFO]: Preparing spawn area: 35%
[10:11:44] [Server thread/INFO]: Time elapsed: 4021 ms
[10:11:44] [Server thread/INFO]: [OpenInv] Enabling OpenInv v4.1.10
[10:11:44] [Server thread/INFO]: [PVPControl] Enabling PVPControl v1.4.2
[10:11:44] [Server thread/INFO]: [0;37;22m[[0;32;22mPVP[0;32;1mControl[0;37;22m] [0;31;22m[0;32;1m47 [0;32;22mlanguage statements loaded.[m
[10:11:44] [Server thread/INFO]: [0;37;22m[[0;32;22mPVP[0;32;1mControl[0;37;22m] [0;37;22mChecking dependencies..[m
[10:11:44] [Server thread/WARN]: [PVPControl] Loaded class com.earth2me.essentials.Essentials from Essentials v2.19.4 which is not a depend or softdepend of this plugin.
[10:11:44] [Server thread/INFO]: [0;37;22m[[0;32;22mPVP[0;32;1mControl[0;37;22m] [0;37;22m[0;32;1mHooked plugins: [0;32;1mEssentialsX[m
[10:11:44] [Server thread/INFO]: [0;37;22m[[0;32;22mPVP[0;32;1mControl[0;37;22m] [0;32;1m[0;32;1mPVP[0;32;22mControll [0;36;22mby IdkMan enabled![m
[10:11:44] [Server thread/INFO]: [Essentials] Enabling Essentials v2.19.4
[10:11:44] [Server thread/INFO]: [Essentials] You are running a server with limited API functionality. EssentialsX will still work, but certain features may be disabled.
[10:11:45] [Server thread/INFO]: Attempting to convert old kits in config.yml to new kits.yml
[10:11:45] [Server thread/INFO]: No kits found to migrate.
[10:11:45] [Server thread/INFO]: [Essentials] Starting Essentials ban format conversion
[10:11:45] [Server thread/INFO]: [Essentials] Starting usermap repair
[10:11:45] [Server thread/WARN]: [Essentials] Missing userdata folder, aborting
[10:11:45] [Server thread/INFO]: Attempting to migrate ignore list to UUIDs
[10:11:45] [Server thread/INFO]: Attempting to migrate legacy userdata keys to Configurate
[10:11:46] [Server thread/INFO]: Loaded 36926 items from items.json.
[10:11:46] [Server thread/INFO]: Using locale en_US
[10:11:46] [Server thread/INFO]: [Essentials] ServerListPingEvent: Spigot iterator API
[10:11:46] [Server thread/INFO]: [Essentials] Starting Metrics. Opt-out using the global bStats config.
[10:11:46] [Server thread/INFO]: [Vault] [Economy] Essentials Economy hooked.
[10:11:46] [Server thread/INFO]: [Essentials] Using superperms-based permissions.
[10:11:46] [Server thread/INFO]: [TabList] Enabling TabList v5.6.2
[10:11:46] [Server thread/INFO]: [0;33;22m[[0;35;22mTab[0;31;1mList[0;33;22m][0;37;22m >[0;32;1m Enabled[0;33;22m v5.6.2[0;32;1m (443ms)[m
[10:11:46] [Server thread/INFO]: Server permissions file permissions.yml is empty, ignoring it
[10:11:47] [Server thread/INFO]: Done (31.115s)! For help, type "help"
[10:11:47] [Server thread/INFO]: [Essentials] Essentials found a compatible payment resolution method: Vault Compatibility Layer (v1.7.3-b131)!
[10:11:47] [Craft Scheduler Thread - 0/INFO]: [Vault] Checking for Updates ... 
[10:11:47] [Craft Scheduler Thread - 1/INFO]: [Essentials] ยง6Fetching version information...
[10:11:47] [Craft Scheduler Thread - 0/INFO]: [Vault] No new version available
