[19:40:15] [ServerMain/INFO]: Environment: authHost='https://authserver.mojang.com', accountsHost='https://api.mojang.com', sessionHost='https://sessionserver.mojang.com', servicesHost='https://api.minecraftservices.com', name='PROD'
[19:40:20] [ServerMain/WARN]: Ambiguity between arguments [teleport, location] and [teleport, destination] with inputs: [0.1 -0.5 .9, 0 0 0]
[19:40:20] [ServerMain/WARN]: Ambiguity between arguments [teleport, location] and [teleport, targets] with inputs: [0.1 -0.5 .9, 0 0 0]
[19:40:20] [ServerMain/WARN]: Ambiguity between arguments [teleport, destination] and [teleport, targets] with inputs: [Player, 0123, @e, dd12be42-52a9-4a91-a8a1-11c01849e498]
[19:40:20] [ServerMain/WARN]: Ambiguity between arguments [teleport, targets] and [teleport, destination] with inputs: [Player, 0123, dd12be42-52a9-4a91-a8a1-11c01849e498]
[19:40:20] [ServerMain/WARN]: Ambiguity between arguments [teleport, targets, location] and [teleport, targets, destination] with inputs: [0.1 -0.5 .9, 0 0 0]
[19:40:22] [Worker-Main-8/INFO]: Loaded 7 recipes
[19:40:22] [Worker-Main-8/INFO]: Loaded 1141 advancements
[19:40:25] [Server thread/INFO]: Starting minecraft server version 1.18.2
[19:40:25] [Server thread/INFO]: Loading properties
[19:40:25] [Server thread/INFO]: Default game type: SURVIVAL
[19:40:25] [Server thread/INFO]: Generating keypair
[19:40:25] [Server thread/INFO]: Starting Minecraft server on 88.99.11.184:25565
[19:40:25] [Server thread/INFO]: Using epoll channel type
[19:40:25] [Server thread/INFO]: Preparing level "world"
[19:40:26] [Server thread/INFO]: Preparing start region for dimension minecraft:overworld
[19:40:29] [Worker-Main-9/INFO]: Preparing spawn area: 0%
[19:40:30] [Worker-Main-9/INFO]: Preparing spawn area: 0%
[19:40:30] [Worker-Main-9/INFO]: Preparing spawn area: 0%
[19:40:30] [Worker-Main-9/INFO]: Preparing spawn area: 0%
[19:40:30] [Worker-Main-7/INFO]: Preparing spawn area: 0%
[19:40:30] [Worker-Main-7/INFO]: Preparing spawn area: 0%
[19:40:30] [Worker-Main-9/INFO]: Preparing spawn area: 0%
[19:40:30] [Worker-Main-10/INFO]: Preparing spawn area: 0%
[19:40:30] [Worker-Main-10/INFO]: Preparing spawn area: 0%
[19:40:30] [Worker-Main-7/INFO]: Preparing spawn area: 0%
[19:40:31] [Worker-Main-7/INFO]: Preparing spawn area: 0%
[19:40:31] [Worker-Main-10/INFO]: Preparing spawn area: 0%
[19:40:32] [Worker-Main-10/INFO]: Preparing spawn area: 0%
[19:40:32] [Worker-Main-10/INFO]: Preparing spawn area: 0%
[19:40:33] [Worker-Main-9/INFO]: Preparing spawn area: 0%
[19:40:33] [Worker-Main-9/INFO]: Preparing spawn area: 0%
[19:40:34] [Worker-Main-9/INFO]: Preparing spawn area: 1%
[19:40:34] [Worker-Main-9/INFO]: Preparing spawn area: 1%
[19:40:35] [Worker-Main-7/INFO]: Preparing spawn area: 1%
[19:40:35] [Worker-Main-7/INFO]: Preparing spawn area: 1%
[19:40:36] [Worker-Main-10/INFO]: Preparing spawn area: 13%
[19:40:36] [Worker-Main-6/INFO]: Preparing spawn area: 25%
[19:40:37] [Worker-Main-6/INFO]: Preparing spawn area: 36%
[19:40:37] [Worker-Main-10/INFO]: Preparing spawn area: 50%
[19:40:38] [Worker-Main-10/INFO]: Preparing spawn area: 82%
[19:40:39] [Server thread/INFO]: Time elapsed: 12953 ms
[19:40:39] [Server thread/INFO]: Done (13.235s)! For help, type "help"
[19:40:43] [User Authenticator #1/INFO]: UUID of player NotTheHeroHere is 6435c2b0-db69-4d6b-9182-eb4b0a9ba0fc
[19:40:44] [Server thread/INFO]: NotTheHeroHere[/83.233.247.126:23755] logged in with entity id 153 at (69.48654400053569, 99.52788843212286, -6.909348270326392)
[19:40:44] [Server thread/INFO]: NotTheHeroHere joined the game
[19:40:47] [Server thread/WARN]: Can't keep up! Is the server overloaded? Running 2074ms or 41 ticks behind
[19:41:08] [Server thread/WARN]: NotTheHeroHere moved too quickly! -8.55791292576652,-5.437658903505437,0.34734202468443787
[19:41:49] [Server Watchdog/ERROR]: A single server tick took 60.00 seconds (should be max 0.05)
[19:41:49] [Server Watchdog/ERROR]: Considering it to be crashed, server will forcibly shutdown.
[19:41:52] [Server thread/INFO]: Unknown or incomplete command, see below for error
[19:41:52] [Server thread/INFO]: tps<--[HERE]
[19:41:52] [Server Watchdog/ERROR]: This crash report has been saved to: /root/minecraft/./crash-reports/crash-2022-05-25_19.41.52-server.txt
