[19:44:08] [ServerMain/INFO]: Environment: authHost='https://authserver.mojang.com', accountsHost='https://api.mojang.com', sessionHost='https://sessionserver.mojang.com', servicesHost='https://api.minecraftservices.com', name='PROD'
[19:44:13] [ServerMain/WARN]: Ambiguity between arguments [teleport, location] and [teleport, destination] with inputs: [0.1 -0.5 .9, 0 0 0]
[19:44:13] [ServerMain/WARN]: Ambiguity between arguments [teleport, location] and [teleport, targets] with inputs: [0.1 -0.5 .9, 0 0 0]
[19:44:13] [ServerMain/WARN]: Ambiguity between arguments [teleport, destination] and [teleport, targets] with inputs: [Player, 0123, @e, dd12be42-52a9-4a91-a8a1-11c01849e498]
[19:44:13] [ServerMain/WARN]: Ambiguity between arguments [teleport, targets] and [teleport, destination] with inputs: [Player, 0123, dd12be42-52a9-4a91-a8a1-11c01849e498]
[19:44:13] [ServerMain/WARN]: Ambiguity between arguments [teleport, targets, location] and [teleport, targets, destination] with inputs: [0.1 -0.5 .9, 0 0 0]
[19:44:15] [Worker-Main-10/INFO]: Loaded 7 recipes
[19:44:15] [Worker-Main-10/INFO]: Loaded 1141 advancements
[19:44:19] [Server thread/INFO]: Starting minecraft server version 1.18.2
[19:44:19] [Server thread/INFO]: Loading properties
[19:44:19] [Server thread/INFO]: Default game type: SURVIVAL
[19:44:19] [Server thread/INFO]: Generating keypair
[19:44:19] [Server thread/INFO]: Starting Minecraft server on 88.99.11.184:25565
[19:44:19] [Server thread/INFO]: Using epoll channel type
[19:44:19] [Server thread/INFO]: Preparing level "world"
[19:44:19] [Server thread/INFO]: Preparing start region for dimension minecraft:overworld
[19:44:21] [User Authenticator #1/INFO]: UUID of player NotTheHeroHere is 6435c2b0-db69-4d6b-9182-eb4b0a9ba0fc
[19:44:22] [Worker-Main-9/INFO]: Preparing spawn area: 0%
[19:44:22] [Worker-Main-7/INFO]: Preparing spawn area: 0%
[19:44:22] [Worker-Main-8/INFO]: Preparing spawn area: 0%
[19:44:22] [Worker-Main-9/INFO]: Preparing spawn area: 0%
[19:44:22] [Worker-Main-7/INFO]: Preparing spawn area: 0%
[19:44:22] [Worker-Main-6/INFO]: Preparing spawn area: 0%
[19:44:22] [Worker-Main-7/INFO]: Preparing spawn area: 0%
[19:44:23] [Worker-Main-6/INFO]: Preparing spawn area: 0%
[19:44:23] [Worker-Main-9/INFO]: Preparing spawn area: 0%
[19:44:24] [Worker-Main-8/INFO]: Preparing spawn area: 0%
[19:44:24] [Worker-Main-9/INFO]: Preparing spawn area: 0%
[19:44:25] [Worker-Main-6/INFO]: Preparing spawn area: 0%
[19:44:25] [Worker-Main-6/INFO]: Preparing spawn area: 0%
[19:44:26] [Worker-Main-8/INFO]: Preparing spawn area: 0%
[19:44:26] [Worker-Main-6/INFO]: Preparing spawn area: 0%
[19:44:27] [Worker-Main-6/INFO]: Preparing spawn area: 1%
[19:44:27] [Worker-Main-8/INFO]: Preparing spawn area: 4%
[19:44:28] [Worker-Main-8/INFO]: Preparing spawn area: 6%
[19:44:28] [Worker-Main-6/INFO]: Preparing spawn area: 9%
[19:44:29] [Worker-Main-7/INFO]: Preparing spawn area: 20%
[19:44:29] [Worker-Main-7/INFO]: Preparing spawn area: 23%
[19:44:30] [Worker-Main-9/INFO]: Preparing spawn area: 25%
[19:44:30] [Worker-Main-9/INFO]: Preparing spawn area: 43%
[19:44:31] [Worker-Main-9/INFO]: Preparing spawn area: 65%
[19:44:31] [Worker-Main-9/INFO]: Preparing spawn area: 95%
[19:44:32] [Server thread/INFO]: Time elapsed: 12835 ms
[19:44:32] [Server thread/INFO]: Done (13.072s)! For help, type "help"
[19:44:33] [Server thread/INFO]: NotTheHeroHere[/83.233.247.126:23838] logged in with entity id 79 at (9.997493960733555, -0.5024791889996525, 4.187961834040266)
[19:44:33] [Server thread/INFO]: NotTheHeroHere joined the game
[19:44:34] [Server thread/WARN]: NotTheHeroHere moved too quickly! 0.0,-10.806526110009013,0.0
[19:44:35] [Server thread/WARN]: Can't keep up! Is the server overloaded? Running 2083ms or 41 ticks behind
[19:45:03] [Server thread/WARN]: NotTheHeroHere moved too quickly! -4.952567977921047,9.187501324600706,-0.15209869566724432
[19:45:27] [Server thread/INFO]: Unknown or incomplete command, see below for error
[19:45:27] [Server thread/INFO]: <--[HERE]
[19:45:27] [Server thread/INFO]: Unknown or incomplete command, see below for error
[19:45:27] [Server thread/INFO]: <--[HERE]
[19:45:27] [Server thread/INFO]: Unknown or incomplete command, see below for error
[19:45:27] [Server thread/INFO]: <--[HERE]
[19:45:27] [Server thread/INFO]: Unknown or incomplete command, see below for error
[19:45:27] [Server thread/INFO]: <--[HERE]
[19:45:27] [Server thread/INFO]: Unknown or incomplete command, see below for error
[19:45:27] [Server thread/INFO]: <--[HERE]
[19:45:27] [Server thread/INFO]: Unknown or incomplete command, see below for error
[19:45:27] [Server thread/INFO]: <--[HERE]
[19:45:29] [Server thread/INFO]: Unknown or incomplete command, see below for error
[19:45:29] [Server thread/INFO]: <--[HERE]
[19:45:29] [Server thread/INFO]: Unknown or incomplete command, see below for error
[19:45:29] [Server thread/INFO]: tps<--[HERE]
[19:45:37] [Server thread/INFO]: Unknown or incomplete command, see below for error
[19:45:37] [Server thread/INFO]: tps<--[HERE]
[19:45:37] [Server Watchdog/ERROR]: A single server tick took 60.01 seconds (should be max 0.05)
[19:45:37] [Server Watchdog/ERROR]: Considering it to be crashed, server will forcibly shutdown.
[19:45:39] [Server Watchdog/ERROR]: This crash report has been saved to: /root/minecraft/./crash-reports/crash-2022-05-25_19.45.39-server.txt
