[20:20:10] [ServerMain/INFO]: Environment: authHost='https://authserver.mojang.com', accountsHost='https://api.mojang.com', sessionHost='https://sessionserver.mojang.com', servicesHost='https://api.minecraftservices.com', name='PROD'
[20:20:10] [ServerMain/INFO]: Found new data pack file/bukkit, loading it automatically
[20:20:14] [Worker-Main-7/INFO]: Loaded 7 recipes
[20:20:18] [Server thread/INFO]: Starting minecraft server version 1.18.2
[20:20:18] [Server thread/INFO]: Loading properties
[20:20:18] [Server thread/INFO]: This server is running CraftBukkit version 3491-Spigot-b081915-95d233d (MC: 1.18.2) (Implementing API version 1.18.2-R0.1-SNAPSHOT)
[20:20:19] [Server thread/INFO]: Debug logging is disabled
[20:20:19] [Server thread/INFO]: Server Ping Player Sample Count: 12
[20:20:19] [Server thread/INFO]: Using 4 threads for Netty based IO
[20:20:19] [Server thread/INFO]: Default game type: SURVIVAL
[20:20:19] [Server thread/INFO]: Generating keypair
[20:20:19] [Server thread/INFO]: Starting Minecraft server on 88.99.11.184:25565
[20:20:19] [Server thread/INFO]: Using epoll channel type
[20:20:20] [Server thread/INFO]: Preparing level "world"
[20:20:22] [Server thread/INFO]: -------- World Settings For [world] --------
[20:20:22] [Server thread/INFO]: Experience Merge Radius: 3.0
[20:20:22] [Server thread/INFO]: Mob Spawn Range: 6
[20:20:22] [Server thread/INFO]: Cactus Growth Modifier: 100%
[20:20:22] [Server thread/INFO]: Cane Growth Modifier: 100%
[20:20:22] [Server thread/INFO]: Melon Growth Modifier: 100%
[20:20:22] [Server thread/INFO]: Mushroom Growth Modifier: 100%
[20:20:22] [Server thread/INFO]: Pumpkin Growth Modifier: 100%
[20:20:22] [Server thread/INFO]: Sapling Growth Modifier: 100%
[20:20:22] [Server thread/INFO]: Beetroot Growth Modifier: 100%
[20:20:22] [Server thread/INFO]: Carrot Growth Modifier: 100%
[20:20:22] [Server thread/INFO]: Potato Growth Modifier: 100%
[20:20:22] [Server thread/INFO]: Wheat Growth Modifier: 100%
[20:20:22] [Server thread/INFO]: NetherWart Growth Modifier: 100%
[20:20:22] [Server thread/INFO]: Vine Growth Modifier: 100%
[20:20:22] [Server thread/INFO]: Cocoa Growth Modifier: 100%
[20:20:22] [Server thread/INFO]: Bamboo Growth Modifier: 100%
[20:20:22] [Server thread/INFO]: SweetBerry Growth Modifier: 100%
[20:20:22] [Server thread/INFO]: Kelp Growth Modifier: 100%
[20:20:22] [Server thread/INFO]: Entity Activation Range: An 32 / Mo 32 / Ra 48 / Mi 16 / Tiv true / Isa false
[20:20:22] [Server thread/INFO]: Entity Tracking Range: Pl 48 / An 48 / Mo 48 / Mi 32 / Other 64
[20:20:22] [Server thread/INFO]: Hopper Transfer: 8 Hopper Check: 1 Hopper Amount: 1
[20:20:22] [Server thread/INFO]: Custom Map Seeds:  Village: 10387312 Desert: 14357617 Igloo: 14357618 Jungle: 14357619 Swamp: 14357620 Monument: 10387313 Ocean: 14357621 Shipwreck: 165745295 End City: 10387313 Slime: 987234911 Nether: 30084232 Mansion: 10387319 Fossil: 14357921 Portal: 34222645
[20:20:22] [Server thread/INFO]: Max TNT Explosions: 100
[20:20:22] [Server thread/INFO]: Tile Max Tick Time: 50ms Entity max Tick Time: 50ms
[20:20:22] [Server thread/INFO]: Item Despawn Rate: 6000
[20:20:22] [Server thread/INFO]: Item Merge Radius: 2.5
[20:20:22] [Server thread/INFO]: View Distance: 10
[20:20:22] [Server thread/INFO]: Simulation Distance: 10
[20:20:22] [Server thread/INFO]: Allow Zombie Pigmen to spawn from portal blocks: true
[20:20:22] [Server thread/INFO]: Arrow Despawn Rate: 1200 Trident Respawn Rate:1200
[20:20:22] [Server thread/INFO]: Zombie Aggressive Towards Villager: true
[20:20:22] [Server thread/INFO]: Nerfing mobs spawned from spawners: false
[20:20:40] [Server thread/INFO]: -------- World Settings For [world_the_end] --------
[20:20:40] [Server thread/INFO]: Experience Merge Radius: 3.0
[20:20:40] [Server thread/INFO]: Mob Spawn Range: 6
[20:20:40] [Server thread/INFO]: Cactus Growth Modifier: 100%
[20:20:40] [Server thread/INFO]: Cane Growth Modifier: 100%
[20:20:40] [Server thread/INFO]: Melon Growth Modifier: 100%
[20:20:40] [Server thread/INFO]: Mushroom Growth Modifier: 100%
[20:20:40] [Server thread/INFO]: Pumpkin Growth Modifier: 100%
[20:20:40] [Server thread/INFO]: Sapling Growth Modifier: 100%
[20:20:40] [Server thread/INFO]: Beetroot Growth Modifier: 100%
[20:20:40] [Server thread/INFO]: Carrot Growth Modifier: 100%
[20:20:40] [Server thread/INFO]: Potato Growth Modifier: 100%
[20:20:40] [Server thread/INFO]: Wheat Growth Modifier: 100%
[20:20:40] [Server thread/INFO]: NetherWart Growth Modifier: 100%
[20:20:40] [Server thread/INFO]: Vine Growth Modifier: 100%
[20:20:40] [Server thread/INFO]: Cocoa Growth Modifier: 100%
[20:20:40] [Server thread/INFO]: Bamboo Growth Modifier: 100%
[20:20:40] [Server thread/INFO]: SweetBerry Growth Modifier: 100%
[20:20:40] [Server thread/INFO]: Kelp Growth Modifier: 100%
[20:20:40] [Server thread/INFO]: Entity Activation Range: An 32 / Mo 32 / Ra 48 / Mi 16 / Tiv true / Isa false
[20:20:40] [Server thread/INFO]: Entity Tracking Range: Pl 48 / An 48 / Mo 48 / Mi 32 / Other 64
[20:20:40] [Server thread/INFO]: Hopper Transfer: 8 Hopper Check: 1 Hopper Amount: 1
[20:20:40] [Server thread/INFO]: Custom Map Seeds:  Village: 10387312 Desert: 14357617 Igloo: 14357618 Jungle: 14357619 Swamp: 14357620 Monument: 10387313 Ocean: 14357621 Shipwreck: 165745295 End City: 10387313 Slime: 987234911 Nether: 30084232 Mansion: 10387319 Fossil: 14357921 Portal: 34222645
[20:20:40] [Server thread/INFO]: Max TNT Explosions: 100
[20:20:40] [Server thread/INFO]: Tile Max Tick Time: 50ms Entity max Tick Time: 50ms
[20:20:40] [Server thread/INFO]: Item Despawn Rate: 6000
[20:20:40] [Server thread/INFO]: Item Merge Radius: 2.5
[20:20:40] [Server thread/INFO]: View Distance: 10
[20:20:40] [Server thread/INFO]: Simulation Distance: 10
[20:20:40] [Server thread/INFO]: Allow Zombie Pigmen to spawn from portal blocks: true
[20:20:40] [Server thread/INFO]: Arrow Despawn Rate: 1200 Trident Respawn Rate:1200
[20:20:40] [Server thread/INFO]: Zombie Aggressive Towards Villager: true
[20:20:40] [Server thread/INFO]: Nerfing mobs spawned from spawners: false
[20:20:41] [Server thread/INFO]: -------- World Settings For [world_nether] --------
[20:20:41] [Server thread/INFO]: Experience Merge Radius: 3.0
[20:20:41] [Server thread/INFO]: Mob Spawn Range: 6
[20:20:41] [Server thread/INFO]: Cactus Growth Modifier: 100%
[20:20:41] [Server thread/INFO]: Cane Growth Modifier: 100%
[20:20:41] [Server thread/INFO]: Melon Growth Modifier: 100%
[20:20:41] [Server thread/INFO]: Mushroom Growth Modifier: 100%
[20:20:41] [Server thread/INFO]: Pumpkin Growth Modifier: 100%
[20:20:41] [Server thread/INFO]: Sapling Growth Modifier: 100%
[20:20:41] [Server thread/INFO]: Beetroot Growth Modifier: 100%
[20:20:41] [Server thread/INFO]: Carrot Growth Modifier: 100%
[20:20:41] [Server thread/INFO]: Potato Growth Modifier: 100%
[20:20:41] [Server thread/INFO]: Wheat Growth Modifier: 100%
[20:20:41] [Server thread/INFO]: NetherWart Growth Modifier: 100%
[20:20:41] [Server thread/INFO]: Vine Growth Modifier: 100%
[20:20:41] [Server thread/INFO]: Cocoa Growth Modifier: 100%
[20:20:41] [Server thread/INFO]: Bamboo Growth Modifier: 100%
[20:20:41] [Server thread/INFO]: SweetBerry Growth Modifier: 100%
[20:20:41] [Server thread/INFO]: Kelp Growth Modifier: 100%
[20:20:41] [Server thread/INFO]: Entity Activation Range: An 32 / Mo 32 / Ra 48 / Mi 16 / Tiv true / Isa false
[20:20:41] [Server thread/INFO]: Entity Tracking Range: Pl 48 / An 48 / Mo 48 / Mi 32 / Other 64
[20:20:41] [Server thread/INFO]: Hopper Transfer: 8 Hopper Check: 1 Hopper Amount: 1
[20:20:41] [Server thread/INFO]: Custom Map Seeds:  Village: 10387312 Desert: 14357617 Igloo: 14357618 Jungle: 14357619 Swamp: 14357620 Monument: 10387313 Ocean: 14357621 Shipwreck: 165745295 End City: 10387313 Slime: 987234911 Nether: 30084232 Mansion: 10387319 Fossil: 14357921 Portal: 34222645
[20:20:41] [Server thread/INFO]: Max TNT Explosions: 100
[20:20:41] [Server thread/INFO]: Tile Max Tick Time: 50ms Entity max Tick Time: 50ms
[20:20:41] [Server thread/INFO]: Item Despawn Rate: 6000
[20:20:41] [Server thread/INFO]: Item Merge Radius: 2.5
[20:20:41] [Server thread/INFO]: View Distance: 10
[20:20:41] [Server thread/INFO]: Simulation Distance: 10
[20:20:41] [Server thread/INFO]: Allow Zombie Pigmen to spawn from portal blocks: true
[20:20:41] [Server thread/INFO]: Arrow Despawn Rate: 1200 Trident Respawn Rate:1200
[20:20:41] [Server thread/INFO]: Zombie Aggressive Towards Villager: true
[20:20:41] [Server thread/INFO]: Nerfing mobs spawned from spawners: false
[20:20:43] [Server thread/INFO]: Preparing start region for dimension minecraft:overworld
[20:20:46] [Worker-Main-8/INFO]: Preparing spawn area: 0%
[20:20:46] [Worker-Main-8/INFO]: Preparing spawn area: 0%
[20:20:46] [Worker-Main-8/INFO]: Preparing spawn area: 0%
[20:20:46] [Worker-Main-8/INFO]: Preparing spawn area: 0%
[20:20:46] [Worker-Main-8/INFO]: Preparing spawn area: 0%
[20:20:46] [Worker-Main-9/INFO]: Preparing spawn area: 0%
[20:20:47] [Worker-Main-7/INFO]: Preparing spawn area: 0%
[20:20:47] [Worker-Main-7/INFO]: Preparing spawn area: 0%
[20:20:48] [Worker-Main-7/INFO]: Preparing spawn area: 0%
[20:20:48] [Worker-Main-10/INFO]: Preparing spawn area: 0%
[20:20:48] [Worker-Main-6/INFO]: Preparing spawn area: 0%
[20:20:49] [Worker-Main-8/INFO]: Preparing spawn area: 1%
[20:20:49] [Worker-Main-8/INFO]: Preparing spawn area: 2%
[20:20:50] [Worker-Main-6/INFO]: Preparing spawn area: 3%
[20:20:51] [Worker-Main-8/INFO]: Preparing spawn area: 3%
[20:20:51] [Worker-Main-8/INFO]: Preparing spawn area: 3%
[20:20:51] [Worker-Main-10/INFO]: Preparing spawn area: 4%
[20:20:52] [Worker-Main-9/INFO]: Preparing spawn area: 5%
[20:20:52] [Worker-Main-10/INFO]: Preparing spawn area: 6%
[20:20:53] [Worker-Main-8/INFO]: Preparing spawn area: 6%
[20:20:53] [Worker-Main-8/INFO]: Preparing spawn area: 6%
[20:20:54] [Worker-Main-9/INFO]: Preparing spawn area: 8%
[20:20:55] [Worker-Main-10/INFO]: Preparing spawn area: 9%
[20:20:55] [Worker-Main-6/INFO]: Preparing spawn area: 9%
[20:20:55] [Worker-Main-6/INFO]: Preparing spawn area: 11%
[20:20:56] [Worker-Main-8/INFO]: Preparing spawn area: 12%
[20:20:56] [Worker-Main-8/INFO]: Preparing spawn area: 12%
[20:20:57] [Worker-Main-10/INFO]: Preparing spawn area: 12%
[20:20:57] [Worker-Main-6/INFO]: Preparing spawn area: 13%
[20:20:58] [Worker-Main-8/INFO]: Preparing spawn area: 14%
[20:20:58] [Worker-Main-6/INFO]: Preparing spawn area: 15%
[20:20:59] [Worker-Main-6/INFO]: Preparing spawn area: 15%
[20:20:59] [Worker-Main-9/INFO]: Preparing spawn area: 16%
[20:21:00] [Worker-Main-8/INFO]: Preparing spawn area: 17%
[20:21:00] [Worker-Main-8/INFO]: Preparing spawn area: 17%
[20:21:01] [Worker-Main-6/INFO]: Preparing spawn area: 18%
[20:21:01] [Worker-Main-7/INFO]: Preparing spawn area: 19%
[20:21:02] [Worker-Main-10/INFO]: Preparing spawn area: 19%
[20:21:02] [Worker-Main-8/INFO]: Preparing spawn area: 19%
[20:21:03] [Worker-Main-6/INFO]: Preparing spawn area: 20%
[20:21:03] [Worker-Main-7/INFO]: Preparing spawn area: 20%
[20:21:04] [Worker-Main-8/INFO]: Preparing spawn area: 21%
[20:21:04] [Worker-Main-8/INFO]: Preparing spawn area: 22%
[20:21:05] [Worker-Main-8/INFO]: Preparing spawn area: 22%
[20:21:06] [Worker-Main-7/INFO]: Preparing spawn area: 24%
[20:21:06] [Worker-Main-10/INFO]: Preparing spawn area: 24%
[20:21:06] [Worker-Main-9/INFO]: Preparing spawn area: 25%
[20:21:07] [Worker-Main-8/INFO]: Preparing spawn area: 27%
[20:21:07] [Worker-Main-10/INFO]: Preparing spawn area: 28%
[20:21:08] [Worker-Main-9/INFO]: Preparing spawn area: 30%
[20:21:08] [Worker-Main-6/INFO]: Preparing spawn area: 31%
[20:21:09] [Worker-Main-7/INFO]: Preparing spawn area: 31%
[20:21:09] [Worker-Main-6/INFO]: Preparing spawn area: 32%
[20:21:10] [Worker-Main-7/INFO]: Preparing spawn area: 34%
[20:21:10] [Worker-Main-6/INFO]: Preparing spawn area: 35%
[20:21:11] [Worker-Main-8/INFO]: Preparing spawn area: 36%
[20:21:11] [Worker-Main-6/INFO]: Preparing spawn area: 37%
[20:21:12] [Worker-Main-10/INFO]: Preparing spawn area: 37%
[20:21:12] [Worker-Main-9/INFO]: Preparing spawn area: 39%
[20:21:13] [Worker-Main-7/INFO]: Preparing spawn area: 41%
[20:21:13] [Worker-Main-9/INFO]: Preparing spawn area: 42%
[20:21:14] [Worker-Main-10/INFO]: Preparing spawn area: 42%
[20:21:14] [Worker-Main-10/INFO]: Preparing spawn area: 43%
[20:21:15] [Worker-Main-7/INFO]: Preparing spawn area: 44%
[20:21:16] [Worker-Main-8/INFO]: Preparing spawn area: 45%
[20:21:16] [Worker-Main-10/INFO]: Preparing spawn area: 46%
[20:21:16] [Worker-Main-7/INFO]: Preparing spawn area: 47%
[20:21:17] [Worker-Main-8/INFO]: Preparing spawn area: 47%
[20:21:17] [Worker-Main-9/INFO]: Preparing spawn area: 48%
[20:21:18] [Worker-Main-6/INFO]: Preparing spawn area: 49%
[20:21:18] [Worker-Main-10/INFO]: Preparing spawn area: 51%
[20:21:19] [Worker-Main-9/INFO]: Preparing spawn area: 52%
[20:21:19] [Worker-Main-6/INFO]: Preparing spawn area: 54%
[20:21:20] [Worker-Main-6/INFO]: Preparing spawn area: 55%
[20:21:20] [Worker-Main-9/INFO]: Preparing spawn area: 55%
[20:21:21] [Worker-Main-9/INFO]: Preparing spawn area: 55%
[20:21:21] [Worker-Main-7/INFO]: Preparing spawn area: 56%
[20:21:22] [Worker-Main-7/INFO]: Preparing spawn area: 58%
[20:21:22] [Worker-Main-9/INFO]: Preparing spawn area: 59%
[20:21:23] [Worker-Main-10/INFO]: Preparing spawn area: 60%
[20:21:23] [Worker-Main-6/INFO]: Preparing spawn area: 60%
[20:21:24] [Worker-Main-9/INFO]: Preparing spawn area: 61%
[20:21:24] [Worker-Main-6/INFO]: Preparing spawn area: 63%
[20:21:25] [Worker-Main-9/INFO]: Preparing spawn area: 64%
[20:21:25] [Worker-Main-6/INFO]: Preparing spawn area: 65%
[20:21:26] [Worker-Main-6/INFO]: Preparing spawn area: 66%
[20:21:26] [Worker-Main-10/INFO]: Preparing spawn area: 66%
[20:21:27] [Worker-Main-6/INFO]: Preparing spawn area: 67%
[20:21:27] [Worker-Main-7/INFO]: Preparing spawn area: 68%
[20:21:28] [Worker-Main-8/INFO]: Preparing spawn area: 69%
[20:21:28] [Worker-Main-8/INFO]: Preparing spawn area: 71%
[20:21:29] [Worker-Main-8/INFO]: Preparing spawn area: 72%
[20:21:29] [Worker-Main-9/INFO]: Preparing spawn area: 72%
[20:21:30] [Worker-Main-8/INFO]: Preparing spawn area: 74%
[20:21:30] [Worker-Main-10/INFO]: Preparing spawn area: 74%
[20:21:31] [Worker-Main-9/INFO]: Preparing spawn area: 75%
[20:21:31] [Worker-Main-9/INFO]: Preparing spawn area: 76%
[20:21:32] [Worker-Main-9/INFO]: Preparing spawn area: 77%
[20:21:32] [Worker-Main-10/INFO]: Preparing spawn area: 79%
[20:21:33] [Worker-Main-6/INFO]: Preparing spawn area: 80%
[20:21:33] [Worker-Main-10/INFO]: Preparing spawn area: 81%
[20:21:34] [Worker-Main-8/INFO]: Preparing spawn area: 83%
[20:21:34] [Worker-Main-9/INFO]: Preparing spawn area: 84%
[20:21:35] [Worker-Main-9/INFO]: Preparing spawn area: 84%
[20:21:35] [Worker-Main-8/INFO]: Preparing spawn area: 86%
[20:21:36] [Worker-Main-7/INFO]: Preparing spawn area: 87%
[20:21:36] [Worker-Main-10/INFO]: Preparing spawn area: 88%
[20:21:37] [Worker-Main-9/INFO]: Preparing spawn area: 91%
[20:21:37] [Worker-Main-6/INFO]: Preparing spawn area: 93%
[20:21:38] [Worker-Main-9/INFO]: Preparing spawn area: 96%
[20:21:38] [Worker-Main-9/INFO]: Preparing spawn area: 98%
[20:21:39] [Server thread/INFO]: Time elapsed: 55314 ms
[20:21:39] [Server thread/INFO]: Preparing start region for dimension minecraft:the_end
[20:21:39] [Worker-Main-6/INFO]: Preparing spawn area: 0%
[20:21:39] [Worker-Main-9/INFO]: Preparing spawn area: 0%
[20:21:40] [Worker-Main-8/INFO]: Preparing spawn area: 1%
[20:21:40] [Worker-Main-6/INFO]: Preparing spawn area: 6%
[20:21:41] [Worker-Main-9/INFO]: Preparing spawn area: 16%
[20:21:41] [Worker-Main-7/INFO]: Preparing spawn area: 32%
[20:21:42] [Worker-Main-9/INFO]: Preparing spawn area: 52%
[20:21:42] [Worker-Main-7/INFO]: Preparing spawn area: 69%
[20:21:43] [Worker-Main-9/INFO]: Preparing spawn area: 88%
[20:21:43] [Server thread/INFO]: Time elapsed: 4357 ms
[20:21:43] [Server thread/INFO]: Preparing start region for dimension minecraft:the_nether
[20:21:43] [Worker-Main-6/INFO]: Preparing spawn area: 0%
[20:21:44] [Worker-Main-8/INFO]: Preparing spawn area: 0%
[20:21:44] [Worker-Main-10/INFO]: Preparing spawn area: 0%
[20:21:45] [Worker-Main-8/INFO]: Preparing spawn area: 1%
[20:21:45] [Worker-Main-9/INFO]: Preparing spawn area: 3%
[20:21:46] [Worker-Main-10/INFO]: Preparing spawn area: 4%
[20:21:46] [Worker-Main-8/INFO]: Preparing spawn area: 6%
[20:21:47] [Worker-Main-6/INFO]: Preparing spawn area: 7%
[20:21:47] [Worker-Main-6/INFO]: Preparing spawn area: 9%
[20:21:48] [Worker-Main-8/INFO]: Preparing spawn area: 9%
[20:21:48] [Worker-Main-6/INFO]: Preparing spawn area: 10%
[20:21:49] [Worker-Main-8/INFO]: Preparing spawn area: 12%
[20:21:49] [Worker-Main-9/INFO]: Preparing spawn area: 13%
[20:21:50] [Worker-Main-9/INFO]: Preparing spawn area: 15%
[20:21:50] [Worker-Main-8/INFO]: Preparing spawn area: 15%
[20:21:51] [Worker-Main-9/INFO]: Preparing spawn area: 16%
[20:21:51] [Worker-Main-9/INFO]: Preparing spawn area: 17%
[20:21:52] [Worker-Main-8/INFO]: Preparing spawn area: 18%
[20:21:52] [Worker-Main-8/INFO]: Preparing spawn area: 20%
[20:21:53] [Worker-Main-10/INFO]: Preparing spawn area: 22%
[20:21:53] [Worker-Main-9/INFO]: Preparing spawn area: 23%
[20:21:54] [Worker-Main-7/INFO]: Preparing spawn area: 25%
[20:21:54] [Worker-Main-8/INFO]: Preparing spawn area: 27%
[20:21:55] [Worker-Main-10/INFO]: Preparing spawn area: 30%
[20:21:55] [Worker-Main-8/INFO]: Preparing spawn area: 33%
[20:21:56] [Worker-Main-7/INFO]: Preparing spawn area: 34%
[20:21:56] [Worker-Main-9/INFO]: Preparing spawn area: 37%
[20:21:57] [Worker-Main-10/INFO]: Preparing spawn area: 39%
[20:21:57] [Worker-Main-6/INFO]: Preparing spawn area: 41%
[20:21:58] [Worker-Main-9/INFO]: Preparing spawn area: 43%
[20:21:58] [Worker-Main-6/INFO]: Preparing spawn area: 44%
[20:21:59] [Worker-Main-7/INFO]: Preparing spawn area: 46%
[20:21:59] [Worker-Main-10/INFO]: Preparing spawn area: 47%
[20:22:00] [Worker-Main-8/INFO]: Preparing spawn area: 48%
[20:22:00] [Worker-Main-7/INFO]: Preparing spawn area: 49%
[20:22:01] [Worker-Main-8/INFO]: Preparing spawn area: 51%
[20:22:01] [Worker-Main-9/INFO]: Preparing spawn area: 52%
[20:22:02] [Worker-Main-6/INFO]: Preparing spawn area: 53%
[20:22:02] [Worker-Main-8/INFO]: Preparing spawn area: 55%
[20:22:03] [Worker-Main-7/INFO]: Preparing spawn area: 55%
[20:22:03] [Worker-Main-8/INFO]: Preparing spawn area: 56%
[20:22:04] [Worker-Main-8/INFO]: Preparing spawn area: 58%
[20:22:04] [Worker-Main-7/INFO]: Preparing spawn area: 59%
[20:22:05] [Worker-Main-7/INFO]: Preparing spawn area: 61%
[20:22:05] [Worker-Main-6/INFO]: Preparing spawn area: 62%
[20:22:06] [Worker-Main-8/INFO]: Preparing spawn area: 63%
[20:22:06] [Worker-Main-10/INFO]: Preparing spawn area: 66%
[20:22:07] [Worker-Main-8/INFO]: Preparing spawn area: 68%
[20:22:07] [Worker-Main-6/INFO]: Preparing spawn area: 71%
[20:22:08] [Worker-Main-7/INFO]: Preparing spawn area: 74%
[20:22:08] [Worker-Main-10/INFO]: Preparing spawn area: 76%
[20:22:09] [Worker-Main-8/INFO]: Preparing spawn area: 78%
[20:22:09] [Worker-Main-9/INFO]: Preparing spawn area: 79%
[20:22:10] [Worker-Main-8/INFO]: Preparing spawn area: 82%
[20:22:10] [Worker-Main-7/INFO]: Preparing spawn area: 83%
[20:22:11] [Worker-Main-7/INFO]: Preparing spawn area: 85%
[20:22:11] [Worker-Main-10/INFO]: Preparing spawn area: 86%
[20:22:12] [Worker-Main-7/INFO]: Preparing spawn area: 88%
[20:22:12] [Worker-Main-6/INFO]: Preparing spawn area: 89%
[20:22:13] [Worker-Main-9/INFO]: Preparing spawn area: 90%
[20:22:13] [Worker-Main-9/INFO]: Preparing spawn area: 92%
[20:22:14] [Worker-Main-6/INFO]: Preparing spawn area: 94%
[20:22:14] [Worker-Main-9/INFO]: Preparing spawn area: 96%
[20:22:15] [Worker-Main-10/INFO]: Preparing spawn area: 99%
[20:22:15] [Server thread/INFO]: Time elapsed: 31554 ms
[20:22:15] [Server thread/INFO]: Server permissions file permissions.yml is empty, ignoring it
[20:22:15] [Server thread/INFO]: Done (114.654s)! For help, type "help"
[20:22:15] [Server thread/INFO]: com.mojang.authlib.GameProfile@2b9c2949[id=<null>,name=MiltonGrande7,properties={},legacy=false] (/83.233.247.3:29430) lost connection: Disconnected
[20:22:15] [Server thread/INFO]: com.mojang.authlib.GameProfile@2e7a75c2[id=<null>,name=xsisorm,properties={},legacy=false] (/81.226.224.168:62861) lost connection: Disconnected
[20:22:25] [Server thread/INFO]: Unknown command. Type "/help" for help.[m
[20:22:32] [Server thread/INFO]: Unknown or incomplete command, see below for error
[20:22:32] [Server thread/INFO]: whitelist<--[HERE]
[20:22:35] [Server thread/INFO]: Unknown or incomplete command, see below for error
[20:22:35] [Server thread/INFO]: whitelist<--[HERE]
[20:22:47] [Server thread/INFO]: Unknown command. Type "/help" for help.[m
[20:22:50] [Server thread/INFO]: Unknown command. Type "/help" for help.[m
[20:22:51] [Server thread/INFO]: Unknown command. Type "/help" for help.[m
[20:22:51] [Server thread/INFO]: Unknown command. Type "/help" for help.[m
[20:22:52] [Server thread/INFO]: Unknown command. Type "/help" for help.[m
[20:22:52] [Server thread/INFO]: Unknown command. Type "/help" for help.[m
[20:22:52] [Server thread/INFO]: Unknown command. Type "/help" for help.[m
[20:22:56] [User Authenticator #1/INFO]: UUID of player NotTheHeroHere is 6435c2b0-db69-4d6b-9182-eb4b0a9ba0fc
[20:22:56] [User Authenticator #2/INFO]: UUID of player Waltoy is 7c66e655-d80d-401d-b97e-5c6bf0fee9aa
[20:22:56] [Server thread/INFO]: NotTheHeroHere[/83.233.246.122:34236] logged in with entity id 281 at ([world]-14.5, 64.0, -160.5)
[20:22:57] [Server thread/INFO]: Waltoy[/5.180.0.160:51271] logged in with entity id 282 at ([world]-7.5, 64.0, -168.5)
[20:23:02] [User Authenticator #3/INFO]: UUID of player MiltonGrande7 is 16666028-dd41-4b8b-867d-21f4af84b97d
[20:23:02] [Server thread/INFO]: MiltonGrande7[/83.233.247.3:29472] logged in with entity id 347 at ([world]-5.5, 64.0, -159.5)
[20:23:05] [User Authenticator #4/INFO]: UUID of player xsisorm is 41d5215b-11d3-4aeb-aad6-7aac06ec096b
[20:23:05] [Server thread/INFO]: xsisorm[/81.226.224.168:60648] logged in with entity id 348 at ([world]-10.5, 64.0, -162.5)
[20:23:28] [User Authenticator #5/INFO]: UUID of player earth_miner123 is 593673ab-f1b5-4ee3-aaef-fda12e509420
[20:23:29] [Server thread/INFO]: earth_miner123[/93.182.161.53:52736] logged in with entity id 479 at ([world]-18.5, 64.0, -161.5)
[20:30:10] [Server thread/INFO]: xsisorm drowned
[20:31:07] [Server thread/INFO]: NotTheHeroHere lost connection: Disconnected
[20:31:07] [Server thread/INFO]: NotTheHeroHere left the game
[20:31:10] [Server thread/INFO]: earth_miner123 lost connection: Disconnected
[20:31:10] [Server thread/INFO]: earth_miner123 left the game
[20:31:10] [Server thread/INFO]: xsisorm lost connection: Disconnected
[20:31:10] [Server thread/INFO]: xsisorm left the game
[20:31:12] [Server thread/INFO]: Stopping the server
[20:31:12] [Server thread/INFO]: Stopping server
[20:31:12] [Server thread/INFO]: Saving players
[20:31:12] [Server thread/INFO]: Waltoy lost connection: Server closed
[20:31:12] [Server thread/INFO]: Waltoy left the game.
[20:31:12] [Server thread/INFO]: MiltonGrande7 lost connection: Server closed
[20:31:12] [Server thread/INFO]: MiltonGrande7 left the game.
[20:31:12] [Server thread/INFO]: Saving worlds
[20:31:18] [Server thread/INFO]: Saving chunks for level 'ServerLevel[world]'/minecraft:overworld
[20:31:36] [Server thread/INFO]: Saving chunks for level 'ServerLevel[world_the_end]'/minecraft:the_end
[20:31:36] [Server thread/INFO]: Saving chunks for level 'ServerLevel[world_nether]'/minecraft:the_nether
[20:31:36] [Server thread/INFO]: ThreadedAnvilChunkStorage (world): All chunks are saved
[20:31:36] [Server thread/INFO]: ThreadedAnvilChunkStorage (DIM1): All chunks are saved
[20:31:36] [Server thread/INFO]: ThreadedAnvilChunkStorage (DIM-1): All chunks are saved
[20:31:36] [Server thread/INFO]: ThreadedAnvilChunkStorage: All dimensions are saved
