[12:12:41] [ServerMain/INFO]: Environment: authHost='https://authserver.mojang.com', accountsHost='https://api.mojang.com', sessionHost='https://sessionserver.mojang.com', servicesHost='https://api.minecraftservices.com', name='PROD'
[12:12:48] [Worker-Main-8/INFO]: Loaded 7 recipes
[12:12:53] [Server thread/INFO]: Starting minecraft server version 1.18.2
[12:12:53] [Server thread/INFO]: Loading properties
[12:12:54] [Server thread/INFO]: This server is running CraftBukkit version 3491-Spigot-b081915-95d233d (MC: 1.18.2) (Implementing API version 1.18.2-R0.1-SNAPSHOT)
[12:12:54] [Server thread/INFO]: Debug logging is disabled
[12:12:54] [Server thread/INFO]: Server Ping Player Sample Count: 12
[12:12:54] [Server thread/INFO]: Using 4 threads for Netty based IO
[12:12:54] [Server thread/INFO]: Default game type: SURVIVAL
[12:12:54] [Server thread/INFO]: Generating keypair
[12:12:55] [Server thread/INFO]: Starting Minecraft server on 88.99.11.184:25565
[12:12:55] [Server thread/INFO]: Using epoll channel type
[12:12:57] [Server thread/WARN]: Initializing Legacy Material Support. Unless you have legacy plugins and/or data this is a bug!
[12:13:07] [Server thread/WARN]: Legacy plugin SimpleTpa v6.0 does not specify an api-version.
[12:13:07] [Server thread/INFO]: [SimpleTpa] Loading SimpleTpa v6.0
[12:13:07] [Server thread/INFO]: [LuckPerms] Loading LuckPerms v5.4.25
[12:13:08] [Server thread/INFO]: [OpenInv] Loading OpenInv v4.1.10
[12:13:08] [Server thread/INFO]: [VeinMiner] Loading VeinMiner v1.17.10
[12:13:08] [Server thread/INFO]: [ProtocolLib] Loading ProtocolLib v4.8.0
[12:13:14] [Server thread/INFO]: [Orebfuscator] Loading Orebfuscator v5.2.6
[12:13:14] [Server thread/INFO]: [SuperVanish] Loading SuperVanish v6.2.7
[12:13:14] [Server thread/INFO]: [LuckPerms] Enabling LuckPerms v5.4.25
[12:13:16] [Server thread/INFO]: [0;36;1m       [0;36;22m __    [m
[12:13:16] [Server thread/INFO]: [0;36;1m  |    [0;36;22m|__)   [0;32;22mLuckPerms[m [0;36;1mv5.4.25[m
[12:13:16] [Server thread/INFO]: [0;36;1m  |___ [0;36;22m|      [0;30;1mRunning on Bukkit - CraftBukkit[m
[12:13:16] [Server thread/INFO]: [m
[12:13:16] [Server thread/INFO]: [LuckPerms] Loading configuration...
[12:13:17] [Server thread/INFO]: [LuckPerms] Loading storage provider... [H2]
[12:13:19] [Server thread/INFO]: [LuckPerms] Loading internal permission managers...
[12:13:19] [Server thread/INFO]: [LuckPerms] Performing initial data load...
[12:13:20] [Server thread/INFO]: [LuckPerms] Successfully enabled. (took 5863ms)
[12:13:20] [Server thread/INFO]: [ProtocolLib] Enabling ProtocolLib v4.8.0
[12:13:20] [Server thread/INFO]: [ProtocolLib] Started structure compiler thread.
[12:13:20] [Server thread/INFO]: Preparing level "world"
[12:13:22] [Server thread/INFO]: -------- World Settings For [world] --------
[12:13:22] [Server thread/INFO]: Entity Activation Range: An 32 / Mo 32 / Ra 48 / Mi 16 / Tiv true / Isa false
[12:13:22] [Server thread/INFO]: Entity Tracking Range: Pl 48 / An 48 / Mo 48 / Mi 32 / Other 64
[12:13:22] [Server thread/INFO]: Hopper Transfer: 8 Hopper Check: 1 Hopper Amount: 1
[12:13:22] [Server thread/INFO]: Custom Map Seeds:  Village: 10387312 Desert: 14357617 Igloo: 14357618 Jungle: 14357619 Swamp: 14357620 Monument: 10387313 Ocean: 14357621 Shipwreck: 165745295 End City: 10387313 Slime: 987234911 Nether: 30084232 Mansion: 10387319 Fossil: 14357921 Portal: 34222645
[12:13:22] [Server thread/INFO]: Experience Merge Radius: 3.0
[12:13:22] [Server thread/INFO]: Mob Spawn Range: 6
[12:13:22] [Server thread/INFO]: Cactus Growth Modifier: 100%
[12:13:22] [Server thread/INFO]: Cane Growth Modifier: 100%
[12:13:22] [Server thread/INFO]: Melon Growth Modifier: 100%
[12:13:22] [Server thread/INFO]: Mushroom Growth Modifier: 100%
[12:13:22] [Server thread/INFO]: Pumpkin Growth Modifier: 100%
[12:13:22] [Server thread/INFO]: Sapling Growth Modifier: 100%
[12:13:22] [Server thread/INFO]: Beetroot Growth Modifier: 100%
[12:13:22] [Server thread/INFO]: Carrot Growth Modifier: 100%
[12:13:22] [Server thread/INFO]: Potato Growth Modifier: 100%
[12:13:22] [Server thread/INFO]: Wheat Growth Modifier: 100%
[12:13:22] [Server thread/INFO]: NetherWart Growth Modifier: 100%
[12:13:22] [Server thread/INFO]: Vine Growth Modifier: 100%
[12:13:22] [Server thread/INFO]: Cocoa Growth Modifier: 100%
[12:13:22] [Server thread/INFO]: Bamboo Growth Modifier: 100%
[12:13:22] [Server thread/INFO]: SweetBerry Growth Modifier: 100%
[12:13:22] [Server thread/INFO]: Kelp Growth Modifier: 100%
[12:13:22] [Server thread/INFO]: Max TNT Explosions: 100
[12:13:22] [Server thread/INFO]: Tile Max Tick Time: 50ms Entity max Tick Time: 50ms
[12:13:22] [Server thread/INFO]: Item Despawn Rate: 6000
[12:13:22] [Server thread/INFO]: Item Merge Radius: 2.5
[12:13:22] [Server thread/INFO]: View Distance: 10
[12:13:22] [Server thread/INFO]: Simulation Distance: 10
[12:13:22] [Server thread/INFO]: Allow Zombie Pigmen to spawn from portal blocks: true
[12:13:22] [Server thread/INFO]: Arrow Despawn Rate: 1200 Trident Respawn Rate:1200
[12:13:22] [Server thread/INFO]: Zombie Aggressive Towards Villager: true
[12:13:22] [Server thread/INFO]: Nerfing mobs spawned from spawners: false
[12:13:23] [Server thread/INFO]: -------- World Settings For [world_nether] --------
[12:13:23] [Server thread/INFO]: Entity Activation Range: An 32 / Mo 32 / Ra 48 / Mi 16 / Tiv true / Isa false
[12:13:23] [Server thread/INFO]: Entity Tracking Range: Pl 48 / An 48 / Mo 48 / Mi 32 / Other 64
[12:13:23] [Server thread/INFO]: Hopper Transfer: 8 Hopper Check: 1 Hopper Amount: 1
[12:13:23] [Server thread/INFO]: Custom Map Seeds:  Village: 10387312 Desert: 14357617 Igloo: 14357618 Jungle: 14357619 Swamp: 14357620 Monument: 10387313 Ocean: 14357621 Shipwreck: 165745295 End City: 10387313 Slime: 987234911 Nether: 30084232 Mansion: 10387319 Fossil: 14357921 Portal: 34222645
[12:13:23] [Server thread/INFO]: Experience Merge Radius: 3.0
[12:13:23] [Server thread/INFO]: Mob Spawn Range: 6
[12:13:23] [Server thread/INFO]: Cactus Growth Modifier: 100%
[12:13:23] [Server thread/INFO]: Cane Growth Modifier: 100%
[12:13:23] [Server thread/INFO]: Melon Growth Modifier: 100%
[12:13:23] [Server thread/INFO]: Mushroom Growth Modifier: 100%
[12:13:23] [Server thread/INFO]: Pumpkin Growth Modifier: 100%
[12:13:23] [Server thread/INFO]: Sapling Growth Modifier: 100%
[12:13:23] [Server thread/INFO]: Beetroot Growth Modifier: 100%
[12:13:23] [Server thread/INFO]: Carrot Growth Modifier: 100%
[12:13:23] [Server thread/INFO]: Potato Growth Modifier: 100%
[12:13:23] [Server thread/INFO]: Wheat Growth Modifier: 100%
[12:13:23] [Server thread/INFO]: NetherWart Growth Modifier: 100%
[12:13:23] [Server thread/INFO]: Vine Growth Modifier: 100%
[12:13:23] [Server thread/INFO]: Cocoa Growth Modifier: 100%
[12:13:23] [Server thread/INFO]: Bamboo Growth Modifier: 100%
[12:13:23] [Server thread/INFO]: SweetBerry Growth Modifier: 100%
[12:13:23] [Server thread/INFO]: Kelp Growth Modifier: 100%
[12:13:23] [Server thread/INFO]: Max TNT Explosions: 100
[12:13:23] [Server thread/INFO]: Tile Max Tick Time: 50ms Entity max Tick Time: 50ms
[12:13:23] [Server thread/INFO]: Item Despawn Rate: 6000
[12:13:23] [Server thread/INFO]: Item Merge Radius: 2.5
[12:13:23] [Server thread/INFO]: View Distance: 10
[12:13:23] [Server thread/INFO]: Simulation Distance: 10
[12:13:23] [Server thread/INFO]: Allow Zombie Pigmen to spawn from portal blocks: true
[12:13:23] [Server thread/INFO]: Arrow Despawn Rate: 1200 Trident Respawn Rate:1200
[12:13:23] [Server thread/INFO]: Zombie Aggressive Towards Villager: true
[12:13:23] [Server thread/INFO]: Nerfing mobs spawned from spawners: false
[12:13:23] [Server thread/INFO]: -------- World Settings For [world_the_end] --------
[12:13:23] [Server thread/INFO]: Entity Activation Range: An 32 / Mo 32 / Ra 48 / Mi 16 / Tiv true / Isa false
[12:13:23] [Server thread/INFO]: Entity Tracking Range: Pl 48 / An 48 / Mo 48 / Mi 32 / Other 64
[12:13:23] [Server thread/INFO]: Hopper Transfer: 8 Hopper Check: 1 Hopper Amount: 1
[12:13:23] [Server thread/INFO]: Custom Map Seeds:  Village: 10387312 Desert: 14357617 Igloo: 14357618 Jungle: 14357619 Swamp: 14357620 Monument: 10387313 Ocean: 14357621 Shipwreck: 165745295 End City: 10387313 Slime: 987234911 Nether: 30084232 Mansion: 10387319 Fossil: 14357921 Portal: 34222645
[12:13:23] [Server thread/INFO]: Experience Merge Radius: 3.0
[12:13:23] [Server thread/INFO]: Mob Spawn Range: 6
[12:13:23] [Server thread/INFO]: Cactus Growth Modifier: 100%
[12:13:23] [Server thread/INFO]: Cane Growth Modifier: 100%
[12:13:23] [Server thread/INFO]: Melon Growth Modifier: 100%
[12:13:23] [Server thread/INFO]: Mushroom Growth Modifier: 100%
[12:13:23] [Server thread/INFO]: Pumpkin Growth Modifier: 100%
[12:13:23] [Server thread/INFO]: Sapling Growth Modifier: 100%
[12:13:23] [Server thread/INFO]: Beetroot Growth Modifier: 100%
[12:13:23] [Server thread/INFO]: Carrot Growth Modifier: 100%
[12:13:23] [Server thread/INFO]: Potato Growth Modifier: 100%
[12:13:23] [Server thread/INFO]: Wheat Growth Modifier: 100%
[12:13:23] [Server thread/INFO]: NetherWart Growth Modifier: 100%
[12:13:23] [Server thread/INFO]: Vine Growth Modifier: 100%
[12:13:23] [Server thread/INFO]: Cocoa Growth Modifier: 100%
[12:13:23] [Server thread/INFO]: Bamboo Growth Modifier: 100%
[12:13:24] [Server thread/INFO]: SweetBerry Growth Modifier: 100%
[12:13:24] [Server thread/INFO]: Kelp Growth Modifier: 100%
[12:13:24] [Server thread/INFO]: Max TNT Explosions: 100
[12:13:24] [Server thread/INFO]: Tile Max Tick Time: 50ms Entity max Tick Time: 50ms
[12:13:24] [Server thread/INFO]: Item Despawn Rate: 6000
[12:13:24] [Server thread/INFO]: Item Merge Radius: 2.5
[12:13:24] [Server thread/INFO]: View Distance: 10
[12:13:24] [Server thread/INFO]: Simulation Distance: 10
[12:13:24] [Server thread/INFO]: Allow Zombie Pigmen to spawn from portal blocks: true
[12:13:24] [Server thread/INFO]: Arrow Despawn Rate: 1200 Trident Respawn Rate:1200
[12:13:24] [Server thread/INFO]: Zombie Aggressive Towards Villager: true
[12:13:24] [Server thread/INFO]: Nerfing mobs spawned from spawners: false
[12:13:24] [Server thread/INFO]: Preparing start region for dimension minecraft:overworld
[12:13:26] [Worker-Main-9/INFO]: Preparing spawn area: 0%
[12:13:27] [Worker-Main-7/INFO]: Preparing spawn area: 0%
[12:13:27] [Worker-Main-6/INFO]: Preparing spawn area: 0%
[12:13:27] [Worker-Main-7/INFO]: Preparing spawn area: 0%
[12:13:27] [Worker-Main-7/INFO]: Preparing spawn area: 0%
[12:13:27] [Worker-Main-7/INFO]: Preparing spawn area: 0%
[12:13:27] [Worker-Main-6/INFO]: Preparing spawn area: 0%
[12:13:27] [Worker-Main-6/INFO]: Preparing spawn area: 0%
[12:13:28] [Worker-Main-9/INFO]: Preparing spawn area: 0%
[12:13:28] [Worker-Main-10/INFO]: Preparing spawn area: 0%
[12:13:29] [Worker-Main-9/INFO]: Preparing spawn area: 0%
[12:13:29] [Worker-Main-6/INFO]: Preparing spawn area: 0%
[12:13:30] [Worker-Main-9/INFO]: Preparing spawn area: 0%
[12:13:30] [Worker-Main-6/INFO]: Preparing spawn area: 0%
[12:13:31] [Worker-Main-7/INFO]: Preparing spawn area: 0%
[12:13:31] [Worker-Main-6/INFO]: Preparing spawn area: 0%
[12:13:32] [Worker-Main-7/INFO]: Preparing spawn area: 0%
[12:13:32] [Worker-Main-6/INFO]: Preparing spawn area: 0%
[12:13:33] [Worker-Main-10/INFO]: Preparing spawn area: 0%
[12:13:33] [Worker-Main-9/INFO]: Preparing spawn area: 0%
[12:13:34] [Worker-Main-9/INFO]: Preparing spawn area: 0%
[12:13:34] [Worker-Main-7/INFO]: Preparing spawn area: 0%
[12:13:35] [Worker-Main-10/INFO]: Preparing spawn area: 0%
[12:13:35] [Worker-Main-10/INFO]: Preparing spawn area: 1%
[12:13:36] [Worker-Main-9/INFO]: Preparing spawn area: 4%
[12:13:36] [Worker-Main-7/INFO]: Preparing spawn area: 4%
[12:13:37] [Worker-Main-9/INFO]: Preparing spawn area: 4%
[12:13:37] [Worker-Main-6/INFO]: Preparing spawn area: 5%
[12:13:38] [Worker-Main-6/INFO]: Preparing spawn area: 7%
[12:13:38] [Worker-Main-10/INFO]: Preparing spawn area: 10%
[12:13:39] [Worker-Main-7/INFO]: Preparing spawn area: 11%
[12:13:39] [Worker-Main-8/INFO]: Preparing spawn area: 11%
[12:13:40] [Worker-Main-9/INFO]: Preparing spawn area: 13%
[12:13:40] [Worker-Main-9/INFO]: Preparing spawn area: 19%
[12:13:41] [Worker-Main-6/INFO]: Preparing spawn area: 20%
[12:13:41] [Worker-Main-7/INFO]: Preparing spawn area: 22%
[12:13:42] [Worker-Main-9/INFO]: Preparing spawn area: 24%
[12:13:42] [Worker-Main-7/INFO]: Preparing spawn area: 27%
[12:13:43] [Worker-Main-7/INFO]: Preparing spawn area: 33%
[12:13:43] [Worker-Main-7/INFO]: Preparing spawn area: 36%
[12:13:44] [Worker-Main-6/INFO]: Preparing spawn area: 43%
[12:13:44] [Worker-Main-10/INFO]: Preparing spawn area: 59%
[12:13:45] [Worker-Main-8/INFO]: Preparing spawn area: 81%
[12:13:45] [Worker-Main-10/INFO]: Preparing spawn area: 96%
[12:13:46] [Server thread/INFO]: Time elapsed: 22231 ms
[12:13:46] [Server thread/INFO]: Preparing start region for dimension minecraft:the_nether
[12:13:47] [Worker-Main-10/INFO]: Preparing spawn area: 0%
[12:13:47] [Worker-Main-10/INFO]: Preparing spawn area: 0%
[12:13:47] [Worker-Main-8/INFO]: Preparing spawn area: 0%
[12:13:48] [Worker-Main-6/INFO]: Preparing spawn area: 0%
[12:13:48] [Worker-Main-8/INFO]: Preparing spawn area: 0%
[12:13:48] [Worker-Main-10/INFO]: Preparing spawn area: 0%
[12:13:49] [Worker-Main-6/INFO]: Preparing spawn area: 0%
[12:13:49] [Worker-Main-6/INFO]: Preparing spawn area: 0%
[12:13:50] [Worker-Main-7/INFO]: Preparing spawn area: 0%
[12:13:50] [Worker-Main-7/INFO]: Preparing spawn area: 4%
[12:13:51] [Worker-Main-10/INFO]: Preparing spawn area: 4%
[12:13:51] [Worker-Main-6/INFO]: Preparing spawn area: 14%
[12:13:52] [Worker-Main-7/INFO]: Preparing spawn area: 23%
[12:13:52] [Worker-Main-6/INFO]: Preparing spawn area: 33%
[12:13:53] [Worker-Main-10/INFO]: Preparing spawn area: 55%
[12:13:53] [Worker-Main-10/INFO]: Preparing spawn area: 83%
[12:13:54] [Server thread/INFO]: Time elapsed: 8231 ms
[12:13:54] [Server thread/INFO]: Preparing start region for dimension minecraft:the_end
[12:13:56] [Worker-Main-7/INFO]: Preparing spawn area: 0%
[12:13:56] [Worker-Main-6/INFO]: Preparing spawn area: 0%
[12:13:56] [Worker-Main-8/INFO]: Preparing spawn area: 0%
[12:13:56] [Worker-Main-9/INFO]: Preparing spawn area: 0%
[12:13:56] [Worker-Main-6/INFO]: Preparing spawn area: 0%
[12:13:57] [Worker-Main-6/INFO]: Preparing spawn area: 1%
[12:13:57] [Worker-Main-7/INFO]: Preparing spawn area: 4%
[12:13:58] [Worker-Main-7/INFO]: Preparing spawn area: 7%
[12:13:58] [Worker-Main-6/INFO]: Preparing spawn area: 22%
[12:13:59] [Worker-Main-6/INFO]: Preparing spawn area: 61%
[12:13:59] [Worker-Main-7/INFO]: Preparing spawn area: 98%
[12:14:00] [Server thread/INFO]: Time elapsed: 5327 ms
[12:14:00] [Server thread/INFO]: [SimpleTpa] Enabling SimpleTpa v6.0
[12:14:00] [Server thread/INFO]: [0;33;1m[21m[SimpleTpa] If you need support contact me at https://discord.gg/SZUkza9[m
[12:14:00] [Server thread/INFO]: [0;33;1m[21m[SimpleTpa] Simple Tpa has been enabled on version 6.0[m
[12:14:00] [Server thread/INFO]: Enabled metrics. You may opt-out by changing plugins/bStats/config.yml
[12:14:00] [Server thread/INFO]: [OpenInv] Enabling OpenInv v4.1.10
[12:14:00] [Server thread/INFO]: [VeinMiner] Enabling VeinMiner v1.17.10
[12:14:00] [Server thread/INFO]: [VeinMiner] Registering events
[12:14:00] [Server thread/INFO]: [VeinMiner] Registering commands
[12:14:00] [Server thread/INFO]: [VeinMiner] Vault not found. Economy support suspended
[12:14:00] [Server thread/INFO]: [VeinMiner] Enabling Plugin Metrics
[12:14:00] [Server thread/INFO]: [VeinMiner] Thanks for enabling Metrics! The anonymous stats are appreciated
[12:14:00] [Server thread/INFO]: [VeinMiner] Loading configuration options to local memory
[12:14:01] [Server thread/INFO]: [VeinMiner] Performing an update check!
[12:14:01] [Server thread/INFO]: [Orebfuscator] Enabling Orebfuscator v5.2.6
[12:14:01] [ForkJoinPool.commonPool-worker-1/INFO]: [VeinMiner] Your version of VeinMiner (1.17.10) is up to date!
[12:14:01] [Server thread/INFO]: [SuperVanish] Enabling SuperVanish v6.2.7
[12:14:01] [Server thread/INFO]: Server permissions file permissions.yml is empty, ignoring it
[12:14:01] [Server thread/INFO]: Done (41.404s)! For help, type "help"
[13:41:40] [User Authenticator #1/INFO]: UUID of player MiltonGrande7 is 16666028-dd41-4b8b-867d-21f4af84b97d
[13:41:41] [Server thread/INFO]: MiltonGrande7[/83.233.244.147:2849] logged in with entity id 260 at ([world]-69.30000001192093, 32.99764344362706, -1.3349322908601742)
[13:43:10] [Server thread/INFO]: MiltonGrande7 lost connection: Disconnected
[13:43:10] [Server thread/INFO]: MiltonGrande7 left the game
[13:43:47] [User Authenticator #2/INFO]: UUID of player MiltonGrande7 is 16666028-dd41-4b8b-867d-21f4af84b97d
[13:43:47] [Server thread/INFO]: MiltonGrande7[/83.233.244.147:2887] logged in with entity id 413 at ([world]-70.04118264140851, -8.655569337184481, -1.4163479695866956)
[13:43:54] [Server thread/INFO]: MiltonGrande7 lost connection: Disconnected
[13:43:54] [Server thread/INFO]: MiltonGrande7 left the game
[13:44:02] [Server thread/INFO]: com.mojang.authlib.GameProfile@5f01ca5c[id=<null>,name=MiltonGrande7,properties={},legacy=false] (/83.233.244.147:2899) lost connection: Disconnected
[13:44:04] [User Authenticator #3/INFO]: UUID of player MiltonGrande7 is 16666028-dd41-4b8b-867d-21f4af84b97d
[13:44:05] [Server thread/INFO]: MiltonGrande7[/83.233.244.147:2900] logged in with entity id 474 at ([world]-70.04118264140851, -39.0, -1.4163479695866956)
[13:44:08] [Server thread/INFO]: MiltonGrande7 issued server command: /gamemode survival
[13:44:10] [Server thread/INFO]: MiltonGrande7 lost connection: Disconnected
[13:44:10] [Server thread/INFO]: MiltonGrande7 left the game
[13:44:53] [User Authenticator #4/INFO]: UUID of player MiltonGrande7 is 16666028-dd41-4b8b-867d-21f4af84b97d
[13:44:53] [Server thread/INFO]: MiltonGrande7[/83.233.244.147:2924] logged in with entity id 521 at ([world]-70.04118264140851, -39.0, -1.4163479695866956)
[13:44:56] [Server thread/INFO]: MiltonGrande7 issued server command: /gamemode spectator
[13:44:56] [Server thread/INFO]: [MiltonGrande7: Set own game mode to Spectator Mode]
[13:46:03] [Server thread/INFO]: MiltonGrande7 issued server command: /gamemode survival
[13:46:03] [Server thread/INFO]: [MiltonGrande7: Set own game mode to Survival Mode]
[13:50:26] [Server thread/INFO]: MiltonGrande7 issued server command: /gamemode creative
[13:50:26] [Server thread/INFO]: [MiltonGrande7: Set own game mode to Creative Mode]
[14:00:28] [Server thread/INFO]: MiltonGrande7 issued server command: /gamemode survival
[14:00:28] [Server thread/INFO]: [MiltonGrande7: Set own game mode to Survival Mode]
[14:03:58] [Server thread/INFO]: MiltonGrande7 issued server command: /gamemode creative
[14:03:58] [Server thread/INFO]: [MiltonGrande7: Set own game mode to Creative Mode]
[14:05:27] [Server thread/INFO]: MiltonGrande7 issued server command: /gamemode survival
[14:05:27] [Server thread/INFO]: [MiltonGrande7: Set own game mode to Survival Mode]
[14:09:35] [Server thread/INFO]: Unknown command. Type "/help" for help.[m
[14:09:38] [Server thread/INFO]: Unknown command. Type "/help" for help.[m
[14:09:46] [Server thread/INFO]: Seed: [8482448984954142307]
[14:09:58] [Server thread/INFO]: Saving the game (this may take a moment!)
[14:09:58] [Server thread/INFO]: Saved the game
[14:10:03] [Async Chat Thread - #0/INFO]: <MiltonGrande7> lol[m
[14:10:07] [Async Chat Thread - #0/INFO]: <MiltonGrande7> oskarr joina[m
[14:10:14] [User Authenticator #5/INFO]: UUID of player NotTheHeroHere is 6435c2b0-db69-4d6b-9182-eb4b0a9ba0fc
[14:10:15] [Server thread/INFO]: NotTheHeroHere[/83.233.246.122:34228] logged in with entity id 3204 at ([world]-69.53690612606425, -25.554178613339587, -1.6229664705445115)
[14:10:29] [Server thread/INFO]: CONSOLE: [0;31;1mPlease note that this command is not supported and may cause issues when using some plugins.[m
[14:10:29] [Server thread/INFO]: CONSOLE: [0;31;1mIf you encounter any issues please use the /stop command to restart your server.[m
[14:10:29] [Server thread/INFO]: Debug logging is disabled
[14:10:29] [Server thread/INFO]: Server Ping Player Sample Count: 12
[14:10:29] [Server thread/INFO]: Using 4 threads for Netty based IO
[14:10:29] [Server thread/INFO]: -------- World Settings For [world] --------
[14:10:29] [Server thread/INFO]: Entity Activation Range: An 32 / Mo 32 / Ra 48 / Mi 16 / Tiv true / Isa false
[14:10:29] [Server thread/INFO]: Entity Tracking Range: Pl 48 / An 48 / Mo 48 / Mi 32 / Other 64
[14:10:29] [Server thread/INFO]: Hopper Transfer: 8 Hopper Check: 1 Hopper Amount: 1
[14:10:29] [Server thread/INFO]: Custom Map Seeds:  Village: 10387312 Desert: 14357617 Igloo: 14357618 Jungle: 14357619 Swamp: 14357620 Monument: 10387313 Ocean: 14357621 Shipwreck: 165745295 End City: 10387313 Slime: 987234911 Nether: 30084232 Mansion: 10387319 Fossil: 14357921 Portal: 34222645
[14:10:29] [Server thread/INFO]: Experience Merge Radius: 3.0
[14:10:29] [Server thread/INFO]: Mob Spawn Range: 6
[14:10:29] [Server thread/INFO]: Cactus Growth Modifier: 100%
[14:10:29] [Server thread/INFO]: Cane Growth Modifier: 100%
[14:10:29] [Server thread/INFO]: Melon Growth Modifier: 100%
[14:10:29] [Server thread/INFO]: Mushroom Growth Modifier: 100%
[14:10:29] [Server thread/INFO]: Pumpkin Growth Modifier: 100%
[14:10:29] [Server thread/INFO]: Sapling Growth Modifier: 100%
[14:10:29] [Server thread/INFO]: Beetroot Growth Modifier: 100%
[14:10:29] [Server thread/INFO]: Carrot Growth Modifier: 100%
[14:10:29] [Server thread/INFO]: Potato Growth Modifier: 100%
[14:10:29] [Server thread/INFO]: Wheat Growth Modifier: 100%
[14:10:29] [Server thread/INFO]: NetherWart Growth Modifier: 100%
[14:10:29] [Server thread/INFO]: Vine Growth Modifier: 100%
[14:10:29] [Server thread/INFO]: Cocoa Growth Modifier: 100%
[14:10:29] [Server thread/INFO]: Bamboo Growth Modifier: 100%
[14:10:29] [Server thread/INFO]: SweetBerry Growth Modifier: 100%
[14:10:29] [Server thread/INFO]: Kelp Growth Modifier: 100%
[14:10:29] [Server thread/INFO]: Max TNT Explosions: 100
[14:10:29] [Server thread/INFO]: Tile Max Tick Time: 50ms Entity max Tick Time: 50ms
[14:10:29] [Server thread/INFO]: Item Despawn Rate: 6000
[14:10:29] [Server thread/INFO]: Item Merge Radius: 2.5
[14:10:29] [Server thread/INFO]: View Distance: 10
[14:10:29] [Server thread/INFO]: Simulation Distance: 10
[14:10:29] [Server thread/INFO]: Allow Zombie Pigmen to spawn from portal blocks: true
[14:10:29] [Server thread/INFO]: Arrow Despawn Rate: 1200 Trident Respawn Rate:1200
[14:10:29] [Server thread/INFO]: Zombie Aggressive Towards Villager: true
[14:10:29] [Server thread/INFO]: Nerfing mobs spawned from spawners: false
[14:10:29] [Server thread/INFO]: -------- World Settings For [world_nether] --------
[14:10:29] [Server thread/INFO]: Entity Activation Range: An 32 / Mo 32 / Ra 48 / Mi 16 / Tiv true / Isa false
[14:10:29] [Server thread/INFO]: Entity Tracking Range: Pl 48 / An 48 / Mo 48 / Mi 32 / Other 64
[14:10:29] [Server thread/INFO]: Hopper Transfer: 8 Hopper Check: 1 Hopper Amount: 1
[14:10:29] [Server thread/INFO]: Custom Map Seeds:  Village: 10387312 Desert: 14357617 Igloo: 14357618 Jungle: 14357619 Swamp: 14357620 Monument: 10387313 Ocean: 14357621 Shipwreck: 165745295 End City: 10387313 Slime: 987234911 Nether: 30084232 Mansion: 10387319 Fossil: 14357921 Portal: 34222645
[14:10:29] [Server thread/INFO]: Experience Merge Radius: 3.0
[14:10:29] [Server thread/INFO]: Mob Spawn Range: 6
[14:10:29] [Server thread/INFO]: Cactus Growth Modifier: 100%
[14:10:29] [Server thread/INFO]: Cane Growth Modifier: 100%
[14:10:29] [Server thread/INFO]: Melon Growth Modifier: 100%
[14:10:29] [Server thread/INFO]: Mushroom Growth Modifier: 100%
[14:10:29] [Server thread/INFO]: Pumpkin Growth Modifier: 100%
[14:10:29] [Server thread/INFO]: Sapling Growth Modifier: 100%
[14:10:29] [Server thread/INFO]: Beetroot Growth Modifier: 100%
[14:10:29] [Server thread/INFO]: Carrot Growth Modifier: 100%
[14:10:29] [Server thread/INFO]: Potato Growth Modifier: 100%
[14:10:29] [Server thread/INFO]: Wheat Growth Modifier: 100%
[14:10:29] [Server thread/INFO]: NetherWart Growth Modifier: 100%
[14:10:29] [Server thread/INFO]: Vine Growth Modifier: 100%
[14:10:29] [Server thread/INFO]: Cocoa Growth Modifier: 100%
[14:10:29] [Server thread/INFO]: Bamboo Growth Modifier: 100%
[14:10:29] [Server thread/INFO]: SweetBerry Growth Modifier: 100%
[14:10:29] [Server thread/INFO]: Kelp Growth Modifier: 100%
[14:10:29] [Server thread/INFO]: Max TNT Explosions: 100
[14:10:29] [Server thread/INFO]: Tile Max Tick Time: 50ms Entity max Tick Time: 50ms
[14:10:29] [Server thread/INFO]: Item Despawn Rate: 6000
[14:10:29] [Server thread/INFO]: Item Merge Radius: 2.5
[14:10:29] [Server thread/INFO]: View Distance: 10
[14:10:29] [Server thread/INFO]: Simulation Distance: 10
[14:10:29] [Server thread/INFO]: Allow Zombie Pigmen to spawn from portal blocks: true
[14:10:29] [Server thread/INFO]: Arrow Despawn Rate: 1200 Trident Respawn Rate:1200
[14:10:29] [Server thread/INFO]: Zombie Aggressive Towards Villager: true
[14:10:29] [Server thread/INFO]: Nerfing mobs spawned from spawners: false
[14:10:29] [Server thread/INFO]: -------- World Settings For [world_the_end] --------
[14:10:29] [Server thread/INFO]: Entity Activation Range: An 32 / Mo 32 / Ra 48 / Mi 16 / Tiv true / Isa false
[14:10:29] [Server thread/INFO]: Entity Tracking Range: Pl 48 / An 48 / Mo 48 / Mi 32 / Other 64
[14:10:29] [Server thread/INFO]: Hopper Transfer: 8 Hopper Check: 1 Hopper Amount: 1
[14:10:29] [Server thread/INFO]: Custom Map Seeds:  Village: 10387312 Desert: 14357617 Igloo: 14357618 Jungle: 14357619 Swamp: 14357620 Monument: 10387313 Ocean: 14357621 Shipwreck: 165745295 End City: 10387313 Slime: 987234911 Nether: 30084232 Mansion: 10387319 Fossil: 14357921 Portal: 34222645
[14:10:29] [Server thread/INFO]: Experience Merge Radius: 3.0
[14:10:29] [Server thread/INFO]: Mob Spawn Range: 6
[14:10:29] [Server thread/INFO]: Cactus Growth Modifier: 100%
[14:10:29] [Server thread/INFO]: Cane Growth Modifier: 100%
[14:10:29] [Server thread/INFO]: Melon Growth Modifier: 100%
[14:10:29] [Server thread/INFO]: Mushroom Growth Modifier: 100%
[14:10:29] [Server thread/INFO]: Pumpkin Growth Modifier: 100%
[14:10:29] [Server thread/INFO]: Sapling Growth Modifier: 100%
[14:10:29] [Server thread/INFO]: Beetroot Growth Modifier: 100%
[14:10:29] [Server thread/INFO]: Carrot Growth Modifier: 100%
[14:10:29] [Server thread/INFO]: Potato Growth Modifier: 100%
[14:10:29] [Server thread/INFO]: Wheat Growth Modifier: 100%
[14:10:29] [Server thread/INFO]: NetherWart Growth Modifier: 100%
[14:10:29] [Server thread/INFO]: Vine Growth Modifier: 100%
[14:10:29] [Server thread/INFO]: Cocoa Growth Modifier: 100%
[14:10:29] [Server thread/INFO]: Bamboo Growth Modifier: 100%
[14:10:29] [Server thread/INFO]: SweetBerry Growth Modifier: 100%
[14:10:29] [Server thread/INFO]: Kelp Growth Modifier: 100%
[14:10:29] [Server thread/INFO]: Max TNT Explosions: 100
[14:10:29] [Server thread/INFO]: Tile Max Tick Time: 50ms Entity max Tick Time: 50ms
[14:10:29] [Server thread/INFO]: Item Despawn Rate: 6000
[14:10:29] [Server thread/INFO]: Item Merge Radius: 2.5
[14:10:29] [Server thread/INFO]: View Distance: 10
[14:10:29] [Server thread/INFO]: Simulation Distance: 10
[14:10:29] [Server thread/INFO]: Allow Zombie Pigmen to spawn from portal blocks: true
[14:10:29] [Server thread/INFO]: Arrow Despawn Rate: 1200 Trident Respawn Rate:1200
[14:10:29] [Server thread/INFO]: Zombie Aggressive Towards Villager: true
[14:10:29] [Server thread/INFO]: Nerfing mobs spawned from spawners: false
[14:10:29] [Server thread/INFO]: [SuperVanish] Disabling SuperVanish v6.2.7
[14:10:29] [Server thread/INFO]: [Orebfuscator] Disabling Orebfuscator v5.2.6
[14:10:30] [Server thread/INFO]: [ProtocolLib] Disabling ProtocolLib v4.8.0
[14:10:30] [Server thread/INFO]: [VeinMiner] Disabling VeinMiner v1.17.10
[14:10:30] [Server thread/INFO]: [VeinMiner] Clearing localized data
[14:10:30] [Server thread/INFO]: [OpenInv] Disabling OpenInv v4.1.10
[14:10:30] [Server thread/INFO]: [LuckPerms] Disabling LuckPerms v5.4.25
[14:10:30] [Server thread/INFO]: [LuckPerms] Starting shutdown process...
[14:10:30] [Server thread/INFO]: [LuckPerms] Closing storage...
[14:10:30] [Server thread/INFO]: [LuckPerms] Goodbye!
[14:10:30] [Server thread/INFO]: [SimpleTpa] Disabling SimpleTpa v6.0
[14:10:30] [Server thread/INFO]: [0;36;1m[21m[SimpleTpa] If you need support contact me at https://discord.gg/SZUkza9[m
[14:10:30] [Server thread/INFO]: [0;36;1m[21m[SimpleTpa] Simple Tpa has been disabled on version 6.0[m
[14:10:31] [Server thread/INFO]: Loaded 7 recipes
[14:10:32] [Server thread/WARN]: Legacy plugin SimpleTpa v6.0 does not specify an api-version.
[14:10:32] [Server thread/INFO]: [SimpleTpa] Loading SimpleTpa v6.0
[14:10:32] [Server thread/INFO]: [LuckPerms] Loading LuckPerms v5.4.25
[14:10:32] [Server thread/INFO]: [OpenInv] Loading OpenInv v4.1.10
[14:10:32] [Server thread/INFO]: [VeinMiner] Loading VeinMiner v1.17.10
[14:10:32] [Server thread/INFO]: [ProtocolLib] Loading ProtocolLib v4.8.0
[14:10:34] [Server thread/INFO]: [Orebfuscator] Loading Orebfuscator v5.2.6
[14:10:34] [Server thread/INFO]: [SuperVanish] Loading SuperVanish v6.2.7
[14:10:34] [Server thread/INFO]: [LuckPerms] Enabling LuckPerms v5.4.25
[14:10:35] [Server thread/INFO]: [0;36;1m       [0;36;22m __    [m
[14:10:35] [Server thread/INFO]: [0;36;1m  |    [0;36;22m|__)   [0;32;22mLuckPerms[m [0;36;1mv5.4.25[m
[14:10:35] [Server thread/INFO]: [0;36;1m  |___ [0;36;22m|      [0;30;1mRunning on Bukkit - CraftBukkit[m
[14:10:35] [Server thread/INFO]: [m
[14:10:35] [Server thread/INFO]: [LuckPerms] Loading configuration...
[14:10:35] [Server thread/INFO]: [LuckPerms] Loading storage provider... [H2]
[14:10:36] [Server thread/INFO]: [LuckPerms] Loading internal permission managers...
[14:10:36] [Server thread/INFO]: [LuckPerms] Performing initial data load...
[14:10:37] [Server thread/INFO]: [LuckPerms] Successfully enabled. (took 2086ms)
[14:10:37] [Server thread/INFO]: [ProtocolLib] Enabling ProtocolLib v4.8.0
[14:10:37] [Server thread/INFO]: [ProtocolLib] Started structure compiler thread.
[14:10:37] [Server thread/INFO]: [SimpleTpa] Enabling SimpleTpa v6.0
[14:10:37] [Server thread/INFO]: [0;33;1m[21m[SimpleTpa] If you need support contact me at https://discord.gg/SZUkza9[m
[14:10:37] [Server thread/INFO]: [0;33;1m[21m[SimpleTpa] Simple Tpa has been enabled on version 6.0[m
[14:10:37] [Server thread/INFO]: Enabled metrics. You may opt-out by changing plugins/bStats/config.yml
[14:10:37] [Server thread/INFO]: [OpenInv] Enabling OpenInv v4.1.10
[14:10:37] [Server thread/INFO]: [VeinMiner] Enabling VeinMiner v1.17.10
[14:10:37] [Server thread/INFO]: [VeinMiner] Registering events
[14:10:37] [Server thread/INFO]: [VeinMiner] Registering commands
[14:10:37] [Server thread/INFO]: [VeinMiner] Vault not found. Economy support suspended
[14:10:37] [Server thread/INFO]: [VeinMiner] Enabling Plugin Metrics
[14:10:37] [Server thread/INFO]: [VeinMiner] Thanks for enabling Metrics! The anonymous stats are appreciated
[14:10:37] [Server thread/INFO]: [VeinMiner] Loading configuration options to local memory
[14:10:37] [Server thread/INFO]: [VeinMiner] Performing an update check!
[14:10:37] [Server thread/INFO]: [Orebfuscator] Enabling Orebfuscator v5.2.6
[14:10:37] [ForkJoinPool.commonPool-worker-2/INFO]: [VeinMiner] Your version of VeinMiner (1.17.10) is up to date!
[14:10:38] [Server thread/INFO]: [SuperVanish] Enabling SuperVanish v6.2.7
[14:10:38] [Server thread/INFO]: Server permissions file permissions.yml is empty, ignoring it
[14:10:38] [Server thread/INFO]: CONSOLE: [0;32;1mReload complete.[m
[14:10:38] [Server thread/WARN]: Can't keep up! Is the server overloaded? Running 9379ms or 187 ticks behind
[14:10:38] [Server thread/WARN]: NotTheHeroHere moved too quickly! 0.4625674594023792,-14.0,-0.40426728106154086
[14:13:48] [Server thread/INFO]: NotTheHeroHere was shot by Skeleton
[14:13:54] [Server thread/INFO]: NotTheHeroHere issued server command: /back
[14:14:32] [Server thread/INFO]: NotTheHeroHere issued server command: /tpa MiltonGrande7
[14:14:36] [Server thread/INFO]: MiltonGrande7 issued server command: /accept
[14:17:19] [Server thread/INFO]: Unknown command. Type "/help" for help.[m
[14:17:20] [Server thread/INFO]: Unknown command. Type "/help" for help.[m
[14:17:20] [Server thread/INFO]: Unknown command. Type "/help" for help.[m
[14:17:20] [Server thread/INFO]: Unknown command. Type "/help" for help.[m
[14:17:20] [Server thread/INFO]: Unknown command. Type "/help" for help.[m
[14:17:20] [Server thread/INFO]: Unknown command. Type "/help" for help.[m
[14:17:20] [Server thread/INFO]: Unknown command. Type "/help" for help.[m
[14:17:20] [Server thread/INFO]: Unknown command. Type "/help" for help.[m
[14:17:21] [Server thread/INFO]: Unknown command. Type "/help" for help.[m
[14:17:21] [Server thread/INFO]: Unknown command. Type "/help" for help.[m
[14:17:21] [Server thread/INFO]: Unknown command. Type "/help" for help.[m
[14:17:21] [Server thread/INFO]: Unknown command. Type "/help" for help.[m
[14:17:21] [Server thread/INFO]: Unknown command. Type "/help" for help.[m
[14:17:22] [Server thread/INFO]: Unknown command. Type "/help" for help.[m
[14:17:22] [Server thread/INFO]: Unknown command. Type "/help" for help.[m
[14:17:22] [Server thread/INFO]: Unknown command. Type "/help" for help.[m
[14:17:22] [Server thread/INFO]: Unknown command. Type "/help" for help.[m
[14:17:22] [Server thread/INFO]: Unknown command. Type "/help" for help.[m
[14:17:22] [Server thread/INFO]: Unknown command. Type "/help" for help.[m
[14:17:22] [Server thread/INFO]: Unknown command. Type "/help" for help.[m
[14:17:22] [Server thread/INFO]: Unknown command. Type "/help" for help.[m
[14:17:23] [Server thread/INFO]: Unknown command. Type "/help" for help.[m
[14:17:23] [Server thread/INFO]: Unknown command. Type "/help" for help.[m
[14:17:47] [Server thread/INFO]: MiltonGrande7 issued server command: /inv NotTheHeroHere
[14:18:00] [Server thread/INFO]: NotTheHeroHere issued server command: /openender MiltonGrande7
[14:18:09] [Server thread/INFO]: MiltonGrande7 issued server command: /inv MiltonGrande7
[14:18:26] [Server thread/INFO]: NotTheHeroHere issued server command: /oi MiltonGrande7
[14:18:26] [Server thread/INFO]: MiltonGrande7 issued server command: /inv MiltonGrande7
[14:18:29] [Server thread/INFO]: NotTheHeroHere issued server command: /oi MiltonGrande7
[14:18:32] [Server thread/INFO]: NotTheHeroHere issued server command: /oi MiltonGrande7
[14:18:36] [Server thread/INFO]: MiltonGrande7 issued server command: /inv MiltonGrande7
[14:18:41] [Server thread/INFO]: NotTheHeroHere issued server command: /oi MiltonGrande7
[14:18:52] [Server thread/INFO]: NotTheHeroHere issued server command: /oi MiltonGrande7
[14:18:59] [Server thread/INFO]: MiltonGrande7 issued server command: /inv NotTheHeroHere
[14:19:33] [Server thread/INFO]: NotTheHeroHere issued server command: /oi MiltonGrande7
[14:20:11] [Server thread/INFO]: MiltonGrande7 lost connection: Disconnected
[14:20:11] [Server thread/INFO]: MiltonGrande7 left the game
[14:20:13] [Server thread/INFO]: NotTheHeroHere issued server command: /oi MiltonGrande7
[14:20:14] [User Authenticator #6/INFO]: UUID of player MiltonGrande7 is 16666028-dd41-4b8b-867d-21f4af84b97d
[14:20:14] [Server thread/INFO]: MiltonGrande7[/83.233.244.147:2652] logged in with entity id 4600 at ([world]-57.30000001192093, 64.0, -5.21737869056738)
[14:20:24] [Server thread/INFO]: MiltonGrande7 lost connection: Disconnected
[14:20:24] [Server thread/INFO]: MiltonGrande7 left the game
[14:20:57] [Server thread/INFO]: CONSOLE: [0;31;1mPlease note that this command is not supported and may cause issues when using some plugins.[m
[14:20:57] [Server thread/INFO]: CONSOLE: [0;31;1mIf you encounter any issues please use the /stop command to restart your server.[m
[14:20:57] [Server thread/INFO]: Debug logging is disabled
[14:20:57] [Server thread/INFO]: Server Ping Player Sample Count: 12
[14:20:57] [Server thread/INFO]: Using 4 threads for Netty based IO
[14:20:57] [Server thread/INFO]: -------- World Settings For [world] --------
[14:20:57] [Server thread/INFO]: Entity Activation Range: An 32 / Mo 32 / Ra 48 / Mi 16 / Tiv true / Isa false
[14:20:57] [Server thread/INFO]: Entity Tracking Range: Pl 48 / An 48 / Mo 48 / Mi 32 / Other 64
[14:20:57] [Server thread/INFO]: Hopper Transfer: 8 Hopper Check: 1 Hopper Amount: 1
[14:20:57] [Server thread/INFO]: Custom Map Seeds:  Village: 10387312 Desert: 14357617 Igloo: 14357618 Jungle: 14357619 Swamp: 14357620 Monument: 10387313 Ocean: 14357621 Shipwreck: 165745295 End City: 10387313 Slime: 987234911 Nether: 30084232 Mansion: 10387319 Fossil: 14357921 Portal: 34222645
[14:20:57] [Server thread/INFO]: Experience Merge Radius: 3.0
[14:20:57] [Server thread/INFO]: Mob Spawn Range: 6
[14:20:57] [Server thread/INFO]: Cactus Growth Modifier: 100%
[14:20:57] [Server thread/INFO]: Cane Growth Modifier: 100%
[14:20:57] [Server thread/INFO]: Melon Growth Modifier: 100%
[14:20:57] [Server thread/INFO]: Mushroom Growth Modifier: 100%
[14:20:57] [Server thread/INFO]: Pumpkin Growth Modifier: 100%
[14:20:57] [Server thread/INFO]: Sapling Growth Modifier: 100%
[14:20:57] [Server thread/INFO]: Beetroot Growth Modifier: 100%
[14:20:57] [Server thread/INFO]: Carrot Growth Modifier: 100%
[14:20:57] [Server thread/INFO]: Potato Growth Modifier: 100%
[14:20:57] [Server thread/INFO]: Wheat Growth Modifier: 100%
[14:20:57] [Server thread/INFO]: NetherWart Growth Modifier: 100%
[14:20:57] [Server thread/INFO]: Vine Growth Modifier: 100%
[14:20:57] [Server thread/INFO]: Cocoa Growth Modifier: 100%
[14:20:57] [Server thread/INFO]: Bamboo Growth Modifier: 100%
[14:20:57] [Server thread/INFO]: SweetBerry Growth Modifier: 100%
[14:20:57] [Server thread/INFO]: Kelp Growth Modifier: 100%
[14:20:57] [Server thread/INFO]: Max TNT Explosions: 100
[14:20:57] [Server thread/INFO]: Tile Max Tick Time: 50ms Entity max Tick Time: 50ms
[14:20:57] [Server thread/INFO]: Item Despawn Rate: 6000
[14:20:57] [Server thread/INFO]: Item Merge Radius: 2.5
[14:20:57] [Server thread/INFO]: View Distance: 10
[14:20:57] [Server thread/INFO]: Simulation Distance: 10
[14:20:57] [Server thread/INFO]: Allow Zombie Pigmen to spawn from portal blocks: true
[14:20:57] [Server thread/INFO]: Arrow Despawn Rate: 1200 Trident Respawn Rate:1200
[14:20:57] [Server thread/INFO]: Zombie Aggressive Towards Villager: true
[14:20:57] [Server thread/INFO]: Nerfing mobs spawned from spawners: false
[14:20:57] [Server thread/INFO]: -------- World Settings For [world_nether] --------
[14:20:57] [Server thread/INFO]: Entity Activation Range: An 32 / Mo 32 / Ra 48 / Mi 16 / Tiv true / Isa false
[14:20:57] [Server thread/INFO]: Entity Tracking Range: Pl 48 / An 48 / Mo 48 / Mi 32 / Other 64
[14:20:57] [Server thread/INFO]: Hopper Transfer: 8 Hopper Check: 1 Hopper Amount: 1
[14:20:57] [Server thread/INFO]: Custom Map Seeds:  Village: 10387312 Desert: 14357617 Igloo: 14357618 Jungle: 14357619 Swamp: 14357620 Monument: 10387313 Ocean: 14357621 Shipwreck: 165745295 End City: 10387313 Slime: 987234911 Nether: 30084232 Mansion: 10387319 Fossil: 14357921 Portal: 34222645
[14:20:57] [Server thread/INFO]: Experience Merge Radius: 3.0
[14:20:57] [Server thread/INFO]: Mob Spawn Range: 6
[14:20:57] [Server thread/INFO]: Cactus Growth Modifier: 100%
[14:20:57] [Server thread/INFO]: Cane Growth Modifier: 100%
[14:20:57] [Server thread/INFO]: Melon Growth Modifier: 100%
[14:20:57] [Server thread/INFO]: Mushroom Growth Modifier: 100%
[14:20:57] [Server thread/INFO]: Pumpkin Growth Modifier: 100%
[14:20:57] [Server thread/INFO]: Sapling Growth Modifier: 100%
[14:20:57] [Server thread/INFO]: Beetroot Growth Modifier: 100%
[14:20:57] [Server thread/INFO]: Carrot Growth Modifier: 100%
[14:20:57] [Server thread/INFO]: Potato Growth Modifier: 100%
[14:20:57] [Server thread/INFO]: Wheat Growth Modifier: 100%
[14:20:57] [Server thread/INFO]: NetherWart Growth Modifier: 100%
[14:20:57] [Server thread/INFO]: Vine Growth Modifier: 100%
[14:20:57] [Server thread/INFO]: Cocoa Growth Modifier: 100%
[14:20:57] [Server thread/INFO]: Bamboo Growth Modifier: 100%
[14:20:57] [Server thread/INFO]: SweetBerry Growth Modifier: 100%
[14:20:57] [Server thread/INFO]: Kelp Growth Modifier: 100%
[14:20:57] [Server thread/INFO]: Max TNT Explosions: 100
[14:20:57] [Server thread/INFO]: Tile Max Tick Time: 50ms Entity max Tick Time: 50ms
[14:20:57] [Server thread/INFO]: Item Despawn Rate: 6000
[14:20:57] [Server thread/INFO]: Item Merge Radius: 2.5
[14:20:57] [Server thread/INFO]: View Distance: 10
[14:20:57] [Server thread/INFO]: Simulation Distance: 10
[14:20:57] [Server thread/INFO]: Allow Zombie Pigmen to spawn from portal blocks: true
[14:20:57] [Server thread/INFO]: Arrow Despawn Rate: 1200 Trident Respawn Rate:1200
[14:20:57] [Server thread/INFO]: Zombie Aggressive Towards Villager: true
[14:20:57] [Server thread/INFO]: Nerfing mobs spawned from spawners: false
[14:20:57] [Server thread/INFO]: -------- World Settings For [world_the_end] --------
[14:20:57] [Server thread/INFO]: Entity Activation Range: An 32 / Mo 32 / Ra 48 / Mi 16 / Tiv true / Isa false
[14:20:57] [Server thread/INFO]: Entity Tracking Range: Pl 48 / An 48 / Mo 48 / Mi 32 / Other 64
[14:20:57] [Server thread/INFO]: Hopper Transfer: 8 Hopper Check: 1 Hopper Amount: 1
[14:20:57] [Server thread/INFO]: Custom Map Seeds:  Village: 10387312 Desert: 14357617 Igloo: 14357618 Jungle: 14357619 Swamp: 14357620 Monument: 10387313 Ocean: 14357621 Shipwreck: 165745295 End City: 10387313 Slime: 987234911 Nether: 30084232 Mansion: 10387319 Fossil: 14357921 Portal: 34222645
[14:20:57] [Server thread/INFO]: Experience Merge Radius: 3.0
[14:20:57] [Server thread/INFO]: Mob Spawn Range: 6
[14:20:57] [Server thread/INFO]: Cactus Growth Modifier: 100%
[14:20:57] [Server thread/INFO]: Cane Growth Modifier: 100%
[14:20:57] [Server thread/INFO]: Melon Growth Modifier: 100%
[14:20:57] [Server thread/INFO]: Mushroom Growth Modifier: 100%
[14:20:57] [Server thread/INFO]: Pumpkin Growth Modifier: 100%
[14:20:57] [Server thread/INFO]: Sapling Growth Modifier: 100%
[14:20:57] [Server thread/INFO]: Beetroot Growth Modifier: 100%
[14:20:57] [Server thread/INFO]: Carrot Growth Modifier: 100%
[14:20:57] [Server thread/INFO]: Potato Growth Modifier: 100%
[14:20:57] [Server thread/INFO]: Wheat Growth Modifier: 100%
[14:20:57] [Server thread/INFO]: NetherWart Growth Modifier: 100%
[14:20:57] [Server thread/INFO]: Vine Growth Modifier: 100%
[14:20:57] [Server thread/INFO]: Cocoa Growth Modifier: 100%
[14:20:57] [Server thread/INFO]: Bamboo Growth Modifier: 100%
[14:20:57] [Server thread/INFO]: SweetBerry Growth Modifier: 100%
[14:20:57] [Server thread/INFO]: Kelp Growth Modifier: 100%
[14:20:57] [Server thread/INFO]: Max TNT Explosions: 100
[14:20:57] [Server thread/INFO]: Tile Max Tick Time: 50ms Entity max Tick Time: 50ms
[14:20:57] [Server thread/INFO]: Item Despawn Rate: 6000
[14:20:57] [Server thread/INFO]: Item Merge Radius: 2.5
[14:20:57] [Server thread/INFO]: View Distance: 10
[14:20:57] [Server thread/INFO]: Simulation Distance: 10
[14:20:57] [Server thread/INFO]: Allow Zombie Pigmen to spawn from portal blocks: true
[14:20:57] [Server thread/INFO]: Arrow Despawn Rate: 1200 Trident Respawn Rate:1200
[14:20:57] [Server thread/INFO]: Zombie Aggressive Towards Villager: true
[14:20:57] [Server thread/INFO]: Nerfing mobs spawned from spawners: false
[14:20:57] [Server thread/INFO]: [SuperVanish] Disabling SuperVanish v6.2.7
[14:20:57] [Server thread/INFO]: [Orebfuscator] Disabling Orebfuscator v5.2.6
[14:20:57] [Server thread/INFO]: [ProtocolLib] Disabling ProtocolLib v4.8.0
[14:20:57] [Server thread/INFO]: [VeinMiner] Disabling VeinMiner v1.17.10
[14:20:57] [Server thread/INFO]: [VeinMiner] Clearing localized data
[14:20:57] [Server thread/INFO]: [OpenInv] Disabling OpenInv v4.1.10
[14:20:57] [Server thread/INFO]: [LuckPerms] Disabling LuckPerms v5.4.25
[14:20:57] [Server thread/INFO]: [LuckPerms] Starting shutdown process...
[14:20:57] [Server thread/INFO]: [LuckPerms] Closing storage...
[14:20:58] [Server thread/INFO]: [LuckPerms] Goodbye!
[14:20:58] [Server thread/INFO]: [SimpleTpa] Disabling SimpleTpa v6.0
[14:20:58] [Server thread/INFO]: [0;36;1m[21m[SimpleTpa] If you need support contact me at https://discord.gg/SZUkza9[m
[14:20:58] [Server thread/INFO]: [0;36;1m[21m[SimpleTpa] Simple Tpa has been disabled on version 6.0[m
[14:20:58] [Server thread/INFO]: Loaded 7 recipes
[14:20:59] [Server thread/WARN]: Legacy plugin SimpleTpa v6.0 does not specify an api-version.
[14:20:59] [Server thread/INFO]: [SimpleTpa] Loading SimpleTpa v6.0
[14:20:59] [Server thread/INFO]: [LuckPerms] Loading LuckPerms v5.4.25
[14:20:59] [Server thread/INFO]: [OpenInv] Loading OpenInv v4.1.10
[14:20:59] [Server thread/INFO]: [VeinMiner] Loading VeinMiner v1.17.10
[14:20:59] [Server thread/INFO]: [ProtocolLib] Loading ProtocolLib v4.8.0
[14:21:01] [Server thread/INFO]: [Orebfuscator] Loading Orebfuscator v5.2.6
[14:21:01] [Server thread/INFO]: [SuperVanish] Loading SuperVanish v6.2.7
[14:21:01] [Server thread/INFO]: [LuckPerms] Enabling LuckPerms v5.4.25
[14:21:01] [Server thread/INFO]: [0;36;1m       [0;36;22m __    [m
[14:21:01] [Server thread/INFO]: [0;36;1m  |    [0;36;22m|__)   [0;32;22mLuckPerms[m [0;36;1mv5.4.25[m
[14:21:01] [Server thread/INFO]: [0;36;1m  |___ [0;36;22m|      [0;30;1mRunning on Bukkit - CraftBukkit[m
[14:21:01] [Server thread/INFO]: [m
[14:21:01] [Server thread/INFO]: [LuckPerms] Loading configuration...
[14:21:02] [Server thread/INFO]: [LuckPerms] Loading storage provider... [H2]
[14:21:03] [Server thread/INFO]: [LuckPerms] Loading internal permission managers...
[14:21:03] [Server thread/INFO]: [LuckPerms] Performing initial data load...
[14:21:03] [Server thread/INFO]: [LuckPerms] Successfully enabled. (took 2857ms)
[14:21:03] [Server thread/INFO]: [ProtocolLib] Enabling ProtocolLib v4.8.0
[14:21:03] [Server thread/INFO]: [ProtocolLib] Started structure compiler thread.
[14:21:04] [Server thread/INFO]: [SimpleTpa] Enabling SimpleTpa v6.0
[14:21:04] [Server thread/INFO]: [0;33;1m[21m[SimpleTpa] If you need support contact me at https://discord.gg/SZUkza9[m
[14:21:04] [Server thread/INFO]: [0;33;1m[21m[SimpleTpa] Simple Tpa has been enabled on version 6.0[m
[14:21:04] [Server thread/INFO]: Enabled metrics. You may opt-out by changing plugins/bStats/config.yml
[14:21:04] [Server thread/INFO]: [OpenInv] Enabling OpenInv v4.1.10
[14:21:04] [Server thread/INFO]: [VeinMiner] Enabling VeinMiner v1.17.10
[14:21:04] [Server thread/INFO]: [VeinMiner] Registering events
[14:21:04] [Server thread/INFO]: [VeinMiner] Registering commands
[14:21:04] [Server thread/INFO]: [VeinMiner] Vault not found. Economy support suspended
[14:21:04] [Server thread/INFO]: [VeinMiner] Enabling Plugin Metrics
[14:21:04] [Server thread/INFO]: [VeinMiner] Thanks for enabling Metrics! The anonymous stats are appreciated
[14:21:04] [Server thread/INFO]: [VeinMiner] Loading configuration options to local memory
[14:21:04] [Server thread/INFO]: [VeinMiner] Performing an update check!
[14:21:04] [Server thread/INFO]: [Orebfuscator] Enabling Orebfuscator v5.2.6
[14:21:04] [ForkJoinPool.commonPool-worker-3/INFO]: [VeinMiner] Your version of VeinMiner (1.17.10) is up to date!
[14:21:05] [Server thread/INFO]: [SuperVanish] Enabling SuperVanish v6.2.7
[14:21:05] [Server thread/INFO]: Server permissions file permissions.yml is empty, ignoring it
[14:21:05] [Server thread/INFO]: CONSOLE: [0;32;1mReload complete.[m
[14:21:05] [Server thread/WARN]: Can't keep up! Is the server overloaded? Running 8079ms or 161 ticks behind
[14:21:36] [User Authenticator #7/INFO]: UUID of player MiltonGrande7 is 16666028-dd41-4b8b-867d-21f4af84b97d
[14:21:36] [Server thread/INFO]: MiltonGrande7[/83.233.244.147:2699] logged in with entity id 4709 at ([world]-57.30000001192093, 64.0, -5.21737869056738)
[14:21:49] [Server thread/INFO]: NotTheHeroHere issued server command: /oi MiltonGrande7
[14:22:00] [Server thread/INFO]: MiltonGrande7 issued server command: /inv NotTheHeroHere
[14:22:47] [Server thread/INFO]: MiltonGrande7 lost connection: Disconnected
[14:22:47] [Server thread/INFO]: MiltonGrande7 left the game
[14:23:16] [User Authenticator #8/INFO]: UUID of player MiltonGrande7 is 16666028-dd41-4b8b-867d-21f4af84b97d
[14:23:16] [Server thread/INFO]: MiltonGrande7[/83.233.244.147:2725] logged in with entity id 4860 at ([world]-57.30000001192093, 64.0, -5.21737869056738)
[14:23:18] [Server thread/INFO]: NotTheHeroHere issued server command: /oi MiltonGrande7
[14:23:23] [Server thread/INFO]: MiltonGrande7 lost connection: Disconnected
[14:23:23] [Server thread/INFO]: MiltonGrande7 left the game
[14:23:25] [Server thread/INFO]: NotTheHeroHere issued server command: /oi MiltonGrande7
[14:23:34] [Server thread/INFO]: NotTheHeroHere issued server command: /oi MiltonGrande7
[14:23:45] [Server thread/INFO]: NotTheHeroHere issued server command: /oi MiltonGrande7
[14:23:54] [Server thread/INFO]: NotTheHeroHere issued server command: /oi MiltonGrande7
[14:25:50] [User Authenticator #9/INFO]: UUID of player MiltonGrande7 is 16666028-dd41-4b8b-867d-21f4af84b97d
[14:25:50] [Server thread/INFO]: MiltonGrande7[/83.233.244.147:2756] logged in with entity id 5075 at ([world]-57.30000001192093, 64.0, -5.21737869056738)
[14:26:13] [Server thread/INFO]: MiltonGrande7 issued server command: /inv NotTheHeroHere
[14:27:04] [Server thread/INFO]: NotTheHeroHere issued server command: /oi MiltonGrande7
[14:27:23] [Server thread/INFO]: NotTheHeroHere has made the advancement [Take Aim]
[14:27:37] [Server thread/INFO]: MiltonGrande7 issued server command: /inv NotTheHeroHere
[14:27:40] [Server thread/INFO]: MiltonGrande7 has made the advancement [Take Aim]
[14:27:56] [Server thread/INFO]: MiltonGrande7 issued server command: /tp MiltonGrande7 NotTheHeroHere
[14:27:56] [Server thread/INFO]: [MiltonGrande7: Teleported MiltonGrande7 to NotTheHeroHere]
[14:27:58] [Server thread/INFO]: NotTheHeroHere was slain by MiltonGrande7
[14:28:03] [Server thread/INFO]: NotTheHeroHere issued server command: /tpa MiltonGrande7
[14:28:07] [Server thread/INFO]: MiltonGrande7 issued server command: /tp NotTheHeroHere MiltonGrande7
[14:28:07] [Server thread/INFO]: [MiltonGrande7: Teleported NotTheHeroHere to MiltonGrande7]
[14:29:14] [Server thread/INFO]: NotTheHeroHere issued server command: /oi MiltonGrande7
[14:29:15] [Server thread/INFO]: MiltonGrande7 issued server command: /effect give MiltonGrande7 minecraft:strength 100 100
[14:29:15] [Server thread/INFO]: [MiltonGrande7: Applied effect Strength to MiltonGrande7]
[14:29:16] [Server thread/INFO]: NotTheHeroHere was slain by MiltonGrande7
[14:29:21] [Server thread/INFO]: MiltonGrande7 issued server command: /tp NotTheHeroHere MiltonGrande7
[14:29:21] [Server thread/INFO]: [MiltonGrande7: Teleported NotTheHeroHere to MiltonGrande7]
[14:29:31] [Server thread/INFO]: MiltonGrande7 issued server command: /tp NotTheHeroHere MiltonGrande7
[14:29:31] [Server thread/INFO]: [MiltonGrande7: Teleported NotTheHeroHere to MiltonGrande7]
[14:29:46] [Server thread/INFO]: MiltonGrande7 issued server command: /tp NotTheHeroHere MiltonGrande7
[14:29:46] [Server thread/INFO]: [MiltonGrande7: Teleported NotTheHeroHere to MiltonGrande7]
[14:29:47] [Server thread/INFO]: NotTheHeroHere was slain by MiltonGrande7
[14:30:11] [Server thread/INFO]: MiltonGrande7 issued server command: /effect clear @a
[14:30:11] [Server thread/INFO]: [MiltonGrande7: Removed every effect from 2 targets]
[14:30:24] [Server thread/INFO]: NotTheHeroHere issued server command: /tp MiltonGrande7
[14:30:24] [Server thread/INFO]: [NotTheHeroHere: Teleported NotTheHeroHere to MiltonGrande7]
[14:30:39] [Server thread/INFO]: MiltonGrande7 issued server command: /inv NotTheHeroHere
[14:32:02] [Server thread/INFO]: NotTheHeroHere issued server command: /give NotTheHeroHere stick{Enchantments:[{Id:sharpness,lvl:255}]}
[14:32:02] [Server thread/INFO]: [NotTheHeroHere: Gave 1 [Stick] to NotTheHeroHere]
[14:32:40] [Server thread/INFO]: NotTheHeroHere issued server command: /give NotTheHeroHere stick{Enchantments:[{id:sharpness,lvl:255}]}
[14:32:40] [Server thread/INFO]: [NotTheHeroHere: Gave 1 [Stick] to NotTheHeroHere]
[14:33:02] [Server thread/INFO]: MiltonGrande7 lost connection: Disconnected
[14:33:02] [Server thread/INFO]: MiltonGrande7 left the game
[14:33:37] [Server thread/INFO]: No player was found
[14:33:37] [Server thread/INFO]: No player was found
[14:33:38] [Server thread/INFO]: No player was found
[14:33:41] [Server thread/INFO]: No player was found
[14:33:47] [Server thread/INFO]: Unknown command. Type "/help" for help.[m
[14:33:49] [Server thread/INFO]: No player was found
[14:33:49] [Server thread/INFO]: No player was found
[14:33:50] [Server thread/INFO]: No player was found
[14:33:50] [Server thread/INFO]: No player was found
[14:33:50] [Server thread/INFO]: No player was found
[14:33:51] [Server thread/INFO]: No player was found
[14:33:51] [Server thread/INFO]: No player was found
[14:33:52] [Server thread/INFO]: No player was found
[14:33:52] [Server thread/INFO]: No player was found
[14:33:53] [Server thread/INFO]: No player was found
[14:33:54] [Server thread/INFO]: No player was found
[14:33:54] [Server thread/INFO]: No player was found
[14:33:55] [Server thread/INFO]: No player was found
[14:33:56] [Server thread/INFO]: No player was found
[14:33:57] [Server thread/INFO]: No player was found
[14:33:57] [Server thread/INFO]: No player was found
[14:33:59] [Server thread/INFO]: No player was found
[14:34:44] [Server thread/INFO]: No player was found
[14:34:44] [Server thread/INFO]: No player was found
[14:35:31] [User Authenticator #10/INFO]: UUID of player MiltonGrande7 is 16666028-dd41-4b8b-867d-21f4af84b97d
[14:35:32] [Server thread/INFO]: MiltonGrande7[/83.233.244.147:2855] logged in with entity id 6663 at ([world]-59.09085703351496, 64.0, -4.568177692501658)
[14:35:39] [Server thread/INFO]: MiltonGrande7 lost connection: You Have been Banned on this server! expires in: Deez Nuts In ur Mouth
[14:35:39] [Server thread/INFO]: MiltonGrande7 left the game.
[14:35:39] [Server thread/INFO]: Kicked MiltonGrande7: You Have been Banned on this server! expires in: Deez Nuts In ur Mouth
[14:35:54] [User Authenticator #11/INFO]: UUID of player MiltonGrande7 is 16666028-dd41-4b8b-867d-21f4af84b97d
[14:35:54] [Server thread/INFO]: MiltonGrande7[/83.233.244.147:2859] logged in with entity id 6718 at ([world]-60.615210745189735, 64.0, -1.0078809711137757)
[14:35:58] [Server thread/INFO]: MiltonGrande7 lost connection: Disconnected
[14:35:58] [Server thread/INFO]: MiltonGrande7 left the game
[14:36:38] [Server thread/INFO]: NotTheHeroHere issued server command: /give NotTheHeroHere stick{Enchantments:[{id:looting,lvl:255}]}
[14:36:38] [Server thread/INFO]: [NotTheHeroHere: Gave 1 [Stick] to NotTheHeroHere]
[14:36:59] [Server thread/INFO]: NotTheHeroHere issued server command: /give NotTheHeroHere minecraft:lava_bucket
[14:36:59] [Server thread/INFO]: [NotTheHeroHere: Gave 1 [Lava Bucket] to NotTheHeroHere]
[14:37:05] [Server thread/INFO]: com.mojang.authlib.GameProfile@1c8e6730[id=<null>,name=MiltonGrande7,properties={},legacy=false] (/83.233.244.147:2876) lost connection: Disconnected
[14:37:08] [User Authenticator #12/INFO]: UUID of player MiltonGrande7 is 16666028-dd41-4b8b-867d-21f4af84b97d
[14:37:08] [Server thread/INFO]: MiltonGrande7[/83.233.244.147:2879] logged in with entity id 6878 at ([world]-60.615210745189735, 64.0, -1.0078809711137757)
[14:37:14] [Server thread/INFO]: MiltonGrande7 lost connection: Disconnected
[14:37:15] [Server thread/INFO]: MiltonGrande7 left the game
[14:37:23] [Server thread/INFO]: CONSOLE: [0;31;1mPlease note that this command is not supported and may cause issues when using some plugins.[m
[14:37:23] [Server thread/INFO]: CONSOLE: [0;31;1mIf you encounter any issues please use the /stop command to restart your server.[m
[14:37:23] [Server thread/INFO]: Debug logging is disabled
[14:37:23] [Server thread/INFO]: Server Ping Player Sample Count: 12
[14:37:23] [Server thread/INFO]: Using 4 threads for Netty based IO
[14:37:23] [Server thread/INFO]: -------- World Settings For [world] --------
[14:37:23] [Server thread/INFO]: Entity Activation Range: An 32 / Mo 32 / Ra 48 / Mi 16 / Tiv true / Isa false
[14:37:23] [Server thread/INFO]: Entity Tracking Range: Pl 48 / An 48 / Mo 48 / Mi 32 / Other 64
[14:37:23] [Server thread/INFO]: Hopper Transfer: 8 Hopper Check: 1 Hopper Amount: 1
[14:37:23] [Server thread/INFO]: Custom Map Seeds:  Village: 10387312 Desert: 14357617 Igloo: 14357618 Jungle: 14357619 Swamp: 14357620 Monument: 10387313 Ocean: 14357621 Shipwreck: 165745295 End City: 10387313 Slime: 987234911 Nether: 30084232 Mansion: 10387319 Fossil: 14357921 Portal: 34222645
[14:37:23] [Server thread/INFO]: Experience Merge Radius: 3.0
[14:37:23] [Server thread/INFO]: Mob Spawn Range: 6
[14:37:23] [Server thread/INFO]: Cactus Growth Modifier: 100%
[14:37:23] [Server thread/INFO]: Cane Growth Modifier: 100%
[14:37:23] [Server thread/INFO]: Melon Growth Modifier: 100%
[14:37:23] [Server thread/INFO]: Mushroom Growth Modifier: 100%
[14:37:23] [Server thread/INFO]: Pumpkin Growth Modifier: 100%
[14:37:23] [Server thread/INFO]: Sapling Growth Modifier: 100%
[14:37:23] [Server thread/INFO]: Beetroot Growth Modifier: 100%
[14:37:23] [Server thread/INFO]: Carrot Growth Modifier: 100%
[14:37:23] [Server thread/INFO]: Potato Growth Modifier: 100%
[14:37:23] [Server thread/INFO]: Wheat Growth Modifier: 100%
[14:37:23] [Server thread/INFO]: NetherWart Growth Modifier: 100%
[14:37:23] [Server thread/INFO]: Vine Growth Modifier: 100%
[14:37:23] [Server thread/INFO]: Cocoa Growth Modifier: 100%
[14:37:23] [Server thread/INFO]: Bamboo Growth Modifier: 100%
[14:37:23] [Server thread/INFO]: SweetBerry Growth Modifier: 100%
[14:37:23] [Server thread/INFO]: Kelp Growth Modifier: 100%
[14:37:23] [Server thread/INFO]: Max TNT Explosions: 100
[14:37:23] [Server thread/INFO]: Tile Max Tick Time: 50ms Entity max Tick Time: 50ms
[14:37:23] [Server thread/INFO]: Item Despawn Rate: 6000
[14:37:23] [Server thread/INFO]: Item Merge Radius: 2.5
[14:37:23] [Server thread/INFO]: View Distance: 10
[14:37:23] [Server thread/INFO]: Simulation Distance: 10
[14:37:23] [Server thread/INFO]: Allow Zombie Pigmen to spawn from portal blocks: true
[14:37:23] [Server thread/INFO]: Arrow Despawn Rate: 1200 Trident Respawn Rate:1200
[14:37:23] [Server thread/INFO]: Zombie Aggressive Towards Villager: true
[14:37:23] [Server thread/INFO]: Nerfing mobs spawned from spawners: false
[14:37:23] [Server thread/INFO]: -------- World Settings For [world_nether] --------
[14:37:23] [Server thread/INFO]: Entity Activation Range: An 32 / Mo 32 / Ra 48 / Mi 16 / Tiv true / Isa false
[14:37:23] [Server thread/INFO]: Entity Tracking Range: Pl 48 / An 48 / Mo 48 / Mi 32 / Other 64
[14:37:23] [Server thread/INFO]: Hopper Transfer: 8 Hopper Check: 1 Hopper Amount: 1
[14:37:23] [Server thread/INFO]: Custom Map Seeds:  Village: 10387312 Desert: 14357617 Igloo: 14357618 Jungle: 14357619 Swamp: 14357620 Monument: 10387313 Ocean: 14357621 Shipwreck: 165745295 End City: 10387313 Slime: 987234911 Nether: 30084232 Mansion: 10387319 Fossil: 14357921 Portal: 34222645
[14:37:23] [Server thread/INFO]: Experience Merge Radius: 3.0
[14:37:23] [Server thread/INFO]: Mob Spawn Range: 6
[14:37:23] [Server thread/INFO]: Cactus Growth Modifier: 100%
[14:37:23] [Server thread/INFO]: Cane Growth Modifier: 100%
[14:37:23] [Server thread/INFO]: Melon Growth Modifier: 100%
[14:37:23] [Server thread/INFO]: Mushroom Growth Modifier: 100%
[14:37:23] [Server thread/INFO]: Pumpkin Growth Modifier: 100%
[14:37:23] [Server thread/INFO]: Sapling Growth Modifier: 100%
[14:37:23] [Server thread/INFO]: Beetroot Growth Modifier: 100%
[14:37:23] [Server thread/INFO]: Carrot Growth Modifier: 100%
[14:37:23] [Server thread/INFO]: Potato Growth Modifier: 100%
[14:37:23] [Server thread/INFO]: Wheat Growth Modifier: 100%
[14:37:23] [Server thread/INFO]: NetherWart Growth Modifier: 100%
[14:37:23] [Server thread/INFO]: Vine Growth Modifier: 100%
[14:37:23] [Server thread/INFO]: Cocoa Growth Modifier: 100%
[14:37:23] [Server thread/INFO]: Bamboo Growth Modifier: 100%
[14:37:23] [Server thread/INFO]: SweetBerry Growth Modifier: 100%
[14:37:23] [Server thread/INFO]: Kelp Growth Modifier: 100%
[14:37:23] [Server thread/INFO]: Max TNT Explosions: 100
[14:37:23] [Server thread/INFO]: Tile Max Tick Time: 50ms Entity max Tick Time: 50ms
[14:37:23] [Server thread/INFO]: Item Despawn Rate: 6000
[14:37:23] [Server thread/INFO]: Item Merge Radius: 2.5
[14:37:23] [Server thread/INFO]: View Distance: 10
[14:37:23] [Server thread/INFO]: Simulation Distance: 10
[14:37:23] [Server thread/INFO]: Allow Zombie Pigmen to spawn from portal blocks: true
[14:37:23] [Server thread/INFO]: Arrow Despawn Rate: 1200 Trident Respawn Rate:1200
[14:37:23] [Server thread/INFO]: Zombie Aggressive Towards Villager: true
[14:37:23] [Server thread/INFO]: Nerfing mobs spawned from spawners: false
[14:37:23] [Server thread/INFO]: -------- World Settings For [world_the_end] --------
[14:37:23] [Server thread/INFO]: Entity Activation Range: An 32 / Mo 32 / Ra 48 / Mi 16 / Tiv true / Isa false
[14:37:23] [Server thread/INFO]: Entity Tracking Range: Pl 48 / An 48 / Mo 48 / Mi 32 / Other 64
[14:37:23] [Server thread/INFO]: Hopper Transfer: 8 Hopper Check: 1 Hopper Amount: 1
[14:37:23] [Server thread/INFO]: Custom Map Seeds:  Village: 10387312 Desert: 14357617 Igloo: 14357618 Jungle: 14357619 Swamp: 14357620 Monument: 10387313 Ocean: 14357621 Shipwreck: 165745295 End City: 10387313 Slime: 987234911 Nether: 30084232 Mansion: 10387319 Fossil: 14357921 Portal: 34222645
[14:37:23] [Server thread/INFO]: Experience Merge Radius: 3.0
[14:37:23] [Server thread/INFO]: Mob Spawn Range: 6
[14:37:23] [Server thread/INFO]: Cactus Growth Modifier: 100%
[14:37:23] [Server thread/INFO]: Cane Growth Modifier: 100%
[14:37:23] [Server thread/INFO]: Melon Growth Modifier: 100%
[14:37:23] [Server thread/INFO]: Mushroom Growth Modifier: 100%
[14:37:23] [Server thread/INFO]: Pumpkin Growth Modifier: 100%
[14:37:23] [Server thread/INFO]: Sapling Growth Modifier: 100%
[14:37:23] [Server thread/INFO]: Beetroot Growth Modifier: 100%
[14:37:23] [Server thread/INFO]: Carrot Growth Modifier: 100%
[14:37:23] [Server thread/INFO]: Potato Growth Modifier: 100%
[14:37:23] [Server thread/INFO]: Wheat Growth Modifier: 100%
[14:37:23] [Server thread/INFO]: NetherWart Growth Modifier: 100%
[14:37:23] [Server thread/INFO]: Vine Growth Modifier: 100%
[14:37:23] [Server thread/INFO]: Cocoa Growth Modifier: 100%
[14:37:23] [Server thread/INFO]: Bamboo Growth Modifier: 100%
[14:37:23] [Server thread/INFO]: SweetBerry Growth Modifier: 100%
[14:37:23] [Server thread/INFO]: Kelp Growth Modifier: 100%
[14:37:23] [Server thread/INFO]: Max TNT Explosions: 100
[14:37:23] [Server thread/INFO]: Tile Max Tick Time: 50ms Entity max Tick Time: 50ms
[14:37:23] [Server thread/INFO]: Item Despawn Rate: 6000
[14:37:23] [Server thread/INFO]: Item Merge Radius: 2.5
[14:37:23] [Server thread/INFO]: View Distance: 10
[14:37:23] [Server thread/INFO]: Simulation Distance: 10
[14:37:23] [Server thread/INFO]: Allow Zombie Pigmen to spawn from portal blocks: true
[14:37:23] [Server thread/INFO]: Arrow Despawn Rate: 1200 Trident Respawn Rate:1200
[14:37:23] [Server thread/INFO]: Zombie Aggressive Towards Villager: true
[14:37:23] [Server thread/INFO]: Nerfing mobs spawned from spawners: false
[14:37:23] [Server thread/INFO]: [SuperVanish] Disabling SuperVanish v6.2.7
[14:37:23] [Server thread/INFO]: [Orebfuscator] Disabling Orebfuscator v5.2.6
[14:37:25] [Server thread/INFO]: [ProtocolLib] Disabling ProtocolLib v4.8.0
[14:37:25] [Server thread/INFO]: [VeinMiner] Disabling VeinMiner v1.17.10
[14:37:25] [Server thread/INFO]: [VeinMiner] Clearing localized data
[14:37:25] [Server thread/INFO]: [OpenInv] Disabling OpenInv v4.1.10
[14:37:25] [Server thread/INFO]: [LuckPerms] Disabling LuckPerms v5.4.25
[14:37:25] [Server thread/INFO]: [LuckPerms] Starting shutdown process...
[14:37:25] [Server thread/INFO]: [LuckPerms] Closing storage...
[14:37:26] [Server thread/INFO]: [LuckPerms] Goodbye!
[14:37:26] [Server thread/INFO]: [SimpleTpa] Disabling SimpleTpa v6.0
[14:37:26] [Server thread/INFO]: [0;36;1m[21m[SimpleTpa] If you need support contact me at https://discord.gg/SZUkza9[m
[14:37:26] [Server thread/INFO]: [0;36;1m[21m[SimpleTpa] Simple Tpa has been disabled on version 6.0[m
[14:37:26] [Server thread/INFO]: Loaded 7 recipes
[14:37:27] [Server thread/WARN]: Legacy plugin SimpleTpa v6.0 does not specify an api-version.
[14:37:27] [Server thread/INFO]: [SimpleTpa] Loading SimpleTpa v6.0
[14:37:27] [Server thread/INFO]: [LuckPerms] Loading LuckPerms v5.4.25
[14:37:27] [Server thread/INFO]: [OpenInv] Loading OpenInv v4.1.10
[14:37:27] [Server thread/INFO]: [VeinMiner] Loading VeinMiner v1.17.10
[14:37:27] [Server thread/INFO]: [ProtocolLib] Loading ProtocolLib v4.8.0
[14:37:28] [Server thread/INFO]: [Orebfuscator] Loading Orebfuscator v5.2.6
[14:37:28] [Server thread/INFO]: [SuperVanish] Loading SuperVanish v6.2.7
[14:37:28] [Server thread/INFO]: [LuckPerms] Enabling LuckPerms v5.4.25
[14:37:28] [Server thread/INFO]: [0;36;1m       [0;36;22m __    [m
[14:37:28] [Server thread/INFO]: [0;36;1m  |    [0;36;22m|__)   [0;32;22mLuckPerms[m [0;36;1mv5.4.25[m
[14:37:28] [Server thread/INFO]: [0;36;1m  |___ [0;36;22m|      [0;30;1mRunning on Bukkit - CraftBukkit[m
[14:37:28] [Server thread/INFO]: [m
[14:37:28] [Server thread/INFO]: [LuckPerms] Loading configuration...
[14:37:29] [Server thread/INFO]: [LuckPerms] Loading storage provider... [H2]
[14:37:29] [Server thread/INFO]: [LuckPerms] Loading internal permission managers...
[14:37:29] [Server thread/INFO]: [LuckPerms] Performing initial data load...
[14:37:29] [Server thread/INFO]: [LuckPerms] Successfully enabled. (took 1081ms)
[14:37:29] [Server thread/INFO]: [ProtocolLib] Enabling ProtocolLib v4.8.0
[14:37:29] [Server thread/INFO]: [ProtocolLib] Started structure compiler thread.
[14:37:29] [Server thread/INFO]: [SimpleTpa] Enabling SimpleTpa v6.0
[14:37:29] [Server thread/INFO]: [0;33;1m[21m[SimpleTpa] If you need support contact me at https://discord.gg/SZUkza9[m
[14:37:29] [Server thread/INFO]: [0;33;1m[21m[SimpleTpa] Simple Tpa has been enabled on version 6.0[m
[14:37:29] [Server thread/INFO]: Enabled metrics. You may opt-out by changing plugins/bStats/config.yml
[14:37:29] [Server thread/INFO]: [OpenInv] Enabling OpenInv v4.1.10
[14:37:29] [Server thread/INFO]: [VeinMiner] Enabling VeinMiner v1.17.10
[14:37:29] [Server thread/INFO]: [VeinMiner] Registering events
[14:37:29] [Server thread/INFO]: [VeinMiner] Registering commands
[14:37:29] [Server thread/INFO]: [VeinMiner] Vault not found. Economy support suspended
[14:37:29] [Server thread/INFO]: [VeinMiner] Enabling Plugin Metrics
[14:37:30] [Server thread/INFO]: [VeinMiner] Thanks for enabling Metrics! The anonymous stats are appreciated
[14:37:30] [Server thread/INFO]: [VeinMiner] Loading configuration options to local memory
[14:37:30] [Server thread/INFO]: [VeinMiner] Performing an update check!
[14:37:30] [Server thread/INFO]: [Orebfuscator] Enabling Orebfuscator v5.2.6
[14:37:30] [ForkJoinPool.commonPool-worker-4/INFO]: [VeinMiner] Your version of VeinMiner (1.17.10) is up to date!
[14:37:30] [Server thread/INFO]: [SuperVanish] Enabling SuperVanish v6.2.7
[14:37:30] [Server thread/INFO]: Server permissions file permissions.yml is empty, ignoring it
[14:37:30] [Server thread/INFO]: CONSOLE: [0;32;1mReload complete.[m
[14:37:30] [Server thread/WARN]: Can't keep up! Is the server overloaded? Running 7009ms or 140 ticks behind
[14:38:22] [Server thread/INFO]: NotTheHeroHere lost connection: Disconnected
[14:38:22] [Server thread/INFO]: NotTheHeroHere left the game
[14:38:31] [User Authenticator #13/INFO]: UUID of player MiltonGrande7 is 16666028-dd41-4b8b-867d-21f4af84b97d
[14:38:31] [Server thread/INFO]: MiltonGrande7[/83.233.244.147:2932] logged in with entity id 7018 at ([world]-60.615210745189735, 64.0, -1.0078809711137757)
[14:39:07] [User Authenticator #14/INFO]: UUID of player NotTheHeroHere is 6435c2b0-db69-4d6b-9182-eb4b0a9ba0fc
[14:39:07] [Server thread/INFO]: NotTheHeroHere[/83.233.246.122:38063] logged in with entity id 7107 at ([world]-67.9048583073157, 64.0, 11.148784344339806)
[14:39:27] [Server thread/INFO]: NotTheHeroHere issued server command: /oi NotTheHeroHere
[14:39:35] [Server thread/INFO]: NotTheHeroHere was slain by MiltonGrande7
[14:39:39] [Server thread/INFO]: NotTheHeroHere issued server command: /back
[14:39:42] [Server thread/INFO]: MiltonGrande7 issued server command: /tp NotTheHeroHere MiltonGrande7
[14:39:42] [Server thread/INFO]: [MiltonGrande7: Teleported NotTheHeroHere to MiltonGrande7]
[14:40:00] [Server thread/INFO]: You whisper to MiltonGrande7: suck my balls
[14:40:07] [Server thread/INFO]: You whisper to MiltonGrande7: suck my balls
[14:40:08] [Server thread/INFO]: You whisper to MiltonGrande7: suck my balls
[14:40:08] [Server thread/INFO]: You whisper to MiltonGrande7: suck my balls
[14:40:08] [Server thread/INFO]: You whisper to MiltonGrande7: suck my balls
[14:40:08] [Server thread/INFO]: You whisper to MiltonGrande7: suck my balls
[14:40:09] [Server thread/INFO]: You whisper to MiltonGrande7: suck my balls
[14:40:09] [Server thread/INFO]: You whisper to MiltonGrande7: suck my balls
[14:40:09] [Server thread/INFO]: You whisper to MiltonGrande7: suck my balls
[14:40:09] [Server thread/INFO]: You whisper to MiltonGrande7: suck my balls
[14:40:09] [Server thread/INFO]: You whisper to MiltonGrande7: suck my balls
[14:40:10] [Server thread/INFO]: You whisper to MiltonGrande7: suck my balls
[14:40:10] [Server thread/INFO]: You whisper to MiltonGrande7: suck my balls
[14:40:10] [Server thread/INFO]: You whisper to MiltonGrande7: suck my balls
[14:40:10] [Server thread/INFO]: You whisper to MiltonGrande7: suck my balls
[14:40:11] [Server thread/INFO]: You whisper to MiltonGrande7: suck my balls
[14:40:11] [Server thread/INFO]: You whisper to MiltonGrande7: suck my balls
[14:40:12] [Server thread/INFO]: MiltonGrande7 issued server command: /kill NotTheHeroHere
[14:40:12] [Server thread/INFO]: NotTheHeroHere fell out of the world
[14:40:12] [Server thread/INFO]: [MiltonGrande7: Killed NotTheHeroHere]
[14:40:17] [Server thread/INFO]: NotTheHeroHere issued server command: /back
[14:40:18] [Server thread/INFO]: MiltonGrande7 issued server command: /tp NotTheHeroHere MiltonGrande7
[14:40:18] [Server thread/INFO]: [MiltonGrande7: Teleported NotTheHeroHere to MiltonGrande7]
[14:40:34] [Server thread/INFO]: NotTheHeroHere lost connection: Disconnected
[14:40:34] [Server thread/INFO]: NotTheHeroHere left the game
[14:40:40] [Server thread/INFO]: You whisper to MiltonGrande7: suck my balls
[14:40:40] [Server thread/INFO]: You whisper to MiltonGrande7: suck my balls
[14:40:40] [Server thread/INFO]: You whisper to MiltonGrande7: suck my balls
[14:40:40] [Server thread/INFO]: You whisper to MiltonGrande7: suck my balls
[14:40:40] [Server thread/INFO]: You whisper to MiltonGrande7: suck my balls
[14:40:41] [Server thread/INFO]: You whisper to MiltonGrande7: suck my balls
[14:40:41] [Server thread/INFO]: MiltonGrande7 issued server command: /whitelist remove NotTheHeroHere
[14:40:41] [Server thread/INFO]: You whisper to MiltonGrande7: suck my balls
[14:40:41] [Server thread/INFO]: You whisper to MiltonGrande7: suck my balls
[14:40:42] [Server thread/INFO]: You whisper to MiltonGrande7: suck my balls
[14:40:58] [Server thread/INFO]: MiltonGrande7 issued server command: /whitelist list
[14:41:11] [Server thread/INFO]: MiltonGrande7 issued server command: /whitelist add NotTheHeroHere
[14:41:11] [Server thread/INFO]: [MiltonGrande7: Added NotTheHeroHere to the whitelist]
[14:41:32] [Server thread/INFO]: MiltonGrande7 issued server command: /give MiltonGrande7 minecraft:command_block 1
[14:41:32] [Server thread/INFO]: [MiltonGrande7: Gave 1 [Command Block] to MiltonGrande7]
[14:42:02] [Server thread/INFO]: You cannot use this command from console.[m
[14:42:12] [User Authenticator #15/INFO]: UUID of player NotTheHeroHere is 6435c2b0-db69-4d6b-9182-eb4b0a9ba0fc
[14:42:12] [Server thread/INFO]: NotTheHeroHere[/83.233.246.122:38118] logged in with entity id 7767 at ([world]-57.30000001192093, 64.0, 4.699999988079071)
[14:42:22] [Server thread/INFO]: NotTheHeroHere issued server command: /oi MiltonGrande7
[14:42:26] [Server thread/INFO]: NotTheHeroHere issued server command: /oe MiltonGrande7
[14:42:39] [Server thread/INFO]: MiltonGrande7 issued server command: /oe NotTheHeroHere
[14:43:04] [Server thread/INFO]: NotTheHeroHere issued server command: /oe MiltonGrande7
[14:43:09] [Server thread/INFO]: NotTheHeroHere lost connection: Disconnected
[14:43:09] [Server thread/INFO]: NotTheHeroHere left the game
[14:43:15] [Server thread/INFO]: Stopping the server
[14:43:15] [Server thread/INFO]: Stopping server
[14:43:15] [Server thread/INFO]: [SuperVanish] Disabling SuperVanish v6.2.7
[14:43:15] [Server thread/INFO]: [Orebfuscator] Disabling Orebfuscator v5.2.6
[14:43:17] [Server thread/INFO]: [ProtocolLib] Disabling ProtocolLib v4.8.0
[14:43:18] [Server thread/INFO]: [VeinMiner] Disabling VeinMiner v1.17.10
[14:43:18] [Server thread/INFO]: [VeinMiner] Clearing localized data
[14:43:18] [Server thread/INFO]: [OpenInv] Disabling OpenInv v4.1.10
[14:43:18] [Server thread/INFO]: [LuckPerms] Disabling LuckPerms v5.4.25
[14:43:18] [Server thread/INFO]: [LuckPerms] Starting shutdown process...
[14:43:18] [Server thread/INFO]: [LuckPerms] Closing storage...
[14:43:18] [Server thread/INFO]: [LuckPerms] Goodbye!
[14:43:18] [Server thread/INFO]: [SimpleTpa] Disabling SimpleTpa v6.0
[14:43:18] [Server thread/INFO]: [0;36;1m[21m[SimpleTpa] If you need support contact me at https://discord.gg/SZUkza9[m
[14:43:18] [Server thread/INFO]: [0;36;1m[21m[SimpleTpa] Simple Tpa has been disabled on version 6.0[m
[14:43:18] [Server thread/INFO]: Saving players
[14:43:18] [Server thread/INFO]: MiltonGrande7 lost connection: Server closed
[14:43:18] [Server thread/INFO]: MiltonGrande7 left the game.
[14:43:18] [Server thread/INFO]: Saving worlds
[14:43:22] [Server thread/INFO]: Saving chunks for level 'ServerLevel[world]'/minecraft:overworld
[14:43:24] [Server thread/INFO]: Saving chunks for level 'ServerLevel[world_nether]'/minecraft:the_nether
[14:43:24] [Server thread/INFO]: Saving chunks for level 'ServerLevel[world_the_end]'/minecraft:the_end
[14:43:25] [Server thread/INFO]: ThreadedAnvilChunkStorage (world): All chunks are saved
[14:43:25] [Server thread/INFO]: ThreadedAnvilChunkStorage (DIM-1): All chunks are saved
[14:43:25] [Server thread/INFO]: ThreadedAnvilChunkStorage (DIM1): All chunks are saved
[14:43:25] [Server thread/INFO]: ThreadedAnvilChunkStorage: All dimensions are saved
