[17:20:10] [ServerMain/INFO]: Environment: authHost='https://authserver.mojang.com', accountsHost='https://api.mojang.com', sessionHost='https://sessionserver.mojang.com', servicesHost='https://api.minecraftservices.com', name='PROD'
[17:20:16] [Worker-Main-9/INFO]: Loaded 7 recipes
[17:20:19] [Server thread/INFO]: Starting minecraft server version 1.18.2
[17:20:19] [Server thread/INFO]: Loading properties
[17:20:20] [Server thread/INFO]: This server is running CraftBukkit version 3491-Spigot-b081915-95d233d (MC: 1.18.2) (Implementing API version 1.18.2-R0.1-SNAPSHOT)
[17:20:20] [Server thread/INFO]: Debug logging is disabled
[17:20:20] [Server thread/INFO]: Server Ping Player Sample Count: 12
[17:20:20] [Server thread/INFO]: Using 4 threads for Netty based IO
[17:20:20] [Server thread/INFO]: Default game type: SURVIVAL
[17:20:20] [Server thread/INFO]: Generating keypair
[17:20:21] [Server thread/INFO]: Starting Minecraft server on 88.99.11.184:25565
[17:20:21] [Server thread/INFO]: Using epoll channel type
[17:20:23] [Server thread/INFO]: [LifeSteal-Smp-Plugin] Loading LifeSteal-Smp-Plugin v1.0
[17:20:23] [Server thread/WARN]: [LifeSteal-Smp-Plugin] Could not save heartRecipe.yml to plugins/LifeSteal-Smp-Plugin/heartRecipe.yml because heartRecipe.yml already exists.
[17:20:23] [Server thread/WARN]: [LifeSteal-Smp-Plugin] Could not save beaconRecipe.yml to plugins/LifeSteal-Smp-Plugin/beaconRecipe.yml because beaconRecipe.yml already exists.
[17:20:23] [Server thread/INFO]: [SuperVanish] Loading SuperVanish v6.2.7
[17:20:23] [Server thread/INFO]: Preparing level "world"
[17:20:25] [Server thread/INFO]: -------- World Settings For [world] --------
[17:20:25] [Server thread/INFO]: Experience Merge Radius: 3.0
[17:20:25] [Server thread/INFO]: Mob Spawn Range: 6
[17:20:25] [Server thread/INFO]: Cactus Growth Modifier: 100%
[17:20:25] [Server thread/INFO]: Cane Growth Modifier: 100%
[17:20:25] [Server thread/INFO]: Melon Growth Modifier: 100%
[17:20:25] [Server thread/INFO]: Mushroom Growth Modifier: 100%
[17:20:25] [Server thread/INFO]: Pumpkin Growth Modifier: 100%
[17:20:25] [Server thread/INFO]: Sapling Growth Modifier: 100%
[17:20:25] [Server thread/INFO]: Beetroot Growth Modifier: 100%
[17:20:25] [Server thread/INFO]: Carrot Growth Modifier: 100%
[17:20:25] [Server thread/INFO]: Potato Growth Modifier: 100%
[17:20:25] [Server thread/INFO]: Wheat Growth Modifier: 100%
[17:20:25] [Server thread/INFO]: NetherWart Growth Modifier: 100%
[17:20:25] [Server thread/INFO]: Vine Growth Modifier: 100%
[17:20:25] [Server thread/INFO]: Cocoa Growth Modifier: 100%
[17:20:25] [Server thread/INFO]: Bamboo Growth Modifier: 100%
[17:20:25] [Server thread/INFO]: SweetBerry Growth Modifier: 100%
[17:20:25] [Server thread/INFO]: Kelp Growth Modifier: 100%
[17:20:25] [Server thread/INFO]: Entity Activation Range: An 32 / Mo 32 / Ra 48 / Mi 16 / Tiv true / Isa false
[17:20:25] [Server thread/INFO]: Entity Tracking Range: Pl 48 / An 48 / Mo 48 / Mi 32 / Other 64
[17:20:25] [Server thread/INFO]: Hopper Transfer: 8 Hopper Check: 1 Hopper Amount: 1
[17:20:25] [Server thread/INFO]: Custom Map Seeds:  Village: 10387312 Desert: 14357617 Igloo: 14357618 Jungle: 14357619 Swamp: 14357620 Monument: 10387313 Ocean: 14357621 Shipwreck: 165745295 End City: 10387313 Slime: 987234911 Nether: 30084232 Mansion: 10387319 Fossil: 14357921 Portal: 34222645
[17:20:25] [Server thread/INFO]: Max TNT Explosions: 100
[17:20:25] [Server thread/INFO]: Tile Max Tick Time: 50ms Entity max Tick Time: 50ms
[17:20:25] [Server thread/INFO]: Item Despawn Rate: 6000
[17:20:25] [Server thread/INFO]: Item Merge Radius: 2.5
[17:20:25] [Server thread/INFO]: View Distance: 10
[17:20:25] [Server thread/INFO]: Simulation Distance: 10
[17:20:25] [Server thread/INFO]: Allow Zombie Pigmen to spawn from portal blocks: true
[17:20:25] [Server thread/INFO]: Arrow Despawn Rate: 1200 Trident Respawn Rate:1200
[17:20:25] [Server thread/INFO]: Zombie Aggressive Towards Villager: true
[17:20:25] [Server thread/INFO]: Nerfing mobs spawned from spawners: false
[17:20:26] [Server thread/INFO]: -------- World Settings For [world_nether] --------
[17:20:26] [Server thread/INFO]: Experience Merge Radius: 3.0
[17:20:26] [Server thread/INFO]: Mob Spawn Range: 6
[17:20:26] [Server thread/INFO]: Cactus Growth Modifier: 100%
[17:20:26] [Server thread/INFO]: Cane Growth Modifier: 100%
[17:20:26] [Server thread/INFO]: Melon Growth Modifier: 100%
[17:20:26] [Server thread/INFO]: Mushroom Growth Modifier: 100%
[17:20:26] [Server thread/INFO]: Pumpkin Growth Modifier: 100%
[17:20:26] [Server thread/INFO]: Sapling Growth Modifier: 100%
[17:20:26] [Server thread/INFO]: Beetroot Growth Modifier: 100%
[17:20:26] [Server thread/INFO]: Carrot Growth Modifier: 100%
[17:20:26] [Server thread/INFO]: Potato Growth Modifier: 100%
[17:20:26] [Server thread/INFO]: Wheat Growth Modifier: 100%
[17:20:26] [Server thread/INFO]: NetherWart Growth Modifier: 100%
[17:20:26] [Server thread/INFO]: Vine Growth Modifier: 100%
[17:20:26] [Server thread/INFO]: Cocoa Growth Modifier: 100%
[17:20:26] [Server thread/INFO]: Bamboo Growth Modifier: 100%
[17:20:26] [Server thread/INFO]: SweetBerry Growth Modifier: 100%
[17:20:26] [Server thread/INFO]: Kelp Growth Modifier: 100%
[17:20:26] [Server thread/INFO]: Entity Activation Range: An 32 / Mo 32 / Ra 48 / Mi 16 / Tiv true / Isa false
[17:20:26] [Server thread/INFO]: Entity Tracking Range: Pl 48 / An 48 / Mo 48 / Mi 32 / Other 64
[17:20:26] [Server thread/INFO]: Hopper Transfer: 8 Hopper Check: 1 Hopper Amount: 1
[17:20:26] [Server thread/INFO]: Custom Map Seeds:  Village: 10387312 Desert: 14357617 Igloo: 14357618 Jungle: 14357619 Swamp: 14357620 Monument: 10387313 Ocean: 14357621 Shipwreck: 165745295 End City: 10387313 Slime: 987234911 Nether: 30084232 Mansion: 10387319 Fossil: 14357921 Portal: 34222645
[17:20:26] [Server thread/INFO]: Max TNT Explosions: 100
[17:20:26] [Server thread/INFO]: Tile Max Tick Time: 50ms Entity max Tick Time: 50ms
[17:20:26] [Server thread/INFO]: Item Despawn Rate: 6000
[17:20:26] [Server thread/INFO]: Item Merge Radius: 2.5
[17:20:26] [Server thread/INFO]: View Distance: 10
[17:20:26] [Server thread/INFO]: Simulation Distance: 10
[17:20:26] [Server thread/INFO]: Allow Zombie Pigmen to spawn from portal blocks: true
[17:20:26] [Server thread/INFO]: Arrow Despawn Rate: 1200 Trident Respawn Rate:1200
[17:20:26] [Server thread/INFO]: Zombie Aggressive Towards Villager: true
[17:20:26] [Server thread/INFO]: Nerfing mobs spawned from spawners: false
[17:20:26] [Server thread/INFO]: -------- World Settings For [world_the_end] --------
[17:20:26] [Server thread/INFO]: Experience Merge Radius: 3.0
[17:20:26] [Server thread/INFO]: Mob Spawn Range: 6
[17:20:26] [Server thread/INFO]: Cactus Growth Modifier: 100%
[17:20:26] [Server thread/INFO]: Cane Growth Modifier: 100%
[17:20:26] [Server thread/INFO]: Melon Growth Modifier: 100%
[17:20:26] [Server thread/INFO]: Mushroom Growth Modifier: 100%
[17:20:26] [Server thread/INFO]: Pumpkin Growth Modifier: 100%
[17:20:26] [Server thread/INFO]: Sapling Growth Modifier: 100%
[17:20:26] [Server thread/INFO]: Beetroot Growth Modifier: 100%
[17:20:26] [Server thread/INFO]: Carrot Growth Modifier: 100%
[17:20:26] [Server thread/INFO]: Potato Growth Modifier: 100%
[17:20:26] [Server thread/INFO]: Wheat Growth Modifier: 100%
[17:20:26] [Server thread/INFO]: NetherWart Growth Modifier: 100%
[17:20:26] [Server thread/INFO]: Vine Growth Modifier: 100%
[17:20:26] [Server thread/INFO]: Cocoa Growth Modifier: 100%
[17:20:26] [Server thread/INFO]: Bamboo Growth Modifier: 100%
[17:20:26] [Server thread/INFO]: SweetBerry Growth Modifier: 100%
[17:20:26] [Server thread/INFO]: Kelp Growth Modifier: 100%
[17:20:26] [Server thread/INFO]: Entity Activation Range: An 32 / Mo 32 / Ra 48 / Mi 16 / Tiv true / Isa false
[17:20:26] [Server thread/INFO]: Entity Tracking Range: Pl 48 / An 48 / Mo 48 / Mi 32 / Other 64
[17:20:26] [Server thread/INFO]: Hopper Transfer: 8 Hopper Check: 1 Hopper Amount: 1
[17:20:26] [Server thread/INFO]: Custom Map Seeds:  Village: 10387312 Desert: 14357617 Igloo: 14357618 Jungle: 14357619 Swamp: 14357620 Monument: 10387313 Ocean: 14357621 Shipwreck: 165745295 End City: 10387313 Slime: 987234911 Nether: 30084232 Mansion: 10387319 Fossil: 14357921 Portal: 34222645
[17:20:26] [Server thread/INFO]: Max TNT Explosions: 100
[17:20:26] [Server thread/INFO]: Tile Max Tick Time: 50ms Entity max Tick Time: 50ms
[17:20:26] [Server thread/INFO]: Item Despawn Rate: 6000
[17:20:26] [Server thread/INFO]: Item Merge Radius: 2.5
[17:20:26] [Server thread/INFO]: View Distance: 10
[17:20:26] [Server thread/INFO]: Simulation Distance: 10
[17:20:26] [Server thread/INFO]: Allow Zombie Pigmen to spawn from portal blocks: true
[17:20:26] [Server thread/INFO]: Arrow Despawn Rate: 1200 Trident Respawn Rate:1200
[17:20:26] [Server thread/INFO]: Zombie Aggressive Towards Villager: true
[17:20:26] [Server thread/INFO]: Nerfing mobs spawned from spawners: false
[17:20:26] [Server thread/INFO]: Preparing start region for dimension minecraft:overworld
[17:20:30] [Worker-Main-8/INFO]: Preparing spawn area: 0%
[17:20:30] [Worker-Main-8/INFO]: Preparing spawn area: 0%
[17:20:30] [Worker-Main-8/INFO]: Preparing spawn area: 0%
[17:20:30] [Worker-Main-6/INFO]: Preparing spawn area: 0%
[17:20:30] [Worker-Main-8/INFO]: Preparing spawn area: 0%
[17:20:30] [Worker-Main-8/INFO]: Preparing spawn area: 0%
[17:20:30] [Worker-Main-10/INFO]: Preparing spawn area: 0%
[17:20:30] [Worker-Main-10/INFO]: Preparing spawn area: 0%
[17:20:30] [Worker-Main-10/INFO]: Preparing spawn area: 0%
[17:20:30] [Worker-Main-10/INFO]: Preparing spawn area: 0%
[17:20:31] [Worker-Main-6/INFO]: Preparing spawn area: 0%
[17:20:31] [Worker-Main-6/INFO]: Preparing spawn area: 0%
[17:20:32] [Worker-Main-6/INFO]: Preparing spawn area: 0%
[17:20:32] [Worker-Main-8/INFO]: Preparing spawn area: 0%
[17:20:33] [Worker-Main-6/INFO]: Preparing spawn area: 0%
[17:20:33] [Worker-Main-7/INFO]: Preparing spawn area: 0%
[17:20:34] [Worker-Main-10/INFO]: Preparing spawn area: 0%
[17:20:34] [Worker-Main-7/INFO]: Preparing spawn area: 0%
[17:20:35] [Worker-Main-8/INFO]: Preparing spawn area: 0%
[17:20:35] [Worker-Main-6/INFO]: Preparing spawn area: 0%
[17:20:36] [Worker-Main-7/INFO]: Preparing spawn area: 1%
[17:20:36] [Worker-Main-7/INFO]: Preparing spawn area: 1%
[17:20:37] [Worker-Main-7/INFO]: Preparing spawn area: 1%
[17:20:37] [Worker-Main-6/INFO]: Preparing spawn area: 1%
[17:20:38] [Worker-Main-6/INFO]: Preparing spawn area: 6%
[17:20:38] [Worker-Main-6/INFO]: Preparing spawn area: 11%
[17:20:39] [Worker-Main-7/INFO]: Preparing spawn area: 11%
[17:20:39] [Worker-Main-8/INFO]: Preparing spawn area: 14%
[17:20:40] [Worker-Main-10/INFO]: Preparing spawn area: 28%
[17:20:40] [Worker-Main-10/INFO]: Preparing spawn area: 48%
[17:20:41] [Worker-Main-10/INFO]: Preparing spawn area: 48%
[17:20:41] [Worker-Main-8/INFO]: Preparing spawn area: 50%
[17:20:42] [Worker-Main-10/INFO]: Preparing spawn area: 58%
[17:20:42] [Worker-Main-6/INFO]: Preparing spawn area: 67%
[17:20:43] [Worker-Main-7/INFO]: Preparing spawn area: 69%
[17:20:43] [Worker-Main-9/INFO]: Preparing spawn area: 70%
[17:20:44] [Worker-Main-8/INFO]: Preparing spawn area: 86%
[17:20:45] [Server thread/INFO]: Time elapsed: 18829 ms
[17:20:45] [Server thread/INFO]: Preparing start region for dimension minecraft:the_nether
[17:20:46] [Worker-Main-9/INFO]: Preparing spawn area: 0%
[17:20:46] [Worker-Main-9/INFO]: Preparing spawn area: 0%
[17:20:46] [Worker-Main-9/INFO]: Preparing spawn area: 0%
[17:20:46] [Worker-Main-6/INFO]: Preparing spawn area: 0%
[17:20:47] [Worker-Main-7/INFO]: Preparing spawn area: 0%
[17:20:48] [Worker-Main-7/INFO]: Preparing spawn area: 0%
[17:20:48] [Worker-Main-7/INFO]: Preparing spawn area: 0%
[17:20:48] [Worker-Main-10/INFO]: Preparing spawn area: 0%
[17:20:49] [Worker-Main-6/INFO]: Preparing spawn area: 0%
[17:20:49] [Worker-Main-7/INFO]: Preparing spawn area: 0%
[17:20:50] [Worker-Main-8/INFO]: Preparing spawn area: 1%
[17:20:50] [Worker-Main-10/INFO]: Preparing spawn area: 4%
[17:20:51] [Worker-Main-6/INFO]: Preparing spawn area: 4%
[17:20:51] [Worker-Main-10/INFO]: Preparing spawn area: 5%
[17:20:52] [Worker-Main-10/INFO]: Preparing spawn area: 13%
[17:20:52] [Worker-Main-9/INFO]: Preparing spawn area: 19%
[17:20:53] [Worker-Main-9/INFO]: Preparing spawn area: 56%
[17:20:53] [Worker-Main-8/INFO]: Preparing spawn area: 78%
[17:20:54] [Server thread/INFO]: Time elapsed: 9125 ms
[17:20:54] [Server thread/INFO]: Preparing start region for dimension minecraft:the_end
[17:20:55] [Worker-Main-7/INFO]: Preparing spawn area: 0%
[17:20:55] [Worker-Main-9/INFO]: Preparing spawn area: 0%
[17:20:55] [Worker-Main-6/INFO]: Preparing spawn area: 0%
[17:20:56] [Worker-Main-8/INFO]: Preparing spawn area: 0%
[17:20:56] [Worker-Main-8/INFO]: Preparing spawn area: 0%
[17:20:57] [Worker-Main-10/INFO]: Preparing spawn area: 0%
[17:20:57] [Worker-Main-7/INFO]: Preparing spawn area: 4%
[17:20:58] [Worker-Main-8/INFO]: Preparing spawn area: 4%
[17:20:58] [Worker-Main-8/INFO]: Preparing spawn area: 4%
[17:20:59] [Worker-Main-9/INFO]: Preparing spawn area: 7%
[17:20:59] [Worker-Main-10/INFO]: Preparing spawn area: 27%
[17:21:00] [Worker-Main-10/INFO]: Preparing spawn area: 83%
[17:21:00] [Server thread/INFO]: Time elapsed: 6198 ms
[17:21:00] [Server thread/INFO]: [LifeSteal-Smp-Plugin] Enabling LifeSteal-Smp-Plugin v1.0
[17:21:02] [Server thread/INFO]: [SuperVanish] Enabling SuperVanish v6.2.7
[17:21:02] [Server thread/INFO]: [SuperVanish] Please install ProtocolLib to be able to use all SuperVanish features: https://www.spigotmc.org/resources/protocollib.1997/
[17:21:03] [Server thread/INFO]: Server permissions file permissions.yml is empty, ignoring it
[17:21:03] [Server thread/INFO]: Done (39.787s)! For help, type "help"
[17:22:55] [User Authenticator #1/INFO]: UUID of player xsisorm is 41d5215b-11d3-4aeb-aad6-7aac06ec096b
[17:22:55] [Server thread/INFO]: xsisorm[/81.226.224.168:55322] logged in with entity id 45 at ([world]2087.7842437133763, 63.0, -880.1128569260964)
[17:22:59] [User Authenticator #2/INFO]: UUID of player earth_miner123 is 593673ab-f1b5-4ee3-aaef-fda12e509420
[17:22:59] [Server thread/INFO]: earth_miner123[/93.182.161.53:55114] logged in with entity id 126 at ([world]120.97954627176377, 66.0, 282.31969016953667)
[17:23:22] [Server thread/INFO]: Unknown command. Type "/help" for help.[m
[17:23:27] [User Authenticator #3/INFO]: UUID of player NotTheHeroHere is 6435c2b0-db69-4d6b-9182-eb4b0a9ba0fc
[17:23:27] [Server thread/INFO]: NotTheHeroHere[/83.233.246.122:34266] logged in with entity id 387 at ([world]-1029.1693822859086, 63.08576431274413, 1056.4027904962634)
[17:23:42] [Server thread/INFO]: xsisorm lost connection: Disconnected
[17:23:42] [Server thread/INFO]: xsisorm left the game
[17:23:45] [Async Chat Thread - #0/INFO]: <NotTheHeroHere> leava eller sov[m
[17:23:48] [Async Chat Thread - #0/INFO]: <NotTheHeroHere> earth_miner123[m
[17:23:51] [User Authenticator #4/INFO]: UUID of player Kapten_Wigen is d25d24de-85de-40b6-b486-b1066f7d92b0
[17:23:51] [User Authenticator #5/INFO]: UUID of player xsisorm is 41d5215b-11d3-4aeb-aad6-7aac06ec096b
[17:23:51] [Server thread/INFO]: Kapten_Wigen[/78.73.10.85:55396] logged in with entity id 695 at ([world]-170.5, 67.0, 442.5)
[17:23:51] [Server thread/INFO]: xsisorm[/81.226.224.168:57722] logged in with entity id 696 at ([world]2097.3548328294783, 62.0, -866.5409908680879)
[17:23:57] [Server thread/INFO]: xsisorm lost connection: Disconnected
[17:23:57] [Server thread/INFO]: xsisorm left the game
[17:24:07] [Async Chat Thread - #0/INFO]: <NotTheHeroHere> Kapten_Wigen earth_miner123 leavea eller sov[m
[17:24:09] [Server thread/INFO]: earth_miner123 lost connection: Disconnected
[17:24:09] [Server thread/INFO]: earth_miner123 left the game
[17:24:14] [Async Chat Thread - #0/INFO]: <NotTheHeroHere> calle[m
[17:24:15] [Async Chat Thread - #0/INFO]: <NotTheHeroHere> sov[m
[17:24:19] [Async Chat Thread - #0/INFO]: <NotTheHeroHere> eller leava[m
[17:24:22] [Server thread/INFO]: Kapten_Wigen lost connection: Disconnected
[17:24:22] [Server thread/INFO]: Kapten_Wigen left the game
[17:24:27] [User Authenticator #6/INFO]: UUID of player Kapten_Wigen is d25d24de-85de-40b6-b486-b1066f7d92b0
[17:24:27] [Server thread/INFO]: Kapten_Wigen[/78.73.10.85:55424] logged in with entity id 993 at ([world]-148.63733574456867, 71.0, 459.5296683001153)
[17:24:29] [Async Chat Thread - #0/INFO]: <NotTheHeroHere> tack[m
[17:24:37] [User Authenticator #7/INFO]: UUID of player xsisorm is 41d5215b-11d3-4aeb-aad6-7aac06ec096b
[17:24:37] [Server thread/INFO]: xsisorm[/81.226.224.168:57759] logged in with entity id 1168 at ([world]2097.3960965156866, 63.0, -870.351287897295)
[17:25:19] [User Authenticator #8/INFO]: UUID of player earth_miner123 is 593673ab-f1b5-4ee3-aaef-fda12e509420
[17:25:19] [Server thread/INFO]: earth_miner123[/93.182.161.53:55220] logged in with entity id 1622 at ([world]120.30000001192093, 63.0, 283.95718556364244)
[17:28:19] [Server thread/INFO]: Kapten_Wigen was slain by Cave Spider
[17:28:23] [Async Chat Thread - #1/INFO]: <NotTheHeroHere> neeeej[m
[17:28:26] [Async Chat Thread - #1/INFO]: <earth_miner123> rip[m
[17:28:42] [Async Chat Thread - #1/INFO]: <Kapten_Wigen> jag har ingen mat[m
[17:28:50] [Async Chat Thread - #1/INFO]: <NotTheHeroHere> rip[m
[17:28:56] [Async Chat Thread - #1/INFO]: <Kapten_Wigen> jag joina nyss[m
[17:28:56] [Async Chat Thread - #1/INFO]: <NotTheHeroHere> py riktigt[m
[17:30:15] [Async Chat Thread - #2/INFO]: <NotTheHeroHere> lezz gooo[m
[17:30:18] [Async Chat Thread - #2/INFO]: <earth_miner123> vad[m
[17:30:18] [Async Chat Thread - #2/INFO]: <NotTheHeroHere> full diamond[m
[17:30:21] [Async Chat Thread - #2/INFO]: <earth_miner123> najs[m
[17:30:31] [Async Chat Thread - #2/INFO]: <NotTheHeroHere> yayyyyy[m
[17:30:47] [Server thread/INFO]: earth_miner123 has made the advancement [Tactical Fishing]
[17:30:49] [Server thread/INFO]: NotTheHeroHere has made the advancement [Enchanter]
[17:31:18] [Async Chat Thread - #2/INFO]: <NotTheHeroHere> bruh sharpness 1[m
[17:32:48] [User Authenticator #9/INFO]: UUID of player WildFoil8234255 is e6e4c44a-e0a9-454e-98f2-96b4b8bf9be1
[17:32:48] [Server thread/INFO]: WildFoil8234255[/151.177.134.19:36852] logged in with entity id 7760 at ([world]-177.5, 66.0, 439.5)
[17:33:24] [User Authenticator #10/INFO]: UUID of player Huggebugge123 is d27b6796-9e8e-4b96-894a-17e7113ba154
[17:33:24] [Server thread/INFO]: Huggebugge123[/98.128.180.145:60089] logged in with entity id 8297 at ([world]-173.5, 64.0, 422.5)
[17:33:27] [Async Chat Thread - #3/INFO]: <earth_miner123> najss[m
[17:33:46] [Server thread/INFO]: NotTheHeroHere lost connection: Disconnected
[17:33:46] [Server thread/INFO]: NotTheHeroHere left the game
[17:34:52] [Server thread/INFO]: xsisorm lost connection: Disconnected
[17:34:52] [Server thread/INFO]: xsisorm left the game
[17:36:52] [User Authenticator #11/INFO]: UUID of player xsisorm is 41d5215b-11d3-4aeb-aad6-7aac06ec096b
[17:36:52] [Server thread/INFO]: xsisorm[/81.226.224.168:61014] logged in with entity id 10919 at ([world]2085.4812448895, 64.0, -890.6999999880791)
[17:37:02] [User Authenticator #12/INFO]: UUID of player MiltonGrande7 is 16666028-dd41-4b8b-867d-21f4af84b97d
[17:37:02] [Server thread/INFO]: MiltonGrande7[/83.233.247.3:26229] logged in with entity id 11141 at ([world]-871.8723701481324, 54.384179729406505, 1176.5618892923924)
[17:37:07] [Server thread/INFO]: Kapten_Wigen was slain by Spider
[17:37:16] [Async Chat Thread - #4/INFO]: <MiltonGrande7> calle[m
[17:37:22] [Server thread/INFO]: xsisorm lost connection: Disconnected
[17:37:22] [Server thread/INFO]: xsisorm left the game
[17:37:24] [Async Chat Thread - #4/INFO]: <MiltonGrande7> du dog ju[m
[17:37:43] [Async Chat Thread - #4/INFO]: <Kapten_Wigen> ja jag får ingen hjälp[m
[17:38:01] [Async Chat Thread - #4/INFO]: <MiltonGrande7> men du har ju ett team[m
[17:38:17] [Async Chat Thread - #4/INFO]: <Kapten_Wigen> nej jag ä'r inte i[m
[17:38:32] [Async Chat Thread - #4/INFO]: <Kapten_Wigen> team med nån jag[m
[17:38:40] [Async Chat Thread - #4/INFO]: <MiltonGrande7> vadå du sa ju att du var i ett team med 4[m
[17:38:56] [Async Chat Thread - #4/INFO]: <Kapten_Wigen> jag ångra mig jag vill inte dö så[m
[17:40:39] [User Authenticator #13/INFO]: UUID of player NotTheHeroHere is 6435c2b0-db69-4d6b-9182-eb4b0a9ba0fc
[17:40:39] [Server thread/INFO]: NotTheHeroHere[/83.233.246.122:38059] logged in with entity id 13944 at ([world]-1002.0923409507341, 68.0, 1052.9794794866223)
[17:41:18] [Server thread/INFO]: WildFoil8234255 lost connection: Disconnected
[17:41:18] [Server thread/INFO]: WildFoil8234255 left the game
[17:41:20] [User Authenticator #14/INFO]: UUID of player WildFoil8234255 is e6e4c44a-e0a9-454e-98f2-96b4b8bf9be1
[17:41:20] [Server thread/INFO]: WildFoil8234255[/151.177.134.19:37723] logged in with entity id 14547 at ([world]-684.7452557800142, 63.0, 758.6999999880791)
[17:42:15] [Async Chat Thread - #5/INFO]: <MiltonGrande7> kan ngn sova?[m
[17:42:28] [Server thread/INFO]: WildFoil8234255 has made the advancement [Sweet Dreams]
[17:42:30] [Server thread/INFO]: Huggebugge123 has made the advancement [Sweet Dreams]
[17:42:37] [Async Chat Thread - #5/INFO]: <MiltonGrande7> leava[m
[17:42:40] [Server thread/INFO]: MiltonGrande7 lost connection: Disconnected
[17:42:40] [Server thread/INFO]: MiltonGrande7 left the game
[17:42:41] [Server thread/INFO]: NotTheHeroHere lost connection: Disconnected
[17:42:41] [Server thread/INFO]: NotTheHeroHere left the game
[17:42:47] [User Authenticator #15/INFO]: UUID of player MiltonGrande7 is 16666028-dd41-4b8b-867d-21f4af84b97d
[17:42:47] [Server thread/INFO]: MiltonGrande7[/83.233.247.3:26362] logged in with entity id 15760 at ([world]-874.8454829087373, 54.0, 1175.5289755482734)
[17:42:53] [Async Chat Thread - #5/INFO]: <MiltonGrande7> bru[m
[17:42:54] [User Authenticator #16/INFO]: UUID of player NotTheHeroHere is 6435c2b0-db69-4d6b-9182-eb4b0a9ba0fc
[17:42:55] [Server thread/INFO]: NotTheHeroHere[/83.233.246.122:38080] logged in with entity id 15952 at ([world]-990.0125283793566, 67.19366615334314, 1079.5594272509977)
[17:43:06] [Server thread/INFO]: Kapten_Wigen was blown up by Creeper
[17:43:12] [Server thread/INFO]: Kapten_Wigen lost connection: Disconnected
[17:43:12] [Server thread/INFO]: Kapten_Wigen left the game
[17:44:48] [User Authenticator #17/INFO]: UUID of player xsisorm is 41d5215b-11d3-4aeb-aad6-7aac06ec096b
[17:44:48] [Server thread/INFO]: xsisorm[/81.226.224.168:57224] logged in with entity id 17309 at ([world]2085.669596847934, 64.0, -888.3000000119209)
[17:48:04] [User Authenticator #18/INFO]: UUID of player Kapten_Wigen is d25d24de-85de-40b6-b486-b1066f7d92b0
[17:48:04] [Server thread/INFO]: Kapten_Wigen[/78.73.10.85:55408] logged in with entity id 20764 at ([world]-164.93844567237844, 65.0, 425.1250919666156)
[17:48:07] [Server thread/INFO]: xsisorm has made the advancement [A Seedy Place]
[17:48:24] [Server thread/INFO]: Kapten_Wigen lost connection: Disconnected
[17:48:24] [Server thread/INFO]: Kapten_Wigen left the game
[17:48:50] [User Authenticator #19/INFO]: UUID of player Kapten_Wigen is d25d24de-85de-40b6-b486-b1066f7d92b0
[17:48:50] [Server thread/INFO]: Kapten_Wigen[/78.73.10.85:61777] logged in with entity id 21627 at ([world]-159.53904646765358, 67.0, 431.15047560667165)
[17:48:54] [Server thread/INFO]: MiltonGrande7 has made the advancement [Ice Bucket Challenge]
[17:52:09] [Server thread/INFO]: xsisorm was slain by Zombie
[17:54:20] [Server thread/INFO]: WildFoil8234255 has made the advancement [Monster Hunter]
[17:54:29] [Server thread/INFO]: xsisorm fell from a high place
[17:55:09] [Server thread/INFO]: Kapten_Wigen lost connection: Disconnected
[17:55:09] [Server thread/INFO]: Kapten_Wigen left the game
[17:55:57] [Server thread/INFO]: xsisorm was shot by Skeleton
[17:56:04] [Async Chat Thread - #6/INFO]: <MiltonGrande7> rip[m
[17:56:25] [Server thread/INFO]: xsisorm lost connection: Disconnected
[17:56:25] [Server thread/INFO]: xsisorm left the game
[17:57:13] [Server thread/INFO]: WildFoil8234255 was blown up by Creeper
[17:57:16] [Server thread/INFO]: MiltonGrande7 has made the advancement [Enchanter]
[17:57:27] [Async Chat Thread - #7/INFO]: <earth_miner123> fan stackars alla som dör[m
[17:57:30] [Async Chat Thread - #7/INFO]: <NotTheHeroHere> ja[m
[17:59:58] [User Authenticator #20/INFO]: UUID of player Kapten_Wigen is d25d24de-85de-40b6-b486-b1066f7d92b0
[17:59:58] [Server thread/INFO]: Kapten_Wigen[/78.73.10.85:56356] logged in with entity id 32628 at ([world]-110.7523896460448, 64.0, 367.9765728311036)
[18:00:03] [Server thread/INFO]: Kapten_Wigen lost connection: Disconnected
[18:00:03] [Server thread/INFO]: Kapten_Wigen left the game
[18:00:13] [Server thread/INFO]: NotTheHeroHere lost connection: Disconnected
[18:00:13] [Server thread/INFO]: NotTheHeroHere left the game
[18:01:14] [User Authenticator #21/INFO]: UUID of player Kapten_Wigen is d25d24de-85de-40b6-b486-b1066f7d92b0
[18:01:14] [Server thread/INFO]: Kapten_Wigen[/78.73.10.85:56382] logged in with entity id 33987 at ([world]-111.03748242986897, 64.0, 367.1688201241395)
[18:01:29] [Server thread/INFO]: Kapten_Wigen lost connection: Disconnected
[18:01:29] [Server thread/INFO]: Kapten_Wigen left the game
[18:01:44] [Async Chat Thread - #8/INFO]: <MiltonGrande7> kan alla sova?[m
[18:01:49] [Async Chat Thread - #8/INFO]: <earth_miner123> har ej en säng[m
[18:01:57] [Async Chat Thread - #8/INFO]: <MiltonGrande7> har någon en säng?[m
[18:02:06] [User Authenticator #22/INFO]: UUID of player Kapten_Wigen is d25d24de-85de-40b6-b486-b1066f7d92b0
[18:02:06] [Server thread/INFO]: Kapten_Wigen[/78.73.10.85:56408] logged in with entity id 34838 at ([world]-123.69999998807907, 64.49520087700593, 355.3300442353157)
[18:02:09] [Server thread/INFO]: Kapten_Wigen lost connection: Disconnected
[18:02:09] [Server thread/INFO]: Kapten_Wigen left the game
[18:02:21] [User Authenticator #23/INFO]: UUID of player Kapten_Wigen is d25d24de-85de-40b6-b486-b1066f7d92b0
[18:02:21] [Server thread/INFO]: Kapten_Wigen[/78.73.10.85:56411] logged in with entity id 35194 at ([world]-123.69999998807907, 64.0, 355.3300442353157)
[18:02:25] [Server thread/INFO]: Kapten_Wigen lost connection: Disconnected
[18:02:25] [Server thread/INFO]: Kapten_Wigen left the game
[18:02:43] [User Authenticator #24/INFO]: UUID of player Kapten_Wigen is d25d24de-85de-40b6-b486-b1066f7d92b0
[18:02:43] [Server thread/INFO]: Kapten_Wigen[/78.73.10.85:56434] logged in with entity id 35576 at ([world]-123.69999998807907, 64.0, 355.3300442353157)
[18:02:54] [Server thread/INFO]: Kapten_Wigen was pricked to death
[18:03:18] [Server thread/INFO]: Kapten_Wigen lost connection: Disconnected
[18:03:18] [Server thread/INFO]: Kapten_Wigen left the game
[18:04:08] [User Authenticator #25/INFO]: UUID of player Kapten_Wigen is d25d24de-85de-40b6-b486-b1066f7d92b0
[18:04:08] [Server thread/INFO]: Kapten_Wigen[/78.73.10.85:56566] logged in with entity id 36800 at ([world]-132.64095621588208, 69.0, 415.2820729371109)
[18:10:03] [Server thread/INFO]: WildFoil8234255 has made the advancement [Stone Age]
[18:12:31] [Server thread/INFO]: Huggebugge123 has made the advancement [Stone Age]
[18:14:40] [Server thread/INFO]: Huggebugge123 lost connection: Disconnected
[18:14:40] [Server thread/INFO]: Huggebugge123 left the game
[18:15:43] [Server thread/INFO]: Kapten_Wigen lost connection: Disconnected
[18:15:43] [Server thread/INFO]: Kapten_Wigen left the game
[18:15:57] [Async Chat Thread - #9/INFO]: <WildFoil8234255> sov[m
[18:16:03] [Async Chat Thread - #9/INFO]: <MiltonGrande7> sovv snälla[m
[18:16:08] [Async Chat Thread - #9/INFO]: <earth_miner123> har ingen säng[m
[18:16:11] [Async Chat Thread - #9/INFO]: <earth_miner123> sovvv[m
[18:16:14] [Async Chat Thread - #9/INFO]: <earth_miner123> psl[m
[18:16:23] [Async Chat Thread - #9/INFO]: <MiltonGrande7> jeg dör[m
[18:16:43] [Async Chat Thread - #9/INFO]: <earth_miner123> jag med[m
[18:16:47] [Async Chat Thread - #9/INFO]: <earth_miner123> men ingen har säng[m
[18:16:56] [Async Chat Thread - #9/INFO]: <MiltonGrande7> jag sover[m
[18:17:02] [Server thread/INFO]: earth_miner123 lost connection: Disconnected
[18:17:02] [Server thread/INFO]: earth_miner123 left the game
[18:17:26] [Async Chat Thread - #9/INFO]: <WildFoil8234255> kan ni leave[m
[18:17:48] [Async Chat Thread - #9/INFO]: <MiltonGrande7> leava[m
[18:17:56] [User Authenticator #26/INFO]: UUID of player Huggebugge123 is d27b6796-9e8e-4b96-894a-17e7113ba154
[18:17:56] [Server thread/INFO]: Huggebugge123[/98.128.180.145:60499] logged in with entity id 49401 at ([world]-1606.764222775336, 64.0, 156.30000001192093)
[18:18:06] [Server thread/INFO]: Huggebugge123 has made the advancement [Monster Hunter]
[18:18:18] [Async Chat Thread - #9/INFO]: <MiltonGrande7> leava fort[m
[18:18:23] [Server thread/INFO]: Huggebugge123 lost connection: Disconnected
[18:18:23] [Server thread/INFO]: Huggebugge123 left the game
[18:18:29] [Server thread/INFO]: WildFoil8234255 was slain by Zombie
[18:18:30] [Async Chat Thread - #9/INFO]: <MiltonGrande7> JOINA[m
[18:18:30] [User Authenticator #27/INFO]: UUID of player earth_miner123 is 593673ab-f1b5-4ee3-aaef-fda12e509420
[18:18:31] [Server thread/INFO]: earth_miner123[/93.182.161.53:63807] logged in with entity id 49555 at ([world]120.30000001192093, 63.0, 286.69999998807907)
[18:18:35] [User Authenticator #28/INFO]: UUID of player Huggebugge123 is d27b6796-9e8e-4b96-894a-17e7113ba154
[18:18:35] [Server thread/INFO]: Huggebugge123[/98.128.180.145:60586] logged in with entity id 49714 at ([world]-1601.5970349959834, 64.0, 154.80097204583225)
[18:18:49] [User Authenticator #29/INFO]: UUID of player NotTheHeroHere is 6435c2b0-db69-4d6b-9182-eb4b0a9ba0fc
[18:18:49] [Server thread/INFO]: NotTheHeroHere[/83.233.246.122:38300] logged in with entity id 49974 at ([world]-1002.750269909869, 68.0, 1048.7068611166208)
[18:18:52] [User Authenticator #30/INFO]: UUID of player Kapten_Wigen is d25d24de-85de-40b6-b486-b1066f7d92b0
[18:18:52] [Server thread/INFO]: Kapten_Wigen[/78.73.10.85:53722] logged in with entity id 50041 at ([world]-157.452796651528, 67.0, 417.7062415752496)
[18:18:57] [User Authenticator #31/INFO]: UUID of player xsisorm is 41d5215b-11d3-4aeb-aad6-7aac06ec096b
[18:18:57] [Server thread/INFO]: xsisorm[/81.226.224.168:54494] logged in with entity id 50139 at ([world]2085.5858307060003, 64.0, -890.6999999880791)
[18:19:02] [Server thread/INFO]: Kapten_Wigen has made the advancement [Suit Up]
[18:19:02] [Server thread/INFO]: Kapten_Wigen has made the advancement [Isn't It Iron Pick]
[18:19:06] [Server thread/INFO]: Kapten_Wigen has made the advancement [Acquire Hardware]
[18:19:10] [Server thread/INFO]: WildFoil8234255 lost connection: Disconnected
[18:19:10] [Server thread/INFO]: WildFoil8234255 left the game
[18:19:12] [Async Chat Thread - #9/INFO]: <earth_miner123> najs calleeee[m
[18:19:16] [Server thread/INFO]: xsisorm lost connection: Disconnected
[18:19:16] [Server thread/INFO]: xsisorm left the game
[18:19:17] [Async Chat Thread - #9/INFO]: <NotTheHeroHere> sususususus[m
[18:19:17] [Server thread/INFO]: Huggebugge123 has made the advancement [Getting an Upgrade]
[18:19:26] [Async Chat Thread - #9/INFO]: <earth_miner123> vad händer[m
[18:19:30] [Async Chat Thread - #9/INFO]: <NotTheHeroHere> sussy[m
[18:19:37] [Server thread/INFO]: Huggebugge123 lost connection: Disconnected
[18:19:37] [Server thread/INFO]: Huggebugge123 left the game
[18:22:06] [Server thread/WARN]: Boat (vehicle of MiltonGrande7) moved wrongly! 0.33208216553583014
[18:22:06] [Server thread/WARN]: Boat (vehicle of MiltonGrande7) moved wrongly! 0.7861468274913079
[18:22:07] [Server thread/WARN]: Boat (vehicle of MiltonGrande7) moved wrongly! 0.48374159524541227
[18:23:15] [Server thread/INFO]: earth_miner123 lost connection: Disconnected
[18:23:15] [Server thread/INFO]: earth_miner123 left the game
[18:25:21] [Server thread/INFO]: Kapten_Wigen lost connection: Disconnected
[18:25:21] [Server thread/INFO]: Kapten_Wigen left the game
[18:25:26] [User Authenticator #32/INFO]: UUID of player Kapten_Wigen is d25d24de-85de-40b6-b486-b1066f7d92b0
[18:25:26] [Server thread/INFO]: Kapten_Wigen[/78.73.10.85:53786] logged in with entity id 56281 at ([world]-723.5996018587775, 62.073264324665075, -672.0240976846626)
[18:29:42] [Async Chat Thread - #10/INFO]: <NotTheHeroHere> leavea eller sov[m
[18:30:42] [Server thread/INFO]: Kapten_Wigen has made the advancement [Monster Hunter]
[18:31:02] [User Authenticator #33/INFO]: UUID of player Huggebugge123 is d27b6796-9e8e-4b96-894a-17e7113ba154
[18:31:03] [Server thread/INFO]: Huggebugge123[/98.128.180.145:60230] logged in with entity id 60544 at ([world]-1606.4722249943081, 64.0, 156.2019862835772)
[18:31:10] [Server thread/INFO]: Huggebugge123 lost connection: Disconnected
[18:31:10] [Server thread/INFO]: Huggebugge123 left the game
[18:31:14] [Server thread/INFO]: Kapten_Wigen lost connection: Disconnected
[18:31:14] [Server thread/INFO]: Kapten_Wigen left the game
[18:31:15] [Server thread/INFO]: NotTheHeroHere lost connection: Disconnected
[18:31:15] [Server thread/INFO]: NotTheHeroHere left the game
[18:31:21] [User Authenticator #34/INFO]: UUID of player NotTheHeroHere is 6435c2b0-db69-4d6b-9182-eb4b0a9ba0fc
[18:31:21] [Server thread/INFO]: NotTheHeroHere[/83.233.246.122:37899] logged in with entity id 60803 at ([world]-1023.0094692066183, 66.0, 1067.0873177798667)
[18:31:30] [Server thread/INFO]: MiltonGrande7 lost connection: Disconnected
[18:31:30] [Server thread/INFO]: MiltonGrande7 left the game
[18:31:32] [User Authenticator #35/INFO]: UUID of player MiltonGrande7 is 16666028-dd41-4b8b-867d-21f4af84b97d
[18:31:32] [Server thread/INFO]: MiltonGrande7[/83.233.247.3:29661] logged in with entity id 60990 at ([world]-658.7994959103569, 71.0, 1016.9658896813977)
[18:31:44] [User Authenticator #36/INFO]: UUID of player Huggebugge123 is d27b6796-9e8e-4b96-894a-17e7113ba154
[18:31:44] [Server thread/INFO]: Huggebugge123[/98.128.180.145:60312] logged in with entity id 61235 at ([world]-1606.4722249943081, 64.0, 156.2019862835772)
[18:32:11] [Server thread/INFO]: Huggebugge123 lost connection: Disconnected
[18:32:11] [Server thread/INFO]: Huggebugge123 left the game
[18:32:12] [Server thread/INFO]: MiltonGrande7 lost connection: Disconnected
[18:32:12] [Server thread/INFO]: MiltonGrande7 left the game
[18:32:15] [User Authenticator #37/INFO]: UUID of player MiltonGrande7 is 16666028-dd41-4b8b-867d-21f4af84b97d
[18:32:15] [Server thread/INFO]: MiltonGrande7[/83.233.247.3:29676] logged in with entity id 61709 at ([world]-792.0619399376708, 70.0, 1140.5205609562245)
[18:32:17] [User Authenticator #38/INFO]: UUID of player Huggebugge123 is d27b6796-9e8e-4b96-894a-17e7113ba154
[18:32:18] [Server thread/INFO]: Huggebugge123[/98.128.180.145:60616] logged in with entity id 61840 at ([world]-1601.6220371700874, 64.0, 148.94131912371734)
[18:32:22] [Server thread/WARN]: MiltonGrande7 moved too quickly! -7.7367343934024575,0.16610926093821377,16.974360433164293
[18:32:39] [Server thread/INFO]: Huggebugge123 has made the advancement [Acquire Hardware]
[18:39:58] [User Authenticator #39/INFO]: UUID of player Kapten_Wigen is d25d24de-85de-40b6-b486-b1066f7d92b0
[18:39:58] [Server thread/INFO]: Kapten_Wigen[/78.73.10.85:53869] logged in with entity id 68381 at ([world]-643.8456892454823, 72.0, 1008.2086683756719)
[18:42:45] [Server thread/INFO]: NotTheHeroHere lost connection: Disconnected
[18:42:45] [Server thread/INFO]: NotTheHeroHere left the game
[18:43:22] [Server thread/INFO]: Kapten_Wigen has made the advancement [A Seedy Place]
[18:43:45] [Server thread/INFO]: MiltonGrande7 lost connection: Disconnected
[18:43:45] [Server thread/INFO]: MiltonGrande7 left the game
[18:43:51] [User Authenticator #40/INFO]: UUID of player MiltonGrande7 is 16666028-dd41-4b8b-867d-21f4af84b97d
[18:43:51] [Server thread/INFO]: MiltonGrande7[/83.233.247.3:29231] logged in with entity id 71733 at ([world]-1644.7688024311701, 29.0, 274.9818535293525)
[18:44:03] [User Authenticator #41/INFO]: UUID of player NotTheHeroHere is 6435c2b0-db69-4d6b-9182-eb4b0a9ba0fc
[18:44:03] [Server thread/INFO]: NotTheHeroHere[/83.233.246.122:38035] logged in with entity id 71884 at ([world]-1652.9689344967744, 65.0, 201.54436713642534)
[18:44:13] [Server thread/INFO]: Kapten_Wigen has made the advancement [Sweet Dreams]
[18:44:39] [Server thread/INFO]: MiltonGrande7 lost connection: Disconnected
[18:44:39] [Server thread/INFO]: MiltonGrande7 left the game
[18:44:43] [User Authenticator #42/INFO]: UUID of player MiltonGrande7 is 16666028-dd41-4b8b-867d-21f4af84b97d
[18:44:43] [Server thread/INFO]: MiltonGrande7[/83.233.247.3:29241] logged in with entity id 72187 at ([world]-1642.0298359167616, 49.0, 275.3831170932856)
[18:44:54] [Server thread/INFO]: NotTheHeroHere lost connection: Disconnected
[18:44:54] [Server thread/INFO]: NotTheHeroHere left the game
[18:45:19] [User Authenticator #43/INFO]: UUID of player NotTheHeroHere is 6435c2b0-db69-4d6b-9182-eb4b0a9ba0fc
[18:45:19] [Server thread/INFO]: NotTheHeroHere[/83.233.246.122:38143] logged in with entity id 72382 at ([world]-1640.6089631119291, 67.0, 162.4708304311111)
[18:45:22] [Server thread/INFO]: NotTheHeroHere lost connection: Disconnected
[18:45:22] [Server thread/INFO]: NotTheHeroHere left the game
[18:46:08] [User Authenticator #44/INFO]: UUID of player NotTheHeroHere is 6435c2b0-db69-4d6b-9182-eb4b0a9ba0fc
[18:46:08] [Server thread/INFO]: NotTheHeroHere[/83.233.246.122:38184] logged in with entity id 72641 at ([world]-1640.6089631119291, 67.0, 162.4708304311111)
[18:46:45] [Server thread/INFO]: Kapten_Wigen has made the advancement [Stone Age]
[18:47:39] [Async Chat Thread - #11/INFO]: <NotTheHeroHere> sussy[m
[18:47:39] [Async Chat Thread - #11/INFO]: <NotTheHeroHere> sussy[m
[18:47:40] [Async Chat Thread - #11/INFO]: <NotTheHeroHere> sussy[m
[18:47:41] [Async Chat Thread - #11/INFO]: <NotTheHeroHere> sussy[m
[18:47:41] [Async Chat Thread - #11/INFO]: <NotTheHeroHere> sussy[m
[18:47:41] [Async Chat Thread - #11/INFO]: <NotTheHeroHere> sussy[m
[18:47:43] [Async Chat Thread - #11/INFO]: <NotTheHeroHere> sussy[m
[18:47:44] [Async Chat Thread - #11/INFO]: <NotTheHeroHere> sussy[m
[18:47:44] [Async Chat Thread - #11/INFO]: <NotTheHeroHere> sussy[m
[18:47:45] [Async Chat Thread - #11/INFO]: <NotTheHeroHere> sussy[m
[18:47:45] [Async Chat Thread - #11/INFO]: <NotTheHeroHere> sussy[m
[18:47:45] [Async Chat Thread - #11/INFO]: <NotTheHeroHere> sussy[m
[18:47:46] [Async Chat Thread - #11/INFO]: <NotTheHeroHere> sussy[m
[18:47:58] [Async Chat Thread - #11/INFO]: <NotTheHeroHere> sussy[m
[18:48:00] [Async Chat Thread - #11/INFO]: <NotTheHeroHere> sussy[m
[18:48:00] [Async Chat Thread - #11/INFO]: <NotTheHeroHere> sussy[m
[18:48:00] [Async Chat Thread - #11/INFO]: <NotTheHeroHere> sussy[m
[18:48:29] [Server thread/INFO]: Kapten_Wigen has made the advancement [Not Today, Thank You]
[18:49:13] [Async Chat Thread - #12/INFO]: <NotTheHeroHere> sussy[m
[18:49:13] [Async Chat Thread - #12/INFO]: <NotTheHeroHere> sussy[m
[18:49:13] [Async Chat Thread - #12/INFO]: <NotTheHeroHere> sussy[m
[18:49:15] [Async Chat Thread - #12/INFO]: <NotTheHeroHere> sussy[m
[18:49:15] [Async Chat Thread - #12/INFO]: <NotTheHeroHere> sussy[m
[18:49:16] [Async Chat Thread - #12/INFO]: <NotTheHeroHere> sussy[m
[18:49:17] [Async Chat Thread - #12/INFO]: <NotTheHeroHere> sussy[m
[18:49:17] [Async Chat Thread - #12/INFO]: <NotTheHeroHere> sussy[m
[18:49:17] [Async Chat Thread - #12/INFO]: <NotTheHeroHere> sussy[m
[18:49:18] [Async Chat Thread - #12/INFO]: <NotTheHeroHere> sussy[m
[18:49:18] [Async Chat Thread - #12/INFO]: <NotTheHeroHere> sussy[m
[18:49:18] [Async Chat Thread - #12/INFO]: <NotTheHeroHere> sussy[m
[18:49:22] [Async Chat Thread - #12/INFO]: <NotTheHeroHere> sussy[m
[18:49:22] [Async Chat Thread - #12/INFO]: <NotTheHeroHere> sussy[m
[18:49:22] [Async Chat Thread - #12/INFO]: <NotTheHeroHere> sussy[m
[18:49:24] [Async Chat Thread - #12/INFO]: <NotTheHeroHere> sussy[m
[18:49:25] [Async Chat Thread - #12/INFO]: <NotTheHeroHere> sussy[m
[18:49:26] [Async Chat Thread - #12/INFO]: <NotTheHeroHere> sussy[m
[18:49:27] [Async Chat Thread - #12/INFO]: <NotTheHeroHere> sussy[m
[18:49:27] [Async Chat Thread - #12/INFO]: <NotTheHeroHere> sussy[m
[18:49:27] [Async Chat Thread - #12/INFO]: <NotTheHeroHere> sussy[m
[18:49:29] [Async Chat Thread - #12/INFO]: <NotTheHeroHere> sussy[m
[18:49:29] [Async Chat Thread - #12/INFO]: <NotTheHeroHere> sussy[m
[18:49:32] [Async Chat Thread - #12/INFO]: <NotTheHeroHere> sussy[m
[18:49:32] [Async Chat Thread - #12/INFO]: <NotTheHeroHere> sussy[m
[18:49:32] [Async Chat Thread - #12/INFO]: <NotTheHeroHere> sussy[m
[18:49:34] [Async Chat Thread - #12/INFO]: <NotTheHeroHere> sussy[m
[18:49:34] [Async Chat Thread - #12/INFO]: <NotTheHeroHere> sussy[m
[18:49:36] [Async Chat Thread - #12/INFO]: <NotTheHeroHere> sussy[m
[18:49:38] [Async Chat Thread - #12/INFO]: <NotTheHeroHere> sussy[m
[18:49:38] [Async Chat Thread - #12/INFO]: <NotTheHeroHere> sussy[m
[18:49:40] [Async Chat Thread - #12/INFO]: <NotTheHeroHere> sussy[m
[18:49:40] [Async Chat Thread - #12/INFO]: <NotTheHeroHere> sussy[m
[18:50:09] [Server thread/INFO]: MiltonGrande7 has made the advancement [The Cutest Predator]
[18:50:23] [Server thread/INFO]: Huggebugge123 lost connection: Disconnected
[18:50:23] [Server thread/INFO]: Huggebugge123 left the game
[18:50:30] [User Authenticator #45/INFO]: UUID of player Huggebugge123 is d27b6796-9e8e-4b96-894a-17e7113ba154
[18:50:30] [Server thread/INFO]: Huggebugge123[/98.128.180.145:60204] logged in with entity id 75109 at ([world]-1040.3474190458778, 29.0, 1082.300000011921)
[18:51:22] [Server thread/INFO]: MiltonGrande7 lost connection: Disconnected
[18:51:22] [Server thread/INFO]: MiltonGrande7 left the game
[18:51:28] [Server thread/INFO]: NotTheHeroHere lost connection: Disconnected
[18:51:28] [Server thread/INFO]: NotTheHeroHere left the game
[18:51:39] [Server thread/INFO]: Huggebugge123 has made the advancement [Not Today, Thank You]
[18:51:58] [User Authenticator #46/INFO]: UUID of player NotTheHeroHere is 6435c2b0-db69-4d6b-9182-eb4b0a9ba0fc
[18:51:58] [Server thread/INFO]: NotTheHeroHere[/83.233.246.122:38273] logged in with entity id 75709 at ([world]-1122.6875, 62.07326432466506, 792.3125)
[18:52:33] [User Authenticator #47/INFO]: UUID of player MiltonGrande7 is 16666028-dd41-4b8b-867d-21f4af84b97d
[18:52:34] [Server thread/INFO]: MiltonGrande7[/83.233.247.3:29289] logged in with entity id 76040 at ([world]-1641.6446565077383, 29.19366615334313, 298.50172094270704)
[18:53:06] [Server thread/INFO]: Kapten_Wigen was slain by Enderman
[18:53:16] [Server thread/INFO]: Huggebugge123 was slain by Enderman
[18:53:57] [Server thread/INFO]: Huggebugge123 has made the advancement [Isn't It Iron Pick]
[18:54:05] [Server thread/INFO]: Huggebugge123 was slain by Zombie
[18:57:14] [Server thread/INFO]: Kapten_Wigen has made the advancement [Getting an Upgrade]
[18:57:48] [Server thread/INFO]: Huggebugge123 was slain by Zombie
[18:57:58] [Server thread/INFO]: Huggebugge123 lost connection: Disconnected
[18:57:58] [Server thread/INFO]: Huggebugge123 left the game
[18:58:45] [User Authenticator #48/INFO]: UUID of player Huggebugge123 is d27b6796-9e8e-4b96-894a-17e7113ba154
[18:58:46] [Server thread/INFO]: Huggebugge123[/98.128.180.145:60545] logged in with entity id 79438 at ([world]-1001.0709140691001, 68.5625, 1040.7672965771908)
[18:59:05] [Server thread/INFO]: Huggebugge123 lost connection: Disconnected
[18:59:05] [Server thread/INFO]: Huggebugge123 left the game
[18:59:21] [Server thread/INFO]: MiltonGrande7 lost connection: Disconnected
[18:59:21] [Server thread/INFO]: MiltonGrande7 left the game
[18:59:22] [Server thread/INFO]: Kapten_Wigen lost connection: Disconnected
[18:59:22] [Server thread/INFO]: Kapten_Wigen left the game
[18:59:27] [User Authenticator #49/INFO]: UUID of player Kapten_Wigen is d25d24de-85de-40b6-b486-b1066f7d92b0
[18:59:27] [Server thread/INFO]: Kapten_Wigen[/78.73.10.85:53982] logged in with entity id 79776 at ([world]-992.8547912801207, 69.0, 1056.1662718964521)
[18:59:35] [User Authenticator #50/INFO]: UUID of player Huggebugge123 is d27b6796-9e8e-4b96-894a-17e7113ba154
[18:59:35] [Server thread/INFO]: Huggebugge123[/98.128.180.145:60286] logged in with entity id 79797 at ([world]-1012.4386621884174, 66.0, 1046.0382616954794)
[19:00:04] [User Authenticator #51/INFO]: UUID of player MiltonGrande7 is 16666028-dd41-4b8b-867d-21f4af84b97d
[19:00:07] [Server thread/INFO]: MiltonGrande7[/83.233.247.3:29334] logged in with entity id 79874 at ([world]-1127.6018158557747, 62.07326432466507, 377.03128799000467)
[19:00:18] [Server thread/INFO]: NotTheHeroHere lost connection: Disconnected
[19:00:18] [Server thread/INFO]: NotTheHeroHere left the game
[19:00:56] [User Authenticator #52/INFO]: UUID of player WildFoil8234255 is e6e4c44a-e0a9-454e-98f2-96b4b8bf9be1
[19:00:56] [Server thread/INFO]: WildFoil8234255[/151.177.134.19:40960] logged in with entity id 80773 at ([world]-1604.5667169808692, 64.5625, 155.58232225028667)
[19:01:22] [User Authenticator #53/INFO]: UUID of player NotTheHeroHere is 6435c2b0-db69-4d6b-9182-eb4b0a9ba0fc
[19:01:22] [Server thread/INFO]: NotTheHeroHere[/83.233.246.122:34038] logged in with entity id 81381 at ([world]-979.7074620892668, 68.0, 1072.4713203091226)
[19:01:50] [Async Chat Thread - #13/INFO]: <NotTheHeroHere> WildFoil8234255[m
[19:01:56] [Async Chat Thread - #13/INFO]: <WildFoil8234255> ja[m
[19:02:01] [Async Chat Thread - #13/INFO]: <NotTheHeroHere> vad gör du[m
[19:02:02] [Async Chat Thread - #13/INFO]: <NotTheHeroHere> sussy[m
[19:02:16] [Server thread/INFO]: Huggebugge123 has made the advancement [Suit Up]
[19:02:21] [Async Chat Thread - #13/INFO]: <WildFoil8234255> Jag inprovar våran base[m
[19:02:47] [Async Chat Thread - #13/INFO]: <NotTheHeroHere> var är du[m
[19:02:54] [Async Chat Thread - #13/INFO]: <NotTheHeroHere> Kapten_Wigen[m
[19:02:57] [Async Chat Thread - #13/INFO]: <NotTheHeroHere> WildFoil8234255[m
[19:03:02] [Async Chat Thread - #13/INFO]: <WildFoil8234255> Det kommer jag inet säga[m
[19:03:06] [Async Chat Thread - #13/INFO]: <NotTheHeroHere> ååå[m
[19:03:07] [Async Chat Thread - #13/INFO]: <NotTheHeroHere> pls[m
[19:03:10] [Async Chat Thread - #13/INFO]: <NotTheHeroHere> ok[m
[19:03:18] [Async Chat Thread - #13/INFO]: <NotTheHeroHere> men hur länge kommer du spela[m
[19:03:21] [Async Chat Thread - #13/INFO]: <NotTheHeroHere> just nu?[m
[19:04:20] [Async Chat Thread - #13/INFO]: <NotTheHeroHere> WildFoil8234255[m
[19:04:21] [Server thread/INFO]: WildFoil8234255 has made the advancement [Getting an Upgrade]
[19:04:21] [Async Chat Thread - #13/INFO]: <NotTheHeroHere> sussy[m
[19:04:21] [Async Chat Thread - #13/INFO]: <NotTheHeroHere> sussy[m
[19:04:22] [Async Chat Thread - #13/INFO]: <NotTheHeroHere> sussy[m
[19:04:46] [Async Chat Thread - #13/INFO]: <NotTheHeroHere> sussy[m
[19:04:47] [Async Chat Thread - #13/INFO]: <NotTheHeroHere> sussy[m
[19:04:47] [Async Chat Thread - #13/INFO]: <NotTheHeroHere> sussy[m
[19:04:48] [Async Chat Thread - #13/INFO]: <NotTheHeroHere> sussy[m
[19:04:48] [Async Chat Thread - #13/INFO]: <NotTheHeroHere> sussy[m
[19:04:48] [Async Chat Thread - #13/INFO]: <NotTheHeroHere> sussy[m
[19:04:49] [Async Chat Thread - #13/INFO]: <NotTheHeroHere> sussy[m
[19:04:49] [Async Chat Thread - #13/INFO]: <NotTheHeroHere> sussy[m
[19:04:49] [Async Chat Thread - #13/INFO]: <NotTheHeroHere> sussy[m
[19:04:50] [Async Chat Thread - #13/INFO]: <NotTheHeroHere> sussy[m
[19:04:51] [Async Chat Thread - #13/INFO]: <NotTheHeroHere> sussy[m
[19:04:51] [Async Chat Thread - #13/INFO]: <NotTheHeroHere> sussy[m
[19:04:52] [Async Chat Thread - #13/INFO]: <NotTheHeroHere> sussy[m
[19:04:52] [Async Chat Thread - #13/INFO]: <NotTheHeroHere> sussy[m
[19:04:52] [Async Chat Thread - #13/INFO]: <NotTheHeroHere> sussy[m
[19:05:01] [Server thread/INFO]: WildFoil8234255 has made the advancement [A Seedy Place]
[19:05:04] [Async Chat Thread - #13/INFO]: <MiltonGrande7> HAHAHA TED JAG SER DIG[m
[19:05:06] [Async Chat Thread - #13/INFO]: <MiltonGrande7> lol[m
[19:05:07] [Async Chat Thread - #13/INFO]: <NotTheHeroHere> WildFoil8234255[m
[19:05:24] [Async Chat Thread - #13/INFO]: <MiltonGrande7> jag vet dina kord[m
[19:05:31] [Async Chat Thread - #13/INFO]: <WildFoil8234255> hur[m
[19:05:35] [Async Chat Thread - #13/INFO]: <NotTheHeroHere> vi ser dig[m
[19:05:48] [Async Chat Thread - #13/INFO]: <MiltonGrande7> du är vid vår bas[m
[19:05:57] [Async Chat Thread - #13/INFO]: <WildFoil8234255> nej[m
[19:06:00] [Async Chat Thread - #13/INFO]: <NotTheHeroHere> aha[m
[19:06:05] [Async Chat Thread - #13/INFO]: <MiltonGrande7> sus[m
[19:06:10] [Async Chat Thread - #13/INFO]: <NotTheHeroHere> kanske var Kapten_Wigen[m
[19:06:26] [Async Chat Thread - #13/INFO]: <Kapten_Wigen> JA DET VAR JAG LOL[m
[19:06:35] [Async Chat Thread - #13/INFO]: <MiltonGrande7> hahaha lol[m
[19:06:36] [Async Chat Thread - #13/INFO]: <NotTheHeroHere> bruh[m
[19:06:38] [Async Chat Thread - #13/INFO]: <WildFoil8234255> ni bor väll inte i en savanha[m
[19:06:43] [Async Chat Thread - #13/INFO]: <NotTheHeroHere> nej?[m
[19:07:05] [Async Chat Thread - #13/INFO]: <WildFoil8234255> i vilket biom bor ni[m
[19:07:09] [Async Chat Thread - #13/INFO]: <NotTheHeroHere> plains[m
[19:07:18] [Server thread/INFO]: MiltonGrande7 has made the advancement [Hot Stuff]
[19:07:20] [Async Chat Thread - #13/INFO]: <WildFoil8234255> ok[m
[19:08:10] [Async Chat Thread - #13/INFO]: <WildFoil8234255> kan ni joina chill[m
[19:08:20] [Async Chat Thread - #13/INFO]: <MiltonGrande7> joina oss istället[m
[19:08:44] [Server thread/INFO]: NotTheHeroHere issued server command: /w Huggebugge123 shh
[19:08:59] [Server thread/INFO]: Kapten_Wigen lost connection: Disconnected
[19:08:59] [Server thread/INFO]: Kapten_Wigen left the game
[19:09:36] [User Authenticator #54/INFO]: UUID of player Kapten_Wigen is d25d24de-85de-40b6-b486-b1066f7d92b0
[19:09:36] [Server thread/INFO]: Kapten_Wigen[/78.73.10.85:54070] logged in with entity id 86983 at ([world]-1002.6999999880791, 32.0, 1211.3629991550943)
[19:11:13] [Server thread/INFO]: MiltonGrande7 has made the advancement [We Need to Go Deeper]
[19:11:42] [Server thread/INFO]: WildFoil8234255 has made the advancement [Voluntary Exile]
[19:12:29] [User Authenticator #55/INFO]: UUID of player earth_miner123 is 593673ab-f1b5-4ee3-aaef-fda12e509420
[19:12:29] [Server thread/INFO]: earth_miner123[/93.182.161.53:57394] logged in with entity id 88559 at ([world]120.31966698735165, 65.0, 280.4387904845586)
[19:13:37] [Server thread/INFO]: Huggebugge123 lost connection: Disconnected
[19:13:37] [Server thread/INFO]: Huggebugge123 left the game
[19:13:39] [Server thread/INFO]: WildFoil8234255 lost connection: Disconnected
[19:13:39] [Server thread/INFO]: WildFoil8234255 left the game
[19:13:40] [Server thread/INFO]: earth_miner123 lost connection: Disconnected
[19:13:40] [Server thread/INFO]: earth_miner123 left the game
[19:13:41] [Server thread/INFO]: Kapten_Wigen lost connection: Disconnected
[19:13:41] [Server thread/INFO]: Kapten_Wigen left the game
[19:13:46] [Async Chat Thread - #14/INFO]: <MiltonGrande7> NotTheHeroHere[m
[19:13:48] [Server thread/INFO]: NotTheHeroHere lost connection: Disconnected
[19:13:48] [Server thread/INFO]: NotTheHeroHere left the game
[19:13:51] [User Authenticator #56/INFO]: UUID of player NotTheHeroHere is 6435c2b0-db69-4d6b-9182-eb4b0a9ba0fc
[19:13:51] [Server thread/INFO]: NotTheHeroHere[/83.233.246.122:34240] logged in with entity id 89331 at ([world]-1622.9274721960176, 53.0, 137.53760147022584)
[19:13:55] [User Authenticator #57/INFO]: UUID of player Kapten_Wigen is d25d24de-85de-40b6-b486-b1066f7d92b0
[19:13:55] [Server thread/INFO]: Kapten_Wigen[/78.73.10.85:54095] logged in with entity id 89474 at ([world]-1000.3000000119209, 68.0, 1050.5446661207106)
[19:13:57] [User Authenticator #58/INFO]: UUID of player WildFoil8234255 is e6e4c44a-e0a9-454e-98f2-96b4b8bf9be1
[19:13:57] [Server thread/INFO]: WildFoil8234255[/151.177.134.19:35128] logged in with entity id 89525 at ([world]-1632.699999988079, 64.0, 145.52285843562402)
[19:14:15] [User Authenticator #59/INFO]: UUID of player Huggebugge123 is d27b6796-9e8e-4b96-894a-17e7113ba154
[19:14:15] [User Authenticator #60/INFO]: UUID of player earth_miner123 is 593673ab-f1b5-4ee3-aaef-fda12e509420
[19:14:15] [Server thread/INFO]: Huggebugge123[/98.128.180.145:60511] logged in with entity id 89740 at ([world]-1001.7675296799633, 68.0, 1042.052708404673)
[19:14:15] [Server thread/INFO]: earth_miner123[/93.182.161.53:57510] logged in with entity id 89741 at ([world]107.69999998807907, 63.0, 283.30000001192093)
[19:14:56] [Server thread/INFO]: Kapten_Wigen has made the advancement [The Parrots and the Bats]
[19:18:20] [Server thread/INFO]: MiltonGrande7 lost connection: Disconnected
[19:18:20] [Server thread/INFO]: MiltonGrande7 left the game
[19:21:25] [Server thread/INFO]: earth_miner123 has made the advancement [Fishy Business]
[19:22:46] [Server thread/INFO]: WildFoil8234255 was slain by NotTheHeroHere
[19:22:51] [Server thread/INFO]: Huggebugge123 was shot by Skeleton
[19:24:06] [Server thread/INFO]: Huggebugge123 lost connection: Disconnected
[19:24:06] [Server thread/INFO]: Huggebugge123 left the game
[19:24:09] [Server thread/INFO]: WildFoil8234255 was impaled by Drowned
[19:24:28] [Server thread/INFO]: earth_miner123 has made the advancement [Ice Bucket Challenge]
[19:24:43] [User Authenticator #61/INFO]: UUID of player Huggebugge123 is d27b6796-9e8e-4b96-894a-17e7113ba154
[19:24:43] [Server thread/INFO]: Huggebugge123[/98.128.180.145:60588] logged in with entity id 97169 at ([world]-999.8506533695895, 68.5625, 1040.1577963500247)
[19:25:35] [Server thread/INFO]: Huggebugge123 lost connection: Disconnected
[19:25:35] [Server thread/INFO]: Huggebugge123 left the game
[19:25:55] [User Authenticator #62/INFO]: UUID of player Huggebugge123 is d27b6796-9e8e-4b96-894a-17e7113ba154
[19:25:55] [Server thread/INFO]: Huggebugge123[/98.128.180.145:60549] logged in with entity id 98429 at ([world]-1004.645270572742, 67.0, 1046.6638133553172)
[19:26:22] [Server thread/INFO]: Huggebugge123 lost connection: Disconnected
[19:26:22] [Server thread/INFO]: Huggebugge123 left the game
[19:26:42] [Server thread/INFO]: NotTheHeroHere lost connection: Disconnected
[19:26:42] [Server thread/INFO]: NotTheHeroHere left the game
[19:26:45] [User Authenticator #63/INFO]: UUID of player Huggebugge123 is d27b6796-9e8e-4b96-894a-17e7113ba154
[19:26:46] [Server thread/INFO]: Huggebugge123[/98.128.180.145:60422] logged in with entity id 99151 at ([world]-1002.078379633997, 67.0, 1037.0286844148186)
[19:26:50] [Server thread/INFO]: earth_miner123 has made the advancement [Who is Cutting Onions?]
[19:27:16] [Server thread/INFO]: Huggebugge123 lost connection: Disconnected
[19:27:16] [Server thread/INFO]: Huggebugge123 left the game
[19:27:44] [Server thread/INFO]: earth_miner123 lost connection: Disconnected
[19:27:44] [Server thread/INFO]: earth_miner123 left the game
[19:27:46] [Server thread/INFO]: Kapten_Wigen lost connection: Disconnected
[19:27:46] [Server thread/INFO]: Kapten_Wigen left the game
[19:28:02] [User Authenticator #64/INFO]: UUID of player NotTheHeroHere is 6435c2b0-db69-4d6b-9182-eb4b0a9ba0fc
[19:28:03] [Server thread/INFO]: NotTheHeroHere[/83.233.246.122:38353] logged in with entity id 100663 at ([world]-1022.6169874365252, 64.0, 997.1515052719974)
[19:28:03] [User Authenticator #65/INFO]: UUID of player Huggebugge123 is d27b6796-9e8e-4b96-894a-17e7113ba154
[19:28:04] [Server thread/INFO]: Huggebugge123[/98.128.180.145:60104] logged in with entity id 100664 at ([world]-1003.9287723597399, 68.41975681181644, 1044.0580853039726)
[19:28:04] [User Authenticator #66/INFO]: UUID of player earth_miner123 is 593673ab-f1b5-4ee3-aaef-fda12e509420
[19:28:05] [Server thread/INFO]: earth_miner123[/93.182.161.53:57638] logged in with entity id 100716 at ([world]150.6151281542912, 52.0, 226.74590640888755)
[19:28:20] [Server thread/INFO]: Made NotTheHeroHere a server operator
[19:28:32] [Server thread/INFO]: NotTheHeroHere issued server command: /lshealth WildFoil8234255 8
[19:28:44] [Server thread/INFO]: NotTheHeroHere issued server command: /lshealth add WildFoil8234255 2
[19:28:54] [User Authenticator #67/INFO]: UUID of player Kapten_Wigen is d25d24de-85de-40b6-b486-b1066f7d92b0
[19:28:54] [Server thread/INFO]: Kapten_Wigen[/78.73.10.85:64795] logged in with entity id 101780 at ([world]-995.9489261063077, 67.0, 1065.920998532048)
[19:29:12] [Server thread/INFO]: NotTheHeroHere issued server command: /lshealth add Huggebugge123 3
[19:29:30] [Server thread/INFO]: NotTheHeroHere issued server command: /lshealth add Kapten_Wigen 3
[19:29:59] [Server thread/INFO]: NotTheHeroHere issued server command: /lshealth add earth_miner123 1
[19:30:18] [Server thread/INFO]: Huggebugge123 lost connection: Disconnected
[19:30:18] [Server thread/INFO]: Huggebugge123 left the game
[19:30:26] [Server thread/INFO]: Kapten_Wigen lost connection: Disconnected
[19:30:26] [Server thread/INFO]: Kapten_Wigen left the game
[19:30:26] [Server thread/INFO]: WildFoil8234255 lost connection: Disconnected
[19:30:26] [Server thread/INFO]: WildFoil8234255 left the game
[19:30:29] [Server thread/INFO]: earth_miner123 lost connection: Disconnected
[19:30:29] [Server thread/INFO]: earth_miner123 left the game
[19:30:37] [User Authenticator #68/INFO]: UUID of player earth_miner123 is 593673ab-f1b5-4ee3-aaef-fda12e509420
[19:30:37] [User Authenticator #69/INFO]: UUID of player WildFoil8234255 is e6e4c44a-e0a9-454e-98f2-96b4b8bf9be1
[19:30:37] [Server thread/INFO]: earth_miner123[/93.182.161.53:61219] logged in with entity id 103116 at ([world]121.90874918631843, 64.0, 284.69999998807907)
[19:30:40] [Server thread/INFO]: WildFoil8234255[/151.177.134.19:41452] logged in with entity id 103117 at ([world]388.39709396782786, 62.07326432466506, -802.2003897556091)
[19:30:40] [Server thread/WARN]: NotTheHeroHere moved too quickly! -12.309257693695258,-3.323123074828672,-0.155652918520218
[19:30:40] [User Authenticator #70/INFO]: UUID of player Kapten_Wigen is d25d24de-85de-40b6-b486-b1066f7d92b0
[19:30:40] [User Authenticator #71/INFO]: UUID of player Huggebugge123 is d27b6796-9e8e-4b96-894a-17e7113ba154
[19:30:40] [Server thread/INFO]: Kapten_Wigen[/78.73.10.85:64812] logged in with entity id 103170 at ([world]-984.1828594183122, 68.0, 1067.1673050897623)
[19:30:41] [Server thread/INFO]: Huggebugge123[/98.128.180.145:60709] logged in with entity id 103171 at ([world]-1012.1690974305964, 66.41680087548005, 1044.6122339255394)
[19:30:50] [Server thread/INFO]: NotTheHeroHere issued server command: /deop NotTheHeroHere
[19:30:50] [Server thread/INFO]: [NotTheHeroHere: Made NotTheHeroHere no longer a server operator]
[19:30:52] [Server thread/INFO]: Huggebugge123 lost connection: Disconnected
[19:30:52] [Server thread/INFO]: Huggebugge123 left the game
[19:31:02] [Server thread/INFO]: Made NotTheHeroHere a server operator
[19:31:06] [User Authenticator #72/INFO]: UUID of player Huggebugge123 is d27b6796-9e8e-4b96-894a-17e7113ba154
[19:31:06] [Server thread/INFO]: Huggebugge123[/98.128.180.145:60690] logged in with entity id 103694 at ([world]-1006.0946042304977, 67.19366615334314, 1054.334137127963)
[19:31:18] [Server thread/INFO]: NotTheHeroHere issued server command: /deop NotTheHeroHere
[19:31:18] [Server thread/INFO]: [NotTheHeroHere: Made NotTheHeroHere no longer a server operator]
[19:31:55] [Server thread/INFO]: Kapten_Wigen has made the advancement [Enchanter]
[19:38:51] [Server thread/INFO]: Kapten_Wigen has made the advancement [We Need to Go Deeper]
[19:39:02] [User Authenticator #73/INFO]: UUID of player MiltonGrande7 is 16666028-dd41-4b8b-867d-21f4af84b97d
[19:39:03] [Server thread/INFO]: MiltonGrande7[/83.233.247.3:29516] logged in with entity id 109145 at ([world]-875.9049261601541, 54.0, 1174.2458864472817)
[19:39:13] [Server thread/INFO]: Huggebugge123 has made the advancement [We Need to Go Deeper]
[19:40:06] [Server thread/INFO]: MiltonGrande7 lost connection: Disconnected
[19:40:06] [Server thread/INFO]: MiltonGrande7 left the game
[19:40:42] [User Authenticator #74/INFO]: UUID of player xsisorm is 41d5215b-11d3-4aeb-aad6-7aac06ec096b
[19:40:42] [Server thread/INFO]: xsisorm[/81.226.224.168:49178] logged in with entity id 110735 at ([world]2085.5858307060003, 64.0, -890.6999999880791)
[19:40:56] [Server thread/INFO]: Made NotTheHeroHere a server operator
[19:41:07] [Server thread/INFO]: NotTheHeroHere issued server command: /lshealth add xsisorm 5
[19:41:12] [Server thread/INFO]: NotTheHeroHere issued server command: /deop NotTheHeroHere
[19:41:12] [Server thread/INFO]: [NotTheHeroHere: Made NotTheHeroHere no longer a server operator]
[19:42:09] [Server thread/INFO]: Huggebugge123 lost connection: Disconnected
[19:42:09] [Server thread/INFO]: Huggebugge123 left the game
[19:42:14] [Server thread/INFO]: xsisorm lost connection: Disconnected
[19:42:14] [Server thread/INFO]: xsisorm left the game
[19:43:00] [User Authenticator #75/INFO]: UUID of player xsisorm is 41d5215b-11d3-4aeb-aad6-7aac06ec096b
[19:43:00] [Server thread/INFO]: xsisorm[/81.226.224.168:49259] logged in with entity id 113857 at ([world]2191.9580296870313, 65.0, -631.7799925019948)
[19:43:04] [Server thread/INFO]: Kapten_Wigen lost connection: Disconnected
[19:43:04] [Server thread/INFO]: Kapten_Wigen left the game
[19:43:10] [Server thread/INFO]: xsisorm lost connection: Disconnected
[19:43:10] [Server thread/INFO]: xsisorm left the game
[19:48:38] [User Authenticator #76/INFO]: UUID of player MiltonGrande7 is 16666028-dd41-4b8b-867d-21f4af84b97d
[19:48:38] [Server thread/INFO]: MiltonGrande7[/83.233.247.3:29567] logged in with entity id 119092 at ([world]-875.339217041802, 54.0, 1175.3085533617113)
[19:48:50] [Server thread/INFO]: earth_miner123 was blown up by Creeper
[19:49:00] [Server thread/INFO]: MiltonGrande7 lost connection: Disconnected
[19:49:00] [Server thread/INFO]: MiltonGrande7 left the game
[19:49:37] [Server thread/INFO]: earth_miner123 was blown up by Creeper
[19:49:49] [Server thread/INFO]: earth_miner123 lost connection: Timed out
[19:49:49] [Server thread/INFO]: earth_miner123 left the game.
[19:49:58] [User Authenticator #77/INFO]: UUID of player earth_miner123 is 593673ab-f1b5-4ee3-aaef-fda12e509420
[19:49:58] [Server thread/INFO]: earth_miner123[/93.182.161.53:63334] logged in with entity id 120762 at ([world]40.73786007259875, 63.0, 312.58923653452183)
[19:50:13] [Server thread/INFO]: earth_miner123 lost connection: Disconnected
[19:50:13] [Server thread/INFO]: earth_miner123 left the game
[19:51:07] [User Authenticator #78/INFO]: UUID of player earth_miner123 is 593673ab-f1b5-4ee3-aaef-fda12e509420
[19:51:07] [Server thread/INFO]: earth_miner123[/93.182.161.53:63484] logged in with entity id 121464 at ([world]40.73786007259875, 63.0, 312.58923653452183)
[19:52:00] [Server thread/INFO]: earth_miner123 lost connection: Disconnected
[19:52:00] [Server thread/INFO]: earth_miner123 left the game
[19:52:47] [User Authenticator #79/INFO]: UUID of player earth_miner123 is 593673ab-f1b5-4ee3-aaef-fda12e509420
[19:52:47] [Server thread/INFO]: earth_miner123[/93.182.161.53:50152] logged in with entity id 122314 at ([world]40.73786007259875, 63.0, 312.58923653452183)
[19:53:38] [Server thread/INFO]: earth_miner123 lost connection: Disconnected
[19:53:38] [Server thread/INFO]: earth_miner123 left the game
[19:54:46] [User Authenticator #80/INFO]: UUID of player earth_miner123 is 593673ab-f1b5-4ee3-aaef-fda12e509420
[19:54:46] [Server thread/INFO]: earth_miner123[/93.182.161.53:50301] logged in with entity id 122913 at ([world]40.73786007259875, 63.0, 312.58923653452183)
[19:55:02] [Server thread/INFO]: earth_miner123 lost connection: Disconnected
[19:55:02] [Server thread/INFO]: earth_miner123 left the game
[19:58:11] [User Authenticator #81/INFO]: UUID of player earth_miner123 is 593673ab-f1b5-4ee3-aaef-fda12e509420
[19:58:11] [Server thread/INFO]: earth_miner123[/93.182.161.53:62750] logged in with entity id 123699 at ([world]40.73786007259875, 63.0, 312.58923653452183)
[19:58:14] [Server thread/INFO]: NotTheHeroHere lost connection: Disconnected
[19:58:14] [Server thread/INFO]: NotTheHeroHere left the game
[19:58:17] [Server thread/INFO]: earth_miner123 lost connection: Disconnected
[19:58:17] [Server thread/INFO]: earth_miner123 left the game
[19:58:31] [User Authenticator #82/INFO]: UUID of player NotTheHeroHere is 6435c2b0-db69-4d6b-9182-eb4b0a9ba0fc
[19:58:31] [Server thread/INFO]: NotTheHeroHere[/83.233.246.122:34052] logged in with entity id 123742 at ([world]-1001.9995596799748, 68.0, 1044.512172459363)
[19:58:55] [User Authenticator #83/INFO]: UUID of player MiltonGrande7 is 16666028-dd41-4b8b-867d-21f4af84b97d
[19:58:56] [Server thread/INFO]: MiltonGrande7[/83.233.247.3:29626] logged in with entity id 123978 at ([world]-875.6497093283896, 54.0, 1175.6736204751949)
[19:59:49] [User Authenticator #84/INFO]: UUID of player earth_miner123 is 593673ab-f1b5-4ee3-aaef-fda12e509420
[19:59:49] [Server thread/INFO]: earth_miner123[/93.182.161.53:65275] logged in with entity id 124329 at ([world]40.73786007259875, 63.0, 312.58923653452183)
[20:01:10] [Server thread/INFO]: earth_miner123 lost connection: Disconnected
[20:01:10] [Server thread/INFO]: earth_miner123 left the game
[20:02:30] [Server thread/INFO]: MiltonGrande7 lost connection: Disconnected
[20:02:30] [Server thread/INFO]: MiltonGrande7 left the game
[20:03:54] [User Authenticator #85/INFO]: UUID of player earth_miner123 is 593673ab-f1b5-4ee3-aaef-fda12e509420
[20:03:54] [Server thread/INFO]: earth_miner123[/93.182.161.53:59261] logged in with entity id 125770 at ([world]40.73786007259875, 63.0, 312.58923653452183)
[20:03:58] [Server thread/INFO]: NotTheHeroHere lost connection: Disconnected
[20:03:58] [Server thread/INFO]: NotTheHeroHere left the game
[20:04:14] [Server thread/INFO]: earth_miner123 lost connection: Disconnected
[20:04:14] [Server thread/INFO]: earth_miner123 left the game
[20:04:20] [User Authenticator #86/INFO]: UUID of player NotTheHeroHere is 6435c2b0-db69-4d6b-9182-eb4b0a9ba0fc
[20:04:20] [Server thread/INFO]: NotTheHeroHere[/83.233.246.122:34115] logged in with entity id 125872 at ([world]-1002.2802710304497, 64.0, 958.5695455813769)
[20:07:15] [Server thread/INFO]: WildFoil8234255 has made the advancement [Acquire Hardware]
[20:07:23] [Server thread/INFO]: WildFoil8234255 has made the advancement [Isn't It Iron Pick]
[20:09:14] [User Authenticator #87/INFO]: UUID of player earth_miner123 is 593673ab-f1b5-4ee3-aaef-fda12e509420
[20:09:14] [Server thread/INFO]: earth_miner123[/93.182.161.53:55981] logged in with entity id 127863 at ([world]40.73786007259875, 63.0, 312.58923653452183)
[20:11:43] [Server thread/INFO]: earth_miner123 lost connection: Disconnected
[20:11:43] [Server thread/INFO]: earth_miner123 left the game
[20:13:35] [User Authenticator #88/INFO]: UUID of player Waltoy is 7c66e655-d80d-401d-b97e-5c6bf0fee9aa
[20:13:35] [Server thread/INFO]: Waltoy[/5.180.0.160:51988] logged in with entity id 129137 at ([world]-854.706750626942, 64.0, 1137.787923274111)
[20:14:01] [User Authenticator #89/INFO]: UUID of player earth_miner123 is 593673ab-f1b5-4ee3-aaef-fda12e509420
[20:14:01] [Server thread/INFO]: earth_miner123[/93.182.161.53:56022] logged in with entity id 129361 at ([world]40.73786007259875, 63.0, 312.58923653452183)
[20:15:13] [Server thread/INFO]: earth_miner123 lost connection: Disconnected
[20:15:13] [Server thread/INFO]: earth_miner123 left the game
[20:15:22] [Server thread/INFO]: WildFoil8234255 issued server command: /tell Waltoy försök ta deras grejer och sedan stick ut till havs så långt du kan
[20:17:51] [Server thread/INFO]: NotTheHeroHere issued server command: /v
[20:17:52] [Server thread/INFO]: NotTheHeroHere issued server command: /v
[20:17:53] [Server thread/INFO]: NotTheHeroHere issued server command: /v
[20:17:53] [Server thread/INFO]: NotTheHeroHere issued server command: /v
[20:17:53] [Server thread/INFO]: NotTheHeroHere issued server command: /vt
[20:17:54] [Server thread/INFO]: NotTheHeroHere issued server command: /vt
[20:17:54] [Server thread/INFO]: NotTheHeroHere issued server command: /vt
[20:17:55] [Server thread/INFO]: NotTheHeroHere issued server command: /v
[20:18:12] [Server thread/WARN]: Boat (vehicle of Waltoy) moved wrongly! 0.27938220191305163
[20:21:08] [Server thread/INFO]: WildFoil8234255 issued server command: /tell namn vad du vill skriva
[20:21:33] [Async Chat Thread - #15/INFO]: <WildFoil8234255> m /tell namn vad du vill skriva[m
[20:22:05] [Server thread/INFO]: NotTheHeroHere lost connection: Disconnected
[20:22:05] [Server thread/INFO]: NotTheHeroHere left the game
[20:22:14] [User Authenticator #90/INFO]: UUID of player xsisorm is 41d5215b-11d3-4aeb-aad6-7aac06ec096b
[20:22:14] [Server thread/INFO]: xsisorm[/81.226.224.168:61442] logged in with entity id 135121 at ([world]2199.5105358360115, 62.0, -618.532354667111)
[20:22:20] [Server thread/INFO]: xsisorm was slain by Spider
[20:22:43] [Server thread/INFO]: Waltoy was blown up by Creeper
[20:23:08] [User Authenticator #91/INFO]: UUID of player earth_miner123 is 593673ab-f1b5-4ee3-aaef-fda12e509420
[20:23:08] [Server thread/INFO]: earth_miner123[/93.182.161.53:65114] logged in with entity id 136047 at ([world]40.73786007259875, 63.0, 312.58923653452183)
[20:23:09] [User Authenticator #92/INFO]: UUID of player NotTheHeroHere is 6435c2b0-db69-4d6b-9182-eb4b0a9ba0fc
[20:23:10] [Server thread/INFO]: NotTheHeroHere[/83.233.246.122:33871] logged in with entity id 136061 at ([world]-994.4776502456427, 69.0, 1047.542101953032)
[20:23:11] [Server thread/WARN]: xsisorm moved too quickly! -9.359832085402559,1.0,-3.696109688853767
[20:23:13] [Server thread/INFO]: Made NotTheHeroHere a server operator
[20:23:20] [Server thread/INFO]: earth_miner123 lost connection: Disconnected
[20:23:20] [Server thread/INFO]: earth_miner123 left the game
[20:23:22] [Server thread/INFO]: NotTheHeroHere issued server command: /v
[20:23:49] [Server thread/INFO]: Waltoy lost connection: Disconnected
[20:23:49] [Server thread/INFO]: Waltoy left the game
[20:23:53] [Server thread/INFO]: NotTheHeroHere lost connection: Disconnected
[20:24:32] [User Authenticator #93/INFO]: UUID of player MiltonGrande7 is 16666028-dd41-4b8b-867d-21f4af84b97d
[20:24:32] [Server thread/INFO]: MiltonGrande7[/83.233.247.3:29244] logged in with entity id 137769 at ([world]-988.9280395727237, 68.0, 1062.974721702832)
[20:24:46] [Server thread/INFO]: xsisorm lost connection: Disconnected
[20:24:46] [Server thread/INFO]: xsisorm left the game
[20:27:23] [Server thread/INFO]: WildFoil8234255 has made the advancement [Suit Up]
[20:27:49] [Server thread/INFO]: MiltonGrande7 lost connection: Disconnected
[20:27:49] [Server thread/INFO]: MiltonGrande7 left the game
[20:28:41] [User Authenticator #94/INFO]: UUID of player Waltoy is 7c66e655-d80d-401d-b97e-5c6bf0fee9aa
[20:28:41] [Server thread/INFO]: Waltoy[/5.180.0.160:62164] logged in with entity id 139260 at ([world]-181.4741807416263, 70.0, 338.1745203310903)
[20:39:57] [Server thread/WARN]: Boat (vehicle of WildFoil8234255) moved wrongly! 0.3586656614400425
[20:47:12] [User Authenticator #95/INFO]: UUID of player MiltonGrande7 is 16666028-dd41-4b8b-867d-21f4af84b97d
[20:47:12] [Server thread/INFO]: MiltonGrande7[/83.233.247.3:29359] logged in with entity id 148456 at ([world]-874.9966675716281, 54.0, 1173.646392848489)
[20:48:38] [Server thread/INFO]: WildFoil8234255 has made the advancement [Diamonds!]
[20:53:12] [Server thread/INFO]: MiltonGrande7 lost connection: Disconnected
[20:53:12] [Server thread/INFO]: MiltonGrande7 left the game
[20:54:33] [Server thread/INFO]: WildFoil8234255 was shot by Skeleton
[20:54:35] [User Authenticator #96/INFO]: UUID of player MiltonGrande7 is 16666028-dd41-4b8b-867d-21f4af84b97d
[20:54:35] [Server thread/INFO]: MiltonGrande7[/83.233.247.3:29441] logged in with entity id 150352 at ([world]-873.5173322239374, 54.0, 1168.612943711533)
[20:57:22] [Server thread/INFO]: Waltoy was shot by Skeleton
[20:59:07] [Server thread/INFO]: Waltoy has made the advancement [Diamonds!]
[20:59:37] [Server thread/INFO]: WildFoil8234255 lost connection: Disconnected
[20:59:37] [Server thread/INFO]: WildFoil8234255 left the game
[20:59:57] [User Authenticator #97/INFO]: UUID of player Huggebugge123 is d27b6796-9e8e-4b96-894a-17e7113ba154
[20:59:57] [Server thread/INFO]: Huggebugge123[/98.128.180.145:60097] logged in with entity id 152241 at ([world]-993.2314738979106, 69.0, 1036.9440408351547)
[21:00:14] [Server thread/INFO]: Huggebugge123 lost connection: Disconnected
[21:00:14] [Server thread/INFO]: Huggebugge123 left the game
[21:00:59] [User Authenticator #98/INFO]: UUID of player Huggebugge123 is d27b6796-9e8e-4b96-894a-17e7113ba154
[21:00:59] [Server thread/INFO]: Huggebugge123[/98.128.180.145:60396] logged in with entity id 152619 at ([world]-1002.9862311370911, 67.0, 1059.3939659556272)
[21:01:48] [Server thread/INFO]: MiltonGrande7 lost connection: Disconnected
[21:01:48] [Server thread/INFO]: MiltonGrande7 left the game
[21:12:45] [User Authenticator #99/INFO]: UUID of player xsisorm is 41d5215b-11d3-4aeb-aad6-7aac06ec096b
[21:12:45] [Server thread/INFO]: xsisorm[/81.226.224.168:49318] logged in with entity id 156584 at ([world]1642.468415080881, 63.0, -1082.4395331124458)
[21:12:51] [User Authenticator #100/INFO]: UUID of player NotTheHeroHere is 6435c2b0-db69-4d6b-9182-eb4b0a9ba0fc
[21:12:51] [Server thread/INFO]: NotTheHeroHere[/83.233.246.209:29935] logged in with entity id 156767 at ([world]-992.9070487171567, 69.99710547105907, 1033.8180415687686)
[21:13:01] [Server thread/INFO]: NotTheHeroHere issued server command: /v
[21:13:07] [User Authenticator #101/INFO]: UUID of player earth_miner123 is 593673ab-f1b5-4ee3-aaef-fda12e509420
[21:13:07] [Server thread/INFO]: earth_miner123[/93.182.161.53:54646] logged in with entity id 157191 at ([world]40.73786007259875, 63.0, 312.58923653452183)
[21:13:15] [Server thread/INFO]: earth_miner123 lost connection: Disconnected
[21:13:16] [Server thread/INFO]: earth_miner123 left the game
[21:13:53] [Server thread/INFO]: Attempting to restart with ./start.sh
[21:13:53] [Server thread/INFO]: Waltoy lost connection: Server is restarting
[21:13:53] [Server thread/INFO]: Waltoy left the game.
[21:13:53] [Server thread/INFO]: Huggebugge123 lost connection: Server is restarting
[21:13:53] [Server thread/INFO]: Huggebugge123 left the game.
[21:13:53] [Server thread/INFO]: xsisorm lost connection: Server is restarting
[21:13:53] [Server thread/INFO]: xsisorm left the game.
[21:13:53] [Server thread/INFO]: NotTheHeroHere lost connection: Server is restarting
[21:13:53] [Server thread/INFO]: NotTheHeroHere left the game.
[21:13:54] [Server thread/INFO]: Stopping server
[21:13:54] [Server thread/INFO]: [SuperVanish] Disabling SuperVanish v6.2.7
[21:13:54] [Server thread/INFO]: [LifeSteal-Smp-Plugin] Disabling LifeSteal-Smp-Plugin v1.0
[21:13:54] [Server thread/INFO]: Saving players
[21:13:54] [Server thread/INFO]: Saving worlds
[21:14:11] [Server console handler/ERROR]: Exception handling console input
java.io.IOException: Input/output error
	at java.io.FileInputStream.readBytes(Native Method) ~[?:?]
	at java.io.FileInputStream.read(FileInputStream.java:276) ~[?:?]
	at java.io.BufferedInputStream.fill(BufferedInputStream.java:244) ~[?:?]
	at java.io.BufferedInputStream.read(BufferedInputStream.java:263) ~[?:?]
	at jline.internal.NonBlockingInputStream.read(NonBlockingInputStream.java:169) ~[jline-2.12.1.jar:?]
	at jline.internal.NonBlockingInputStream.read(NonBlockingInputStream.java:137) ~[jline-2.12.1.jar:?]
	at jline.internal.NonBlockingInputStream.read(NonBlockingInputStream.java:246) ~[jline-2.12.1.jar:?]
	at jline.internal.InputStreamReader.read(InputStreamReader.java:261) ~[jline-2.12.1.jar:?]
	at jline.internal.InputStreamReader.read(InputStreamReader.java:198) ~[jline-2.12.1.jar:?]
	at jline.console.ConsoleReader.readCharacter(ConsoleReader.java:2145) ~[jline-2.12.1.jar:?]
	at jline.console.ConsoleReader.readLine(ConsoleReader.java:2349) ~[jline-2.12.1.jar:?]
	at net.minecraft.server.dedicated.DedicatedServer$1.run(DedicatedServer.java:129) [spigot-1.18.2-R0.1-SNAPSHOT.jar:3491-Spigot-b081915-95d233d]
