[14:58:59] [ServerMain/INFO]: Environment: authHost='https://authserver.mojang.com', accountsHost='https://api.mojang.com', sessionHost='https://sessionserver.mojang.com', servicesHost='https://api.minecraftservices.com', name='PROD'
[14:59:09] [Worker-Main-6/INFO]: Loaded 7 recipes
[14:59:12] [Server thread/INFO]: Starting minecraft server version 1.18.2
[14:59:12] [Server thread/INFO]: Loading properties
[14:59:13] [Server thread/INFO]: This server is running CraftBukkit version 3491-Spigot-b081915-95d233d (MC: 1.18.2) (Implementing API version 1.18.2-R0.1-SNAPSHOT)
[14:59:13] [Server thread/INFO]: Debug logging is disabled
[14:59:13] [Server thread/INFO]: Server Ping Player Sample Count: 12
[14:59:13] [Server thread/INFO]: Using 4 threads for Netty based IO
[14:59:13] [Server thread/INFO]: Default game type: SURVIVAL
[14:59:13] [Server thread/INFO]: Generating keypair
[14:59:14] [Server thread/INFO]: Starting Minecraft server on 88.99.11.184:25565
[14:59:14] [Server thread/INFO]: Using epoll channel type
[14:59:14] [Server thread/ERROR]: Ambiguous plugin name `Essentials' for files `plugins/EssentialsX-2.19.0.jar' and `plugins/EssentialsX-2.19.4.jar' in `plugins'
[14:59:17] [Server thread/INFO]: [LuckPerms] Loading LuckPerms v5.4.25
[14:59:18] [Server thread/INFO]: [FastAsyncWorldEdit] Loading FastAsyncWorldEdit v2.2.1-SNAPSHOT-184;d1f3ac8
[14:59:20] [Server thread/INFO]: Got request to register class com.sk89q.worldedit.bukkit.BukkitServerInterface with WorldEdit [com.sk89q.worldedit.extension.platform.PlatformManager@52de600e]
[14:59:21] [Server thread/INFO]: [OpenInv] Loading OpenInv v4.1.10
[14:59:21] [Server thread/INFO]: [Essentials] Loading Essentials v2.19.0
[14:59:21] [Server thread/INFO]: [LPC] Loading LPC v3.5.0
[14:59:21] [Server thread/INFO]: [ItemEdit] Loading ItemEdit v3.0.3
[14:59:21] [Server thread/INFO]: [WorldGuard] Loading WorldGuard v7.0.7+216b061
[14:59:21] [Server thread/INFO]: [Shopkeepers] Loading Shopkeepers v2.15.1
[14:59:23] [Server thread/INFO]: [Shopkeepers] Loaded all plugin classes (2409 ms).
[14:59:23] [Server thread/INFO]: [Shopkeepers] Loading config.
[14:59:25] [Server thread/INFO]: [Shopkeepers] Loading language file: language-en-default.yml
[14:59:25] [Server thread/INFO]: [Shopkeepers] Registering WorldGuard flag 'allow-shop'.
[14:59:25] [Server thread/INFO]: [Shopkeepers] Registering defaults.
[14:59:25] [Server thread/INFO]: [MineResetLite] Loading MineResetLite v4.15.1
[14:59:25] [Server thread/INFO]: [LuckPerms] Enabling LuckPerms v5.4.25
[14:59:26] [Server thread/INFO]: [0;36;1m       [0;36;22m __    [m
[14:59:26] [Server thread/INFO]: [0;36;1m  |    [0;36;22m|__)   [0;32;22mLuckPerms[m [0;36;1mv5.4.25[m
[14:59:26] [Server thread/INFO]: [0;36;1m  |___ [0;36;22m|      [0;30;1mRunning on Bukkit - CraftBukkit[m
[14:59:26] [Server thread/INFO]: [m
[14:59:26] [Server thread/INFO]: [LuckPerms] Loading configuration...
[14:59:27] [Server thread/INFO]: [LuckPerms] Loading storage provider... [H2]
[14:59:28] [Server thread/INFO]: [LuckPerms] Loading internal permission managers...
[14:59:29] [Server thread/INFO]: [LuckPerms] Performing initial data load...
[14:59:30] [Server thread/INFO]: [LuckPerms] Successfully enabled. (took 4638ms)
[14:59:30] [Server thread/INFO]: [FastAsyncWorldEdit] Enabling FastAsyncWorldEdit v2.2.1-SNAPSHOT-184;d1f3ac8
[14:59:30] [Server thread/INFO]: LZ4 Compression Binding loaded successfully
[14:59:30] [Server thread/INFO]: ZSTD Compression Binding loaded successfully
[14:59:30] [Server thread/INFO]: Registering commands with com.sk89q.worldedit.bukkit.BukkitServerInterface
[14:59:30] [Server thread/INFO]: WEPIF: Using the Bukkit Permissions API.
[14:59:31] [Server thread/INFO]: Using com.sk89q.worldedit.bukkit.adapter.impl.fawe.v1_18_R2.PaperweightFaweAdapter as the Bukkit adapter
[14:59:35] [Server thread/INFO]: Preparing level "world"
[14:59:36] [Server thread/INFO]: -------- World Settings For [world] --------
[14:59:36] [Server thread/INFO]: Custom Map Seeds:  Village: 10387312 Desert: 14357617 Igloo: 14357618 Jungle: 14357619 Swamp: 14357620 Monument: 10387313 Ocean: 14357621 Shipwreck: 165745295 End City: 10387313 Slime: 987234911 Nether: 30084232 Mansion: 10387319 Fossil: 14357921 Portal: 34222645
[14:59:36] [Server thread/INFO]: Max TNT Explosions: 100
[14:59:36] [Server thread/INFO]: Tile Max Tick Time: 50ms Entity max Tick Time: 50ms
[14:59:36] [Server thread/INFO]: Experience Merge Radius: 3.0
[14:59:36] [Server thread/INFO]: Mob Spawn Range: 6
[14:59:36] [Server thread/INFO]: Cactus Growth Modifier: 100%
[14:59:36] [Server thread/INFO]: Cane Growth Modifier: 100%
[14:59:36] [Server thread/INFO]: Melon Growth Modifier: 100%
[14:59:36] [Server thread/INFO]: Mushroom Growth Modifier: 100%
[14:59:36] [Server thread/INFO]: Pumpkin Growth Modifier: 100%
[14:59:36] [Server thread/INFO]: Sapling Growth Modifier: 100%
[14:59:36] [Server thread/INFO]: Beetroot Growth Modifier: 100%
[14:59:36] [Server thread/INFO]: Carrot Growth Modifier: 100%
[14:59:36] [Server thread/INFO]: Potato Growth Modifier: 100%
[14:59:36] [Server thread/INFO]: Wheat Growth Modifier: 100%
[14:59:36] [Server thread/INFO]: NetherWart Growth Modifier: 100%
[14:59:36] [Server thread/INFO]: Vine Growth Modifier: 100%
[14:59:36] [Server thread/INFO]: Cocoa Growth Modifier: 100%
[14:59:36] [Server thread/INFO]: Bamboo Growth Modifier: 100%
[14:59:36] [Server thread/INFO]: SweetBerry Growth Modifier: 100%
[14:59:36] [Server thread/INFO]: Kelp Growth Modifier: 100%
[14:59:36] [Server thread/INFO]: Entity Activation Range: An 32 / Mo 32 / Ra 48 / Mi 16 / Tiv true / Isa false
[14:59:36] [Server thread/INFO]: Entity Tracking Range: Pl 48 / An 48 / Mo 48 / Mi 32 / Other 64
[14:59:36] [Server thread/INFO]: Hopper Transfer: 8 Hopper Check: 1 Hopper Amount: 1
[14:59:36] [Server thread/INFO]: View Distance: 10
[14:59:36] [Server thread/INFO]: Simulation Distance: 10
[14:59:36] [Server thread/INFO]: Item Despawn Rate: 6000
[14:59:36] [Server thread/INFO]: Item Merge Radius: 2.5
[14:59:36] [Server thread/INFO]: Allow Zombie Pigmen to spawn from portal blocks: true
[14:59:36] [Server thread/INFO]: Arrow Despawn Rate: 1200 Trident Respawn Rate:1200
[14:59:36] [Server thread/INFO]: Zombie Aggressive Towards Villager: true
[14:59:36] [Server thread/INFO]: Nerfing mobs spawned from spawners: false
[14:59:37] [Server thread/INFO]: -------- World Settings For [world_nether] --------
[14:59:37] [Server thread/INFO]: Custom Map Seeds:  Village: 10387312 Desert: 14357617 Igloo: 14357618 Jungle: 14357619 Swamp: 14357620 Monument: 10387313 Ocean: 14357621 Shipwreck: 165745295 End City: 10387313 Slime: 987234911 Nether: 30084232 Mansion: 10387319 Fossil: 14357921 Portal: 34222645
[14:59:37] [Server thread/INFO]: Max TNT Explosions: 100
[14:59:37] [Server thread/INFO]: Tile Max Tick Time: 50ms Entity max Tick Time: 50ms
[14:59:37] [Server thread/INFO]: Experience Merge Radius: 3.0
[14:59:37] [Server thread/INFO]: Mob Spawn Range: 6
[14:59:37] [Server thread/INFO]: Cactus Growth Modifier: 100%
[14:59:37] [Server thread/INFO]: Cane Growth Modifier: 100%
[14:59:37] [Server thread/INFO]: Melon Growth Modifier: 100%
[14:59:37] [Server thread/INFO]: Mushroom Growth Modifier: 100%
[14:59:37] [Server thread/INFO]: Pumpkin Growth Modifier: 100%
[14:59:37] [Server thread/INFO]: Sapling Growth Modifier: 100%
[14:59:37] [Server thread/INFO]: Beetroot Growth Modifier: 100%
[14:59:37] [Server thread/INFO]: Carrot Growth Modifier: 100%
[14:59:37] [Server thread/INFO]: Potato Growth Modifier: 100%
[14:59:37] [Server thread/INFO]: Wheat Growth Modifier: 100%
[14:59:37] [Server thread/INFO]: NetherWart Growth Modifier: 100%
[14:59:37] [Server thread/INFO]: Vine Growth Modifier: 100%
[14:59:37] [Server thread/INFO]: Cocoa Growth Modifier: 100%
[14:59:37] [Server thread/INFO]: Bamboo Growth Modifier: 100%
[14:59:37] [Server thread/INFO]: SweetBerry Growth Modifier: 100%
[14:59:37] [Server thread/INFO]: Kelp Growth Modifier: 100%
[14:59:37] [Server thread/INFO]: Entity Activation Range: An 32 / Mo 32 / Ra 48 / Mi 16 / Tiv true / Isa false
[14:59:37] [Server thread/INFO]: Entity Tracking Range: Pl 48 / An 48 / Mo 48 / Mi 32 / Other 64
[14:59:37] [Server thread/INFO]: Hopper Transfer: 8 Hopper Check: 1 Hopper Amount: 1
[14:59:37] [Server thread/INFO]: View Distance: 10
[14:59:37] [Server thread/INFO]: Simulation Distance: 10
[14:59:37] [Server thread/INFO]: Item Despawn Rate: 6000
[14:59:37] [Server thread/INFO]: Item Merge Radius: 2.5
[14:59:37] [Server thread/INFO]: Allow Zombie Pigmen to spawn from portal blocks: true
[14:59:37] [Server thread/INFO]: Arrow Despawn Rate: 1200 Trident Respawn Rate:1200
[14:59:37] [Server thread/INFO]: Zombie Aggressive Towards Villager: true
[14:59:37] [Server thread/INFO]: Nerfing mobs spawned from spawners: false
[14:59:38] [Server thread/INFO]: -------- World Settings For [world_the_end] --------
[14:59:38] [Server thread/INFO]: Custom Map Seeds:  Village: 10387312 Desert: 14357617 Igloo: 14357618 Jungle: 14357619 Swamp: 14357620 Monument: 10387313 Ocean: 14357621 Shipwreck: 165745295 End City: 10387313 Slime: 987234911 Nether: 30084232 Mansion: 10387319 Fossil: 14357921 Portal: 34222645
[14:59:38] [Server thread/INFO]: Max TNT Explosions: 100
[14:59:38] [Server thread/INFO]: Tile Max Tick Time: 50ms Entity max Tick Time: 50ms
[14:59:38] [Server thread/INFO]: Experience Merge Radius: 3.0
[14:59:38] [Server thread/INFO]: Mob Spawn Range: 6
[14:59:38] [Server thread/INFO]: Cactus Growth Modifier: 100%
[14:59:38] [Server thread/INFO]: Cane Growth Modifier: 100%
[14:59:38] [Server thread/INFO]: Melon Growth Modifier: 100%
[14:59:38] [Server thread/INFO]: Mushroom Growth Modifier: 100%
[14:59:38] [Server thread/INFO]: Pumpkin Growth Modifier: 100%
[14:59:38] [Server thread/INFO]: Sapling Growth Modifier: 100%
[14:59:38] [Server thread/INFO]: Beetroot Growth Modifier: 100%
[14:59:38] [Server thread/INFO]: Carrot Growth Modifier: 100%
[14:59:38] [Server thread/INFO]: Potato Growth Modifier: 100%
[14:59:38] [Server thread/INFO]: Wheat Growth Modifier: 100%
[14:59:38] [Server thread/INFO]: NetherWart Growth Modifier: 100%
[14:59:38] [Server thread/INFO]: Vine Growth Modifier: 100%
[14:59:38] [Server thread/INFO]: Cocoa Growth Modifier: 100%
[14:59:38] [Server thread/INFO]: Bamboo Growth Modifier: 100%
[14:59:38] [Server thread/INFO]: SweetBerry Growth Modifier: 100%
[14:59:38] [Server thread/INFO]: Kelp Growth Modifier: 100%
[14:59:38] [Server thread/INFO]: Entity Activation Range: An 32 / Mo 32 / Ra 48 / Mi 16 / Tiv true / Isa false
[14:59:38] [Server thread/INFO]: Entity Tracking Range: Pl 48 / An 48 / Mo 48 / Mi 32 / Other 64
[14:59:38] [Server thread/INFO]: Hopper Transfer: 8 Hopper Check: 1 Hopper Amount: 1
[14:59:38] [Server thread/INFO]: View Distance: 10
[14:59:38] [Server thread/INFO]: Simulation Distance: 10
[14:59:38] [Server thread/INFO]: Item Despawn Rate: 6000
[14:59:38] [Server thread/INFO]: Item Merge Radius: 2.5
[14:59:38] [Server thread/INFO]: Allow Zombie Pigmen to spawn from portal blocks: true
[14:59:38] [Server thread/INFO]: Arrow Despawn Rate: 1200 Trident Respawn Rate:1200
[14:59:38] [Server thread/INFO]: Zombie Aggressive Towards Villager: true
[14:59:38] [Server thread/INFO]: Nerfing mobs spawned from spawners: false
[14:59:38] [Server thread/INFO]: Preparing start region for dimension minecraft:overworld
[14:59:39] [Worker-Main-9/INFO]: Preparing spawn area: 0%
[14:59:39] [Worker-Main-7/INFO]: Preparing spawn area: 0%
[14:59:40] [Worker-Main-8/INFO]: Preparing spawn area: 0%
[14:59:41] [Worker-Main-10/INFO]: Preparing spawn area: 0%
[14:59:41] [Worker-Main-10/INFO]: Preparing spawn area: 0%
[14:59:41] [Worker-Main-7/INFO]: Preparing spawn area: 0%
[14:59:41] [Worker-Main-10/INFO]: Preparing spawn area: 0%
[14:59:41] [Worker-Main-7/INFO]: Preparing spawn area: 0%
[14:59:42] [Worker-Main-7/INFO]: Preparing spawn area: 0%
[14:59:42] [Worker-Main-7/INFO]: Preparing spawn area: 0%
[14:59:43] [Worker-Main-10/INFO]: Preparing spawn area: 0%
[14:59:43] [Worker-Main-9/INFO]: Preparing spawn area: 0%
[14:59:44] [Worker-Main-7/INFO]: Preparing spawn area: 0%
[14:59:44] [Worker-Main-7/INFO]: Preparing spawn area: 0%
[14:59:45] [Worker-Main-8/INFO]: Preparing spawn area: 0%
[14:59:45] [Worker-Main-10/INFO]: Preparing spawn area: 0%
[14:59:46] [Worker-Main-7/INFO]: Preparing spawn area: 0%
[14:59:46] [Worker-Main-9/INFO]: Preparing spawn area: 1%
[14:59:47] [Worker-Main-8/INFO]: Preparing spawn area: 2%
[14:59:47] [Worker-Main-8/INFO]: Preparing spawn area: 4%
[14:59:48] [Worker-Main-7/INFO]: Preparing spawn area: 4%
[14:59:48] [Worker-Main-8/INFO]: Preparing spawn area: 4%
[14:59:49] [Worker-Main-9/INFO]: Preparing spawn area: 4%
[14:59:49] [Worker-Main-7/INFO]: Preparing spawn area: 8%
[14:59:50] [Worker-Main-8/INFO]: Preparing spawn area: 13%
[14:59:50] [Worker-Main-10/INFO]: Preparing spawn area: 17%
[14:59:51] [Worker-Main-9/INFO]: Preparing spawn area: 18%
[14:59:51] [Worker-Main-8/INFO]: Preparing spawn area: 22%
[14:59:52] [Worker-Main-7/INFO]: Preparing spawn area: 32%
[14:59:52] [Worker-Main-7/INFO]: Preparing spawn area: 32%
[14:59:53] [Worker-Main-9/INFO]: Preparing spawn area: 66%
[14:59:53] [Worker-Main-8/INFO]: Preparing spawn area: 74%
[14:59:54] [Worker-Main-6/INFO]: Preparing spawn area: 80%
[14:59:54] [Worker-Main-6/INFO]: Preparing spawn area: 96%
[14:59:55] [Server thread/INFO]: Time elapsed: 17306 ms
[14:59:55] [Server thread/INFO]: Preparing start region for dimension minecraft:the_nether
[14:59:56] [Worker-Main-10/INFO]: Preparing spawn area: 0%
[14:59:56] [Worker-Main-7/INFO]: Preparing spawn area: 0%
[14:59:56] [Worker-Main-9/INFO]: Preparing spawn area: 0%
[14:59:57] [Worker-Main-9/INFO]: Preparing spawn area: 0%
[14:59:57] [Worker-Main-8/INFO]: Preparing spawn area: 0%
[14:59:58] [Worker-Main-8/INFO]: Preparing spawn area: 0%
[14:59:58] [Worker-Main-6/INFO]: Preparing spawn area: 0%
[14:59:59] [Worker-Main-10/INFO]: Preparing spawn area: 2%
[14:59:59] [Worker-Main-8/INFO]: Preparing spawn area: 2%
[15:00:00] [Worker-Main-7/INFO]: Preparing spawn area: 2%
[15:00:00] [Worker-Main-10/INFO]: Preparing spawn area: 4%
[15:00:01] [Worker-Main-8/INFO]: Preparing spawn area: 16%
[15:00:01] [Worker-Main-8/INFO]: Preparing spawn area: 36%
[15:00:02] [Worker-Main-9/INFO]: Preparing spawn area: 48%
[15:00:02] [Worker-Main-10/INFO]: Preparing spawn area: 56%
[15:00:03] [Worker-Main-9/INFO]: Preparing spawn area: 73%
[15:00:03] [Server thread/INFO]: Time elapsed: 7740 ms
[15:00:03] [Server thread/INFO]: Preparing start region for dimension minecraft:the_end
[15:00:03] [Worker-Main-10/INFO]: Preparing spawn area: 0%
[15:00:03] [Worker-Main-10/INFO]: Preparing spawn area: 0%
[15:00:04] [Worker-Main-8/INFO]: Preparing spawn area: 0%
[15:00:05] [Worker-Main-6/INFO]: Preparing spawn area: 0%
[15:00:05] [Worker-Main-10/INFO]: Preparing spawn area: 0%
[15:00:06] [Worker-Main-8/INFO]: Preparing spawn area: 0%
[15:00:06] [Worker-Main-10/INFO]: Preparing spawn area: 13%
[15:00:07] [Worker-Main-8/INFO]: Preparing spawn area: 14%
[15:00:07] [Worker-Main-9/INFO]: Preparing spawn area: 27%
[15:00:07] [Worker-Main-10/INFO]: Preparing spawn area: 58%
[15:00:08] [Server thread/INFO]: Time elapsed: 5010 ms
[15:00:08] [Server thread/INFO]: [OpenInv] Enabling OpenInv v4.1.10
[15:00:08] [Server thread/INFO]: [Essentials] Enabling Essentials v2.19.0
[15:00:08] [Server thread/ERROR]: [Essentials] You are running an unsupported server version!
[15:00:09] [Server thread/INFO]: Attempting to convert old kits in config.yml to new kits.yml
[15:00:09] [Server thread/INFO]: No kits found to migrate.
[15:00:09] [Server thread/WARN]: java.lang.NoSuchMethodException: no such method: net.minecraft.server.MinecraftServer.isRunning()boolean/invokeVirtual
[15:00:09] [Server thread/WARN]: 	at java.base/java.lang.invoke.MemberName.makeAccessException(MemberName.java:976)
[15:00:09] [Server thread/WARN]: 	at java.base/java.lang.invoke.MemberName$Factory.resolveOrFail(MemberName.java:1117)
[15:00:09] [Server thread/WARN]: 	at java.base/java.lang.invoke.MethodHandles$Lookup.resolveOrFail(MethodHandles.java:3649)
[15:00:09] [Server thread/WARN]: 	at java.base/java.lang.invoke.MethodHandles$Lookup.findVirtual(MethodHandles.java:2680)
[15:00:09] [Server thread/WARN]: 	at net.ess3.nms.refl.providers.ReflServerStateProvider.<init>(ReflServerStateProvider.java:20)
[15:00:09] [Server thread/WARN]: 	at com.earth2me.essentials.Essentials.onEnable(Essentials.java:371)
[15:00:09] [Server thread/WARN]: 	at org.bukkit.plugin.java.JavaPlugin.setEnabled(JavaPlugin.java:264)
[15:00:09] [Server thread/WARN]: 	at org.bukkit.plugin.java.JavaPluginLoader.enablePlugin(JavaPluginLoader.java:342)
[15:00:09] [Server thread/WARN]: 	at org.bukkit.plugin.SimplePluginManager.enablePlugin(SimplePluginManager.java:480)
[15:00:09] [Server thread/WARN]: 	at org.bukkit.craftbukkit.v1_18_R2.CraftServer.enablePlugin(CraftServer.java:518)
[15:00:09] [Server thread/WARN]: 	at org.bukkit.craftbukkit.v1_18_R2.CraftServer.enablePlugins(CraftServer.java:432)
[15:00:09] [Server thread/WARN]: 	at net.minecraft.server.MinecraftServer.loadWorld0(MinecraftServer.java:612)
[15:00:09] [Server thread/WARN]: 	at net.minecraft.server.MinecraftServer.loadLevel(MinecraftServer.java:414)
[15:00:09] [Server thread/WARN]: 	at net.minecraft.server.dedicated.DedicatedServer.e(DedicatedServer.java:263)
[15:00:09] [Server thread/WARN]: 	at net.minecraft.server.MinecraftServer.w(MinecraftServer.java:1007)
[15:00:09] [Server thread/WARN]: 	at net.minecraft.server.MinecraftServer.lambda$0(MinecraftServer.java:304)
[15:00:09] [Server thread/WARN]: 	at java.base/java.lang.Thread.run(Thread.java:833)
[15:00:09] [Server thread/WARN]: Caused by: java.lang.NoSuchMethodError: 'boolean net.minecraft.server.MinecraftServer.isRunning()'
[15:00:09] [Server thread/WARN]: 	at java.base/java.lang.invoke.MethodHandleNatives.resolve(Native Method)
[15:00:09] [Server thread/WARN]: 	at java.base/java.lang.invoke.MemberName$Factory.resolve(MemberName.java:1085)
[15:00:09] [Server thread/WARN]: 	at java.base/java.lang.invoke.MemberName$Factory.resolveOrFail(MemberName.java:1114)
[15:00:09] [Server thread/WARN]: 	... 15 more
[15:00:09] [Server thread/INFO]: Loaded 36837 items from items.json.
[15:00:09] [Server thread/INFO]: Using locale en_US
[15:00:09] [Server thread/INFO]: [Essentials] ServerListPingEvent: Spigot iterator API
[15:00:10] [Server thread/INFO]: [Essentials] Starting Metrics. Opt-out using the global bStats config.
[15:00:10] [Server thread/WARN]: [Essentials] Detected supported permissions plugin LuckPerms without Vault installed.
[15:00:10] [Server thread/WARN]: [Essentials] Features such as chat prefixes/suffixes and group-related functionality will not work until you install Vault.
[15:00:10] [Server thread/INFO]: [Essentials] Using superperms-based permissions.
[15:00:10] [Server thread/INFO]: [LPC] Enabling LPC v3.5.0
[15:00:10] [Server thread/INFO]: [ItemEdit] Enabling ItemEdit v3.0.3
[15:00:10] [Server thread/INFO]: [0;34;22m[[0;37;1mItemEdit[0;34;22m] [0;37;1mUnable to hook into Vault[m
[15:00:10] [Server thread/INFO]: [0;34;22m[[0;37;1mItemEdit[0;34;22m] [0;37;1m[0;32;1m# [0;37;1mEnabled (took [0;33;1m190[0;37;1m ms)[m
[15:00:10] [Server thread/INFO]: [WorldGuard] Enabling WorldGuard v7.0.7+216b061
[15:00:10] [Server thread/INFO]: [WorldGuard] (world) TNT ignition is PERMITTED.
[15:00:10] [Server thread/INFO]: [WorldGuard] (world) Lighters are PERMITTED.
[15:00:10] [Server thread/INFO]: [WorldGuard] (world) Lava fire is PERMITTED.
[15:00:10] [Server thread/INFO]: [WorldGuard] (world) Fire spread is UNRESTRICTED.
[15:00:10] [Server thread/INFO]: [WorldGuard] Loaded configuration for world 'world'
[15:00:10] [Server thread/INFO]: [WorldGuard] (world_nether) TNT ignition is PERMITTED.
[15:00:10] [Server thread/INFO]: [WorldGuard] (world_nether) Lighters are PERMITTED.
[15:00:10] [Server thread/INFO]: [WorldGuard] (world_nether) Lava fire is PERMITTED.
[15:00:10] [Server thread/INFO]: [WorldGuard] (world_nether) Fire spread is UNRESTRICTED.
[15:00:10] [Server thread/INFO]: [WorldGuard] Loaded configuration for world 'world_nether'
[15:00:10] [Server thread/INFO]: [WorldGuard] (world_the_end) TNT ignition is PERMITTED.
[15:00:10] [Server thread/INFO]: [WorldGuard] (world_the_end) Lighters are PERMITTED.
[15:00:10] [Server thread/INFO]: [WorldGuard] (world_the_end) Lava fire is PERMITTED.
[15:00:10] [Server thread/INFO]: [WorldGuard] (world_the_end) Fire spread is UNRESTRICTED.
[15:00:10] [Server thread/INFO]: [WorldGuard] Loaded configuration for world 'world_the_end'
[15:00:10] [Server thread/INFO]: [WorldGuard] Loading region data...
[15:00:11] [Server thread/INFO]: [Shopkeepers] Enabling Shopkeepers v2.15.1
[15:00:11] [Server thread/INFO]: [MineResetLite] Enabling MineResetLite v4.15.1
[15:00:11] [Server thread/INFO]: [MineResetLite] TokenEnchant was not found... skipping.
[15:00:11] [Server thread/INFO]: [MineResetLite] MineResetLite version 4.15.1 enabled!
[15:00:11] [Server thread/INFO]: Server permissions file permissions.yml is empty, ignoring it
[15:00:11] [Server thread/INFO]: Done (36.609s)! For help, type "help"
[15:00:11] [Server thread/WARN]: [FastAsyncWorldEdit] Loaded class com.sk89q.worldguard.protection.association.RegionAssociable from WorldGuard v7.0.7+216b061 which is not a depend or softdepend of this plugin.
[15:00:11] [Server thread/INFO]: Plugin 'WorldGuard' found. Using it now.
[15:00:11] [Server thread/INFO]: Attempting to use plugin 'WorldGuard'
[15:00:11] [Craft Scheduler Thread - 1/INFO]: [Essentials] ยง6Fetching version information...
[15:00:12] [Craft Scheduler Thread - 1/WARN]: [Essentials] ยง4There is a new EssentialsX version available for download: ยงc2.19.4ยง4.
[15:00:12] [Craft Scheduler Thread - 1/WARN]: [Essentials] ยง4Download it here:ยงc https://essentialsx.net/downloads.html?branch=stable
[15:00:20] [Server thread/INFO]: com.mojang.authlib.GameProfile@13caad51[id=<null>,name=NotTheHeroHere,properties={},legacy=false] (/83.233.246.122:38155) lost connection: Disconnected
[15:00:29] [User Authenticator #1/INFO]: UUID of player NotTheHeroHere is 6435c2b0-db69-4d6b-9182-eb4b0a9ba0fc
[15:00:30] [Server thread/INFO]: NotTheHeroHere[/83.233.246.122:38167] logged in with entity id 32 at ([world]-361.0701382484545, 70.74421505251742, 239.5076295585817)
[15:00:41] [Server thread/WARN]: Can't keep up! Is the server overloaded? Running 5020ms or 100 ticks behind
[15:02:25] [Server thread/INFO]: NotTheHeroHere lost connection: Disconnected
[15:02:25] [Server thread/INFO]: NotTheHeroHere left the game
[17:14:19] [Server console handler/ERROR]: Exception handling console input
java.io.IOException: Input/output error
	at java.io.FileInputStream.readBytes(Native Method) ~[?:?]
	at java.io.FileInputStream.read(FileInputStream.java:276) ~[?:?]
	at java.io.BufferedInputStream.fill(BufferedInputStream.java:244) ~[?:?]
	at java.io.BufferedInputStream.read(BufferedInputStream.java:263) ~[?:?]
	at jline.internal.NonBlockingInputStream.read(NonBlockingInputStream.java:169) ~[jline-2.12.1.jar:?]
	at jline.internal.NonBlockingInputStream.read(NonBlockingInputStream.java:137) ~[jline-2.12.1.jar:?]
	at jline.internal.NonBlockingInputStream.read(NonBlockingInputStream.java:246) ~[jline-2.12.1.jar:?]
	at jline.internal.InputStreamReader.read(InputStreamReader.java:261) ~[jline-2.12.1.jar:?]
	at jline.internal.InputStreamReader.read(InputStreamReader.java:198) ~[jline-2.12.1.jar:?]
	at jline.console.ConsoleReader.readCharacter(ConsoleReader.java:2145) ~[jline-2.12.1.jar:?]
	at jline.console.ConsoleReader.readLine(ConsoleReader.java:2349) ~[jline-2.12.1.jar:?]
	at net.minecraft.server.dedicated.DedicatedServer$1.run(DedicatedServer.java:129) [spigot-1.18.2-R0.1-SNAPSHOT.jar:3491-Spigot-b081915-95d233d]
