[19:50:52] [ServerMain/INFO]: Environment: authHost='https://authserver.mojang.com', accountsHost='https://api.mojang.com', sessionHost='https://sessionserver.mojang.com', servicesHost='https://api.minecraftservices.com', name='PROD'
[19:50:58] [Worker-Main-7/INFO]: Loaded 7 recipes
[19:51:05] [Server thread/INFO]: Starting minecraft server version 1.18.2
[19:51:05] [Server thread/INFO]: Loading properties
[19:51:06] [Server thread/INFO]: This server is running CraftBukkit version 3491-Spigot-b081915-95d233d (MC: 1.18.2) (Implementing API version 1.18.2-R0.1-SNAPSHOT)
[19:51:07] [Server thread/INFO]: Debug logging is disabled
[19:51:07] [Server thread/INFO]: Server Ping Player Sample Count: 12
[19:51:07] [Server thread/INFO]: Using 4 threads for Netty based IO
[19:51:07] [Server thread/INFO]: Default game type: SURVIVAL
[19:51:07] [Server thread/INFO]: Generating keypair
[19:51:08] [Server thread/INFO]: Starting Minecraft server on 88.99.11.184:25565
[19:51:08] [Server thread/INFO]: Using epoll channel type
[19:51:10] [Server thread/INFO]: [LifeSteal-Smp-Plugin] Loading LifeSteal-Smp-Plugin v1.0
[19:51:11] [Server thread/INFO]: Preparing level "world"
[19:51:12] [Server thread/INFO]: -------- World Settings For [world] --------
[19:51:12] [Server thread/INFO]: Experience Merge Radius: 3.0
[19:51:12] [Server thread/INFO]: Mob Spawn Range: 6
[19:51:12] [Server thread/INFO]: Max TNT Explosions: 100
[19:51:12] [Server thread/INFO]: Tile Max Tick Time: 50ms Entity max Tick Time: 50ms
[19:51:12] [Server thread/INFO]: Cactus Growth Modifier: 100%
[19:51:12] [Server thread/INFO]: Cane Growth Modifier: 100%
[19:51:12] [Server thread/INFO]: Melon Growth Modifier: 100%
[19:51:12] [Server thread/INFO]: Mushroom Growth Modifier: 100%
[19:51:12] [Server thread/INFO]: Pumpkin Growth Modifier: 100%
[19:51:12] [Server thread/INFO]: Sapling Growth Modifier: 100%
[19:51:12] [Server thread/INFO]: Beetroot Growth Modifier: 100%
[19:51:12] [Server thread/INFO]: Carrot Growth Modifier: 100%
[19:51:12] [Server thread/INFO]: Potato Growth Modifier: 100%
[19:51:12] [Server thread/INFO]: Wheat Growth Modifier: 100%
[19:51:12] [Server thread/INFO]: NetherWart Growth Modifier: 100%
[19:51:12] [Server thread/INFO]: Vine Growth Modifier: 100%
[19:51:12] [Server thread/INFO]: Cocoa Growth Modifier: 100%
[19:51:12] [Server thread/INFO]: Bamboo Growth Modifier: 100%
[19:51:12] [Server thread/INFO]: SweetBerry Growth Modifier: 100%
[19:51:12] [Server thread/INFO]: Kelp Growth Modifier: 100%
[19:51:12] [Server thread/INFO]: Entity Activation Range: An 32 / Mo 32 / Ra 48 / Mi 16 / Tiv true / Isa false
[19:51:12] [Server thread/INFO]: Entity Tracking Range: Pl 48 / An 48 / Mo 48 / Mi 32 / Other 64
[19:51:12] [Server thread/INFO]: Hopper Transfer: 8 Hopper Check: 1 Hopper Amount: 1
[19:51:12] [Server thread/INFO]: Custom Map Seeds:  Village: 10387312 Desert: 14357617 Igloo: 14357618 Jungle: 14357619 Swamp: 14357620 Monument: 10387313 Ocean: 14357621 Shipwreck: 165745295 End City: 10387313 Slime: 987234911 Nether: 30084232 Mansion: 10387319 Fossil: 14357921 Portal: 34222645
[19:51:12] [Server thread/INFO]: Item Despawn Rate: 6000
[19:51:12] [Server thread/INFO]: Item Merge Radius: 2.5
[19:51:12] [Server thread/INFO]: View Distance: 10
[19:51:12] [Server thread/INFO]: Simulation Distance: 10
[19:51:12] [Server thread/INFO]: Allow Zombie Pigmen to spawn from portal blocks: true
[19:51:12] [Server thread/INFO]: Arrow Despawn Rate: 1200 Trident Respawn Rate:1200
[19:51:12] [Server thread/INFO]: Zombie Aggressive Towards Villager: true
[19:51:12] [Server thread/INFO]: Nerfing mobs spawned from spawners: false
[19:51:13] [Server thread/INFO]: -------- World Settings For [world_nether] --------
[19:51:13] [Server thread/INFO]: Experience Merge Radius: 3.0
[19:51:13] [Server thread/INFO]: Mob Spawn Range: 6
[19:51:13] [Server thread/INFO]: Max TNT Explosions: 100
[19:51:13] [Server thread/INFO]: Tile Max Tick Time: 50ms Entity max Tick Time: 50ms
[19:51:13] [Server thread/INFO]: Cactus Growth Modifier: 100%
[19:51:13] [Server thread/INFO]: Cane Growth Modifier: 100%
[19:51:13] [Server thread/INFO]: Melon Growth Modifier: 100%
[19:51:13] [Server thread/INFO]: Mushroom Growth Modifier: 100%
[19:51:13] [Server thread/INFO]: Pumpkin Growth Modifier: 100%
[19:51:13] [Server thread/INFO]: Sapling Growth Modifier: 100%
[19:51:13] [Server thread/INFO]: Beetroot Growth Modifier: 100%
[19:51:13] [Server thread/INFO]: Carrot Growth Modifier: 100%
[19:51:13] [Server thread/INFO]: Potato Growth Modifier: 100%
[19:51:13] [Server thread/INFO]: Wheat Growth Modifier: 100%
[19:51:13] [Server thread/INFO]: NetherWart Growth Modifier: 100%
[19:51:13] [Server thread/INFO]: Vine Growth Modifier: 100%
[19:51:13] [Server thread/INFO]: Cocoa Growth Modifier: 100%
[19:51:13] [Server thread/INFO]: Bamboo Growth Modifier: 100%
[19:51:13] [Server thread/INFO]: SweetBerry Growth Modifier: 100%
[19:51:13] [Server thread/INFO]: Kelp Growth Modifier: 100%
[19:51:13] [Server thread/INFO]: Entity Activation Range: An 32 / Mo 32 / Ra 48 / Mi 16 / Tiv true / Isa false
[19:51:13] [Server thread/INFO]: Entity Tracking Range: Pl 48 / An 48 / Mo 48 / Mi 32 / Other 64
[19:51:13] [Server thread/INFO]: Hopper Transfer: 8 Hopper Check: 1 Hopper Amount: 1
[19:51:13] [Server thread/INFO]: Custom Map Seeds:  Village: 10387312 Desert: 14357617 Igloo: 14357618 Jungle: 14357619 Swamp: 14357620 Monument: 10387313 Ocean: 14357621 Shipwreck: 165745295 End City: 10387313 Slime: 987234911 Nether: 30084232 Mansion: 10387319 Fossil: 14357921 Portal: 34222645
[19:51:13] [Server thread/INFO]: Item Despawn Rate: 6000
[19:51:13] [Server thread/INFO]: Item Merge Radius: 2.5
[19:51:13] [Server thread/INFO]: View Distance: 10
[19:51:13] [Server thread/INFO]: Simulation Distance: 10
[19:51:13] [Server thread/INFO]: Allow Zombie Pigmen to spawn from portal blocks: true
[19:51:13] [Server thread/INFO]: Arrow Despawn Rate: 1200 Trident Respawn Rate:1200
[19:51:13] [Server thread/INFO]: Zombie Aggressive Towards Villager: true
[19:51:13] [Server thread/INFO]: Nerfing mobs spawned from spawners: false
[19:51:13] [Server thread/INFO]: -------- World Settings For [world_the_end] --------
[19:51:13] [Server thread/INFO]: Experience Merge Radius: 3.0
[19:51:13] [Server thread/INFO]: Mob Spawn Range: 6
[19:51:13] [Server thread/INFO]: Max TNT Explosions: 100
[19:51:13] [Server thread/INFO]: Tile Max Tick Time: 50ms Entity max Tick Time: 50ms
[19:51:13] [Server thread/INFO]: Cactus Growth Modifier: 100%
[19:51:13] [Server thread/INFO]: Cane Growth Modifier: 100%
[19:51:13] [Server thread/INFO]: Melon Growth Modifier: 100%
[19:51:13] [Server thread/INFO]: Mushroom Growth Modifier: 100%
[19:51:13] [Server thread/INFO]: Pumpkin Growth Modifier: 100%
[19:51:13] [Server thread/INFO]: Sapling Growth Modifier: 100%
[19:51:13] [Server thread/INFO]: Beetroot Growth Modifier: 100%
[19:51:13] [Server thread/INFO]: Carrot Growth Modifier: 100%
[19:51:13] [Server thread/INFO]: Potato Growth Modifier: 100%
[19:51:13] [Server thread/INFO]: Wheat Growth Modifier: 100%
[19:51:13] [Server thread/INFO]: NetherWart Growth Modifier: 100%
[19:51:13] [Server thread/INFO]: Vine Growth Modifier: 100%
[19:51:13] [Server thread/INFO]: Cocoa Growth Modifier: 100%
[19:51:13] [Server thread/INFO]: Bamboo Growth Modifier: 100%
[19:51:13] [Server thread/INFO]: SweetBerry Growth Modifier: 100%
[19:51:13] [Server thread/INFO]: Kelp Growth Modifier: 100%
[19:51:13] [Server thread/INFO]: Entity Activation Range: An 32 / Mo 32 / Ra 48 / Mi 16 / Tiv true / Isa false
[19:51:13] [Server thread/INFO]: Entity Tracking Range: Pl 48 / An 48 / Mo 48 / Mi 32 / Other 64
[19:51:13] [Server thread/INFO]: Hopper Transfer: 8 Hopper Check: 1 Hopper Amount: 1
[19:51:13] [Server thread/INFO]: Custom Map Seeds:  Village: 10387312 Desert: 14357617 Igloo: 14357618 Jungle: 14357619 Swamp: 14357620 Monument: 10387313 Ocean: 14357621 Shipwreck: 165745295 End City: 10387313 Slime: 987234911 Nether: 30084232 Mansion: 10387319 Fossil: 14357921 Portal: 34222645
[19:51:13] [Server thread/INFO]: Item Despawn Rate: 6000
[19:51:13] [Server thread/INFO]: Item Merge Radius: 2.5
[19:51:13] [Server thread/INFO]: View Distance: 10
[19:51:13] [Server thread/INFO]: Simulation Distance: 10
[19:51:13] [Server thread/INFO]: Allow Zombie Pigmen to spawn from portal blocks: true
[19:51:13] [Server thread/INFO]: Arrow Despawn Rate: 1200 Trident Respawn Rate:1200
[19:51:13] [Server thread/INFO]: Zombie Aggressive Towards Villager: true
[19:51:13] [Server thread/INFO]: Nerfing mobs spawned from spawners: false
[19:51:13] [Server thread/INFO]: Preparing start region for dimension minecraft:overworld
[19:51:18] [Worker-Main-8/INFO]: Preparing spawn area: 0%
[19:51:18] [Worker-Main-10/INFO]: Preparing spawn area: 0%
[19:51:18] [Worker-Main-6/INFO]: Preparing spawn area: 0%
[19:51:18] [Worker-Main-8/INFO]: Preparing spawn area: 0%
[19:51:18] [Worker-Main-9/INFO]: Preparing spawn area: 0%
[19:51:19] [Worker-Main-10/INFO]: Preparing spawn area: 0%
[19:51:19] [Worker-Main-10/INFO]: Preparing spawn area: 0%
[19:51:19] [Worker-Main-10/INFO]: Preparing spawn area: 0%
[19:51:19] [Worker-Main-9/INFO]: Preparing spawn area: 0%
[19:51:19] [Worker-Main-8/INFO]: Preparing spawn area: 0%
[19:51:19] [Worker-Main-10/INFO]: Preparing spawn area: 0%
[19:51:19] [Worker-Main-9/INFO]: Preparing spawn area: 0%
[19:51:20] [Worker-Main-8/INFO]: Preparing spawn area: 0%
[19:51:20] [Worker-Main-8/INFO]: Preparing spawn area: 0%
[19:51:20] [Worker-Main-6/INFO]: Preparing spawn area: 0%
[19:51:21] [Worker-Main-8/INFO]: Preparing spawn area: 0%
[19:51:21] [Worker-Main-10/INFO]: Preparing spawn area: 0%
[19:51:22] [Worker-Main-10/INFO]: Preparing spawn area: 0%
[19:51:22] [Worker-Main-9/INFO]: Preparing spawn area: 0%
[19:51:23] [Worker-Main-10/INFO]: Preparing spawn area: 0%
[19:51:23] [Worker-Main-8/INFO]: Preparing spawn area: 0%
[19:51:24] [Worker-Main-8/INFO]: Preparing spawn area: 0%
[19:51:24] [Worker-Main-6/INFO]: Preparing spawn area: 0%
[19:51:25] [Worker-Main-10/INFO]: Preparing spawn area: 0%
[19:51:25] [Worker-Main-9/INFO]: Preparing spawn area: 1%
[19:51:26] [Worker-Main-9/INFO]: Preparing spawn area: 1%
[19:51:26] [Worker-Main-8/INFO]: Preparing spawn area: 1%
[19:51:27] [Worker-Main-10/INFO]: Preparing spawn area: 1%
[19:51:27] [Worker-Main-6/INFO]: Preparing spawn area: 3%
[19:51:28] [Worker-Main-8/INFO]: Preparing spawn area: 6%
[19:51:28] [Worker-Main-6/INFO]: Preparing spawn area: 6%
[19:51:29] [Worker-Main-9/INFO]: Preparing spawn area: 6%
[19:51:29] [Worker-Main-8/INFO]: Preparing spawn area: 9%
[19:51:30] [Worker-Main-8/INFO]: Preparing spawn area: 22%
[19:51:30] [Worker-Main-9/INFO]: Preparing spawn area: 31%
[19:51:31] [Worker-Main-10/INFO]: Preparing spawn area: 36%
[19:51:31] [Worker-Main-10/INFO]: Preparing spawn area: 37%
[19:51:32] [Worker-Main-9/INFO]: Preparing spawn area: 68%
[19:51:32] [Worker-Main-6/INFO]: Preparing spawn area: 86%
[19:51:33] [Server thread/INFO]: Time elapsed: 19810 ms
[19:51:33] [Server thread/INFO]: Preparing start region for dimension minecraft:the_nether
[19:51:34] [Worker-Main-9/INFO]: Preparing spawn area: 0%
[19:51:34] [Worker-Main-7/INFO]: Preparing spawn area: 0%
[19:51:34] [Worker-Main-8/INFO]: Preparing spawn area: 0%
[19:51:35] [Worker-Main-8/INFO]: Preparing spawn area: 0%
[19:51:36] [Worker-Main-10/INFO]: Preparing spawn area: 0%
[19:51:36] [Worker-Main-8/INFO]: Preparing spawn area: 0%
[19:51:36] [Worker-Main-8/INFO]: Preparing spawn area: 0%
[19:51:37] [Worker-Main-6/INFO]: Preparing spawn area: 0%
[19:51:37] [Worker-Main-10/INFO]: Preparing spawn area: 0%
[19:51:38] [Worker-Main-6/INFO]: Preparing spawn area: 0%
[19:51:38] [Worker-Main-7/INFO]: Preparing spawn area: 4%
[19:51:39] [Worker-Main-8/INFO]: Preparing spawn area: 31%
[19:51:39] [Worker-Main-6/INFO]: Preparing spawn area: 72%
[19:51:40] [Server thread/INFO]: Time elapsed: 6507 ms
[19:51:40] [Server thread/INFO]: Preparing start region for dimension minecraft:the_end
[19:51:41] [Worker-Main-9/INFO]: Preparing spawn area: 0%
[19:51:41] [Worker-Main-9/INFO]: Preparing spawn area: 0%
[19:51:41] [Worker-Main-6/INFO]: Preparing spawn area: 0%
[19:51:41] [Worker-Main-8/INFO]: Preparing spawn area: 0%
[19:51:42] [Worker-Main-8/INFO]: Preparing spawn area: 0%
[19:51:42] [Worker-Main-10/INFO]: Preparing spawn area: 0%
[19:51:43] [Worker-Main-9/INFO]: Preparing spawn area: 0%
[19:51:43] [Worker-Main-6/INFO]: Preparing spawn area: 0%
[19:51:44] [Worker-Main-9/INFO]: Preparing spawn area: 0%
[19:51:44] [Worker-Main-6/INFO]: Preparing spawn area: 1%
[19:51:45] [Worker-Main-9/INFO]: Preparing spawn area: 7%
[19:51:45] [Worker-Main-7/INFO]: Preparing spawn area: 10%
[19:51:46] [Worker-Main-9/INFO]: Preparing spawn area: 15%
[19:51:46] [Worker-Main-10/INFO]: Preparing spawn area: 33%
[19:51:47] [Worker-Main-10/INFO]: Preparing spawn area: 55%
[19:51:47] [Worker-Main-9/INFO]: Preparing spawn area: 87%
[19:51:48] [Server thread/INFO]: Time elapsed: 7786 ms
[19:51:48] [Server thread/INFO]: [LifeSteal-Smp-Plugin] Enabling LifeSteal-Smp-Plugin v1.0
[19:51:49] [Server thread/INFO]: Server permissions file permissions.yml is empty, ignoring it
[19:51:49] [Server thread/INFO]: Done (38.100s)! For help, type "help"
[19:52:19] [User Authenticator #1/INFO]: UUID of player NotTheHeroHere is 6435c2b0-db69-4d6b-9182-eb4b0a9ba0fc
[19:52:20] [Server thread/INFO]: NotTheHeroHere[/83.233.246.122:38320] logged in with entity id 20 at ([world]-370.83203890723314, 66.25480497789066, 222.42327476742022)
[19:52:56] [User Authenticator #2/INFO]: UUID of player MiltonGrande7 is 16666028-dd41-4b8b-867d-21f4af84b97d
[19:52:56] [Server thread/INFO]: MiltonGrande7[/83.233.247.3:26331] logged in with entity id 1018 at ([world]-387.5, 113.0, -44.5)
[19:53:00] [Server thread/INFO]: NotTheHeroHere issued server command: /tp MiltonGrande7 NotTheHeroHere
[19:53:00] [Server thread/INFO]: [NotTheHeroHere: Teleported MiltonGrande7 to NotTheHeroHere]
[19:53:02] [Server thread/INFO]: MiltonGrande7 fell from a high place
[19:53:08] [Server thread/INFO]: NotTheHeroHere issued server command: /lshealth
[19:53:09] [Server thread/INFO]: NotTheHeroHere issued server command: /gamemode survival
[19:53:09] [Server thread/INFO]: [NotTheHeroHere: Set own game mode to Survival Mode]
[19:53:13] [Server thread/INFO]: NotTheHeroHere issued server command: /tp MiltonGrande7 NotTheHeroHere
[19:53:13] [Server thread/INFO]: [NotTheHeroHere: Teleported MiltonGrande7 to NotTheHeroHere]
[19:53:34] [Server thread/INFO]: NotTheHeroHere was slain by MiltonGrande7
[19:53:38] [Server thread/INFO]: NotTheHeroHere issued server command: /gamemode creative
[19:53:38] [Server thread/INFO]: [NotTheHeroHere: Set own game mode to Creative Mode]
[19:53:41] [Server thread/INFO]: NotTheHeroHere lost connection: Disconnected
[19:53:41] [Server thread/INFO]: NotTheHeroHere left the game
[19:53:46] [Server thread/INFO]: Stopping the server
[19:53:46] [Server thread/INFO]: Stopping server
[19:53:46] [Server thread/INFO]: [LifeSteal-Smp-Plugin] Disabling LifeSteal-Smp-Plugin v1.0
[19:53:46] [Server thread/INFO]: Saving players
[19:53:46] [Server thread/INFO]: MiltonGrande7 lost connection: Server closed
[19:53:46] [Server thread/INFO]: MiltonGrande7 left the game.
[19:53:46] [Server thread/INFO]: Saving worlds
[19:53:54] [Server thread/INFO]: Saving chunks for level 'ServerLevel[world]'/minecraft:overworld
[19:54:03] [Server thread/INFO]: Saving chunks for level 'ServerLevel[world_nether]'/minecraft:the_nether
[19:54:03] [Server thread/INFO]: Saving chunks for level 'ServerLevel[world_the_end]'/minecraft:the_end
[19:54:04] [Server thread/INFO]: ThreadedAnvilChunkStorage (world): All chunks are saved
[19:54:04] [Server thread/INFO]: ThreadedAnvilChunkStorage (DIM-1): All chunks are saved
[19:54:04] [Server thread/INFO]: ThreadedAnvilChunkStorage (DIM1): All chunks are saved
[19:54:04] [Server thread/INFO]: ThreadedAnvilChunkStorage: All dimensions are saved
