[09:42:01] [ServerMain/INFO]: Environment: authHost='https://authserver.mojang.com', accountsHost='https://api.mojang.com', sessionHost='https://sessionserver.mojang.com', servicesHost='https://api.minecraftservices.com', name='PROD'
[09:42:02] [ServerMain/INFO]: Found new data pack file/bukkit, loading it automatically
[09:42:08] [Worker-Main-7/INFO]: Loaded 7 recipes
[09:42:11] [Server thread/INFO]: Starting minecraft server version 1.18.2
[09:42:11] [Server thread/INFO]: Loading properties
[09:42:12] [Server thread/INFO]: This server is running CraftBukkit version 3491-Spigot-b081915-95d233d (MC: 1.18.2) (Implementing API version 1.18.2-R0.1-SNAPSHOT)
[09:42:12] [Server thread/INFO]: Debug logging is disabled
[09:42:12] [Server thread/INFO]: Server Ping Player Sample Count: 12
[09:42:12] [Server thread/INFO]: Using 4 threads for Netty based IO
[09:42:12] [Server thread/INFO]: Default game type: SURVIVAL
[09:42:12] [Server thread/INFO]: Generating keypair
[09:42:13] [Server thread/INFO]: Starting Minecraft server on 88.99.11.184:25565
[09:42:13] [Server thread/INFO]: Using epoll channel type
[09:42:17] [Server thread/INFO]: [SuperVanish] Loading SuperVanish v6.2.7
[09:42:17] [Server thread/INFO]: [OpenInv] Loading OpenInv v4.1.10
[09:42:17] [Server thread/INFO]: Preparing level "world"
[09:42:18] [Server thread/INFO]: -------- World Settings For [world] --------
[09:42:18] [Server thread/INFO]: Experience Merge Radius: 3.0
[09:42:18] [Server thread/INFO]: Cactus Growth Modifier: 100%
[09:42:18] [Server thread/INFO]: Cane Growth Modifier: 100%
[09:42:18] [Server thread/INFO]: Melon Growth Modifier: 100%
[09:42:18] [Server thread/INFO]: Mushroom Growth Modifier: 100%
[09:42:18] [Server thread/INFO]: Pumpkin Growth Modifier: 100%
[09:42:18] [Server thread/INFO]: Sapling Growth Modifier: 100%
[09:42:18] [Server thread/INFO]: Beetroot Growth Modifier: 100%
[09:42:18] [Server thread/INFO]: Carrot Growth Modifier: 100%
[09:42:18] [Server thread/INFO]: Potato Growth Modifier: 100%
[09:42:18] [Server thread/INFO]: Wheat Growth Modifier: 100%
[09:42:18] [Server thread/INFO]: NetherWart Growth Modifier: 100%
[09:42:18] [Server thread/INFO]: Vine Growth Modifier: 100%
[09:42:18] [Server thread/INFO]: Cocoa Growth Modifier: 100%
[09:42:18] [Server thread/INFO]: Bamboo Growth Modifier: 100%
[09:42:18] [Server thread/INFO]: SweetBerry Growth Modifier: 100%
[09:42:18] [Server thread/INFO]: Kelp Growth Modifier: 100%
[09:42:18] [Server thread/INFO]: Mob Spawn Range: 6
[09:42:18] [Server thread/INFO]: Entity Activation Range: An 32 / Mo 32 / Ra 48 / Mi 16 / Tiv true / Isa false
[09:42:18] [Server thread/INFO]: Entity Tracking Range: Pl 48 / An 48 / Mo 48 / Mi 32 / Other 64
[09:42:18] [Server thread/INFO]: Hopper Transfer: 8 Hopper Check: 1 Hopper Amount: 1
[09:42:18] [Server thread/INFO]: Custom Map Seeds:  Village: 10387312 Desert: 14357617 Igloo: 14357618 Jungle: 14357619 Swamp: 14357620 Monument: 10387313 Ocean: 14357621 Shipwreck: 165745295 End City: 10387313 Slime: 987234911 Nether: 30084232 Mansion: 10387319 Fossil: 14357921 Portal: 34222645
[09:42:18] [Server thread/INFO]: Max TNT Explosions: 100
[09:42:18] [Server thread/INFO]: Tile Max Tick Time: 50ms Entity max Tick Time: 50ms
[09:42:18] [Server thread/INFO]: Item Despawn Rate: 6000
[09:42:18] [Server thread/INFO]: Item Merge Radius: 2.5
[09:42:18] [Server thread/INFO]: View Distance: 10
[09:42:18] [Server thread/INFO]: Simulation Distance: 10
[09:42:18] [Server thread/INFO]: Allow Zombie Pigmen to spawn from portal blocks: true
[09:42:18] [Server thread/INFO]: Arrow Despawn Rate: 1200 Trident Respawn Rate:1200
[09:42:18] [Server thread/INFO]: Zombie Aggressive Towards Villager: true
[09:42:18] [Server thread/INFO]: Nerfing mobs spawned from spawners: false
[09:42:38] [Server thread/INFO]: -------- World Settings For [world_nether] --------
[09:42:38] [Server thread/INFO]: Experience Merge Radius: 3.0
[09:42:38] [Server thread/INFO]: Cactus Growth Modifier: 100%
[09:42:38] [Server thread/INFO]: Cane Growth Modifier: 100%
[09:42:38] [Server thread/INFO]: Melon Growth Modifier: 100%
[09:42:38] [Server thread/INFO]: Mushroom Growth Modifier: 100%
[09:42:38] [Server thread/INFO]: Pumpkin Growth Modifier: 100%
[09:42:38] [Server thread/INFO]: Sapling Growth Modifier: 100%
[09:42:38] [Server thread/INFO]: Beetroot Growth Modifier: 100%
[09:42:38] [Server thread/INFO]: Carrot Growth Modifier: 100%
[09:42:38] [Server thread/INFO]: Potato Growth Modifier: 100%
[09:42:38] [Server thread/INFO]: Wheat Growth Modifier: 100%
[09:42:38] [Server thread/INFO]: NetherWart Growth Modifier: 100%
[09:42:38] [Server thread/INFO]: Vine Growth Modifier: 100%
[09:42:38] [Server thread/INFO]: Cocoa Growth Modifier: 100%
[09:42:38] [Server thread/INFO]: Bamboo Growth Modifier: 100%
[09:42:38] [Server thread/INFO]: SweetBerry Growth Modifier: 100%
[09:42:38] [Server thread/INFO]: Kelp Growth Modifier: 100%
[09:42:38] [Server thread/INFO]: Mob Spawn Range: 6
[09:42:38] [Server thread/INFO]: Entity Activation Range: An 32 / Mo 32 / Ra 48 / Mi 16 / Tiv true / Isa false
[09:42:38] [Server thread/INFO]: Entity Tracking Range: Pl 48 / An 48 / Mo 48 / Mi 32 / Other 64
[09:42:38] [Server thread/INFO]: Hopper Transfer: 8 Hopper Check: 1 Hopper Amount: 1
[09:42:38] [Server thread/INFO]: Custom Map Seeds:  Village: 10387312 Desert: 14357617 Igloo: 14357618 Jungle: 14357619 Swamp: 14357620 Monument: 10387313 Ocean: 14357621 Shipwreck: 165745295 End City: 10387313 Slime: 987234911 Nether: 30084232 Mansion: 10387319 Fossil: 14357921 Portal: 34222645
[09:42:38] [Server thread/INFO]: Max TNT Explosions: 100
[09:42:38] [Server thread/INFO]: Tile Max Tick Time: 50ms Entity max Tick Time: 50ms
[09:42:38] [Server thread/INFO]: Item Despawn Rate: 6000
[09:42:38] [Server thread/INFO]: Item Merge Radius: 2.5
[09:42:38] [Server thread/INFO]: View Distance: 10
[09:42:38] [Server thread/INFO]: Simulation Distance: 10
[09:42:38] [Server thread/INFO]: Allow Zombie Pigmen to spawn from portal blocks: true
[09:42:38] [Server thread/INFO]: Arrow Despawn Rate: 1200 Trident Respawn Rate:1200
[09:42:38] [Server thread/INFO]: Zombie Aggressive Towards Villager: true
[09:42:38] [Server thread/INFO]: Nerfing mobs spawned from spawners: false
[09:42:42] [Server thread/INFO]: -------- World Settings For [world_the_end] --------
[09:42:42] [Server thread/INFO]: Experience Merge Radius: 3.0
[09:42:42] [Server thread/INFO]: Cactus Growth Modifier: 100%
[09:42:42] [Server thread/INFO]: Cane Growth Modifier: 100%
[09:42:42] [Server thread/INFO]: Melon Growth Modifier: 100%
[09:42:42] [Server thread/INFO]: Mushroom Growth Modifier: 100%
[09:42:42] [Server thread/INFO]: Pumpkin Growth Modifier: 100%
[09:42:42] [Server thread/INFO]: Sapling Growth Modifier: 100%
[09:42:42] [Server thread/INFO]: Beetroot Growth Modifier: 100%
[09:42:42] [Server thread/INFO]: Carrot Growth Modifier: 100%
[09:42:42] [Server thread/INFO]: Potato Growth Modifier: 100%
[09:42:42] [Server thread/INFO]: Wheat Growth Modifier: 100%
[09:42:42] [Server thread/INFO]: NetherWart Growth Modifier: 100%
[09:42:42] [Server thread/INFO]: Vine Growth Modifier: 100%
[09:42:42] [Server thread/INFO]: Cocoa Growth Modifier: 100%
[09:42:42] [Server thread/INFO]: Bamboo Growth Modifier: 100%
[09:42:42] [Server thread/INFO]: SweetBerry Growth Modifier: 100%
[09:42:42] [Server thread/INFO]: Kelp Growth Modifier: 100%
[09:42:42] [Server thread/INFO]: Mob Spawn Range: 6
[09:42:42] [Server thread/INFO]: Entity Activation Range: An 32 / Mo 32 / Ra 48 / Mi 16 / Tiv true / Isa false
[09:42:42] [Server thread/INFO]: Entity Tracking Range: Pl 48 / An 48 / Mo 48 / Mi 32 / Other 64
[09:42:42] [Server thread/INFO]: Hopper Transfer: 8 Hopper Check: 1 Hopper Amount: 1
[09:42:42] [Server thread/INFO]: Custom Map Seeds:  Village: 10387312 Desert: 14357617 Igloo: 14357618 Jungle: 14357619 Swamp: 14357620 Monument: 10387313 Ocean: 14357621 Shipwreck: 165745295 End City: 10387313 Slime: 987234911 Nether: 30084232 Mansion: 10387319 Fossil: 14357921 Portal: 34222645
[09:42:42] [Server thread/INFO]: Max TNT Explosions: 100
[09:42:42] [Server thread/INFO]: Tile Max Tick Time: 50ms Entity max Tick Time: 50ms
[09:42:42] [Server thread/INFO]: Item Despawn Rate: 6000
[09:42:42] [Server thread/INFO]: Item Merge Radius: 2.5
[09:42:42] [Server thread/INFO]: View Distance: 10
[09:42:42] [Server thread/INFO]: Simulation Distance: 10
[09:42:42] [Server thread/INFO]: Allow Zombie Pigmen to spawn from portal blocks: true
[09:42:42] [Server thread/INFO]: Arrow Despawn Rate: 1200 Trident Respawn Rate:1200
[09:42:42] [Server thread/INFO]: Zombie Aggressive Towards Villager: true
[09:42:42] [Server thread/INFO]: Nerfing mobs spawned from spawners: false
[09:42:44] [Server thread/INFO]: Preparing start region for dimension minecraft:overworld
[09:42:48] [Worker-Main-10/INFO]: Preparing spawn area: 0%
[09:42:48] [Worker-Main-7/INFO]: Preparing spawn area: 0%
[09:42:48] [Worker-Main-10/INFO]: Preparing spawn area: 0%
[09:42:48] [Worker-Main-7/INFO]: Preparing spawn area: 0%
[09:42:48] [Worker-Main-7/INFO]: Preparing spawn area: 0%
[09:42:48] [Worker-Main-10/INFO]: Preparing spawn area: 0%
[09:42:48] [Worker-Main-6/INFO]: Preparing spawn area: 0%
[09:42:48] [Worker-Main-7/INFO]: Preparing spawn area: 0%
[09:42:48] [Worker-Main-7/INFO]: Preparing spawn area: 0%
[09:42:49] [Worker-Main-6/INFO]: Preparing spawn area: 0%
[09:42:49] [Worker-Main-8/INFO]: Preparing spawn area: 0%
[09:42:50] [Worker-Main-8/INFO]: Preparing spawn area: 0%
[09:42:50] [Worker-Main-9/INFO]: Preparing spawn area: 0%
[09:42:51] [Worker-Main-8/INFO]: Preparing spawn area: 0%
[09:42:51] [Worker-Main-9/INFO]: Preparing spawn area: 1%
[09:42:52] [Worker-Main-8/INFO]: Preparing spawn area: 1%
[09:42:52] [Worker-Main-6/INFO]: Preparing spawn area: 1%
[09:42:53] [Worker-Main-7/INFO]: Preparing spawn area: 1%
[09:42:53] [Worker-Main-9/INFO]: Preparing spawn area: 1%
[09:42:54] [Worker-Main-6/INFO]: Preparing spawn area: 1%
[09:42:54] [Worker-Main-9/INFO]: Preparing spawn area: 1%
[09:42:55] [Worker-Main-8/INFO]: Preparing spawn area: 1%
[09:42:55] [Worker-Main-9/INFO]: Preparing spawn area: 2%
[09:42:56] [Worker-Main-9/INFO]: Preparing spawn area: 3%
[09:42:56] [Worker-Main-8/INFO]: Preparing spawn area: 4%
[09:42:57] [Worker-Main-10/INFO]: Preparing spawn area: 4%
[09:42:57] [Worker-Main-7/INFO]: Preparing spawn area: 5%
[09:42:58] [Worker-Main-10/INFO]: Preparing spawn area: 6%
[09:42:58] [Worker-Main-8/INFO]: Preparing spawn area: 6%
[09:42:59] [Worker-Main-8/INFO]: Preparing spawn area: 6%
[09:42:59] [Worker-Main-8/INFO]: Preparing spawn area: 6%
[09:43:00] [Worker-Main-10/INFO]: Preparing spawn area: 7%
[09:43:00] [Worker-Main-8/INFO]: Preparing spawn area: 7%
[09:43:01] [Worker-Main-9/INFO]: Preparing spawn area: 8%
[09:43:01] [Worker-Main-9/INFO]: Preparing spawn area: 9%
[09:43:02] [Worker-Main-7/INFO]: Preparing spawn area: 9%
[09:43:03] [Worker-Main-6/INFO]: Preparing spawn area: 9%
[09:43:03] [Worker-Main-6/INFO]: Preparing spawn area: 9%
[09:43:03] [Worker-Main-9/INFO]: Preparing spawn area: 10%
[09:43:04] [Worker-Main-10/INFO]: Preparing spawn area: 10%
[09:43:04] [Worker-Main-8/INFO]: Preparing spawn area: 12%
[09:43:05] [Worker-Main-9/INFO]: Preparing spawn area: 12%
[09:43:05] [Worker-Main-9/INFO]: Preparing spawn area: 13%
[09:43:06] [Worker-Main-7/INFO]: Preparing spawn area: 13%
[09:43:06] [Worker-Main-8/INFO]: Preparing spawn area: 15%
[09:43:07] [Worker-Main-6/INFO]: Preparing spawn area: 16%
[09:43:07] [Worker-Main-8/INFO]: Preparing spawn area: 16%
[09:43:08] [Worker-Main-10/INFO]: Preparing spawn area: 17%
[09:43:08] [Worker-Main-7/INFO]: Preparing spawn area: 18%
[09:43:09] [Worker-Main-7/INFO]: Preparing spawn area: 18%
[09:43:09] [Worker-Main-7/INFO]: Preparing spawn area: 19%
[09:43:10] [Worker-Main-9/INFO]: Preparing spawn area: 19%
[09:43:10] [Worker-Main-6/INFO]: Preparing spawn area: 20%
[09:43:11] [Worker-Main-7/INFO]: Preparing spawn area: 21%
[09:43:11] [Worker-Main-8/INFO]: Preparing spawn area: 22%
[09:43:12] [Worker-Main-6/INFO]: Preparing spawn area: 23%
[09:43:12] [Worker-Main-10/INFO]: Preparing spawn area: 23%
[09:43:13] [Worker-Main-8/INFO]: Preparing spawn area: 24%
[09:43:13] [Worker-Main-8/INFO]: Preparing spawn area: 25%
[09:43:14] [Worker-Main-9/INFO]: Preparing spawn area: 25%
[09:43:14] [Worker-Main-10/INFO]: Preparing spawn area: 27%
[09:43:15] [Worker-Main-8/INFO]: Preparing spawn area: 27%
[09:43:15] [Worker-Main-6/INFO]: Preparing spawn area: 28%
[09:43:16] [Worker-Main-8/INFO]: Preparing spawn area: 28%
[09:43:16] [Worker-Main-6/INFO]: Preparing spawn area: 29%
[09:43:17] [Worker-Main-8/INFO]: Preparing spawn area: 31%
[09:43:17] [Worker-Main-6/INFO]: Preparing spawn area: 32%
[09:43:18] [Worker-Main-8/INFO]: Preparing spawn area: 32%
[09:43:18] [Worker-Main-10/INFO]: Preparing spawn area: 33%
[09:43:19] [Worker-Main-9/INFO]: Preparing spawn area: 33%
[09:43:19] [Worker-Main-8/INFO]: Preparing spawn area: 33%
[09:43:20] [Worker-Main-7/INFO]: Preparing spawn area: 34%
[09:43:20] [Worker-Main-9/INFO]: Preparing spawn area: 35%
[09:43:21] [Worker-Main-10/INFO]: Preparing spawn area: 36%
[09:43:21] [Worker-Main-9/INFO]: Preparing spawn area: 37%
[09:43:22] [Worker-Main-6/INFO]: Preparing spawn area: 38%
[09:43:22] [Worker-Main-7/INFO]: Preparing spawn area: 38%
[09:43:23] [Worker-Main-10/INFO]: Preparing spawn area: 38%
[09:43:23] [Worker-Main-10/INFO]: Preparing spawn area: 39%
[09:43:24] [Worker-Main-7/INFO]: Preparing spawn area: 40%
[09:43:24] [Worker-Main-9/INFO]: Preparing spawn area: 41%
[09:43:25] [Worker-Main-6/INFO]: Preparing spawn area: 41%
[09:43:25] [Worker-Main-6/INFO]: Preparing spawn area: 42%
[09:43:26] [Worker-Main-7/INFO]: Preparing spawn area: 43%
[09:43:26] [Worker-Main-9/INFO]: Preparing spawn area: 43%
[09:43:27] [Worker-Main-9/INFO]: Preparing spawn area: 43%
[09:43:27] [Worker-Main-9/INFO]: Preparing spawn area: 43%
[09:43:28] [Worker-Main-10/INFO]: Preparing spawn area: 44%
[09:43:28] [Worker-Main-9/INFO]: Preparing spawn area: 46%
[09:43:29] [Worker-Main-8/INFO]: Preparing spawn area: 47%
[09:43:29] [Worker-Main-6/INFO]: Preparing spawn area: 48%
[09:43:30] [Worker-Main-8/INFO]: Preparing spawn area: 49%
[09:43:30] [Worker-Main-8/INFO]: Preparing spawn area: 50%
[09:43:31] [Worker-Main-9/INFO]: Preparing spawn area: 51%
[09:43:31] [Worker-Main-8/INFO]: Preparing spawn area: 52%
[09:43:32] [Worker-Main-7/INFO]: Preparing spawn area: 53%
[09:43:32] [Worker-Main-10/INFO]: Preparing spawn area: 53%
[09:43:33] [Worker-Main-8/INFO]: Preparing spawn area: 54%
[09:43:33] [Worker-Main-7/INFO]: Preparing spawn area: 55%
[09:43:34] [Worker-Main-10/INFO]: Preparing spawn area: 55%
[09:43:34] [Worker-Main-8/INFO]: Preparing spawn area: 55%
[09:43:35] [Worker-Main-10/INFO]: Preparing spawn area: 56%
[09:43:35] [Worker-Main-8/INFO]: Preparing spawn area: 57%
[09:43:36] [Worker-Main-10/INFO]: Preparing spawn area: 57%
[09:43:36] [Worker-Main-10/INFO]: Preparing spawn area: 58%
[09:43:37] [Worker-Main-7/INFO]: Preparing spawn area: 59%
[09:43:37] [Worker-Main-7/INFO]: Preparing spawn area: 60%
[09:43:38] [Worker-Main-8/INFO]: Preparing spawn area: 61%
[09:43:38] [Worker-Main-7/INFO]: Preparing spawn area: 62%
[09:43:39] [Worker-Main-6/INFO]: Preparing spawn area: 63%
[09:43:39] [Worker-Main-10/INFO]: Preparing spawn area: 65%
[09:43:40] [Worker-Main-7/INFO]: Preparing spawn area: 67%
[09:43:40] [Worker-Main-10/INFO]: Preparing spawn area: 68%
[09:43:41] [Worker-Main-8/INFO]: Preparing spawn area: 68%
[09:43:41] [Worker-Main-9/INFO]: Preparing spawn area: 69%
[09:43:42] [Worker-Main-9/INFO]: Preparing spawn area: 70%
[09:43:42] [Worker-Main-8/INFO]: Preparing spawn area: 72%
[09:43:43] [Worker-Main-6/INFO]: Preparing spawn area: 72%
[09:43:43] [Worker-Main-6/INFO]: Preparing spawn area: 74%
[09:43:44] [Worker-Main-10/INFO]: Preparing spawn area: 75%
[09:43:44] [Worker-Main-10/INFO]: Preparing spawn area: 77%
[09:43:45] [Worker-Main-8/INFO]: Preparing spawn area: 79%
[09:43:45] [Worker-Main-8/INFO]: Preparing spawn area: 81%
[09:43:46] [Worker-Main-7/INFO]: Preparing spawn area: 82%
[09:43:46] [Worker-Main-7/INFO]: Preparing spawn area: 83%
[09:43:47] [Worker-Main-10/INFO]: Preparing spawn area: 84%
[09:43:47] [Worker-Main-7/INFO]: Preparing spawn area: 84%
[09:43:48] [Worker-Main-8/INFO]: Preparing spawn area: 86%
[09:43:48] [Worker-Main-7/INFO]: Preparing spawn area: 87%
[09:43:49] [Worker-Main-10/INFO]: Preparing spawn area: 88%
[09:43:49] [Worker-Main-9/INFO]: Preparing spawn area: 89%
[09:43:50] [Worker-Main-6/INFO]: Preparing spawn area: 91%
[09:43:50] [Worker-Main-6/INFO]: Preparing spawn area: 92%
[09:43:51] [Worker-Main-6/INFO]: Preparing spawn area: 94%
[09:43:51] [Worker-Main-10/INFO]: Preparing spawn area: 96%
[09:43:52] [Worker-Main-9/INFO]: Preparing spawn area: 96%
[09:43:52] [Worker-Main-7/INFO]: Preparing spawn area: 97%
[09:43:53] [Worker-Main-10/INFO]: Preparing spawn area: 98%
[09:43:53] [Server thread/INFO]: Time elapsed: 68909 ms
[09:43:53] [Server thread/INFO]: Preparing start region for dimension minecraft:the_nether
[09:43:54] [Worker-Main-10/INFO]: Preparing spawn area: 0%
[09:43:54] [Worker-Main-10/INFO]: Preparing spawn area: 0%
[09:43:54] [Worker-Main-8/INFO]: Preparing spawn area: 0%
[09:43:55] [Worker-Main-8/INFO]: Preparing spawn area: 0%
[09:43:55] [Worker-Main-10/INFO]: Preparing spawn area: 0%
[09:43:56] [Worker-Main-10/INFO]: Preparing spawn area: 1%
[09:43:56] [Worker-Main-10/INFO]: Preparing spawn area: 3%
[09:43:57] [Worker-Main-7/INFO]: Preparing spawn area: 5%
[09:43:57] [Worker-Main-10/INFO]: Preparing spawn area: 6%
[09:43:58] [Worker-Main-6/INFO]: Preparing spawn area: 9%
[09:43:58] [Worker-Main-6/INFO]: Preparing spawn area: 9%
[09:43:59] [Worker-Main-8/INFO]: Preparing spawn area: 10%
[09:43:59] [Worker-Main-6/INFO]: Preparing spawn area: 13%
[09:44:00] [Worker-Main-9/INFO]: Preparing spawn area: 14%
[09:44:00] [Worker-Main-10/INFO]: Preparing spawn area: 16%
[09:44:01] [Worker-Main-8/INFO]: Preparing spawn area: 17%
[09:44:01] [Worker-Main-10/INFO]: Preparing spawn area: 19%
[09:44:02] [Worker-Main-6/INFO]: Preparing spawn area: 20%
[09:44:02] [Worker-Main-10/INFO]: Preparing spawn area: 20%
[09:44:03] [Worker-Main-6/INFO]: Preparing spawn area: 22%
[09:44:03] [Worker-Main-6/INFO]: Preparing spawn area: 23%
[09:44:04] [Worker-Main-9/INFO]: Preparing spawn area: 25%
[09:44:04] [Worker-Main-8/INFO]: Preparing spawn area: 27%
[09:44:05] [Worker-Main-10/INFO]: Preparing spawn area: 29%
[09:44:05] [Worker-Main-8/INFO]: Preparing spawn area: 31%
[09:44:06] [Worker-Main-7/INFO]: Preparing spawn area: 32%
[09:44:06] [Worker-Main-9/INFO]: Preparing spawn area: 33%
[09:44:07] [Worker-Main-10/INFO]: Preparing spawn area: 35%
[09:44:07] [Worker-Main-9/INFO]: Preparing spawn area: 38%
[09:44:08] [Worker-Main-7/INFO]: Preparing spawn area: 40%
[09:44:08] [Worker-Main-10/INFO]: Preparing spawn area: 42%
[09:44:09] [Worker-Main-6/INFO]: Preparing spawn area: 44%
[09:44:09] [Worker-Main-10/INFO]: Preparing spawn area: 45%
[09:44:10] [Worker-Main-10/INFO]: Preparing spawn area: 47%
[09:44:10] [Worker-Main-6/INFO]: Preparing spawn area: 49%
[09:44:11] [Worker-Main-9/INFO]: Preparing spawn area: 51%
[09:44:11] [Worker-Main-8/INFO]: Preparing spawn area: 53%
[09:44:12] [Worker-Main-7/INFO]: Preparing spawn area: 54%
[09:44:12] [Worker-Main-7/INFO]: Preparing spawn area: 55%
[09:44:13] [Worker-Main-10/INFO]: Preparing spawn area: 56%
[09:44:13] [Worker-Main-6/INFO]: Preparing spawn area: 57%
[09:44:14] [Worker-Main-9/INFO]: Preparing spawn area: 59%
[09:44:14] [Worker-Main-6/INFO]: Preparing spawn area: 60%
[09:44:15] [Worker-Main-9/INFO]: Preparing spawn area: 62%
[09:44:15] [Worker-Main-6/INFO]: Preparing spawn area: 64%
[09:44:16] [Worker-Main-8/INFO]: Preparing spawn area: 65%
[09:44:16] [Worker-Main-7/INFO]: Preparing spawn area: 65%
[09:44:17] [Worker-Main-9/INFO]: Preparing spawn area: 67%
[09:44:17] [Worker-Main-7/INFO]: Preparing spawn area: 68%
[09:44:18] [Worker-Main-6/INFO]: Preparing spawn area: 70%
[09:44:18] [Worker-Main-10/INFO]: Preparing spawn area: 72%
[09:44:19] [Worker-Main-6/INFO]: Preparing spawn area: 73%
[09:44:19] [Worker-Main-9/INFO]: Preparing spawn area: 75%
[09:44:20] [Worker-Main-8/INFO]: Preparing spawn area: 77%
[09:44:20] [Worker-Main-10/INFO]: Preparing spawn area: 79%
[09:44:21] [Worker-Main-7/INFO]: Preparing spawn area: 81%
[09:44:21] [Worker-Main-10/INFO]: Preparing spawn area: 83%
[09:44:22] [Worker-Main-10/INFO]: Preparing spawn area: 84%
[09:44:22] [Worker-Main-6/INFO]: Preparing spawn area: 85%
[09:44:23] [Worker-Main-9/INFO]: Preparing spawn area: 87%
[09:44:23] [Worker-Main-10/INFO]: Preparing spawn area: 89%
[09:44:24] [Worker-Main-6/INFO]: Preparing spawn area: 91%
[09:44:24] [Worker-Main-9/INFO]: Preparing spawn area: 93%
[09:44:25] [Worker-Main-9/INFO]: Preparing spawn area: 94%
[09:44:25] [Worker-Main-8/INFO]: Preparing spawn area: 96%
[09:44:26] [Worker-Main-8/INFO]: Preparing spawn area: 96%
[09:44:26] [Worker-Main-9/INFO]: Preparing spawn area: 98%
[09:44:27] [Worker-Main-7/INFO]: Preparing spawn area: 99%
[09:44:27] [Server thread/INFO]: Time elapsed: 33683 ms
[09:44:27] [Server thread/INFO]: Preparing start region for dimension minecraft:the_end
[09:44:28] [Worker-Main-6/INFO]: Preparing spawn area: 0%
[09:44:28] [Worker-Main-6/INFO]: Preparing spawn area: 0%
[09:44:28] [Worker-Main-6/INFO]: Preparing spawn area: 0%
[09:44:28] [Worker-Main-10/INFO]: Preparing spawn area: 0%
[09:44:29] [Worker-Main-8/INFO]: Preparing spawn area: 3%
[09:44:29] [Worker-Main-8/INFO]: Preparing spawn area: 9%
[09:44:30] [Worker-Main-9/INFO]: Preparing spawn area: 23%
[09:44:30] [Worker-Main-9/INFO]: Preparing spawn area: 35%
[09:44:31] [Worker-Main-7/INFO]: Preparing spawn area: 50%
[09:44:31] [Worker-Main-7/INFO]: Preparing spawn area: 65%
[09:44:32] [Worker-Main-9/INFO]: Preparing spawn area: 81%
[09:44:32] [Worker-Main-8/INFO]: Preparing spawn area: 96%
[09:44:32] [Server thread/INFO]: Time elapsed: 5587 ms
[09:44:32] [Server thread/INFO]: [SuperVanish] Enabling SuperVanish v6.2.7
[09:44:32] [Server thread/INFO]: [SuperVanish] Please install ProtocolLib to be able to use all SuperVanish features: https://www.spigotmc.org/resources/protocollib.1997/
[09:44:33] [Server thread/INFO]: [OpenInv] Enabling OpenInv v4.1.10
[09:44:33] [Server thread/INFO]: Done (135.992s)! For help, type "help"
[09:45:26] [Server thread/INFO]: Stopping the server
[09:45:26] [Server thread/INFO]: Stopping server
[09:45:26] [Server thread/INFO]: [OpenInv] Disabling OpenInv v4.1.10
[09:45:26] [Server thread/INFO]: [SuperVanish] Disabling SuperVanish v6.2.7
[09:45:26] [Server thread/INFO]: Saving players
[09:45:26] [Server thread/INFO]: Saving worlds
[09:45:31] [Server thread/INFO]: Saving chunks for level 'ServerLevel[world]'/minecraft:overworld
[09:45:39] [Server thread/INFO]: Saving chunks for level 'ServerLevel[world_nether]'/minecraft:the_nether
[09:45:39] [Server thread/INFO]: Saving chunks for level 'ServerLevel[world_the_end]'/minecraft:the_end
[09:45:39] [Server thread/INFO]: ThreadedAnvilChunkStorage (world): All chunks are saved
[09:45:39] [Server thread/INFO]: ThreadedAnvilChunkStorage (DIM-1): All chunks are saved
[09:45:39] [Server thread/INFO]: ThreadedAnvilChunkStorage (DIM1): All chunks are saved
[09:45:39] [Server thread/INFO]: ThreadedAnvilChunkStorage: All dimensions are saved
