[15:17:39] [ServerMain/INFO]: Environment: authHost='https://authserver.mojang.com', accountsHost='https://api.mojang.com', sessionHost='https://sessionserver.mojang.com', servicesHost='https://api.minecraftservices.com', name='PROD'
[15:17:45] [Worker-Main-6/INFO]: Loaded 7 recipes
[15:17:50] [Server thread/INFO]: Starting minecraft server version 1.18.2
[15:17:50] [Server thread/INFO]: Loading properties
[15:17:50] [Server thread/INFO]: This server is running CraftBukkit version 3491-Spigot-b081915-95d233d (MC: 1.18.2) (Implementing API version 1.18.2-R0.1-SNAPSHOT)
[15:17:50] [Server thread/INFO]: Debug logging is disabled
[15:17:50] [Server thread/INFO]: Server Ping Player Sample Count: 12
[15:17:50] [Server thread/INFO]: Using 4 threads for Netty based IO
[15:17:50] [Server thread/INFO]: Default game type: SURVIVAL
[15:17:50] [Server thread/INFO]: Generating keypair
[15:17:51] [Server thread/INFO]: Starting Minecraft server on 88.99.11.184:25565
[15:17:51] [Server thread/INFO]: Using epoll channel type
[15:17:53] [Server thread/ERROR]: Could not load 'plugins/CombatLogX.jar' in folder 'plugins'
org.bukkit.plugin.UnknownDependencyException: Unknown dependency SirBlobmanCore. Please download and install SirBlobmanCore to run this plugin.
	at org.bukkit.plugin.SimplePluginManager.loadPlugins(SimplePluginManager.java:269) ~[spigot-api-1.18.2-R0.1-SNAPSHOT.jar:?]
	at org.bukkit.craftbukkit.v1_18_R2.CraftServer.loadPlugins(CraftServer.java:407) ~[spigot-1.18.2-R0.1-SNAPSHOT.jar:3491-Spigot-b081915-95d233d]
	at net.minecraft.server.dedicated.DedicatedServer.e(DedicatedServer.java:232) ~[spigot-1.18.2-R0.1-SNAPSHOT.jar:3491-Spigot-b081915-95d233d]
	at net.minecraft.server.MinecraftServer.w(MinecraftServer.java:1007) ~[spigot-1.18.2-R0.1-SNAPSHOT.jar:3491-Spigot-b081915-95d233d]
	at net.minecraft.server.MinecraftServer.lambda$0(MinecraftServer.java:304) ~[spigot-1.18.2-R0.1-SNAPSHOT.jar:3491-Spigot-b081915-95d233d]
	at java.lang.Thread.run(Thread.java:833) [?:?]
[15:17:53] [Server thread/INFO]: [LifeSteal-Smp-Plugin] Loading LifeSteal-Smp-Plugin v1.0
[15:17:53] [Server thread/WARN]: [LifeSteal-Smp-Plugin] Could not save heartRecipe.yml to plugins/LifeSteal-Smp-Plugin/heartRecipe.yml because heartRecipe.yml already exists.
[15:17:53] [Server thread/WARN]: [LifeSteal-Smp-Plugin] Could not save beaconRecipe.yml to plugins/LifeSteal-Smp-Plugin/beaconRecipe.yml because beaconRecipe.yml already exists.
[15:17:53] [Server thread/INFO]: Preparing level "world"
[15:17:55] [Server thread/INFO]: -------- World Settings For [world] --------
[15:17:55] [Server thread/INFO]: Cactus Growth Modifier: 100%
[15:17:55] [Server thread/INFO]: Cane Growth Modifier: 100%
[15:17:55] [Server thread/INFO]: Melon Growth Modifier: 100%
[15:17:55] [Server thread/INFO]: Mushroom Growth Modifier: 100%
[15:17:55] [Server thread/INFO]: Pumpkin Growth Modifier: 100%
[15:17:55] [Server thread/INFO]: Sapling Growth Modifier: 100%
[15:17:55] [Server thread/INFO]: Beetroot Growth Modifier: 100%
[15:17:55] [Server thread/INFO]: Carrot Growth Modifier: 100%
[15:17:55] [Server thread/INFO]: Potato Growth Modifier: 100%
[15:17:55] [Server thread/INFO]: Wheat Growth Modifier: 100%
[15:17:55] [Server thread/INFO]: NetherWart Growth Modifier: 100%
[15:17:55] [Server thread/INFO]: Vine Growth Modifier: 100%
[15:17:55] [Server thread/INFO]: Cocoa Growth Modifier: 100%
[15:17:55] [Server thread/INFO]: Bamboo Growth Modifier: 100%
[15:17:55] [Server thread/INFO]: SweetBerry Growth Modifier: 100%
[15:17:55] [Server thread/INFO]: Kelp Growth Modifier: 100%
[15:17:55] [Server thread/INFO]: Experience Merge Radius: 3.0
[15:17:55] [Server thread/INFO]: Mob Spawn Range: 6
[15:17:55] [Server thread/INFO]: Custom Map Seeds:  Village: 10387312 Desert: 14357617 Igloo: 14357618 Jungle: 14357619 Swamp: 14357620 Monument: 10387313 Ocean: 14357621 Shipwreck: 165745295 End City: 10387313 Slime: 987234911 Nether: 30084232 Mansion: 10387319 Fossil: 14357921 Portal: 34222645
[15:17:55] [Server thread/INFO]: Max TNT Explosions: 100
[15:17:55] [Server thread/INFO]: Tile Max Tick Time: 50ms Entity max Tick Time: 50ms
[15:17:55] [Server thread/INFO]: Entity Activation Range: An 32 / Mo 32 / Ra 48 / Mi 16 / Tiv true / Isa false
[15:17:55] [Server thread/INFO]: Entity Tracking Range: Pl 48 / An 48 / Mo 48 / Mi 32 / Other 64
[15:17:55] [Server thread/INFO]: Hopper Transfer: 8 Hopper Check: 1 Hopper Amount: 1
[15:17:55] [Server thread/INFO]: Nerfing mobs spawned from spawners: false
[15:17:55] [Server thread/INFO]: Arrow Despawn Rate: 1200 Trident Respawn Rate:1200
[15:17:55] [Server thread/INFO]: Item Despawn Rate: 6000
[15:17:55] [Server thread/INFO]: Item Merge Radius: 2.5
[15:17:55] [Server thread/INFO]: View Distance: 10
[15:17:55] [Server thread/INFO]: Simulation Distance: 10
[15:17:55] [Server thread/INFO]: Allow Zombie Pigmen to spawn from portal blocks: true
[15:17:55] [Server thread/INFO]: Zombie Aggressive Towards Villager: true
[15:17:55] [Server thread/INFO]: -------- World Settings For [world_nether] --------
[15:17:56] [Server thread/INFO]: Cactus Growth Modifier: 100%
[15:17:56] [Server thread/INFO]: Cane Growth Modifier: 100%
[15:17:56] [Server thread/INFO]: Melon Growth Modifier: 100%
[15:17:56] [Server thread/INFO]: Mushroom Growth Modifier: 100%
[15:17:56] [Server thread/INFO]: Pumpkin Growth Modifier: 100%
[15:17:56] [Server thread/INFO]: Sapling Growth Modifier: 100%
[15:17:56] [Server thread/INFO]: Beetroot Growth Modifier: 100%
[15:17:56] [Server thread/INFO]: Carrot Growth Modifier: 100%
[15:17:56] [Server thread/INFO]: Potato Growth Modifier: 100%
[15:17:56] [Server thread/INFO]: Wheat Growth Modifier: 100%
[15:17:56] [Server thread/INFO]: NetherWart Growth Modifier: 100%
[15:17:56] [Server thread/INFO]: Vine Growth Modifier: 100%
[15:17:56] [Server thread/INFO]: Cocoa Growth Modifier: 100%
[15:17:56] [Server thread/INFO]: Bamboo Growth Modifier: 100%
[15:17:56] [Server thread/INFO]: SweetBerry Growth Modifier: 100%
[15:17:56] [Server thread/INFO]: Kelp Growth Modifier: 100%
[15:17:56] [Server thread/INFO]: Experience Merge Radius: 3.0
[15:17:56] [Server thread/INFO]: Mob Spawn Range: 6
[15:17:56] [Server thread/INFO]: Custom Map Seeds:  Village: 10387312 Desert: 14357617 Igloo: 14357618 Jungle: 14357619 Swamp: 14357620 Monument: 10387313 Ocean: 14357621 Shipwreck: 165745295 End City: 10387313 Slime: 987234911 Nether: 30084232 Mansion: 10387319 Fossil: 14357921 Portal: 34222645
[15:17:56] [Server thread/INFO]: Max TNT Explosions: 100
[15:17:56] [Server thread/INFO]: Tile Max Tick Time: 50ms Entity max Tick Time: 50ms
[15:17:56] [Server thread/INFO]: Entity Activation Range: An 32 / Mo 32 / Ra 48 / Mi 16 / Tiv true / Isa false
[15:17:56] [Server thread/INFO]: Entity Tracking Range: Pl 48 / An 48 / Mo 48 / Mi 32 / Other 64
[15:17:56] [Server thread/INFO]: Hopper Transfer: 8 Hopper Check: 1 Hopper Amount: 1
[15:17:56] [Server thread/INFO]: Nerfing mobs spawned from spawners: false
[15:17:56] [Server thread/INFO]: Arrow Despawn Rate: 1200 Trident Respawn Rate:1200
[15:17:56] [Server thread/INFO]: Item Despawn Rate: 6000
[15:17:56] [Server thread/INFO]: Item Merge Radius: 2.5
[15:17:56] [Server thread/INFO]: View Distance: 10
[15:17:56] [Server thread/INFO]: Simulation Distance: 10
[15:17:56] [Server thread/INFO]: Allow Zombie Pigmen to spawn from portal blocks: true
[15:17:56] [Server thread/INFO]: Zombie Aggressive Towards Villager: true
[15:17:56] [Server thread/INFO]: -------- World Settings For [world_the_end] --------
[15:17:56] [Server thread/INFO]: Cactus Growth Modifier: 100%
[15:17:56] [Server thread/INFO]: Cane Growth Modifier: 100%
[15:17:56] [Server thread/INFO]: Melon Growth Modifier: 100%
[15:17:56] [Server thread/INFO]: Mushroom Growth Modifier: 100%
[15:17:56] [Server thread/INFO]: Pumpkin Growth Modifier: 100%
[15:17:56] [Server thread/INFO]: Sapling Growth Modifier: 100%
[15:17:56] [Server thread/INFO]: Beetroot Growth Modifier: 100%
[15:17:56] [Server thread/INFO]: Carrot Growth Modifier: 100%
[15:17:56] [Server thread/INFO]: Potato Growth Modifier: 100%
[15:17:56] [Server thread/INFO]: Wheat Growth Modifier: 100%
[15:17:56] [Server thread/INFO]: NetherWart Growth Modifier: 100%
[15:17:56] [Server thread/INFO]: Vine Growth Modifier: 100%
[15:17:56] [Server thread/INFO]: Cocoa Growth Modifier: 100%
[15:17:56] [Server thread/INFO]: Bamboo Growth Modifier: 100%
[15:17:56] [Server thread/INFO]: SweetBerry Growth Modifier: 100%
[15:17:56] [Server thread/INFO]: Kelp Growth Modifier: 100%
[15:17:56] [Server thread/INFO]: Experience Merge Radius: 3.0
[15:17:56] [Server thread/INFO]: Mob Spawn Range: 6
[15:17:56] [Server thread/INFO]: Custom Map Seeds:  Village: 10387312 Desert: 14357617 Igloo: 14357618 Jungle: 14357619 Swamp: 14357620 Monument: 10387313 Ocean: 14357621 Shipwreck: 165745295 End City: 10387313 Slime: 987234911 Nether: 30084232 Mansion: 10387319 Fossil: 14357921 Portal: 34222645
[15:17:56] [Server thread/INFO]: Max TNT Explosions: 100
[15:17:56] [Server thread/INFO]: Tile Max Tick Time: 50ms Entity max Tick Time: 50ms
[15:17:56] [Server thread/INFO]: Entity Activation Range: An 32 / Mo 32 / Ra 48 / Mi 16 / Tiv true / Isa false
[15:17:56] [Server thread/INFO]: Entity Tracking Range: Pl 48 / An 48 / Mo 48 / Mi 32 / Other 64
[15:17:56] [Server thread/INFO]: Hopper Transfer: 8 Hopper Check: 1 Hopper Amount: 1
[15:17:56] [Server thread/INFO]: Nerfing mobs spawned from spawners: false
[15:17:56] [Server thread/INFO]: Arrow Despawn Rate: 1200 Trident Respawn Rate:1200
[15:17:56] [Server thread/INFO]: Item Despawn Rate: 6000
[15:17:56] [Server thread/INFO]: Item Merge Radius: 2.5
[15:17:56] [Server thread/INFO]: View Distance: 10
[15:17:56] [Server thread/INFO]: Simulation Distance: 10
[15:17:56] [Server thread/INFO]: Allow Zombie Pigmen to spawn from portal blocks: true
[15:17:56] [Server thread/INFO]: Zombie Aggressive Towards Villager: true
[15:17:56] [Server thread/INFO]: Preparing start region for dimension minecraft:overworld
[15:17:58] [Worker-Main-9/INFO]: Preparing spawn area: 0%
[15:17:58] [Worker-Main-7/INFO]: Preparing spawn area: 0%
[15:17:58] [Worker-Main-9/INFO]: Preparing spawn area: 0%
[15:17:58] [Worker-Main-8/INFO]: Preparing spawn area: 0%
[15:17:59] [Worker-Main-9/INFO]: Preparing spawn area: 0%
[15:17:59] [Worker-Main-8/INFO]: Preparing spawn area: 0%
[15:17:59] [Worker-Main-10/INFO]: Preparing spawn area: 0%
[15:17:59] [Worker-Main-10/INFO]: Preparing spawn area: 0%
[15:18:00] [Worker-Main-7/INFO]: Preparing spawn area: 0%
[15:18:00] [Worker-Main-10/INFO]: Preparing spawn area: 0%
[15:18:01] [Worker-Main-8/INFO]: Preparing spawn area: 0%
[15:18:02] [Worker-Main-7/INFO]: Preparing spawn area: 0%
[15:18:02] [Worker-Main-8/INFO]: Preparing spawn area: 0%
[15:18:02] [Worker-Main-9/INFO]: Preparing spawn area: 0%
[15:18:03] [Worker-Main-7/INFO]: Preparing spawn area: 0%
[15:18:03] [Worker-Main-10/INFO]: Preparing spawn area: 0%
[15:18:04] [Worker-Main-8/INFO]: Preparing spawn area: 0%
[15:18:04] [Worker-Main-9/INFO]: Preparing spawn area: 0%
[15:18:05] [Worker-Main-7/INFO]: Preparing spawn area: 0%
[15:18:05] [Worker-Main-9/INFO]: Preparing spawn area: 0%
[15:18:06] [Worker-Main-7/INFO]: Preparing spawn area: 1%
[15:18:06] [Worker-Main-9/INFO]: Preparing spawn area: 4%
[15:18:07] [Worker-Main-9/INFO]: Preparing spawn area: 4%
[15:18:07] [Worker-Main-8/INFO]: Preparing spawn area: 5%
[15:18:08] [Worker-Main-9/INFO]: Preparing spawn area: 12%
[15:18:08] [Worker-Main-8/INFO]: Preparing spawn area: 13%
[15:18:09] [Worker-Main-7/INFO]: Preparing spawn area: 13%
[15:18:09] [Worker-Main-9/INFO]: Preparing spawn area: 13%
[15:18:10] [Worker-Main-7/INFO]: Preparing spawn area: 20%
[15:18:10] [Worker-Main-8/INFO]: Preparing spawn area: 30%
[15:18:11] [Worker-Main-7/INFO]: Preparing spawn area: 30%
[15:18:11] [Worker-Main-8/INFO]: Preparing spawn area: 40%
[15:18:12] [Worker-Main-8/INFO]: Preparing spawn area: 51%
[15:18:12] [Worker-Main-6/INFO]: Preparing spawn area: 53%
[15:18:13] [Worker-Main-9/INFO]: Preparing spawn area: 58%
[15:18:13] [Worker-Main-6/INFO]: Preparing spawn area: 70%
[15:18:14] [Worker-Main-10/INFO]: Preparing spawn area: 78%
[15:18:14] [Worker-Main-7/INFO]: Preparing spawn area: 86%
[15:18:15] [Worker-Main-8/INFO]: Preparing spawn area: 88%
[15:18:16] [Server thread/INFO]: Time elapsed: 20178 ms
[15:18:16] [Server thread/INFO]: Preparing start region for dimension minecraft:the_nether
[15:18:18] [Worker-Main-9/INFO]: Preparing spawn area: 0%
[15:18:19] [Worker-Main-6/INFO]: Preparing spawn area: 0%
[15:18:19] [Worker-Main-9/INFO]: Preparing spawn area: 0%
[15:18:19] [Worker-Main-9/INFO]: Preparing spawn area: 0%
[15:18:19] [Worker-Main-7/INFO]: Preparing spawn area: 0%
[15:18:19] [Worker-Main-9/INFO]: Preparing spawn area: 0%
[15:18:20] [Worker-Main-7/INFO]: Preparing spawn area: 0%
[15:18:20] [Worker-Main-9/INFO]: Preparing spawn area: 0%
[15:18:20] [Worker-Main-8/INFO]: Preparing spawn area: 0%
[15:18:21] [Worker-Main-10/INFO]: Preparing spawn area: 0%
[15:18:21] [Worker-Main-10/INFO]: Preparing spawn area: 0%
[15:18:22] [Worker-Main-10/INFO]: Preparing spawn area: 0%
[15:18:22] [Worker-Main-10/INFO]: Preparing spawn area: 0%
[15:18:23] [Worker-Main-9/INFO]: Preparing spawn area: 0%
[15:18:23] [Worker-Main-7/INFO]: Preparing spawn area: 2%
[15:18:24] [Worker-Main-9/INFO]: Preparing spawn area: 4%
[15:18:24] [Worker-Main-9/INFO]: Preparing spawn area: 4%
[15:18:25] [Worker-Main-8/INFO]: Preparing spawn area: 4%
[15:18:25] [Worker-Main-7/INFO]: Preparing spawn area: 6%
[15:18:26] [Worker-Main-10/INFO]: Preparing spawn area: 19%
[15:18:26] [Worker-Main-8/INFO]: Preparing spawn area: 33%
[15:18:27] [Worker-Main-7/INFO]: Preparing spawn area: 46%
[15:18:27] [Worker-Main-10/INFO]: Preparing spawn area: 63%
[15:18:28] [Worker-Main-8/INFO]: Preparing spawn area: 86%
[15:18:29] [Server thread/INFO]: Time elapsed: 12241 ms
[15:18:29] [Server thread/INFO]: Preparing start region for dimension minecraft:the_end
[15:18:29] [Worker-Main-7/INFO]: Preparing spawn area: 0%
[15:18:29] [Worker-Main-9/INFO]: Preparing spawn area: 0%
[15:18:30] [Worker-Main-10/INFO]: Preparing spawn area: 0%
[15:18:30] [Worker-Main-10/INFO]: Preparing spawn area: 0%
[15:18:31] [Worker-Main-6/INFO]: Preparing spawn area: 0%
[15:18:32] [Worker-Main-7/INFO]: Preparing spawn area: 0%
[15:18:32] [Worker-Main-9/INFO]: Preparing spawn area: 0%
[15:18:32] [Worker-Main-7/INFO]: Preparing spawn area: 0%
[15:18:33] [Worker-Main-10/INFO]: Preparing spawn area: 0%
[15:18:33] [Worker-Main-10/INFO]: Preparing spawn area: 2%
[15:18:34] [Worker-Main-10/INFO]: Preparing spawn area: 5%
[15:18:34] [Worker-Main-10/INFO]: Preparing spawn area: 5%
[15:18:35] [Worker-Main-10/INFO]: Preparing spawn area: 27%
[15:18:35] [Worker-Main-9/INFO]: Preparing spawn area: 63%
[15:18:35] [Server thread/INFO]: Time elapsed: 6868 ms
[15:18:35] [Server thread/INFO]: [LifeSteal-Smp-Plugin] Enabling LifeSteal-Smp-Plugin v1.0
[15:18:36] [Server thread/INFO]: Server permissions file permissions.yml is empty, ignoring it
[15:18:36] [Server thread/INFO]: Done (43.165s)! For help, type "help"
[15:22:07] [User Authenticator #1/INFO]: UUID of player xsisorm is 41d5215b-11d3-4aeb-aad6-7aac06ec096b
[15:22:08] [Server thread/INFO]: xsisorm[/81.226.224.168:53418] logged in with entity id 69 at ([world]216.65443344506588, 71.0, -458.726618751821)
[15:23:03] [User Authenticator #2/INFO]: UUID of player NotTheHeroHere is 6435c2b0-db69-4d6b-9182-eb4b0a9ba0fc
[15:23:03] [Server thread/INFO]: NotTheHeroHere[/83.233.246.122:37890] logged in with entity id 356 at ([world]-892.6676939083741, 39.0, 1195.4181399615222)
[15:23:49] [Server thread/INFO]: NotTheHeroHere lost connection: Disconnected
[15:23:49] [Server thread/INFO]: NotTheHeroHere left the game
[15:24:10] [User Authenticator #3/INFO]: UUID of player NotTheHeroHere is 6435c2b0-db69-4d6b-9182-eb4b0a9ba0fc
[15:24:10] [Server thread/INFO]: NotTheHeroHere[/83.233.246.122:33856] logged in with entity id 821 at ([world]-900.0697868506683, 51.0, 1199.699999988079)
[15:29:07] [Server thread/INFO]: NotTheHeroHere lost connection: Disconnected
[15:29:07] [Server thread/INFO]: NotTheHeroHere left the game
[15:29:07] [Server thread/WARN]: handleDisconnection() called twice
[15:29:15] [User Authenticator #4/INFO]: UUID of player NotTheHeroHere is 6435c2b0-db69-4d6b-9182-eb4b0a9ba0fc
[15:29:15] [Server thread/INFO]: NotTheHeroHere[/83.233.246.122:33984] logged in with entity id 3613 at ([world]-852.5290802695921, 66.0, 1120.5095538061857)
[15:31:53] [User Authenticator #5/INFO]: UUID of player earth_miner123 is 593673ab-f1b5-4ee3-aaef-fda12e509420
[15:31:53] [Server thread/INFO]: earth_miner123[/93.182.161.53:59128] logged in with entity id 4576 at ([world]233.75499088241355, 78.0, 785.7292479201432)
[15:32:28] [User Authenticator #6/INFO]: UUID of player MiltonGrande7 is 16666028-dd41-4b8b-867d-21f4af84b97d
[15:32:28] [Server thread/INFO]: MiltonGrande7[/83.233.247.3:26599] logged in with entity id 4818 at ([world]-866.7272080344736, 65.0, 1126.3288548968103)
[15:32:37] [Server thread/INFO]: MiltonGrande7 lost connection: Disconnected
[15:32:37] [Server thread/INFO]: MiltonGrande7 left the game
[15:33:06] [User Authenticator #7/INFO]: UUID of player MiltonGrande7 is 16666028-dd41-4b8b-867d-21f4af84b97d
[15:33:07] [Server thread/INFO]: MiltonGrande7[/83.233.247.3:26617] logged in with entity id 5193 at ([world]-872.2202230278285, 65.1090547294065, 1126.9987690065273)
[15:35:58] [Server thread/INFO]: MiltonGrande7 has made the advancement [Not Today, Thank You]
[15:42:11] [Server thread/INFO]: earth_miner123 has made the advancement [Suit Up]
[15:43:55] [Server thread/INFO]: NotTheHeroHere has made the advancement [Diamonds!]
[15:45:27] [Server thread/INFO]: MiltonGrande7 lost connection: Disconnected
[15:45:27] [Server thread/INFO]: MiltonGrande7 left the game
[15:46:40] [User Authenticator #8/INFO]: UUID of player MiltonGrande7 is 16666028-dd41-4b8b-867d-21f4af84b97d
[15:46:40] [Server thread/INFO]: MiltonGrande7[/83.233.247.3:26345] logged in with entity id 12852 at ([world]-768.3912605175093, -43.0, 1155.300000011921)
[15:47:26] [Server thread/WARN]: Can't keep up! Is the server overloaded? Running 5002ms or 100 ticks behind
[15:49:03] [Server thread/INFO]: xsisorm has made the advancement [The Parrots and the Bats]
[15:50:42] [Server thread/INFO]: MiltonGrande7 has made the advancement [Diamonds!]
[15:51:13] [Server thread/WARN]: Can't keep up! Is the server overloaded? Running 5020ms or 100 ticks behind
[15:51:26] [Server thread/INFO]: [0;33;22mTPS from last 1m, 5m, 15m: [0;32;1m18.34, [0;32;1m19.74, [0;32;1m*20.0[m
[15:51:26] [Server thread/INFO]: [0;33;22mCurrent Memory Usage: [0;32;1m6977/14336 mb (Max: 14336 mb)[m
[15:53:18] [Server thread/WARN]: Can't keep up! Is the server overloaded? Running 5059ms or 101 ticks behind
[15:54:25] [Server thread/WARN]: Can't keep up! Is the server overloaded? Running 5010ms or 100 ticks behind
[15:55:57] [Server thread/INFO]: xsisorm lost connection: Disconnected
[15:55:57] [Server thread/INFO]: xsisorm left the game
[16:02:11] [Server thread/INFO]: earth_miner123 lost connection: Disconnected
[16:02:11] [Server thread/INFO]: earth_miner123 left the game
[16:04:00] [Server thread/INFO]: NotTheHeroHere has made the advancement [Cover Me with Diamonds]
[16:05:52] [Server thread/INFO]: MiltonGrande7 lost connection: Disconnected
[16:05:52] [Server thread/INFO]: MiltonGrande7 left the game
[16:07:40] [User Authenticator #9/INFO]: UUID of player earth_miner123 is 593673ab-f1b5-4ee3-aaef-fda12e509420
[16:07:41] [Server thread/INFO]: earth_miner123[/93.182.161.53:55914] logged in with entity id 22549 at ([world]40.07786088152001, 13.973965095485253, 346.88710110759894)
[16:07:44] [Server thread/INFO]: earth_miner123 lost connection: Disconnected
[16:07:44] [Server thread/INFO]: earth_miner123 left the game
[16:08:11] [User Authenticator #10/INFO]: UUID of player MiltonGrande7 is 16666028-dd41-4b8b-867d-21f4af84b97d
[16:08:12] [Server thread/INFO]: MiltonGrande7[/83.233.247.3:29559] logged in with entity id 22760 at ([world]-751.396592833739, 18.0, 1168.5587418017046)
[16:08:15] [Server thread/INFO]: MiltonGrande7 lost connection: Disconnected
[16:08:15] [Server thread/INFO]: MiltonGrande7 left the game
[16:08:17] [Server thread/INFO]: com.mojang.authlib.GameProfile@3a380752[id=<null>,name=earth_miner123,properties={},legacy=false] (/93.182.161.53:55999) lost connection: Disconnected
[16:08:30] [User Authenticator #11/INFO]: UUID of player earth_miner123 is 593673ab-f1b5-4ee3-aaef-fda12e509420
[16:08:30] [Server thread/INFO]: earth_miner123[/93.182.161.53:56014] logged in with entity id 22795 at ([world]40.07786088152001, 12.32396498230091, 346.88710110759894)
[16:08:35] [Server thread/INFO]: earth_miner123 lost connection: Disconnected
[16:08:35] [Server thread/INFO]: earth_miner123 left the game
[16:10:54] [User Authenticator #12/INFO]: UUID of player MiltonGrande7 is 16666028-dd41-4b8b-867d-21f4af84b97d
[16:10:55] [Server thread/INFO]: MiltonGrande7[/83.233.247.3:29613] logged in with entity id 23101 at ([world]-751.396592833739, 18.0, 1168.5587418017046)
[16:10:58] [Server thread/INFO]: MiltonGrande7 lost connection: Disconnected
[16:10:58] [Server thread/INFO]: MiltonGrande7 left the game
[16:11:04] [User Authenticator #13/INFO]: UUID of player earth_miner123 is 593673ab-f1b5-4ee3-aaef-fda12e509420
[16:11:04] [Server thread/INFO]: earth_miner123[/93.182.161.53:51176] logged in with entity id 23111 at ([world]40.07786088152001, 12.0, 346.88710110759894)
[16:11:08] [Server thread/INFO]: earth_miner123 lost connection: Disconnected
[16:11:08] [Server thread/INFO]: earth_miner123 left the game
[16:15:36] [User Authenticator #14/INFO]: UUID of player MiltonGrande7 is 16666028-dd41-4b8b-867d-21f4af84b97d
[16:15:37] [Server thread/INFO]: MiltonGrande7[/83.233.247.3:29667] logged in with entity id 23864 at ([world]-751.396592833739, 18.0, 1168.5587418017046)
[16:15:40] [Server thread/INFO]: MiltonGrande7 lost connection: Disconnected
[16:15:40] [Server thread/INFO]: MiltonGrande7 left the game
[16:16:21] [User Authenticator #15/INFO]: UUID of player MiltonGrande7 is 16666028-dd41-4b8b-867d-21f4af84b97d
[16:16:21] [Server thread/INFO]: MiltonGrande7[/83.233.247.3:29684] logged in with entity id 23957 at ([world]-751.396592833739, 18.0, 1168.5587418017046)
[16:17:20] [User Authenticator #16/INFO]: UUID of player xsisorm is 41d5215b-11d3-4aeb-aad6-7aac06ec096b
[16:17:20] [Server thread/INFO]: xsisorm[/81.226.224.168:53615] logged in with entity id 24044 at ([world]1043.0556937380645, 77.0, -871.9483372292295)
[16:17:31] [Server thread/INFO]: MiltonGrande7 has made the advancement [Cover Me with Diamonds]
[16:22:24] [Async Chat Thread - #0/INFO]: <NotTheHeroHere> .waypoints[m
[16:24:41] [Server thread/INFO]: xsisorm has made the advancement [Hot Stuff]
[16:24:52] [Server thread/INFO]: MiltonGrande7 lost connection: Disconnected
[16:24:52] [Server thread/INFO]: MiltonGrande7 left the game
[16:25:21] [User Authenticator #17/INFO]: UUID of player MiltonGrande7 is 16666028-dd41-4b8b-867d-21f4af84b97d
[16:25:21] [Server thread/INFO]: MiltonGrande7[/83.233.247.3:29328] logged in with entity id 30564 at ([world]-140.3125, 62.07326432466507, 639.6875)
[16:29:49] [User Authenticator #18/INFO]: UUID of player earth_miner123 is 593673ab-f1b5-4ee3-aaef-fda12e509420
[16:29:49] [Server thread/INFO]: earth_miner123[/93.182.161.53:64593] logged in with entity id 33161 at ([world]40.07786088152001, 12.0, 346.88710110759894)
[16:31:04] [Server thread/INFO]: xsisorm has made the advancement [We Need to Go Deeper]
[16:34:44] [Server thread/WARN]: Can't keep up! Is the server overloaded? Running 5011ms or 100 ticks behind
[16:35:47] [Server thread/WARN]: Can't keep up! Is the server overloaded? Running 5001ms or 100 ticks behind
[16:36:29] [Server thread/WARN]: Can't keep up! Is the server overloaded? Running 5048ms or 100 ticks behind
[16:36:34] [Server thread/INFO]: earth_miner123 has made the advancement [Cover Me with Diamonds]
[16:37:23] [Server thread/INFO]: NotTheHeroHere lost connection: Disconnected
[16:37:23] [Server thread/INFO]: NotTheHeroHere left the game
[16:39:01] [Server thread/INFO]: xsisorm has made the advancement [Who is Cutting Onions?]
[16:42:45] [Server thread/WARN]: MiltonGrande7 moved too quickly! -4.347235972347903,-1.652046787930594,12.080456162836981
[16:42:45] [Server thread/WARN]: earth_miner123 moved too quickly! -11.195716525756282,-0.24918707874468282,-7.136279014294985
[16:42:48] [Server thread/INFO]: MiltonGrande7 lost connection: Disconnected
[16:42:48] [Server thread/INFO]: MiltonGrande7 left the game
[16:43:03] [User Authenticator #19/INFO]: UUID of player MiltonGrande7 is 16666028-dd41-4b8b-867d-21f4af84b97d
[16:43:03] [Server thread/INFO]: MiltonGrande7[/83.233.247.3:26223] logged in with entity id 39747 at ([world]-855.8275841932425, 63.0, 1155.5099205811866)
[16:43:09] [Server thread/WARN]: Can't keep up! Is the server overloaded? Running 6266ms or 125 ticks behind
[16:43:47] [Server thread/WARN]: Can't keep up! Is the server overloaded? Running 8031ms or 160 ticks behind
[16:51:05] [Server thread/INFO]: earth_miner123 has made the advancement [A Seedy Place]
[16:52:56] [Server thread/INFO]: earth_miner123 lost connection: Disconnected
[16:52:56] [Server thread/INFO]: earth_miner123 left the game
[16:57:18] [Server thread/INFO]: MiltonGrande7 lost connection: Disconnected
[16:57:18] [Server thread/INFO]: MiltonGrande7 left the game
[17:06:00] [Server thread/INFO]: xsisorm lost connection: Disconnected
[17:06:00] [Server thread/INFO]: xsisorm left the game
[17:32:51] [User Authenticator #20/INFO]: UUID of player NotTheHeroHere is 6435c2b0-db69-4d6b-9182-eb4b0a9ba0fc
[17:32:51] [Server thread/INFO]: NotTheHeroHere[/83.233.246.209:29890] logged in with entity id 46411 at ([world]528.6211455781852, 143.0, 1000.286281894124)
[17:33:34] [Server thread/INFO]: NotTheHeroHere lost connection: Disconnected
[17:33:34] [Server thread/INFO]: NotTheHeroHere left the game
[17:35:18] [Server thread/INFO]: Stopping the server
[17:35:18] [Server thread/INFO]: Stopping server
[17:35:18] [Server thread/INFO]: [LifeSteal-Smp-Plugin] Disabling LifeSteal-Smp-Plugin v1.0
[17:35:18] [Server thread/INFO]: Saving players
[17:35:18] [Server thread/INFO]: Saving worlds
[17:35:23] [Server thread/INFO]: Saving chunks for level 'ServerLevel[world]'/minecraft:overworld
[17:35:24] [Server thread/INFO]: Saving chunks for level 'ServerLevel[world_nether]'/minecraft:the_nether
[17:35:29] [Server thread/INFO]: Saving chunks for level 'ServerLevel[world_the_end]'/minecraft:the_end
[17:35:29] [Server thread/INFO]: ThreadedAnvilChunkStorage (world): All chunks are saved
[17:35:29] [Server thread/INFO]: ThreadedAnvilChunkStorage (DIM-1): All chunks are saved
[17:35:29] [Server thread/INFO]: ThreadedAnvilChunkStorage (DIM1): All chunks are saved
[17:35:29] [Server thread/INFO]: ThreadedAnvilChunkStorage: All dimensions are saved
