[20:00:16] [ServerMain/INFO]: Environment: authHost='https://authserver.mojang.com', accountsHost='https://api.mojang.com', sessionHost='https://sessionserver.mojang.com', servicesHost='https://api.minecraftservices.com', name='PROD'
[20:00:17] [ServerMain/INFO]: Found new data pack file/bukkit, loading it automatically
[20:00:24] [Worker-Main-7/INFO]: Loaded 7 recipes
[20:00:29] [Server thread/INFO]: Starting minecraft server version 1.18.2
[20:00:29] [Server thread/INFO]: Loading properties
[20:00:30] [Server thread/INFO]: This server is running CraftBukkit version 3491-Spigot-b081915-95d233d (MC: 1.18.2) (Implementing API version 1.18.2-R0.1-SNAPSHOT)
[20:00:30] [Server thread/INFO]: Debug logging is disabled
[20:00:30] [Server thread/INFO]: Server Ping Player Sample Count: 12
[20:00:30] [Server thread/INFO]: Using 4 threads for Netty based IO
[20:00:30] [Server thread/INFO]: Default game type: SURVIVAL
[20:00:30] [Server thread/INFO]: Generating keypair
[20:00:31] [Server thread/INFO]: Starting Minecraft server on 88.99.11.184:25565
[20:00:31] [Server thread/INFO]: Using epoll channel type
[20:00:32] [Server thread/INFO]: Preparing level "world"
[20:00:34] [Server thread/INFO]: -------- World Settings For [world] --------
[20:00:34] [Server thread/INFO]: Experience Merge Radius: 3.0
[20:00:34] [Server thread/INFO]: Mob Spawn Range: 6
[20:00:34] [Server thread/INFO]: Cactus Growth Modifier: 100%
[20:00:34] [Server thread/INFO]: Cane Growth Modifier: 100%
[20:00:34] [Server thread/INFO]: Melon Growth Modifier: 100%
[20:00:34] [Server thread/INFO]: Mushroom Growth Modifier: 100%
[20:00:34] [Server thread/INFO]: Pumpkin Growth Modifier: 100%
[20:00:34] [Server thread/INFO]: Sapling Growth Modifier: 100%
[20:00:34] [Server thread/INFO]: Beetroot Growth Modifier: 100%
[20:00:34] [Server thread/INFO]: Carrot Growth Modifier: 100%
[20:00:34] [Server thread/INFO]: Potato Growth Modifier: 100%
[20:00:34] [Server thread/INFO]: Wheat Growth Modifier: 100%
[20:00:34] [Server thread/INFO]: NetherWart Growth Modifier: 100%
[20:00:34] [Server thread/INFO]: Vine Growth Modifier: 100%
[20:00:34] [Server thread/INFO]: Cocoa Growth Modifier: 100%
[20:00:34] [Server thread/INFO]: Bamboo Growth Modifier: 100%
[20:00:34] [Server thread/INFO]: SweetBerry Growth Modifier: 100%
[20:00:34] [Server thread/INFO]: Kelp Growth Modifier: 100%
[20:00:34] [Server thread/INFO]: Entity Activation Range: An 32 / Mo 32 / Ra 48 / Mi 16 / Tiv true / Isa false
[20:00:34] [Server thread/INFO]: Entity Tracking Range: Pl 48 / An 48 / Mo 48 / Mi 32 / Other 64
[20:00:34] [Server thread/INFO]: Hopper Transfer: 8 Hopper Check: 1 Hopper Amount: 1
[20:00:34] [Server thread/INFO]: Custom Map Seeds:  Village: 10387312 Desert: 14357617 Igloo: 14357618 Jungle: 14357619 Swamp: 14357620 Monument: 10387313 Ocean: 14357621 Shipwreck: 165745295 End City: 10387313 Slime: 987234911 Nether: 30084232 Mansion: 10387319 Fossil: 14357921 Portal: 34222645
[20:00:34] [Server thread/INFO]: Max TNT Explosions: 100
[20:00:34] [Server thread/INFO]: Tile Max Tick Time: 50ms Entity max Tick Time: 50ms
[20:00:34] [Server thread/INFO]: Arrow Despawn Rate: 1200 Trident Respawn Rate:1200
[20:00:34] [Server thread/INFO]: Item Despawn Rate: 6000
[20:00:34] [Server thread/INFO]: Item Merge Radius: 2.5
[20:00:34] [Server thread/INFO]: View Distance: 10
[20:00:34] [Server thread/INFO]: Simulation Distance: 10
[20:00:34] [Server thread/INFO]: Allow Zombie Pigmen to spawn from portal blocks: true
[20:00:34] [Server thread/INFO]: Zombie Aggressive Towards Villager: true
[20:00:34] [Server thread/INFO]: Nerfing mobs spawned from spawners: false
[20:00:53] [Server thread/INFO]: -------- World Settings For [world_nether] --------
[20:00:53] [Server thread/INFO]: Experience Merge Radius: 3.0
[20:00:53] [Server thread/INFO]: Mob Spawn Range: 6
[20:00:53] [Server thread/INFO]: Cactus Growth Modifier: 100%
[20:00:53] [Server thread/INFO]: Cane Growth Modifier: 100%
[20:00:53] [Server thread/INFO]: Melon Growth Modifier: 100%
[20:00:53] [Server thread/INFO]: Mushroom Growth Modifier: 100%
[20:00:53] [Server thread/INFO]: Pumpkin Growth Modifier: 100%
[20:00:53] [Server thread/INFO]: Sapling Growth Modifier: 100%
[20:00:53] [Server thread/INFO]: Beetroot Growth Modifier: 100%
[20:00:53] [Server thread/INFO]: Carrot Growth Modifier: 100%
[20:00:53] [Server thread/INFO]: Potato Growth Modifier: 100%
[20:00:53] [Server thread/INFO]: Wheat Growth Modifier: 100%
[20:00:53] [Server thread/INFO]: NetherWart Growth Modifier: 100%
[20:00:53] [Server thread/INFO]: Vine Growth Modifier: 100%
[20:00:53] [Server thread/INFO]: Cocoa Growth Modifier: 100%
[20:00:53] [Server thread/INFO]: Bamboo Growth Modifier: 100%
[20:00:53] [Server thread/INFO]: SweetBerry Growth Modifier: 100%
[20:00:53] [Server thread/INFO]: Kelp Growth Modifier: 100%
[20:00:53] [Server thread/INFO]: Entity Activation Range: An 32 / Mo 32 / Ra 48 / Mi 16 / Tiv true / Isa false
[20:00:53] [Server thread/INFO]: Entity Tracking Range: Pl 48 / An 48 / Mo 48 / Mi 32 / Other 64
[20:00:53] [Server thread/INFO]: Hopper Transfer: 8 Hopper Check: 1 Hopper Amount: 1
[20:00:53] [Server thread/INFO]: Custom Map Seeds:  Village: 10387312 Desert: 14357617 Igloo: 14357618 Jungle: 14357619 Swamp: 14357620 Monument: 10387313 Ocean: 14357621 Shipwreck: 165745295 End City: 10387313 Slime: 987234911 Nether: 30084232 Mansion: 10387319 Fossil: 14357921 Portal: 34222645
[20:00:53] [Server thread/INFO]: Max TNT Explosions: 100
[20:00:53] [Server thread/INFO]: Tile Max Tick Time: 50ms Entity max Tick Time: 50ms
[20:00:53] [Server thread/INFO]: Arrow Despawn Rate: 1200 Trident Respawn Rate:1200
[20:00:53] [Server thread/INFO]: Item Despawn Rate: 6000
[20:00:53] [Server thread/INFO]: Item Merge Radius: 2.5
[20:00:53] [Server thread/INFO]: View Distance: 10
[20:00:53] [Server thread/INFO]: Simulation Distance: 10
[20:00:53] [Server thread/INFO]: Allow Zombie Pigmen to spawn from portal blocks: true
[20:00:53] [Server thread/INFO]: Zombie Aggressive Towards Villager: true
[20:00:53] [Server thread/INFO]: Nerfing mobs spawned from spawners: false
[20:00:59] [Server thread/INFO]: -------- World Settings For [world_the_end] --------
[20:00:59] [Server thread/INFO]: Experience Merge Radius: 3.0
[20:00:59] [Server thread/INFO]: Mob Spawn Range: 6
[20:00:59] [Server thread/INFO]: Cactus Growth Modifier: 100%
[20:00:59] [Server thread/INFO]: Cane Growth Modifier: 100%
[20:00:59] [Server thread/INFO]: Melon Growth Modifier: 100%
[20:00:59] [Server thread/INFO]: Mushroom Growth Modifier: 100%
[20:00:59] [Server thread/INFO]: Pumpkin Growth Modifier: 100%
[20:00:59] [Server thread/INFO]: Sapling Growth Modifier: 100%
[20:00:59] [Server thread/INFO]: Beetroot Growth Modifier: 100%
[20:00:59] [Server thread/INFO]: Carrot Growth Modifier: 100%
[20:00:59] [Server thread/INFO]: Potato Growth Modifier: 100%
[20:00:59] [Server thread/INFO]: Wheat Growth Modifier: 100%
[20:00:59] [Server thread/INFO]: NetherWart Growth Modifier: 100%
[20:00:59] [Server thread/INFO]: Vine Growth Modifier: 100%
[20:00:59] [Server thread/INFO]: Cocoa Growth Modifier: 100%
[20:00:59] [Server thread/INFO]: Bamboo Growth Modifier: 100%
[20:00:59] [Server thread/INFO]: SweetBerry Growth Modifier: 100%
[20:00:59] [Server thread/INFO]: Kelp Growth Modifier: 100%
[20:00:59] [Server thread/INFO]: Entity Activation Range: An 32 / Mo 32 / Ra 48 / Mi 16 / Tiv true / Isa false
[20:00:59] [Server thread/INFO]: Entity Tracking Range: Pl 48 / An 48 / Mo 48 / Mi 32 / Other 64
[20:00:59] [Server thread/INFO]: Hopper Transfer: 8 Hopper Check: 1 Hopper Amount: 1
[20:00:59] [Server thread/INFO]: Custom Map Seeds:  Village: 10387312 Desert: 14357617 Igloo: 14357618 Jungle: 14357619 Swamp: 14357620 Monument: 10387313 Ocean: 14357621 Shipwreck: 165745295 End City: 10387313 Slime: 987234911 Nether: 30084232 Mansion: 10387319 Fossil: 14357921 Portal: 34222645
[20:00:59] [Server thread/INFO]: Max TNT Explosions: 100
[20:00:59] [Server thread/INFO]: Tile Max Tick Time: 50ms Entity max Tick Time: 50ms
[20:00:59] [Server thread/INFO]: Arrow Despawn Rate: 1200 Trident Respawn Rate:1200
[20:00:59] [Server thread/INFO]: Item Despawn Rate: 6000
[20:00:59] [Server thread/INFO]: Item Merge Radius: 2.5
[20:00:59] [Server thread/INFO]: View Distance: 10
[20:00:59] [Server thread/INFO]: Simulation Distance: 10
[20:00:59] [Server thread/INFO]: Allow Zombie Pigmen to spawn from portal blocks: true
[20:00:59] [Server thread/INFO]: Zombie Aggressive Towards Villager: true
[20:00:59] [Server thread/INFO]: Nerfing mobs spawned from spawners: false
[20:01:00] [Server thread/INFO]: Preparing start region for dimension minecraft:overworld
[20:01:02] [Worker-Main-10/INFO]: Preparing spawn area: 0%
[20:01:02] [Worker-Main-10/INFO]: Preparing spawn area: 0%
[20:01:02] [Worker-Main-10/INFO]: Preparing spawn area: 0%
[20:01:02] [Worker-Main-10/INFO]: Preparing spawn area: 0%
[20:01:02] [Worker-Main-8/INFO]: Preparing spawn area: 0%
[20:01:02] [Worker-Main-9/INFO]: Preparing spawn area: 0%
[20:01:03] [Worker-Main-10/INFO]: Preparing spawn area: 0%
[20:01:04] [Worker-Main-7/INFO]: Preparing spawn area: 0%
[20:01:04] [Worker-Main-6/INFO]: Preparing spawn area: 0%
[20:01:05] [Worker-Main-9/INFO]: Preparing spawn area: 0%
[20:01:05] [Worker-Main-8/INFO]: Preparing spawn area: 0%
[20:01:06] [Worker-Main-6/INFO]: Preparing spawn area: 0%
[20:01:06] [Worker-Main-8/INFO]: Preparing spawn area: 0%
[20:01:07] [Worker-Main-7/INFO]: Preparing spawn area: 1%
[20:01:07] [Worker-Main-7/INFO]: Preparing spawn area: 1%
[20:01:08] [Worker-Main-6/INFO]: Preparing spawn area: 1%
[20:01:08] [Worker-Main-8/INFO]: Preparing spawn area: 2%
[20:01:09] [Worker-Main-8/INFO]: Preparing spawn area: 3%
[20:01:09] [Worker-Main-6/INFO]: Preparing spawn area: 3%
[20:01:09] [Worker-Main-10/INFO]: Preparing spawn area: 4%
[20:01:10] [Worker-Main-7/INFO]: Preparing spawn area: 4%
[20:01:11] [Worker-Main-9/INFO]: Preparing spawn area: 4%
[20:01:11] [Worker-Main-9/INFO]: Preparing spawn area: 5%
[20:01:12] [Worker-Main-8/INFO]: Preparing spawn area: 6%
[20:01:12] [Worker-Main-6/INFO]: Preparing spawn area: 6%
[20:01:12] [Worker-Main-10/INFO]: Preparing spawn area: 6%
[20:01:13] [Worker-Main-9/INFO]: Preparing spawn area: 7%
[20:01:14] [Worker-Main-10/INFO]: Preparing spawn area: 7%
[20:01:14] [Worker-Main-6/INFO]: Preparing spawn area: 8%
[20:01:15] [Worker-Main-7/INFO]: Preparing spawn area: 9%
[20:01:15] [Worker-Main-10/INFO]: Preparing spawn area: 9%
[20:01:16] [Worker-Main-10/INFO]: Preparing spawn area: 9%
[20:01:16] [Worker-Main-10/INFO]: Preparing spawn area: 10%
[20:01:16] [Worker-Main-8/INFO]: Preparing spawn area: 11%
[20:01:17] [Worker-Main-9/INFO]: Preparing spawn area: 12%
[20:01:18] [Worker-Main-6/INFO]: Preparing spawn area: 13%
[20:01:18] [Worker-Main-8/INFO]: Preparing spawn area: 15%
[20:01:19] [Worker-Main-8/INFO]: Preparing spawn area: 15%
[20:01:19] [Worker-Main-9/INFO]: Preparing spawn area: 16%
[20:01:19] [Worker-Main-6/INFO]: Preparing spawn area: 17%
[20:01:20] [Worker-Main-6/INFO]: Preparing spawn area: 18%
[20:01:20] [Worker-Main-6/INFO]: Preparing spawn area: 19%
[20:01:21] [Worker-Main-6/INFO]: Preparing spawn area: 20%
[20:01:21] [Worker-Main-8/INFO]: Preparing spawn area: 20%
[20:01:22] [Worker-Main-7/INFO]: Preparing spawn area: 20%
[20:01:23] [Worker-Main-9/INFO]: Preparing spawn area: 21%
[20:01:23] [Worker-Main-6/INFO]: Preparing spawn area: 22%
[20:01:23] [Worker-Main-8/INFO]: Preparing spawn area: 23%
[20:01:24] [Worker-Main-10/INFO]: Preparing spawn area: 23%
[20:01:25] [Worker-Main-9/INFO]: Preparing spawn area: 25%
[20:01:25] [Worker-Main-6/INFO]: Preparing spawn area: 26%
[20:01:25] [Worker-Main-6/INFO]: Preparing spawn area: 26%
[20:01:26] [Worker-Main-9/INFO]: Preparing spawn area: 28%
[20:01:27] [Worker-Main-10/INFO]: Preparing spawn area: 29%
[20:01:27] [Worker-Main-9/INFO]: Preparing spawn area: 29%
[20:01:28] [Worker-Main-9/INFO]: Preparing spawn area: 29%
[20:01:28] [Worker-Main-6/INFO]: Preparing spawn area: 30%
[20:01:29] [Worker-Main-8/INFO]: Preparing spawn area: 32%
[20:01:29] [Worker-Main-8/INFO]: Preparing spawn area: 32%
[20:01:29] [Worker-Main-6/INFO]: Preparing spawn area: 34%
[20:01:30] [Worker-Main-6/INFO]: Preparing spawn area: 35%
[20:01:30] [Worker-Main-7/INFO]: Preparing spawn area: 35%
[20:01:33] [Worker-Main-9/INFO]: Preparing spawn area: 35%
[20:01:33] [Worker-Main-9/INFO]: Preparing spawn area: 35%
[20:01:33] [Worker-Main-6/INFO]: Preparing spawn area: 35%
[20:01:33] [Worker-Main-6/INFO]: Preparing spawn area: 35%
[20:01:33] [Worker-Main-10/INFO]: Preparing spawn area: 36%
[20:01:34] [Worker-Main-8/INFO]: Preparing spawn area: 37%
[20:01:34] [Worker-Main-9/INFO]: Preparing spawn area: 38%
[20:01:35] [Worker-Main-7/INFO]: Preparing spawn area: 40%
[20:01:35] [Worker-Main-7/INFO]: Preparing spawn area: 40%
[20:01:36] [Worker-Main-9/INFO]: Preparing spawn area: 41%
[20:01:36] [Worker-Main-7/INFO]: Preparing spawn area: 42%
[20:01:36] [Worker-Main-8/INFO]: Preparing spawn area: 43%
[20:01:37] [Worker-Main-6/INFO]: Preparing spawn area: 44%
[20:01:38] [Worker-Main-7/INFO]: Preparing spawn area: 45%
[20:01:38] [Worker-Main-10/INFO]: Preparing spawn area: 46%
[20:01:39] [Worker-Main-7/INFO]: Preparing spawn area: 46%
[20:01:39] [Worker-Main-10/INFO]: Preparing spawn area: 47%
[20:01:40] [Worker-Main-10/INFO]: Preparing spawn area: 47%
[20:01:40] [Worker-Main-8/INFO]: Preparing spawn area: 48%
[20:01:40] [Worker-Main-8/INFO]: Preparing spawn area: 49%
[20:01:41] [Worker-Main-6/INFO]: Preparing spawn area: 50%
[20:01:42] [Worker-Main-7/INFO]: Preparing spawn area: 51%
[20:01:42] [Worker-Main-6/INFO]: Preparing spawn area: 51%
[20:01:42] [Worker-Main-6/INFO]: Preparing spawn area: 52%
[20:01:43] [Worker-Main-10/INFO]: Preparing spawn area: 54%
[20:01:44] [Worker-Main-7/INFO]: Preparing spawn area: 54%
[20:01:44] [Worker-Main-8/INFO]: Preparing spawn area: 55%
[20:01:45] [Worker-Main-10/INFO]: Preparing spawn area: 55%
[20:01:45] [Worker-Main-9/INFO]: Preparing spawn area: 55%
[20:01:46] [Worker-Main-10/INFO]: Preparing spawn area: 56%
[20:01:46] [Worker-Main-7/INFO]: Preparing spawn area: 57%
[20:01:47] [Worker-Main-6/INFO]: Preparing spawn area: 57%
[20:01:47] [Worker-Main-6/INFO]: Preparing spawn area: 58%
[20:01:48] [Worker-Main-7/INFO]: Preparing spawn area: 58%
[20:01:48] [Worker-Main-9/INFO]: Preparing spawn area: 59%
[20:01:48] [Worker-Main-8/INFO]: Preparing spawn area: 59%
[20:01:49] [Worker-Main-9/INFO]: Preparing spawn area: 62%
[20:01:50] [Worker-Main-10/INFO]: Preparing spawn area: 62%
[20:01:50] [Worker-Main-9/INFO]: Preparing spawn area: 64%
[20:01:51] [Worker-Main-6/INFO]: Preparing spawn area: 65%
[20:01:51] [Worker-Main-9/INFO]: Preparing spawn area: 68%
[20:01:51] [Worker-Main-8/INFO]: Preparing spawn area: 69%
[20:01:52] [Worker-Main-7/INFO]: Preparing spawn area: 70%
[20:01:52] [Worker-Main-9/INFO]: Preparing spawn area: 72%
[20:01:53] [Worker-Main-9/INFO]: Preparing spawn area: 73%
[20:01:53] [Worker-Main-9/INFO]: Preparing spawn area: 74%
[20:01:54] [Worker-Main-6/INFO]: Preparing spawn area: 75%
[20:01:54] [Worker-Main-7/INFO]: Preparing spawn area: 77%
[20:01:55] [Worker-Main-7/INFO]: Preparing spawn area: 79%
[20:01:56] [Worker-Main-8/INFO]: Preparing spawn area: 79%
[20:01:56] [Worker-Main-9/INFO]: Preparing spawn area: 81%
[20:01:57] [Worker-Main-9/INFO]: Preparing spawn area: 82%
[20:01:57] [Worker-Main-7/INFO]: Preparing spawn area: 83%
[20:01:58] [Worker-Main-8/INFO]: Preparing spawn area: 84%
[20:01:58] [Worker-Main-7/INFO]: Preparing spawn area: 85%
[20:01:58] [Worker-Main-7/INFO]: Preparing spawn area: 86%
[20:01:59] [Worker-Main-8/INFO]: Preparing spawn area: 86%
[20:01:59] [Worker-Main-9/INFO]: Preparing spawn area: 88%
[20:02:00] [Worker-Main-6/INFO]: Preparing spawn area: 89%
[20:02:01] [Worker-Main-7/INFO]: Preparing spawn area: 90%
[20:02:01] [Worker-Main-10/INFO]: Preparing spawn area: 91%
[20:02:02] [Worker-Main-6/INFO]: Preparing spawn area: 91%
[20:02:02] [Worker-Main-9/INFO]: Preparing spawn area: 92%
[20:02:03] [Worker-Main-6/INFO]: Preparing spawn area: 95%
[20:02:03] [Worker-Main-6/INFO]: Preparing spawn area: 96%
[20:02:03] [Worker-Main-9/INFO]: Preparing spawn area: 97%
[20:02:04] [Worker-Main-10/INFO]: Preparing spawn area: 98%
[20:02:04] [Server thread/INFO]: Time elapsed: 64496 ms
[20:02:05] [Server thread/INFO]: Preparing start region for dimension minecraft:the_nether
[20:02:05] [Worker-Main-9/INFO]: Preparing spawn area: 0%
[20:02:05] [Worker-Main-8/INFO]: Preparing spawn area: 0%
[20:02:06] [Worker-Main-9/INFO]: Preparing spawn area: 0%
[20:02:06] [Worker-Main-6/INFO]: Preparing spawn area: 0%
[20:02:07] [Worker-Main-7/INFO]: Preparing spawn area: 0%
[20:02:07] [Worker-Main-6/INFO]: Preparing spawn area: 1%
[20:02:08] [Worker-Main-8/INFO]: Preparing spawn area: 2%
[20:02:08] [Worker-Main-6/INFO]: Preparing spawn area: 3%
[20:02:09] [Worker-Main-9/INFO]: Preparing spawn area: 4%
[20:02:09] [Worker-Main-7/INFO]: Preparing spawn area: 7%
[20:02:10] [Worker-Main-8/INFO]: Preparing spawn area: 9%
[20:02:10] [Worker-Main-6/INFO]: Preparing spawn area: 10%
[20:02:11] [Worker-Main-9/INFO]: Preparing spawn area: 11%
[20:02:11] [Worker-Main-9/INFO]: Preparing spawn area: 13%
[20:02:12] [Worker-Main-8/INFO]: Preparing spawn area: 15%
[20:02:12] [Worker-Main-10/INFO]: Preparing spawn area: 18%
[20:02:13] [Worker-Main-8/INFO]: Preparing spawn area: 19%
[20:02:13] [Worker-Main-7/INFO]: Preparing spawn area: 22%
[20:02:14] [Worker-Main-8/INFO]: Preparing spawn area: 24%
[20:02:14] [Worker-Main-6/INFO]: Preparing spawn area: 26%
[20:02:15] [Worker-Main-10/INFO]: Preparing spawn area: 29%
[20:02:15] [Worker-Main-7/INFO]: Preparing spawn area: 32%
[20:02:16] [Worker-Main-8/INFO]: Preparing spawn area: 33%
[20:02:16] [Worker-Main-10/INFO]: Preparing spawn area: 36%
[20:02:17] [Worker-Main-8/INFO]: Preparing spawn area: 37%
[20:02:17] [Worker-Main-7/INFO]: Preparing spawn area: 39%
[20:02:18] [Worker-Main-9/INFO]: Preparing spawn area: 41%
[20:02:18] [Worker-Main-10/INFO]: Preparing spawn area: 42%
[20:02:19] [Worker-Main-8/INFO]: Preparing spawn area: 43%
[20:02:19] [Worker-Main-9/INFO]: Preparing spawn area: 44%
[20:02:20] [Worker-Main-6/INFO]: Preparing spawn area: 47%
[20:02:20] [Worker-Main-6/INFO]: Preparing spawn area: 49%
[20:02:21] [Worker-Main-9/INFO]: Preparing spawn area: 51%
[20:02:21] [Worker-Main-10/INFO]: Preparing spawn area: 53%
[20:02:22] [Worker-Main-9/INFO]: Preparing spawn area: 55%
[20:02:22] [Worker-Main-10/INFO]: Preparing spawn area: 56%
[20:02:23] [Worker-Main-10/INFO]: Preparing spawn area: 58%
[20:02:23] [Worker-Main-10/INFO]: Preparing spawn area: 62%
[20:02:24] [Worker-Main-7/INFO]: Preparing spawn area: 65%
[20:02:24] [Worker-Main-8/INFO]: Preparing spawn area: 67%
[20:02:25] [Worker-Main-7/INFO]: Preparing spawn area: 69%
[20:02:25] [Worker-Main-7/INFO]: Preparing spawn area: 70%
[20:02:26] [Worker-Main-7/INFO]: Preparing spawn area: 71%
[20:02:26] [Worker-Main-8/INFO]: Preparing spawn area: 73%
[20:02:27] [Worker-Main-6/INFO]: Preparing spawn area: 75%
[20:02:27] [Worker-Main-10/INFO]: Preparing spawn area: 79%
[20:02:28] [Worker-Main-7/INFO]: Preparing spawn area: 82%
[20:02:28] [Worker-Main-7/INFO]: Preparing spawn area: 83%
[20:02:29] [Worker-Main-6/INFO]: Preparing spawn area: 84%
[20:02:29] [Worker-Main-6/INFO]: Preparing spawn area: 86%
[20:02:30] [Worker-Main-10/INFO]: Preparing spawn area: 87%
[20:02:30] [Worker-Main-8/INFO]: Preparing spawn area: 89%
[20:02:31] [Worker-Main-6/INFO]: Preparing spawn area: 94%
[20:02:31] [Worker-Main-8/INFO]: Preparing spawn area: 96%
[20:02:32] [Worker-Main-9/INFO]: Preparing spawn area: 98%
[20:02:32] [Server thread/INFO]: Time elapsed: 27273 ms
[20:02:32] [Server thread/INFO]: Preparing start region for dimension minecraft:the_end
[20:02:32] [Worker-Main-7/INFO]: Preparing spawn area: 0%
[20:02:32] [Worker-Main-6/INFO]: Preparing spawn area: 0%
[20:02:33] [Worker-Main-8/INFO]: Preparing spawn area: 0%
[20:02:33] [Worker-Main-9/INFO]: Preparing spawn area: 1%
[20:02:34] [Worker-Main-8/INFO]: Preparing spawn area: 8%
[20:02:34] [Worker-Main-7/INFO]: Preparing spawn area: 17%
[20:02:35] [Worker-Main-10/INFO]: Preparing spawn area: 34%
[20:02:35] [Worker-Main-10/INFO]: Preparing spawn area: 54%
[20:02:36] [Worker-Main-10/INFO]: Preparing spawn area: 72%
[20:02:36] [Worker-Main-9/INFO]: Preparing spawn area: 89%
[20:02:37] [Server thread/INFO]: Time elapsed: 4796 ms
[20:02:37] [Server thread/INFO]: Done (124.908s)! For help, type "help"
[20:02:38] [Server thread/INFO]: Unknown command. Type "/help" for help.[m
[20:02:38] [Server thread/INFO]: Unknown command. Type "/help" for help.[m
[20:02:38] [Server thread/INFO]: Unknown command. Type "/help" for help.[m
[20:02:38] [Server thread/INFO]: Unknown command. Type "/help" for help.[m
[20:02:38] [Server thread/INFO]: Unknown command. Type "/help" for help.[m
[20:02:46] [Server thread/INFO]: Whitelist is now turned on
[20:02:55] [User Authenticator #1/INFO]: UUID of player NotTheHeroHere is 6435c2b0-db69-4d6b-9182-eb4b0a9ba0fc
[20:02:55] [Server thread/INFO]: Disconnecting com.mojang.authlib.GameProfile@4e8b345[id=6435c2b0-db69-4d6b-9182-eb4b0a9ba0fc,name=NotTheHeroHere,properties={textures=[com.mojang.authlib.properties.Property@172b3e28]},legacy=false] (/83.233.246.122:33825): You are not whitelisted on this server!
[20:02:55] [Server thread/INFO]: com.mojang.authlib.GameProfile@4e8b345[id=6435c2b0-db69-4d6b-9182-eb4b0a9ba0fc,name=NotTheHeroHere,properties={textures=[com.mojang.authlib.properties.Property@172b3e28]},legacy=false] (/83.233.246.122:33825) lost connection: You are not whitelisted on this server!
[20:04:57] [User Authenticator #2/INFO]: UUID of player MiltonGrande7 is 16666028-dd41-4b8b-867d-21f4af84b97d
[20:04:57] [Server thread/INFO]: Disconnecting com.mojang.authlib.GameProfile@29508b37[id=16666028-dd41-4b8b-867d-21f4af84b97d,name=MiltonGrande7,properties={textures=[com.mojang.authlib.properties.Property@7a5f80c3]},legacy=false] (/83.233.247.3:26591): You are not whitelisted on this server!
[20:04:57] [Server thread/INFO]: com.mojang.authlib.GameProfile@29508b37[id=16666028-dd41-4b8b-867d-21f4af84b97d,name=MiltonGrande7,properties={textures=[com.mojang.authlib.properties.Property@7a5f80c3]},legacy=false] (/83.233.247.3:26591) lost connection: You are not whitelisted on this server!
[20:05:27] [Server thread/INFO]: Whitelist is now turned off
[20:05:30] [User Authenticator #3/INFO]: UUID of player NotTheHeroHere is 6435c2b0-db69-4d6b-9182-eb4b0a9ba0fc
[20:05:30] [Server thread/INFO]: NotTheHeroHere[/83.233.246.122:33859] logged in with entity id 425 at ([world]0.5, 75.0, 32.5)
[20:05:33] [User Authenticator #4/INFO]: UUID of player MiltonGrande7 is 16666028-dd41-4b8b-867d-21f4af84b97d
[20:05:33] [Server thread/INFO]: MiltonGrande7[/83.233.247.3:26602] logged in with entity id 428 at ([world]-1.5, 81.0, 41.5)
[20:07:00] [Server thread/INFO]: NotTheHeroHere lost connection: Disconnected
[20:07:00] [Server thread/INFO]: NotTheHeroHere left the game
[20:07:03] [User Authenticator #5/INFO]: UUID of player NotTheHeroHere is 6435c2b0-db69-4d6b-9182-eb4b0a9ba0fc
[20:07:03] [Server thread/INFO]: NotTheHeroHere[/83.233.246.122:33925] logged in with entity id 493 at ([world]-9.692302601445453, 70.8891084262139, 38.740491204839046)
[20:08:35] [User Authenticator #6/INFO]: UUID of player xsisorm is 41d5215b-11d3-4aeb-aad6-7aac06ec096b
[20:08:35] [Server thread/INFO]: xsisorm[/81.226.224.168:62359] logged in with entity id 546 at ([world]9.5, 70.0, 40.5)
[20:11:56] [User Authenticator #7/INFO]: UUID of player Waltoy is 7c66e655-d80d-401d-b97e-5c6bf0fee9aa
[20:11:56] [Server thread/INFO]: Waltoy[/5.180.0.160:55148] logged in with entity id 867 at ([world]-2.5, 72.0, 23.5)
[20:13:08] [Server thread/INFO]: MiltonGrande7 lost connection: Disconnected
[20:13:08] [Server thread/INFO]: MiltonGrande7 left the game
[20:13:11] [Server thread/INFO]: NotTheHeroHere lost connection: Disconnected
[20:13:11] [Server thread/INFO]: NotTheHeroHere left the game
[20:13:19] [Server thread/INFO]: xsisorm lost connection: Disconnected
[20:13:19] [Server thread/INFO]: xsisorm left the game
[20:13:21] [Server thread/INFO]: Stopping the server
[20:13:21] [Server thread/INFO]: Stopping server
[20:13:21] [Server thread/INFO]: Saving players
[20:13:21] [Server thread/INFO]: Waltoy lost connection: Server closed
[20:13:21] [Server thread/INFO]: Waltoy left the game.
[20:13:21] [Server thread/INFO]: Saving worlds
[20:13:28] [Server thread/INFO]: Saving chunks for level 'ServerLevel[world]'/minecraft:overworld
[20:13:36] [Server thread/INFO]: Saving chunks for level 'ServerLevel[world_nether]'/minecraft:the_nether
[20:13:36] [Server thread/INFO]: Saving chunks for level 'ServerLevel[world_the_end]'/minecraft:the_end
[20:13:36] [Server thread/INFO]: ThreadedAnvilChunkStorage (world): All chunks are saved
[20:13:36] [Server thread/INFO]: ThreadedAnvilChunkStorage (DIM-1): All chunks are saved
[20:13:36] [Server thread/INFO]: ThreadedAnvilChunkStorage (DIM1): All chunks are saved
[20:13:36] [Server thread/INFO]: ThreadedAnvilChunkStorage: All dimensions are saved
